#
# There is insufficient memory for the Java Runtime Environment to continue.
# Native memory allocation (mmap) failed to map 139460608 bytes for Failed to commit area from 0x0000000090200000 to 0x0000000098700000 of length 139460608.
# Possible reasons:
#   The system is out of physical RAM or swap space
#   The process is running with CompressedOops enabled, and the Java Heap may be blocking the growth of the native heap
# Possible solutions:
#   Reduce memory load on the system
#   Increase physical memory or swap space
#   Check if swap backing store is full
#   Decrease Java heap size (-Xmx/-Xms)
#   Decrease number of Java threads
#   Decrease Java thread stack sizes (-Xss)
#   Set larger code cache with -XX:ReservedCodeCacheSize=
#   JVM is running with Unscaled Compressed Oops mode in which the Java heap is
#     placed in the first 4GB address space. The Java Heap base address is the
#     maximum limit for the native heap growth. Please use -XX:HeapBaseMinAddress
#     to set the Java Heap base and to place the Java Heap above 4GB virtual address.
# This output file may be truncated or incomplete.
#
#  Out of Memory Error (./src/hotspot/os/windows/os_windows.cpp:3301), pid=3288, tid=1640
#
# JRE version: OpenJDK Runtime Environment (11.0.10) (build 11.0.10+0-b96-7249189)
# Java VM: OpenJDK 64-Bit Server VM (11.0.10+0-b96-7249189, mixed mode, tiered, compressed oops, g1 gc, windows-amd64)
# No core dump will be written. Minidumps are not enabled by default on client versions of Windows
#

---------------  S U M M A R Y ------------

Command Line: --add-opens=java.base/java.util=ALL-UNNAMED --add-opens=java.base/java.lang=ALL-UNNAMED --add-opens=java.base/java.lang.invoke=ALL-UNNAMED --add-opens=java.base/java.util=ALL-UNNAMED --add-opens=java.prefs/java.util.prefs=ALL-UNNAMED --add-opens=java.prefs/java.util.prefs=ALL-UNNAMED --add-opens=java.base/java.nio.charset=ALL-UNNAMED --add-opens=java.base/java.net=ALL-UNNAMED --add-opens=java.base/java.util.concurrent.atomic=ALL-UNNAMED -Xmx2048m -Dfile.encoding=UTF-8 -Duser.country=RU -Duser.language=ru -Duser.variant org.gradle.launcher.daemon.bootstrap.GradleDaemon 7.0.2

Host: Intel(R) Core(TM) i3-1005G1 CPU @ 1.20GHz, 4 cores, 7G,  Windows 10 , 64 bit Build 19041 (10.0.19041.1202)
Time: Mon Sep 26 19:28:04 2022 RTZ 2 (зима) elapsed time: 18.973025 seconds (0d 0h 0m 18s)

---------------  T H R E A D  ---------------

Current thread (0x000002517d22b000):  VMThread "VM Thread" [stack: 0x0000009d66400000,0x0000009d66500000] [id=1640]

Stack: [0x0000009d66400000,0x0000009d66500000]
[error occurred during error reporting (printing stack bounds), id 0xc0000005, EXCEPTION_ACCESS_VIOLATION (0xc0000005) at pc=0x0000025166a110e7]

Native frames: (J=compiled Java code, j=interpreted, Vv=VM code, C=native code)
V  [jvm.dll+0x5ecfaa]
V  [jvm.dll+0x722bd5]
V  [jvm.dll+0x72412d]
V  [jvm.dll+0x724745]
V  [jvm.dll+0x7246fb]
V  [jvm.dll+0x5ec348]
V  [jvm.dll+0x5ecad8]
C  [ntdll.dll+0xa20cf]
C  [ntdll.dll+0x51454]
C  [ntdll.dll+0xa0bfe]
C  0x0000025166a110e7

VM_Operation (0x0000009d69afd510): G1CollectForAllocation, mode: safepoint, requested by thread 0x000002510464a800


---------------  P R O C E S S  ---------------

Threads class SMR info:
_java_thread_list=0x00000251024e1aa0, length=59, elements={
0x0000025162f1d800, 0x000002517d22d800, 0x000002517d238800, 0x000002517d24a000,
0x000002517d24e800, 0x000002517d24f800, 0x000002517d251800, 0x000002517d256000,
0x000002517d261800, 0x000002517d241000, 0x000002517eb39000, 0x000002517f2b2000,
0x000002517e6bc000, 0x000002517eb55800, 0x0000025100754800, 0x00000251000b0800,
0x0000025100212000, 0x00000251003c0800, 0x00000251000d8800, 0x0000025100a7c000,
0x0000025100a7e000, 0x0000025100a79000, 0x0000025100a78000, 0x0000025100a7b800,
0x0000025100a7d000, 0x0000025100a7e800, 0x0000025100a79800, 0x0000025100a7a800,
0x0000025101be7800, 0x0000025101be8000, 0x0000025101be5000, 0x0000025101be5800,
0x0000025101be6800, 0x0000025101be3000, 0x0000025101bee000, 0x0000025101bec000,
0x0000025101bed000, 0x0000025101bee800, 0x0000025101bef800, 0x0000025101be9800,
0x0000025101bf0800, 0x0000025101bea800, 0x0000025101bf1000, 0x0000025101beb800,
0x0000025101bf2000, 0x000002510464c800, 0x0000025104648000, 0x000002510464e000,
0x000002510464a000, 0x000002510464b800, 0x000002510464a800, 0x0000025104649000,
0x0000025104653800, 0x0000025104650800, 0x000002510464f800, 0x0000025104653000,
0x0000025104651000, 0x0000025104652000, 0x0000025104654800
}

Java Threads: ( => current thread )
  0x0000025162f1d800 JavaThread "main" [_thread_blocked, id=4744, stack(0x0000009d65e00000,0x0000009d65f00000)]
  0x000002517d22d800 JavaThread "Reference Handler" daemon [_thread_blocked, id=2820, stack(0x0000009d66500000,0x0000009d66600000)]
  0x000002517d238800 JavaThread "Finalizer" daemon [_thread_blocked, id=1748, stack(0x0000009d66600000,0x0000009d66700000)]
  0x000002517d24a000 JavaThread "Signal Dispatcher" daemon [_thread_blocked, id=11880, stack(0x0000009d66700000,0x0000009d66800000)]
  0x000002517d24e800 JavaThread "Attach Listener" daemon [_thread_blocked, id=11168, stack(0x0000009d66800000,0x0000009d66900000)]
  0x000002517d24f800 JavaThread "Service Thread" daemon [_thread_blocked, id=6412, stack(0x0000009d66900000,0x0000009d66a00000)]
  0x000002517d251800 JavaThread "C2 CompilerThread0" daemon [_thread_blocked, id=12340, stack(0x0000009d66a00000,0x0000009d66b00000)]
  0x000002517d256000 JavaThread "C1 CompilerThread0" daemon [_thread_blocked, id=7708, stack(0x0000009d66b00000,0x0000009d66c00000)]
  0x000002517d261800 JavaThread "Sweeper thread" daemon [_thread_blocked, id=11084, stack(0x0000009d66c00000,0x0000009d66d00000)]
  0x000002517d241000 JavaThread "Common-Cleaner" daemon [_thread_blocked, id=11448, stack(0x0000009d66d00000,0x0000009d66e00000)]
  0x000002517eb39000 JavaThread "Daemon health stats" [_thread_blocked, id=12128, stack(0x0000009d67100000,0x0000009d67200000)]
  0x000002517f2b2000 JavaThread "Incoming local TCP Connector on port 54442" [_thread_in_native, id=764, stack(0x0000009d66f00000,0x0000009d67000000)]
  0x000002517e6bc000 JavaThread "Daemon periodic checks" [_thread_blocked, id=5180, stack(0x0000009d67200000,0x0000009d67300000)]
  0x000002517eb55800 JavaThread "Daemon" [_thread_blocked, id=6148, stack(0x0000009d67300000,0x0000009d67400000)]
  0x0000025100754800 JavaThread "Handler for socket connection from /127.0.0.1:54442 to /127.0.0.1:54443" [_thread_in_native, id=9788, stack(0x0000009d67400000,0x0000009d67500000)]
  0x00000251000b0800 JavaThread "Cancel handler" [_thread_blocked, id=8204, stack(0x0000009d67500000,0x0000009d67600000)]
  0x0000025100212000 JavaThread "Daemon worker" [_thread_blocked, id=424, stack(0x0000009d67600000,0x0000009d67700000)]
  0x00000251003c0800 JavaThread "Asynchronous log dispatcher for DefaultDaemonConnection: socket connection from /127.0.0.1:54442 to /127.0.0.1:54443" [_thread_blocked, id=13192, stack(0x0000009d67700000,0x0000009d67800000)]
  0x00000251000d8800 JavaThread "Stdin handler" [_thread_blocked, id=708, stack(0x0000009d67800000,0x0000009d67900000)]
  0x0000025100a7c000 JavaThread "Daemon client event forwarder" [_thread_blocked, id=3424, stack(0x0000009d67900000,0x0000009d67a00000)]
  0x0000025100a7e000 JavaThread "Cache worker for file hash cache (C:\Users\Vlad\.gradle\caches\7.0.2\fileHashes)" [_thread_blocked, id=10856, stack(0x0000009d67a00000,0x0000009d67b00000)]
  0x0000025100a79000 JavaThread "File lock request listener" [_thread_in_native, id=12728, stack(0x0000009d67d00000,0x0000009d67e00000)]
  0x0000025100a78000 JavaThread "Cache worker for journal cache (C:\Users\Vlad\.gradle\caches\journal-1)" [_thread_blocked, id=9856, stack(0x0000009d67e00000,0x0000009d67f00000)]
  0x0000025100a7b800 JavaThread "Cache worker for file hash cache (D:\RecipeBook\.gradle\7.0.2\fileHashes)" [_thread_blocked, id=8220, stack(0x0000009d67f00000,0x0000009d68000000)]
  0x0000025100a7d000 JavaThread "File watcher server" daemon [_thread_blocked, id=9432, stack(0x0000009d68000000,0x0000009d68100000)]
  0x0000025100a7e800 JavaThread "File watcher consumer" daemon [_thread_blocked, id=12528, stack(0x0000009d68100000,0x0000009d68200000)]
  0x0000025100a79800 JavaThread "Cache worker for checksums cache (D:\RecipeBook\.gradle\checksums)" [_thread_blocked, id=8356, stack(0x0000009d68200000,0x0000009d68300000)]
  0x0000025100a7a800 JavaThread "Cache worker for cache directory md-supplier (C:\Users\Vlad\.gradle\caches\7.0.2\md-supplier)" [_thread_blocked, id=1528, stack(0x0000009d68300000,0x0000009d68400000)]
  0x0000025101be7800 JavaThread "Cache worker for cache directory md-rule (C:\Users\Vlad\.gradle\caches\7.0.2\md-rule)" [_thread_blocked, id=8492, stack(0x0000009d68400000,0x0000009d68500000)]
  0x0000025101be8000 JavaThread "Cache worker for execution history cache (C:\Users\Vlad\.gradle\caches\7.0.2\executionHistory)" [_thread_blocked, id=12236, stack(0x0000009d68500000,0x0000009d68600000)]
  0x0000025101be5000 JavaThread "jar transforms" [_thread_blocked, id=6460, stack(0x0000009d68600000,0x0000009d68700000)]
  0x0000025101be5800 JavaThread "jar transforms Thread 2" [_thread_blocked, id=10272, stack(0x0000009d68700000,0x0000009d68800000)]
  0x0000025101be6800 JavaThread "Cache worker for file content cache (C:\Users\Vlad\.gradle\caches\7.0.2\fileContent)" [_thread_blocked, id=9032, stack(0x0000009d68800000,0x0000009d68900000)]
  0x0000025101be3000 JavaThread "Cache worker for dependencies-accessors (D:\RecipeBook\.gradle\7.0.2\dependencies-accessors)" [_thread_blocked, id=11832, stack(0x0000009d68900000,0x0000009d68a00000)]
  0x0000025101bee000 JavaThread "jar transforms Thread 3" [_thread_blocked, id=9184, stack(0x0000009d68a00000,0x0000009d68b00000)]
  0x0000025101bec000 JavaThread "Cache worker for Build Output Cleanup Cache (D:\RecipeBook\.gradle\buildOutputCleanup)" [_thread_blocked, id=3428, stack(0x0000009d68b00000,0x0000009d68c00000)]
  0x0000025101bed000 JavaThread "Build operations" [_thread_blocked, id=12032, stack(0x0000009d68c00000,0x0000009d68d00000)]
  0x0000025101bee800 JavaThread "Build operations Thread 2" [_thread_blocked, id=2904, stack(0x0000009d68d00000,0x0000009d68e00000)]
  0x0000025101bef800 JavaThread "Build operations Thread 3" [_thread_blocked, id=12760, stack(0x0000009d68e00000,0x0000009d68f00000)]
  0x0000025101be9800 JavaThread "Build operations Thread 4" [_thread_blocked, id=13000, stack(0x0000009d68f00000,0x0000009d69000000)]
  0x0000025101bf0800 JavaThread "jar transforms Thread 4" [_thread_blocked, id=10224, stack(0x0000009d69000000,0x0000009d69100000)]
  0x0000025101bea800 JavaThread "Memory manager" [_thread_blocked, id=11132, stack(0x0000009d69100000,0x0000009d69200000)]
  0x0000025101bf1000 JavaThread "build event listener" [_thread_blocked, id=6704, stack(0x0000009d69200000,0x0000009d69300000)]
  0x0000025101beb800 JavaThread "build event listener" [_thread_blocked, id=6800, stack(0x0000009d69300000,0x0000009d69400000)]
  0x0000025101bf2000 JavaThread "Execution worker for ':'" [_thread_blocked, id=12936, stack(0x0000009d69400000,0x0000009d69500000)]
  0x000002510464c800 JavaThread "Execution worker for ':' Thread 2" [_thread_blocked, id=8224, stack(0x0000009d69500000,0x0000009d69600000)]
  0x0000025104648000 JavaThread "Execution worker for ':' Thread 3" [_thread_blocked, id=4316, stack(0x0000009d69600000,0x0000009d69700000)]
  0x000002510464e000 JavaThread "Cache worker for execution history cache (D:\RecipeBook\.gradle\7.0.2\executionHistory)" [_thread_blocked, id=2184, stack(0x0000009d69700000,0x0000009d69800000)]
  0x000002510464a000 JavaThread "WorkerExecutor Queue" [_thread_blocked, id=12348, stack(0x0000009d69800000,0x0000009d69900000)]
  0x000002510464b800 JavaThread "WorkerExecutor Queue Thread 2" [_thread_blocked, id=7784, stack(0x0000009d69900000,0x0000009d69a00000)]
  0x000002510464a800 JavaThread "WorkerExecutor Queue Thread 3" [_thread_blocked, id=2848, stack(0x0000009d69a00000,0x0000009d69b00000)]
  0x0000025104649000 JavaThread "WorkerExecutor Queue Thread 5" [_thread_blocked, id=3220, stack(0x0000009d69c00000,0x0000009d69d00000)]
  0x0000025104653800 JavaThread "pool-3-thread-1" [_thread_blocked, id=7492, stack(0x0000009d69d00000,0x0000009d69e00000)]
  0x0000025104650800 JavaThread "stderr" [_thread_in_native, id=12736, stack(0x0000009d69e00000,0x0000009d69f00000)]
  0x000002510464f800 JavaThread "stdout" [_thread_in_native, id=1508, stack(0x0000009d69f00000,0x0000009d6a000000)]
  0x0000025104653000 JavaThread "ForkJoinPool-1-worker-3" daemon [_thread_blocked, id=13180, stack(0x0000009d6a000000,0x0000009d6a100000)]
  0x0000025104651000 JavaThread "ForkJoinPool-1-worker-5" daemon [_thread_blocked, id=8980, stack(0x0000009d6a100000,0x0000009d6a200000)]
  0x0000025104652000 JavaThread "ForkJoinPool-1-worker-7" daemon [_thread_blocked, id=10984, stack(0x0000009d6a200000,0x0000009d6a300000)]
  0x0000025104654800 JavaThread "ForkJoinPool-1-worker-1" daemon [_thread_blocked, id=8308, stack(0x0000009d6a300000,0x0000009d6a400000)]

Other Threads:
=>0x000002517d22b000 VMThread "VM Thread" [stack: 0x0000009d66400000,0x0000009d66500000] [id=1640]
  0x000002517dd38000 WatcherThread [stack: 0x0000009d66e00000,0x0000009d66f00000] [id=10280]
  0x0000025162f37000 GCTaskThread "GC Thread#0" [stack: 0x0000009d65f00000,0x0000009d66000000] [id=608]
  0x000002517e9b8800 GCTaskThread "GC Thread#1" [stack: 0x0000009d67000000,0x0000009d67100000] [id=7832]
  0x0000025100213000 GCTaskThread "GC Thread#2" [stack: 0x0000009d67b00000,0x0000009d67c00000] [id=7812]
  0x000002517ed3f800 GCTaskThread "GC Thread#3" [stack: 0x0000009d67c00000,0x0000009d67d00000] [id=4500]
  0x0000025162f66800 ConcurrentGCThread "G1 Main Marker" [stack: 0x0000009d66000000,0x0000009d66100000] [id=1276]
  0x0000025162f68000 ConcurrentGCThread "G1 Conc#0" [stack: 0x0000009d66100000,0x0000009d66200000] [id=3864]
  0x0000025162ff4000 ConcurrentGCThread "G1 Refine#0" [stack: 0x0000009d66200000,0x0000009d66300000] [id=2724]
  0x0000025106bdd000 ConcurrentGCThread "G1 Refine#1" [stack: 0x0000009d6a400000,0x0000009d6a500000] [id=12048]
  0x0000025100d4a800 ConcurrentGCThread "G1 Refine#2" [stack: 0x0000009d69b00000,0x0000009d69c00000] [id=12068]
  0x0000025162ff5000 ConcurrentGCThread "G1 Young RemSet Sampling" [stack: 0x0000009d66300000,0x0000009d66400000] [id=7860]

Threads with active compile tasks:
C2 CompilerThread0  19001 11803       4       com.android.tools.r8.dex.j::a (1038 bytes)

VM state:at safepoint (normal execution)

VM Mutex/Monitor currently owned by a thread:  ([mutex/lock_event])
[0x0000025162f19be0] Threads_lock - owner thread: 0x000002517d22b000
[0x0000025162f19fd0] Heap_lock - owner thread: 0x000002510464a800

Heap address: 0x0000000080000000, size: 2048 MB, Compressed Oops mode: 32-bit
Narrow klass base: 0x0000000000000000, Narrow klass shift: 3
Compressed class space size: 1073741824 Address: 0x0000000100000000

Heap:
 garbage-first heap   total 400384K, used 206321K [0x0000000080000000, 0x0000000100000000)
  region size 1024K, 3 young (3072K), 3 survivors (3072K)
 Metaspace       used 98383K, capacity 100623K, committed 100708K, reserved 1136640K
  class space    used 12839K, capacity 13674K, committed 13696K, reserved 1048576K
Heap Regions: E=young(eden), S=young(survivor), O=old, HS=humongous(starts), HC=humongous(continues), CS=collection set, F=free, A=archive, TAMS=top-at-mark-start (previous, next)
|   0|0x0000000080000000, 0x0000000080100000, 0x0000000080100000|100%| O|  |TAMS 0x0000000080100000, 0x0000000080100000| Untracked 
|   1|0x0000000080100000, 0x0000000080200000, 0x0000000080200000|100%| O|  |TAMS 0x0000000080200000, 0x0000000080200000| Untracked 
|   2|0x0000000080200000, 0x0000000080300000, 0x0000000080300000|100%| O|  |TAMS 0x0000000080300000, 0x0000000080300000| Untracked 
|   3|0x0000000080300000, 0x0000000080400000, 0x0000000080400000|100%|HS|  |TAMS 0x0000000080400000, 0x0000000080400000| Complete 
|   4|0x0000000080400000, 0x0000000080500000, 0x0000000080500000|100%|HC|  |TAMS 0x0000000080500000, 0x0000000080500000| Complete 
|   5|0x0000000080500000, 0x0000000080600000, 0x0000000080600000|100%|HC|  |TAMS 0x0000000080600000, 0x0000000080600000| Complete 
|   6|0x0000000080600000, 0x0000000080700000, 0x0000000080700000|100%| O|  |TAMS 0x0000000080700000, 0x0000000080700000| Untracked 
|   7|0x0000000080700000, 0x0000000080800000, 0x0000000080800000|100%| O|  |TAMS 0x0000000080800000, 0x0000000080800000| Untracked 
|   8|0x0000000080800000, 0x0000000080900000, 0x0000000080900000|100%| O|  |TAMS 0x0000000080900000, 0x0000000080900000| Untracked 
|   9|0x0000000080900000, 0x0000000080a00000, 0x0000000080a00000|100%| O|  |TAMS 0x0000000080a00000, 0x0000000080a00000| Untracked 
|  10|0x0000000080a00000, 0x0000000080b00000, 0x0000000080b00000|100%| O|  |TAMS 0x0000000080b00000, 0x0000000080b00000| Untracked 
|  11|0x0000000080b00000, 0x0000000080c00000, 0x0000000080c00000|100%| O|  |TAMS 0x0000000080c00000, 0x0000000080c00000| Untracked 
|  12|0x0000000080c00000, 0x0000000080d00000, 0x0000000080d00000|100%| O|  |TAMS 0x0000000080d00000, 0x0000000080d00000| Untracked 
|  13|0x0000000080d00000, 0x0000000080e00000, 0x0000000080e00000|100%| O|  |TAMS 0x0000000080e00000, 0x0000000080e00000| Untracked 
|  14|0x0000000080e00000, 0x0000000080f00000, 0x0000000080f00000|100%| O|  |TAMS 0x0000000080f00000, 0x0000000080f00000| Untracked 
|  15|0x0000000080f00000, 0x0000000081000000, 0x0000000081000000|100%| O|  |TAMS 0x0000000081000000, 0x0000000081000000| Untracked 
|  16|0x0000000081000000, 0x0000000081100000, 0x0000000081100000|100%| O|  |TAMS 0x0000000081100000, 0x0000000081100000| Untracked 
|  17|0x0000000081100000, 0x0000000081200000, 0x0000000081200000|100%|HS|  |TAMS 0x0000000081200000, 0x0000000081200000| Complete 
|  18|0x0000000081200000, 0x0000000081300000, 0x0000000081300000|100%| O|  |TAMS 0x0000000081300000, 0x0000000081300000| Untracked 
|  19|0x0000000081300000, 0x0000000081400000, 0x0000000081400000|100%| O|  |TAMS 0x0000000081400000, 0x0000000081400000| Untracked 
|  20|0x0000000081400000, 0x0000000081500000, 0x0000000081500000|100%| O|  |TAMS 0x0000000081500000, 0x0000000081500000| Untracked 
|  21|0x0000000081500000, 0x0000000081600000, 0x0000000081600000|100%| O|  |TAMS 0x0000000081600000, 0x0000000081600000| Untracked 
|  22|0x0000000081600000, 0x0000000081700000, 0x0000000081700000|100%| O|  |TAMS 0x0000000081700000, 0x0000000081700000| Untracked 
|  23|0x0000000081700000, 0x0000000081800000, 0x0000000081800000|100%| O|  |TAMS 0x0000000081800000, 0x0000000081800000| Untracked 
|  24|0x0000000081800000, 0x0000000081900000, 0x0000000081900000|100%| O|  |TAMS 0x0000000081900000, 0x0000000081900000| Untracked 
|  25|0x0000000081900000, 0x0000000081a00000, 0x0000000081a00000|100%| O|  |TAMS 0x0000000081a00000, 0x0000000081a00000| Untracked 
|  26|0x0000000081a00000, 0x0000000081b00000, 0x0000000081b00000|100%| O|  |TAMS 0x0000000081b00000, 0x0000000081b00000| Untracked 
|  27|0x0000000081b00000, 0x0000000081c00000, 0x0000000081c00000|100%|HS|  |TAMS 0x0000000081c00000, 0x0000000081c00000| Complete 
|  28|0x0000000081c00000, 0x0000000081d00000, 0x0000000081d00000|100%|HS|  |TAMS 0x0000000081d00000, 0x0000000081d00000| Complete 
|  29|0x0000000081d00000, 0x0000000081e00000, 0x0000000081e00000|100%|HS|  |TAMS 0x0000000081e00000, 0x0000000081e00000| Complete 
|  30|0x0000000081e00000, 0x0000000081f00000, 0x0000000081f00000|100%|HC|  |TAMS 0x0000000081f00000, 0x0000000081f00000| Complete 
|  31|0x0000000081f00000, 0x0000000082000000, 0x0000000082000000|100%|HC|  |TAMS 0x0000000082000000, 0x0000000082000000| Complete 
|  32|0x0000000082000000, 0x0000000082100000, 0x0000000082100000|100%|HS|  |TAMS 0x0000000082100000, 0x0000000082100000| Complete 
|  33|0x0000000082100000, 0x0000000082200000, 0x0000000082200000|100%|HC|  |TAMS 0x0000000082200000, 0x0000000082200000| Complete 
|  34|0x0000000082200000, 0x0000000082300000, 0x0000000082300000|100%| O|  |TAMS 0x0000000082300000, 0x0000000082300000| Untracked 
|  35|0x0000000082300000, 0x0000000082400000, 0x0000000082400000|100%| O|  |TAMS 0x0000000082400000, 0x0000000082400000| Untracked 
|  36|0x0000000082400000, 0x0000000082500000, 0x0000000082500000|100%| O|  |TAMS 0x0000000082500000, 0x0000000082500000| Untracked 
|  37|0x0000000082500000, 0x0000000082600000, 0x0000000082600000|100%| O|  |TAMS 0x0000000082600000, 0x0000000082600000| Untracked 
|  38|0x0000000082600000, 0x0000000082700000, 0x0000000082700000|100%| O|  |TAMS 0x0000000082700000, 0x0000000082700000| Untracked 
|  39|0x0000000082700000, 0x0000000082800000, 0x0000000082800000|100%| O|  |TAMS 0x0000000082800000, 0x0000000082800000| Untracked 
|  40|0x0000000082800000, 0x0000000082900000, 0x0000000082900000|100%| O|  |TAMS 0x0000000082900000, 0x0000000082900000| Untracked 
|  41|0x0000000082900000, 0x0000000082a00000, 0x0000000082a00000|100%| O|  |TAMS 0x0000000082a00000, 0x0000000082a00000| Untracked 
|  42|0x0000000082a00000, 0x0000000082b00000, 0x0000000082b00000|100%| O|  |TAMS 0x0000000082b00000, 0x0000000082b00000| Untracked 
|  43|0x0000000082b00000, 0x0000000082c00000, 0x0000000082c00000|100%| O|  |TAMS 0x0000000082c00000, 0x0000000082c00000| Untracked 
|  44|0x0000000082c00000, 0x0000000082d00000, 0x0000000082d00000|100%| O|  |TAMS 0x0000000082d00000, 0x0000000082d00000| Untracked 
|  45|0x0000000082d00000, 0x0000000082e00000, 0x0000000082e00000|100%| O|  |TAMS 0x0000000082e00000, 0x0000000082e00000| Untracked 
|  46|0x0000000082e00000, 0x0000000082f00000, 0x0000000082f00000|100%| O|  |TAMS 0x0000000082f00000, 0x0000000082f00000| Untracked 
|  47|0x0000000082f00000, 0x0000000083000000, 0x0000000083000000|100%| O|  |TAMS 0x0000000083000000, 0x0000000083000000| Untracked 
|  48|0x0000000083000000, 0x0000000083100000, 0x0000000083100000|100%| O|  |TAMS 0x0000000083100000, 0x0000000083100000| Untracked 
|  49|0x0000000083100000, 0x0000000083200000, 0x0000000083200000|100%| O|  |TAMS 0x0000000083200000, 0x0000000083200000| Untracked 
|  50|0x0000000083200000, 0x0000000083300000, 0x0000000083300000|100%| O|  |TAMS 0x0000000083300000, 0x0000000083300000| Untracked 
|  51|0x0000000083300000, 0x0000000083400000, 0x0000000083400000|100%| O|  |TAMS 0x0000000083400000, 0x0000000083400000| Untracked 
|  52|0x0000000083400000, 0x0000000083500000, 0x0000000083500000|100%| O|  |TAMS 0x0000000083500000, 0x0000000083500000| Untracked 
|  53|0x0000000083500000, 0x0000000083600000, 0x0000000083600000|100%| O|  |TAMS 0x0000000083600000, 0x0000000083600000| Untracked 
|  54|0x0000000083600000, 0x0000000083700000, 0x0000000083700000|100%| O|  |TAMS 0x0000000083700000, 0x0000000083700000| Untracked 
|  55|0x0000000083700000, 0x0000000083800000, 0x0000000083800000|100%| O|  |TAMS 0x0000000083800000, 0x0000000083800000| Untracked 
|  56|0x0000000083800000, 0x0000000083900000, 0x0000000083900000|100%| O|  |TAMS 0x0000000083900000, 0x0000000083900000| Untracked 
|  57|0x0000000083900000, 0x0000000083a00000, 0x0000000083a00000|100%| O|  |TAMS 0x0000000083a00000, 0x0000000083a00000| Untracked 
|  58|0x0000000083a00000, 0x0000000083b00000, 0x0000000083b00000|100%| O|  |TAMS 0x0000000083b00000, 0x0000000083b00000| Untracked 
|  59|0x0000000083b00000, 0x0000000083c00000, 0x0000000083c00000|100%| O|  |TAMS 0x0000000083c00000, 0x0000000083c00000| Untracked 
|  60|0x0000000083c00000, 0x0000000083d00000, 0x0000000083d00000|100%| O|  |TAMS 0x0000000083d00000, 0x0000000083d00000| Untracked 
|  61|0x0000000083d00000, 0x0000000083e00000, 0x0000000083e00000|100%| O|  |TAMS 0x0000000083e00000, 0x0000000083e00000| Untracked 
|  62|0x0000000083e00000, 0x0000000083f00000, 0x0000000083f00000|100%| O|  |TAMS 0x0000000083f00000, 0x0000000083f00000| Untracked 
|  63|0x0000000083f00000, 0x0000000084000000, 0x0000000084000000|100%| O|  |TAMS 0x0000000084000000, 0x0000000084000000| Untracked 
|  64|0x0000000084000000, 0x0000000084100000, 0x0000000084100000|100%| O|  |TAMS 0x0000000084100000, 0x0000000084100000| Untracked 
|  65|0x0000000084100000, 0x0000000084200000, 0x0000000084200000|100%| O|  |TAMS 0x0000000084200000, 0x0000000084200000| Untracked 
|  66|0x0000000084200000, 0x0000000084300000, 0x0000000084300000|100%| O|  |TAMS 0x0000000084300000, 0x0000000084300000| Untracked 
|  67|0x0000000084300000, 0x0000000084400000, 0x0000000084400000|100%| O|  |TAMS 0x0000000084400000, 0x0000000084400000| Untracked 
|  68|0x0000000084400000, 0x0000000084500000, 0x0000000084500000|100%| O|  |TAMS 0x0000000084500000, 0x0000000084500000| Untracked 
|  69|0x0000000084500000, 0x0000000084600000, 0x0000000084600000|100%| O|  |TAMS 0x0000000084600000, 0x0000000084600000| Untracked 
|  70|0x0000000084600000, 0x0000000084700000, 0x0000000084700000|100%| O|  |TAMS 0x0000000084700000, 0x0000000084700000| Untracked 
|  71|0x0000000084700000, 0x0000000084800000, 0x0000000084800000|100%| O|  |TAMS 0x0000000084800000, 0x0000000084800000| Untracked 
|  72|0x0000000084800000, 0x0000000084900000, 0x0000000084900000|100%| O|  |TAMS 0x0000000084900000, 0x0000000084900000| Untracked 
|  73|0x0000000084900000, 0x0000000084a00000, 0x0000000084a00000|100%| O|  |TAMS 0x0000000084a00000, 0x0000000084a00000| Untracked 
|  74|0x0000000084a00000, 0x0000000084b00000, 0x0000000084b00000|100%| O|  |TAMS 0x0000000084b00000, 0x0000000084b00000| Untracked 
|  75|0x0000000084b00000, 0x0000000084c00000, 0x0000000084c00000|100%| O|  |TAMS 0x0000000084c00000, 0x0000000084c00000| Untracked 
|  76|0x0000000084c00000, 0x0000000084d00000, 0x0000000084d00000|100%|HS|  |TAMS 0x0000000084d00000, 0x0000000084d00000| Complete 
|  77|0x0000000084d00000, 0x0000000084e00000, 0x0000000084e00000|100%|HC|  |TAMS 0x0000000084e00000, 0x0000000084e00000| Complete 
|  78|0x0000000084e00000, 0x0000000084f00000, 0x0000000084f00000|100%|HS|  |TAMS 0x0000000084f00000, 0x0000000084f00000| Complete 
|  79|0x0000000084f00000, 0x0000000085000000, 0x0000000085000000|100%|HS|  |TAMS 0x0000000085000000, 0x0000000085000000| Complete 
|  80|0x0000000085000000, 0x0000000085100000, 0x0000000085100000|100%|HS|  |TAMS 0x0000000085100000, 0x0000000085100000| Complete 
|  81|0x0000000085100000, 0x0000000085200000, 0x0000000085200000|100%|HC|  |TAMS 0x0000000085200000, 0x0000000085200000| Complete 
|  82|0x0000000085200000, 0x0000000085300000, 0x0000000085300000|100%|HS|  |TAMS 0x0000000085300000, 0x0000000085300000| Complete 
|  83|0x0000000085300000, 0x0000000085400000, 0x0000000085400000|100%|HC|  |TAMS 0x0000000085400000, 0x0000000085400000| Complete 
|  84|0x0000000085400000, 0x0000000085500000, 0x0000000085500000|100%|HS|  |TAMS 0x0000000085500000, 0x0000000085500000| Complete 
|  85|0x0000000085500000, 0x0000000085600000, 0x0000000085600000|100%|HC|  |TAMS 0x0000000085600000, 0x0000000085600000| Complete 
|  86|0x0000000085600000, 0x0000000085700000, 0x0000000085700000|100%|HC|  |TAMS 0x0000000085700000, 0x0000000085700000| Complete 
|  87|0x0000000085700000, 0x0000000085800000, 0x0000000085800000|100%| O|  |TAMS 0x0000000085800000, 0x0000000085800000| Untracked 
|  88|0x0000000085800000, 0x0000000085900000, 0x0000000085900000|100%| O|  |TAMS 0x0000000085900000, 0x0000000085900000| Untracked 
|  89|0x0000000085900000, 0x0000000085a00000, 0x0000000085a00000|100%| O|  |TAMS 0x0000000085a00000, 0x0000000085a00000| Untracked 
|  90|0x0000000085a00000, 0x0000000085b00000, 0x0000000085b00000|100%| O|  |TAMS 0x0000000085b00000, 0x0000000085b00000| Untracked 
|  91|0x0000000085b00000, 0x0000000085c00000, 0x0000000085c00000|100%| O|  |TAMS 0x0000000085c00000, 0x0000000085c00000| Untracked 
|  92|0x0000000085c00000, 0x0000000085d00000, 0x0000000085d00000|100%| O|  |TAMS 0x0000000085d00000, 0x0000000085d00000| Untracked 
|  93|0x0000000085d00000, 0x0000000085e00000, 0x0000000085e00000|100%| O|  |TAMS 0x0000000085e00000, 0x0000000085e00000| Untracked 
|  94|0x0000000085e00000, 0x0000000085f00000, 0x0000000085f00000|100%| O|  |TAMS 0x0000000085f00000, 0x0000000085f00000| Untracked 
|  95|0x0000000085f00000, 0x0000000086000000, 0x0000000086000000|100%|HS|  |TAMS 0x0000000086000000, 0x0000000086000000| Complete 
|  96|0x0000000086000000, 0x0000000086100000, 0x0000000086100000|100%|HS|  |TAMS 0x0000000086100000, 0x0000000086100000| Complete 
|  97|0x0000000086100000, 0x0000000086200000, 0x0000000086200000|100%| O|  |TAMS 0x0000000086200000, 0x0000000086200000| Untracked 
|  98|0x0000000086200000, 0x0000000086300000, 0x0000000086300000|100%| O|  |TAMS 0x0000000086300000, 0x0000000086300000| Untracked 
|  99|0x0000000086300000, 0x0000000086400000, 0x0000000086400000|100%| O|  |TAMS 0x0000000086400000, 0x0000000086400000| Untracked 
| 100|0x0000000086400000, 0x0000000086500000, 0x0000000086500000|100%| O|  |TAMS 0x0000000086500000, 0x0000000086500000| Untracked 
| 101|0x0000000086500000, 0x0000000086600000, 0x0000000086600000|100%| O|  |TAMS 0x0000000086600000, 0x0000000086600000| Untracked 
| 102|0x0000000086600000, 0x0000000086700000, 0x0000000086700000|100%| O|  |TAMS 0x0000000086700000, 0x0000000086700000| Untracked 
| 103|0x0000000086700000, 0x0000000086800000, 0x0000000086800000|100%| O|  |TAMS 0x0000000086800000, 0x0000000086800000| Untracked 
| 104|0x0000000086800000, 0x0000000086900000, 0x0000000086900000|100%| O|  |TAMS 0x0000000086900000, 0x0000000086900000| Untracked 
| 105|0x0000000086900000, 0x0000000086a00000, 0x0000000086a00000|100%| O|  |TAMS 0x0000000086a00000, 0x0000000086a00000| Untracked 
| 106|0x0000000086a00000, 0x0000000086b00000, 0x0000000086b00000|100%|HS|  |TAMS 0x0000000086b00000, 0x0000000086b00000| Complete 
| 107|0x0000000086b00000, 0x0000000086c00000, 0x0000000086c00000|100%|HC|  |TAMS 0x0000000086c00000, 0x0000000086c00000| Complete 
| 108|0x0000000086c00000, 0x0000000086d00000, 0x0000000086d00000|100%| O|  |TAMS 0x0000000086d00000, 0x0000000086d00000| Untracked 
| 109|0x0000000086d00000, 0x0000000086e00000, 0x0000000086e00000|100%|HS|  |TAMS 0x0000000086e00000, 0x0000000086e00000| Complete 
| 110|0x0000000086e00000, 0x0000000086f00000, 0x0000000086f00000|100%| O|  |TAMS 0x0000000086f00000, 0x0000000086f00000| Untracked 
| 111|0x0000000086f00000, 0x0000000087000000, 0x0000000087000000|100%|HS|  |TAMS 0x0000000087000000, 0x0000000087000000| Complete 
| 112|0x0000000087000000, 0x0000000087100000, 0x0000000087100000|100%| O|  |TAMS 0x0000000087100000, 0x0000000087100000| Untracked 
| 113|0x0000000087100000, 0x0000000087200000, 0x0000000087200000|100%| O|  |TAMS 0x0000000087200000, 0x0000000087200000| Untracked 
| 114|0x0000000087200000, 0x0000000087300000, 0x0000000087300000|100%|HS|  |TAMS 0x0000000087300000, 0x0000000087300000| Complete 
| 115|0x0000000087300000, 0x0000000087400000, 0x0000000087400000|100%|HC|  |TAMS 0x0000000087400000, 0x0000000087400000| Complete 
| 116|0x0000000087400000, 0x0000000087500000, 0x0000000087500000|100%| O|  |TAMS 0x0000000087500000, 0x0000000087500000| Untracked 
| 117|0x0000000087500000, 0x0000000087600000, 0x0000000087600000|100%| O|  |TAMS 0x0000000087600000, 0x0000000087600000| Untracked 
| 118|0x0000000087600000, 0x0000000087700000, 0x0000000087700000|100%|HS|  |TAMS 0x0000000087700000, 0x0000000087700000| Complete 
| 119|0x0000000087700000, 0x0000000087800000, 0x0000000087800000|100%|HC|  |TAMS 0x0000000087800000, 0x0000000087800000| Complete 
| 120|0x0000000087800000, 0x0000000087900000, 0x0000000087900000|100%| O|  |TAMS 0x0000000087900000, 0x0000000087900000| Untracked 
| 121|0x0000000087900000, 0x0000000087a00000, 0x0000000087a00000|100%| O|  |TAMS 0x0000000087a00000, 0x0000000087a00000| Untracked 
| 122|0x0000000087a00000, 0x0000000087b00000, 0x0000000087b00000|100%| O|  |TAMS 0x0000000087b00000, 0x0000000087b00000| Untracked 
| 123|0x0000000087b00000, 0x0000000087c00000, 0x0000000087c00000|100%|HS|  |TAMS 0x0000000087c00000, 0x0000000087c00000| Complete 
| 124|0x0000000087c00000, 0x0000000087d00000, 0x0000000087d00000|100%|HC|  |TAMS 0x0000000087d00000, 0x0000000087d00000| Complete 
| 125|0x0000000087d00000, 0x0000000087e00000, 0x0000000087e00000|100%|HC|  |TAMS 0x0000000087e00000, 0x0000000087e00000| Complete 
| 126|0x0000000087e00000, 0x0000000087f00000, 0x0000000087f00000|100%| O|  |TAMS 0x0000000087f00000, 0x0000000087f00000| Untracked 
| 127|0x0000000087f00000, 0x0000000088000000, 0x0000000088000000|100%| O|  |TAMS 0x0000000088000000, 0x0000000088000000| Untracked 
| 128|0x0000000088000000, 0x0000000088100000, 0x0000000088100000|100%| O|  |TAMS 0x0000000088100000, 0x0000000088100000| Untracked 
| 129|0x0000000088100000, 0x0000000088200000, 0x0000000088200000|100%| O|  |TAMS 0x0000000088200000, 0x0000000088200000| Untracked 
| 130|0x0000000088200000, 0x0000000088300000, 0x0000000088300000|100%| O|  |TAMS 0x0000000088300000, 0x0000000088300000| Untracked 
| 131|0x0000000088300000, 0x0000000088400000, 0x0000000088400000|100%| O|  |TAMS 0x0000000088400000, 0x0000000088400000| Untracked 
| 132|0x0000000088400000, 0x0000000088500000, 0x0000000088500000|100%| O|  |TAMS 0x0000000088500000, 0x0000000088500000| Untracked 
| 133|0x0000000088500000, 0x0000000088600000, 0x0000000088600000|100%| O|  |TAMS 0x0000000088600000, 0x0000000088600000| Untracked 
| 134|0x0000000088600000, 0x0000000088700000, 0x0000000088700000|100%| O|  |TAMS 0x0000000088700000, 0x0000000088700000| Untracked 
| 135|0x0000000088700000, 0x0000000088800000, 0x0000000088800000|100%| O|  |TAMS 0x0000000088800000, 0x0000000088800000| Untracked 
| 136|0x0000000088800000, 0x0000000088900000, 0x0000000088900000|100%| O|  |TAMS 0x0000000088900000, 0x0000000088900000| Untracked 
| 137|0x0000000088900000, 0x0000000088a00000, 0x0000000088a00000|100%| O|  |TAMS 0x0000000088a00000, 0x0000000088a00000| Untracked 
| 138|0x0000000088a00000, 0x0000000088b00000, 0x0000000088b00000|100%| O|  |TAMS 0x0000000088b00000, 0x0000000088b00000| Untracked 
| 139|0x0000000088b00000, 0x0000000088c00000, 0x0000000088c00000|100%| O|  |TAMS 0x0000000088c00000, 0x0000000088c00000| Untracked 
| 140|0x0000000088c00000, 0x0000000088d00000, 0x0000000088d00000|100%| O|  |TAMS 0x0000000088d00000, 0x0000000088d00000| Untracked 
| 141|0x0000000088d00000, 0x0000000088e00000, 0x0000000088e00000|100%| O|  |TAMS 0x0000000088e00000, 0x0000000088e00000| Untracked 
| 142|0x0000000088e00000, 0x0000000088f00000, 0x0000000088f00000|100%| O|  |TAMS 0x0000000088f00000, 0x0000000088f00000| Untracked 
| 143|0x0000000088f00000, 0x0000000089000000, 0x0000000089000000|100%| O|  |TAMS 0x0000000089000000, 0x0000000089000000| Untracked 
| 144|0x0000000089000000, 0x0000000089100000, 0x0000000089100000|100%| O|  |TAMS 0x0000000089100000, 0x0000000089100000| Untracked 
| 145|0x0000000089100000, 0x0000000089200000, 0x0000000089200000|100%| O|  |TAMS 0x0000000089200000, 0x0000000089200000| Untracked 
| 146|0x0000000089200000, 0x0000000089300000, 0x0000000089300000|100%| O|  |TAMS 0x0000000089300000, 0x0000000089300000| Untracked 
| 147|0x0000000089300000, 0x0000000089400000, 0x0000000089400000|100%| O|  |TAMS 0x0000000089400000, 0x0000000089400000| Untracked 
| 148|0x0000000089400000, 0x0000000089500000, 0x0000000089500000|100%| O|  |TAMS 0x0000000089500000, 0x0000000089500000| Untracked 
| 149|0x0000000089500000, 0x0000000089600000, 0x0000000089600000|100%| O|  |TAMS 0x0000000089600000, 0x0000000089600000| Untracked 
| 150|0x0000000089600000, 0x0000000089700000, 0x0000000089700000|100%| O|  |TAMS 0x0000000089700000, 0x0000000089700000| Untracked 
| 151|0x0000000089700000, 0x0000000089800000, 0x0000000089800000|100%| O|  |TAMS 0x0000000089800000, 0x0000000089800000| Untracked 
| 152|0x0000000089800000, 0x0000000089900000, 0x0000000089900000|100%| O|  |TAMS 0x0000000089900000, 0x0000000089900000| Untracked 
| 153|0x0000000089900000, 0x0000000089a00000, 0x0000000089a00000|100%| O|  |TAMS 0x0000000089a00000, 0x0000000089a00000| Untracked 
| 154|0x0000000089a00000, 0x0000000089b00000, 0x0000000089b00000|100%| O|  |TAMS 0x0000000089b00000, 0x0000000089b00000| Untracked 
| 155|0x0000000089b00000, 0x0000000089c00000, 0x0000000089c00000|100%| O|  |TAMS 0x0000000089c00000, 0x0000000089c00000| Untracked 
| 156|0x0000000089c00000, 0x0000000089d00000, 0x0000000089d00000|100%| O|  |TAMS 0x0000000089d00000, 0x0000000089d00000| Untracked 
| 157|0x0000000089d00000, 0x0000000089e00000, 0x0000000089e00000|100%| O|  |TAMS 0x0000000089e00000, 0x0000000089e00000| Untracked 
| 158|0x0000000089e00000, 0x0000000089f00000, 0x0000000089f00000|100%| O|  |TAMS 0x0000000089f00000, 0x0000000089f00000| Untracked 
| 159|0x0000000089f00000, 0x000000008a000000, 0x000000008a000000|100%| O|  |TAMS 0x000000008a000000, 0x000000008a000000| Untracked 
| 160|0x000000008a000000, 0x000000008a100000, 0x000000008a100000|100%| O|  |TAMS 0x000000008a100000, 0x000000008a100000| Untracked 
| 161|0x000000008a100000, 0x000000008a200000, 0x000000008a200000|100%| O|  |TAMS 0x000000008a200000, 0x000000008a200000| Untracked 
| 162|0x000000008a200000, 0x000000008a300000, 0x000000008a300000|100%| O|  |TAMS 0x000000008a300000, 0x000000008a300000| Untracked 
| 163|0x000000008a300000, 0x000000008a400000, 0x000000008a400000|100%| O|  |TAMS 0x000000008a400000, 0x000000008a400000| Untracked 
| 164|0x000000008a400000, 0x000000008a500000, 0x000000008a500000|100%| O|  |TAMS 0x000000008a500000, 0x000000008a500000| Untracked 
| 165|0x000000008a500000, 0x000000008a600000, 0x000000008a600000|100%| O|  |TAMS 0x000000008a600000, 0x000000008a600000| Untracked 
| 166|0x000000008a600000, 0x000000008a700000, 0x000000008a700000|100%| O|  |TAMS 0x000000008a700000, 0x000000008a700000| Untracked 
| 167|0x000000008a700000, 0x000000008a800000, 0x000000008a800000|100%| O|  |TAMS 0x000000008a700000, 0x000000008a800000| Untracked 
| 168|0x000000008a800000, 0x000000008a900000, 0x000000008a900000|100%| O|  |TAMS 0x000000008a800000, 0x000000008a900000| Untracked 
| 169|0x000000008a900000, 0x000000008aa00000, 0x000000008aa00000|100%| O|  |TAMS 0x000000008a900000, 0x000000008aa00000| Untracked 
| 170|0x000000008aa00000, 0x000000008ab00000, 0x000000008ab00000|100%| O|  |TAMS 0x000000008aa00000, 0x000000008ab00000| Untracked 
| 171|0x000000008ab00000, 0x000000008ac00000, 0x000000008ac00000|100%| O|  |TAMS 0x000000008ab00000, 0x000000008ac00000| Untracked 
| 172|0x000000008ac00000, 0x000000008ad00000, 0x000000008ad00000|100%| O|  |TAMS 0x000000008ac00000, 0x000000008ad00000| Untracked 
| 173|0x000000008ad00000, 0x000000008ae00000, 0x000000008ae00000|100%| O|  |TAMS 0x000000008ad00000, 0x000000008ae00000| Untracked 
| 174|0x000000008ae00000, 0x000000008af00000, 0x000000008af00000|100%| O|  |TAMS 0x000000008ae00000, 0x000000008af00000| Untracked 
| 175|0x000000008af00000, 0x000000008b000000, 0x000000008b000000|100%| O|  |TAMS 0x000000008af00000, 0x000000008b000000| Untracked 
| 176|0x000000008b000000, 0x000000008b100000, 0x000000008b100000|100%| O|  |TAMS 0x000000008b000000, 0x000000008b100000| Untracked 
| 177|0x000000008b100000, 0x000000008b200000, 0x000000008b200000|100%| O|  |TAMS 0x000000008b100000, 0x000000008b200000| Untracked 
| 178|0x000000008b200000, 0x000000008b300000, 0x000000008b300000|100%| O|  |TAMS 0x000000008b200000, 0x000000008b300000| Untracked 
| 179|0x000000008b300000, 0x000000008b400000, 0x000000008b400000|100%| O|  |TAMS 0x000000008b300000, 0x000000008b400000| Untracked 
| 180|0x000000008b400000, 0x000000008b500000, 0x000000008b500000|100%| O|  |TAMS 0x000000008b400000, 0x000000008b500000| Untracked 
| 181|0x000000008b500000, 0x000000008b600000, 0x000000008b600000|100%| O|  |TAMS 0x000000008b500000, 0x000000008b600000| Untracked 
| 182|0x000000008b600000, 0x000000008b700000, 0x000000008b700000|100%| O|  |TAMS 0x000000008b600000, 0x000000008b700000| Untracked 
| 183|0x000000008b700000, 0x000000008b800000, 0x000000008b800000|100%| O|  |TAMS 0x000000008b700000, 0x000000008b800000| Untracked 
| 184|0x000000008b800000, 0x000000008b900000, 0x000000008b900000|100%| O|  |TAMS 0x000000008b800000, 0x000000008b900000| Untracked 
| 185|0x000000008b900000, 0x000000008ba00000, 0x000000008ba00000|100%| O|  |TAMS 0x000000008b900000, 0x000000008ba00000| Untracked 
| 186|0x000000008ba00000, 0x000000008bb00000, 0x000000008bb00000|100%| O|  |TAMS 0x000000008ba00000, 0x000000008bb00000| Untracked 
| 187|0x000000008bb00000, 0x000000008bc00000, 0x000000008bc00000|100%| O|  |TAMS 0x000000008bb00000, 0x000000008bc00000| Untracked 
| 188|0x000000008bc00000, 0x000000008bd00000, 0x000000008bd00000|100%| O|  |TAMS 0x000000008bc00000, 0x000000008bd00000| Untracked 
| 189|0x000000008bd00000, 0x000000008be00000, 0x000000008be00000|100%| O|  |TAMS 0x000000008bd00000, 0x000000008be00000| Untracked 
| 190|0x000000008be00000, 0x000000008bf00000, 0x000000008bf00000|100%| O|  |TAMS 0x000000008be00000, 0x000000008bf00000| Untracked 
| 191|0x000000008bf00000, 0x000000008c000000, 0x000000008c000000|100%| O|  |TAMS 0x000000008bf00000, 0x000000008c000000| Untracked 
| 192|0x000000008c000000, 0x000000008c100000, 0x000000008c100000|100%| O|  |TAMS 0x000000008c000000, 0x000000008c100000| Untracked 
| 193|0x000000008c100000, 0x000000008c200000, 0x000000008c200000|100%| O|  |TAMS 0x000000008c100000, 0x000000008c200000| Untracked 
| 194|0x000000008c200000, 0x000000008c300000, 0x000000008c300000|100%| O|  |TAMS 0x000000008c200000, 0x000000008c300000| Untracked 
| 195|0x000000008c300000, 0x000000008c400000, 0x000000008c400000|100%| O|  |TAMS 0x000000008c300000, 0x000000008c400000| Untracked 
| 196|0x000000008c400000, 0x000000008c500000, 0x000000008c500000|100%| O|  |TAMS 0x000000008c400000, 0x000000008c500000| Untracked 
| 197|0x000000008c500000, 0x000000008c600000, 0x000000008c600000|100%| O|  |TAMS 0x000000008c500000, 0x000000008c600000| Untracked 
| 198|0x000000008c600000, 0x000000008c67c400, 0x000000008c700000| 48%| O|  |TAMS 0x000000008c600000, 0x000000008c67c400| Untracked 
| 199|0x000000008c700000, 0x000000008c700000, 0x000000008c800000|  0%| F|  |TAMS 0x000000008c700000, 0x000000008c700000| Untracked 
| 200|0x000000008c800000, 0x000000008c800000, 0x000000008c900000|  0%| F|  |TAMS 0x000000008c800000, 0x000000008c800000| Untracked 
| 201|0x000000008c900000, 0x000000008c900000, 0x000000008ca00000|  0%| F|  |TAMS 0x000000008c900000, 0x000000008c900000| Untracked 
| 202|0x000000008ca00000, 0x000000008ca00000, 0x000000008cb00000|  0%| F|  |TAMS 0x000000008ca00000, 0x000000008ca00000| Untracked 
| 203|0x000000008cb00000, 0x000000008cb00000, 0x000000008cc00000|  0%| F|  |TAMS 0x000000008cb00000, 0x000000008cb00000| Untracked 
| 204|0x000000008cc00000, 0x000000008cc00000, 0x000000008cd00000|  0%| F|  |TAMS 0x000000008cc00000, 0x000000008cc00000| Untracked 
| 205|0x000000008cd00000, 0x000000008cd00000, 0x000000008ce00000|  0%| F|  |TAMS 0x000000008cd00000, 0x000000008cd00000| Untracked 
| 206|0x000000008ce00000, 0x000000008ce00000, 0x000000008cf00000|  0%| F|  |TAMS 0x000000008ce00000, 0x000000008ce00000| Untracked 
| 207|0x000000008cf00000, 0x000000008cf00000, 0x000000008d000000|  0%| F|  |TAMS 0x000000008cf00000, 0x000000008cf00000| Untracked 
| 208|0x000000008d000000, 0x000000008d000000, 0x000000008d100000|  0%| F|  |TAMS 0x000000008d000000, 0x000000008d000000| Untracked 
| 209|0x000000008d100000, 0x000000008d100000, 0x000000008d200000|  0%| F|  |TAMS 0x000000008d100000, 0x000000008d100000| Untracked 
| 210|0x000000008d200000, 0x000000008d200000, 0x000000008d300000|  0%| F|  |TAMS 0x000000008d200000, 0x000000008d200000| Untracked 
| 211|0x000000008d300000, 0x000000008d300000, 0x000000008d400000|  0%| F|  |TAMS 0x000000008d300000, 0x000000008d300000| Untracked 
| 212|0x000000008d400000, 0x000000008d400000, 0x000000008d500000|  0%| F|  |TAMS 0x000000008d400000, 0x000000008d400000| Untracked 
| 213|0x000000008d500000, 0x000000008d500000, 0x000000008d600000|  0%| F|  |TAMS 0x000000008d500000, 0x000000008d500000| Untracked 
| 214|0x000000008d600000, 0x000000008d600000, 0x000000008d700000|  0%| F|  |TAMS 0x000000008d600000, 0x000000008d600000| Untracked 
| 215|0x000000008d700000, 0x000000008d700000, 0x000000008d800000|  0%| F|  |TAMS 0x000000008d700000, 0x000000008d700000| Untracked 
| 216|0x000000008d800000, 0x000000008d800000, 0x000000008d900000|  0%| F|  |TAMS 0x000000008d800000, 0x000000008d800000| Untracked 
| 217|0x000000008d900000, 0x000000008d900000, 0x000000008da00000|  0%| F|  |TAMS 0x000000008d900000, 0x000000008d900000| Untracked 
| 218|0x000000008da00000, 0x000000008da00000, 0x000000008db00000|  0%| F|  |TAMS 0x000000008da00000, 0x000000008da00000| Untracked 
| 219|0x000000008db00000, 0x000000008db00000, 0x000000008dc00000|  0%| F|  |TAMS 0x000000008db00000, 0x000000008db00000| Untracked 
| 220|0x000000008dc00000, 0x000000008dc00000, 0x000000008dd00000|  0%| F|  |TAMS 0x000000008dc00000, 0x000000008dc00000| Untracked 
| 221|0x000000008dd00000, 0x000000008dd00000, 0x000000008de00000|  0%| F|  |TAMS 0x000000008dd00000, 0x000000008dd00000| Untracked 
| 222|0x000000008de00000, 0x000000008de00000, 0x000000008df00000|  0%| F|  |TAMS 0x000000008de00000, 0x000000008de00000| Untracked 
| 223|0x000000008df00000, 0x000000008df00000, 0x000000008e000000|  0%| F|  |TAMS 0x000000008df00000, 0x000000008df00000| Untracked 
| 224|0x000000008e000000, 0x000000008e000000, 0x000000008e100000|  0%| F|  |TAMS 0x000000008e000000, 0x000000008e000000| Untracked 
| 225|0x000000008e100000, 0x000000008e100000, 0x000000008e200000|  0%| F|  |TAMS 0x000000008e100000, 0x000000008e100000| Untracked 
| 226|0x000000008e200000, 0x000000008e200000, 0x000000008e300000|  0%| F|  |TAMS 0x000000008e200000, 0x000000008e200000| Untracked 
| 227|0x000000008e300000, 0x000000008e300000, 0x000000008e400000|  0%| F|  |TAMS 0x000000008e300000, 0x000000008e300000| Untracked 
| 228|0x000000008e400000, 0x000000008e400000, 0x000000008e500000|  0%| F|  |TAMS 0x000000008e400000, 0x000000008e400000| Untracked 
| 229|0x000000008e500000, 0x000000008e500000, 0x000000008e600000|  0%| F|  |TAMS 0x000000008e500000, 0x000000008e500000| Untracked 
| 230|0x000000008e600000, 0x000000008e600000, 0x000000008e700000|  0%| F|  |TAMS 0x000000008e600000, 0x000000008e600000| Untracked 
| 231|0x000000008e700000, 0x000000008e700000, 0x000000008e800000|  0%| F|  |TAMS 0x000000008e700000, 0x000000008e700000| Untracked 
| 232|0x000000008e800000, 0x000000008e800000, 0x000000008e900000|  0%| F|  |TAMS 0x000000008e800000, 0x000000008e800000| Untracked 
| 233|0x000000008e900000, 0x000000008e900000, 0x000000008ea00000|  0%| F|  |TAMS 0x000000008e900000, 0x000000008e900000| Untracked 
| 234|0x000000008ea00000, 0x000000008ea00000, 0x000000008eb00000|  0%| F|  |TAMS 0x000000008ea00000, 0x000000008ea00000| Untracked 
| 235|0x000000008eb00000, 0x000000008eb00000, 0x000000008ec00000|  0%| F|  |TAMS 0x000000008eb00000, 0x000000008eb00000| Untracked 
| 236|0x000000008ec00000, 0x000000008ec00000, 0x000000008ed00000|  0%| F|  |TAMS 0x000000008ec00000, 0x000000008ec00000| Untracked 
| 237|0x000000008ed00000, 0x000000008ed00000, 0x000000008ee00000|  0%| F|  |TAMS 0x000000008ed00000, 0x000000008ed00000| Untracked 
| 238|0x000000008ee00000, 0x000000008ef00000, 0x000000008ef00000|100%| S|CS|TAMS 0x000000008ee00000, 0x000000008ee00000| Complete 
| 239|0x000000008ef00000, 0x000000008f000000, 0x000000008f000000|100%| S|CS|TAMS 0x000000008ef00000, 0x000000008ef00000| Complete 
| 240|0x000000008f000000, 0x000000008f100000, 0x000000008f100000|100%| S|CS|TAMS 0x000000008f000000, 0x000000008f000000| Complete 
| 241|0x000000008f100000, 0x000000008f100000, 0x000000008f200000|  0%| F|  |TAMS 0x000000008f100000, 0x000000008f100000| Untracked 
| 242|0x000000008f200000, 0x000000008f200000, 0x000000008f300000|  0%| F|  |TAMS 0x000000008f200000, 0x000000008f200000| Untracked 
| 243|0x000000008f300000, 0x000000008f300000, 0x000000008f400000|  0%| F|  |TAMS 0x000000008f300000, 0x000000008f300000| Untracked 
| 244|0x000000008f400000, 0x000000008f400000, 0x000000008f500000|  0%| F|  |TAMS 0x000000008f400000, 0x000000008f400000| Untracked 
| 245|0x000000008f500000, 0x000000008f500000, 0x000000008f600000|  0%| F|  |TAMS 0x000000008f500000, 0x000000008f500000| Untracked 
| 246|0x000000008f600000, 0x000000008f600000, 0x000000008f700000|  0%| F|  |TAMS 0x000000008f600000, 0x000000008f600000| Untracked 
| 247|0x000000008f700000, 0x000000008f700000, 0x000000008f800000|  0%| F|  |TAMS 0x000000008f700000, 0x000000008f700000| Untracked 
| 248|0x000000008f800000, 0x000000008f800000, 0x000000008f900000|  0%| F|  |TAMS 0x000000008f800000, 0x000000008f800000| Untracked 
| 249|0x000000008f900000, 0x000000008f900000, 0x000000008fa00000|  0%| F|  |TAMS 0x000000008f900000, 0x000000008f900000| Untracked 
| 250|0x000000008fa00000, 0x000000008fa00000, 0x000000008fb00000|  0%| F|  |TAMS 0x000000008fa00000, 0x000000008fa00000| Untracked 
| 251|0x000000008fb00000, 0x000000008fb00000, 0x000000008fc00000|  0%| F|  |TAMS 0x000000008fb00000, 0x000000008fb00000| Untracked 
| 252|0x000000008fc00000, 0x000000008fc00000, 0x000000008fd00000|  0%| F|  |TAMS 0x000000008fc00000, 0x000000008fc00000| Untracked 
| 253|0x000000008fd00000, 0x000000008fd00000, 0x000000008fe00000|  0%| F|  |TAMS 0x000000008fd00000, 0x000000008fd00000| Untracked 
| 254|0x000000008fe00000, 0x000000008fe00000, 0x000000008ff00000|  0%| F|  |TAMS 0x000000008fe00000, 0x000000008fe00000| Untracked 
| 255|0x000000008ff00000, 0x000000008ff00000, 0x0000000090000000|  0%| F|  |TAMS 0x000000008ff00000, 0x000000008ff00000| Untracked 
| 256|0x0000000090000000, 0x0000000090000000, 0x0000000090100000|  0%| F|  |TAMS 0x0000000090000000, 0x0000000090000000| Untracked 
| 257|0x0000000090100000, 0x0000000090100000, 0x0000000090200000|  0%| F|  |TAMS 0x0000000090100000, 0x0000000090100000| Untracked 

Card table byte_map: [0x0000025176430000,0x0000025176830000] _byte_map_base: 0x0000025176030000

Marking Bits (Prev, Next): (CMBitMap*) 0x0000025162f5dcf0, (CMBitMap*) 0x0000025162f5dcb8
 Prev Bits: [0x0000025178c30000, 0x000002517ac30000)
 Next Bits: [0x0000025176c30000, 0x0000025178c30000)

Polling page: 0x0000025161660000

Metaspace:

Usage:
  Non-class:     84.91 MB capacity,    83.54 MB ( 98%) used,     1.10 MB (  1%) free+waste,   276.94 KB ( <1%) overhead. 
      Class:     13.35 MB capacity,    12.54 MB ( 94%) used,   711.94 KB (  5%) free+waste,   122.50 KB ( <1%) overhead. 
       Both:     98.26 MB capacity,    96.08 MB ( 98%) used,     1.80 MB (  2%) free+waste,   399.44 KB ( <1%) overhead. 

Virtual space:
  Non-class space:       86.00 MB reserved,      84.97 MB ( 99%) committed 
      Class space:        1.00 GB reserved,      13.38 MB (  1%) committed 
             Both:        1.08 GB reserved,      98.35 MB (  9%) committed 

Chunk freelists:
   Non-Class:  63.00 KB
       Class:  0 bytes
        Both:  63.00 KB

MaxMetaspaceSize: 17179869184.00 GB
CompressedClassSpaceSize: 1.00 GB

CodeHeap 'non-profiled nmethods': size=120064Kb used=5278Kb max_used=5278Kb free=114785Kb
 bounds [0x000002516e4d0000, 0x000002516ea00000, 0x0000025175a10000]
CodeHeap 'profiled nmethods': size=120000Kb used=24899Kb max_used=24899Kb free=95100Kb
 bounds [0x0000025166fa0000, 0x0000025168800000, 0x000002516e4d0000]
CodeHeap 'non-nmethods': size=5696Kb used=2322Kb max_used=2367Kb free=3373Kb
 bounds [0x0000025166a10000, 0x0000025166c80000, 0x0000025166fa0000]
 total_blobs=12874 nmethods=11959 adapters=824
 compilation: enabled
              stopped_count=0, restarted_count=0
 full_count=0

Compilation events (20 events):
Event: 18.871 Thread 0x000002517d256000 12145       2       com.android.tools.r8.internal.ir::b (13 bytes)
Event: 18.871 Thread 0x000002517d256000 nmethod 12145 0x00000251687eb690 code [0x00000251687eb860, 0x00000251687ebb48]
Event: 18.871 Thread 0x000002517d256000 12146       2       com.android.tools.r8.internal.ir$$Lambda$1188/0x0000000100d5a040::get$Lambda (9 bytes)
Event: 18.872 Thread 0x000002517d256000 nmethod 12146 0x00000251687ebc90 code [0x00000251687ebe40, 0x00000251687ebfb8]
Event: 18.872 Thread 0x000002517d256000 12147       2       com.android.tools.r8.internal.ir$$Lambda$1188/0x0000000100d5a040::<init> (10 bytes)
Event: 18.872 Thread 0x000002517d256000 nmethod 12147 0x00000251687ec090 code [0x00000251687ec240, 0x00000251687ec378]
Event: 18.872 Thread 0x000002517d256000 12130       2       com.android.tools.r8.internal.hr::c (18 bytes)
Event: 18.872 Thread 0x000002517d256000 nmethod 12130 0x00000251687ec410 code [0x00000251687ec5e0, 0x00000251687ec718]
Event: 18.872 Thread 0x000002517d256000 12138       2       com.android.tools.r8.internal.S8$$Lambda$1185/0x0000000100d59440::<init> (20 bytes)
Event: 18.872 Thread 0x000002517d256000 nmethod 12138 0x00000251687ec810 code [0x00000251687ec9c0, 0x00000251687ecbd8]
Event: 18.891 Thread 0x000002517d256000 12149       2       com.android.tools.r8.graph.Z::h1 (16 bytes)
Event: 18.891 Thread 0x000002517d256000 nmethod 12149 0x00000251687ecc90 code [0x00000251687ece40, 0x00000251687ecf58]
Event: 18.891 Thread 0x000002517d256000 12150       2       com.android.tools.r8.graph.Z::i1 (16 bytes)
Event: 18.892 Thread 0x000002517d256000 nmethod 12150 0x00000251687ed010 code [0x00000251687ed1c0, 0x00000251687ed2d8]
Event: 18.913 Thread 0x000002517d256000 12151       2       com.android.tools.r8.internal.Fq::a (123 bytes)
Event: 18.914 Thread 0x000002517d256000 nmethod 12151 0x00000251687ed390 code [0x00000251687ed600, 0x00000251687edba8]
Event: 18.942 Thread 0x000002517d256000 12153 %s    3       com.android.tools.r8.graph.T::f @ 23 (60 bytes)
Event: 18.943 Thread 0x000002517d256000 nmethod 12153% 0x00000251687edf90 code [0x00000251687ee240, 0x00000251687ef2a8]
Event: 18.943 Thread 0x000002517d256000 12154  s    3       com.android.tools.r8.graph.T::f (60 bytes)
Event: 18.944 Thread 0x000002517d256000 nmethod 12154 0x00000251687ef790 code [0x00000251687efa40, 0x00000251687f0a08]

GC Heap History (20 events):
Event: 13.595 GC heap after
{Heap after GC invocations=22 (full 0):
 garbage-first heap   total 220160K, used 79268K [0x0000000080000000, 0x0000000100000000)
  region size 1024K, 12 young (12288K), 12 survivors (12288K)
 Metaspace       used 83910K, capacity 85998K, committed 86244K, reserved 1124352K
  class space    used 10880K, capacity 11664K, committed 11776K, reserved 1048576K
}
Event: 14.667 GC heap before
{Heap before GC invocations=22 (full 0):
 garbage-first heap   total 220160K, used 167332K [0x0000000080000000, 0x0000000100000000)
  region size 1024K, 99 young (101376K), 12 survivors (12288K)
 Metaspace       used 87964K, capacity 90087K, committed 90212K, reserved 1128448K
  class space    used 11342K, capacity 12112K, committed 12160K, reserved 1048576K
}
Event: 14.687 GC heap after
{Heap after GC invocations=23 (full 0):
 garbage-first heap   total 220160K, used 83865K [0x0000000080000000, 0x0000000100000000)
  region size 1024K, 6 young (6144K), 6 survivors (6144K)
 Metaspace       used 87964K, capacity 90087K, committed 90212K, reserved 1128448K
  class space    used 11342K, capacity 12112K, committed 12160K, reserved 1048576K
}
Event: 15.470 GC heap before
{Heap before GC invocations=23 (full 0):
 garbage-first heap   total 220160K, used 170905K [0x0000000080000000, 0x0000000100000000)
  region size 1024K, 92 young (94208K), 6 survivors (6144K)
 Metaspace       used 90438K, capacity 92493K, committed 92516K, reserved 1130496K
  class space    used 11624K, capacity 12410K, committed 12416K, reserved 1048576K
}
Event: 15.481 GC heap after
{Heap after GC invocations=24 (full 0):
 garbage-first heap   total 220160K, used 87882K [0x0000000080000000, 0x0000000100000000)
  region size 1024K, 10 young (10240K), 10 survivors (10240K)
 Metaspace       used 90438K, capacity 92493K, committed 92516K, reserved 1130496K
  class space    used 11624K, capacity 12410K, committed 12416K, reserved 1048576K
}
Event: 16.261 GC heap before
{Heap before GC invocations=24 (full 0):
 garbage-first heap   total 220160K, used 185162K [0x0000000080000000, 0x0000000100000000)
  region size 1024K, 95 young (97280K), 10 survivors (10240K)
 Metaspace       used 92890K, capacity 95086K, committed 95204K, reserved 1132544K
  class space    used 11949K, capacity 12727K, committed 12800K, reserved 1048576K
}
Event: 16.275 GC heap after
{Heap after GC invocations=25 (full 0):
 garbage-first heap   total 220160K, used 107140K [0x0000000080000000, 0x0000000100000000)
  region size 1024K, 11 young (11264K), 11 survivors (11264K)
 Metaspace       used 92890K, capacity 95086K, committed 95204K, reserved 1132544K
  class space    used 11949K, capacity 12727K, committed 12800K, reserved 1048576K
}
Event: 16.348 GC heap before
{Heap before GC invocations=25 (full 0):
 garbage-first heap   total 220160K, used 120452K [0x0000000080000000, 0x0000000100000000)
  region size 1024K, 23 young (23552K), 11 survivors (11264K)
 Metaspace       used 93551K, capacity 95711K, committed 95844K, reserved 1132544K
  class space    used 12052K, capacity 12847K, committed 12928K, reserved 1048576K
}
Event: 16.355 GC heap after
{Heap after GC invocations=26 (full 0):
 garbage-first heap   total 220160K, used 110449K [0x0000000080000000, 0x0000000100000000)
  region size 1024K, 2 young (2048K), 2 survivors (2048K)
 Metaspace       used 93551K, capacity 95711K, committed 95844K, reserved 1132544K
  class space    used 12052K, capacity 12847K, committed 12928K, reserved 1048576K
}
Event: 16.672 GC heap before
{Heap before GC invocations=27 (full 0):
 garbage-first heap   total 220160K, used 177009K [0x0000000080000000, 0x0000000100000000)
  region size 1024K, 49 young (50176K), 2 survivors (2048K)
 Metaspace       used 94141K, capacity 96274K, committed 96740K, reserved 1132544K
  class space    used 12084K, capacity 12873K, committed 13056K, reserved 1048576K
}
Event: 16.712 GC heap after
{Heap after GC invocations=28 (full 0):
 garbage-first heap   total 220160K, used 137216K [0x0000000080000000, 0x0000000100000000)
  region size 1024K, 9 young (9216K), 9 survivors (9216K)
 Metaspace       used 94141K, capacity 96274K, committed 96740K, reserved 1132544K
  class space    used 12084K, capacity 12873K, committed 13056K, reserved 1048576K
}
Event: 17.383 GC heap before
{Heap before GC invocations=29 (full 0):
 garbage-first heap   total 220160K, used 179200K [0x0000000080000000, 0x0000000100000000)
  region size 1024K, 48 young (49152K), 9 survivors (9216K)
 Metaspace       used 96421K, capacity 98542K, committed 98916K, reserved 1134592K
  class space    used 12562K, capacity 13351K, committed 13440K, reserved 1048576K
}
Event: 17.419 GC heap after
{Heap after GC invocations=30 (full 0):
 garbage-first heap   total 264192K, used 154432K [0x0000000080000000, 0x0000000100000000)
  region size 1024K, 6 young (6144K), 6 survivors (6144K)
 Metaspace       used 96421K, capacity 98542K, committed 98916K, reserved 1134592K
  class space    used 12562K, capacity 13351K, committed 13440K, reserved 1048576K
}
Event: 17.830 GC heap before
{Heap before GC invocations=30 (full 0):
 garbage-first heap   total 264192K, used 200512K [0x0000000080000000, 0x0000000100000000)
  region size 1024K, 52 young (53248K), 6 survivors (6144K)
 Metaspace       used 96466K, capacity 98611K, committed 98916K, reserved 1134592K
  class space    used 12562K, capacity 13351K, committed 13440K, reserved 1048576K
}
Event: 17.911 GC heap after
{Heap after GC invocations=31 (full 0):
 garbage-first heap   total 264192K, used 178176K [0x0000000080000000, 0x0000000100000000)
  region size 1024K, 7 young (7168K), 7 survivors (7168K)
 Metaspace       used 96466K, capacity 98611K, committed 98916K, reserved 1134592K
  class space    used 12562K, capacity 13351K, committed 13440K, reserved 1048576K
}
Event: 18.335 GC heap before
{Heap before GC invocations=31 (full 0):
 garbage-first heap   total 264192K, used 209920K [0x0000000080000000, 0x0000000100000000)
  region size 1024K, 38 young (38912K), 7 survivors (7168K)
 Metaspace       used 96490K, capacity 98611K, committed 98916K, reserved 1134592K
  class space    used 12562K, capacity 13351K, committed 13440K, reserved 1048576K
}
Event: 18.369 GC heap after
{Heap after GC invocations=32 (full 0):
 garbage-first heap   total 264192K, used 194560K [0x0000000080000000, 0x0000000100000000)
  region size 1024K, 5 young (5120K), 5 survivors (5120K)
 Metaspace       used 96490K, capacity 98611K, committed 98916K, reserved 1134592K
  class space    used 12562K, capacity 13351K, committed 13440K, reserved 1048576K
}
Event: 18.798 GC heap before
{Heap before GC invocations=33 (full 0):
 garbage-first heap   total 264192K, used 216064K [0x0000000080000000, 0x0000000100000000)
  region size 1024K, 26 young (26624K), 5 survivors (5120K)
 Metaspace       used 98273K, capacity 100519K, committed 100708K, reserved 1136640K
  class space    used 12826K, capacity 13663K, committed 13696K, reserved 1048576K
}
Event: 18.812 GC heap after
{Heap after GC invocations=34 (full 0):
 garbage-first heap   total 264192K, used 202240K [0x0000000080000000, 0x0000000100000000)
  region size 1024K, 4 young (4096K), 4 survivors (4096K)
 Metaspace       used 98273K, capacity 100519K, committed 100708K, reserved 1136640K
  class space    used 12826K, capacity 13663K, committed 13696K, reserved 1048576K
}
Event: 18.947 GC heap before
{Heap before GC invocations=34 (full 0):
 garbage-first heap   total 264192K, used 218624K [0x0000000080000000, 0x0000000100000000)
  region size 1024K, 21 young (21504K), 4 survivors (4096K)
 Metaspace       used 98383K, capacity 100623K, committed 100708K, reserved 1136640K
  class space    used 12839K, capacity 13674K, committed 13696K, reserved 1048576K
}

Deoptimization events (20 events):
Event: 18.453 Thread 0x0000025104654800 DEOPT PACKING pc=0x0000025168625ed5 sp=0x0000009d6a3febb0
Event: 18.454 Thread 0x0000025104654800 DEOPT UNPACKING pc=0x0000025166a38ede sp=0x0000009d6a3fe1d8 mode 0
Event: 18.470 Thread 0x0000025104654800 DEOPT PACKING pc=0x0000025168625ed5 sp=0x0000009d6a3febb0
Event: 18.470 Thread 0x0000025104654800 DEOPT UNPACKING pc=0x0000025166a38ede sp=0x0000009d6a3fe1d8 mode 0
Event: 18.479 Thread 0x000002510464a800 DEOPT PACKING pc=0x000002516813e676 sp=0x0000009d69afd570
Event: 18.479 Thread 0x000002510464a800 DEOPT UNPACKING pc=0x0000025166a38ede sp=0x0000009d69afca90 mode 0
Event: 18.480 Thread 0x000002510464a800 DEOPT PACKING pc=0x000002516813e655 sp=0x0000009d69afd560
Event: 18.480 Thread 0x000002510464a800 DEOPT UNPACKING pc=0x0000025166a38ede sp=0x0000009d69afca80 mode 0
Event: 18.482 Thread 0x000002510464a800 DEOPT PACKING pc=0x000002516813e655 sp=0x0000009d69afd4e0
Event: 18.482 Thread 0x000002510464a800 DEOPT UNPACKING pc=0x0000025166a38ede sp=0x0000009d69afca00 mode 0
Event: 18.483 Thread 0x000002510464a800 DEOPT PACKING pc=0x000002516813e676 sp=0x0000009d69afd4e0
Event: 18.483 Thread 0x000002510464a800 DEOPT UNPACKING pc=0x0000025166a38ede sp=0x0000009d69afca00 mode 0
Event: 18.501 Thread 0x000002510464a800 DEOPT PACKING pc=0x000002516813e676 sp=0x0000009d69afb480
Event: 18.501 Thread 0x000002510464a800 DEOPT UNPACKING pc=0x0000025166a38ede sp=0x0000009d69afa9a0 mode 0
Event: 18.533 Thread 0x000002510464a800 DEOPT PACKING pc=0x000002516813e655 sp=0x0000009d69afb3a0
Event: 18.534 Thread 0x000002510464a800 DEOPT UNPACKING pc=0x0000025166a38ede sp=0x0000009d69afa8c0 mode 0
Event: 18.733 Thread 0x0000025104653000 DEOPT PACKING pc=0x000002516879f6bb sp=0x0000009d6a0fe9d0
Event: 18.733 Thread 0x0000025104653000 DEOPT UNPACKING pc=0x0000025166a38ede sp=0x0000009d6a0fde88 mode 0
Event: 18.818 Thread 0x0000025104653000 DEOPT PACKING pc=0x000002516872ca10 sp=0x0000009d6a0fe790
Event: 18.818 Thread 0x0000025104653000 DEOPT UNPACKING pc=0x0000025166a38ede sp=0x0000009d6a0fdcc8 mode 0

Classes redefined (0 events):
No events

Internal exceptions (20 events):
Event: 16.382 Thread 0x0000025101bf2000 Exception <a 'java/lang/NoSuchMethodError'{0x000000008cdb19e0}: <clinit>> (0x000000008cdb19e0) thrown at [./src/hotspot/share/prims/jni.cpp, line 1362]
Event: 16.388 Thread 0x0000025101bf2000 Exception <a 'java/lang/NoSuchMethodError'{0x000000008cc07110}: <clinit>> (0x000000008cc07110) thrown at [./src/hotspot/share/prims/jni.cpp, line 1362]
Event: 16.393 Thread 0x0000025101bf2000 Exception <a 'java/lang/NoSuchMethodError'{0x000000008cc77a48}: <clinit>> (0x000000008cc77a48) thrown at [./src/hotspot/share/prims/jni.cpp, line 1362]
Event: 16.543 Thread 0x000002510464b800 Exception <a 'java/lang/NoSuchMethodError'{0x000000008bbb1bc8}: 'void java.lang.invoke.DirectMethodHandle$Holder.invokeStatic(java.lang.Object, long)'> (0x000000008bbb1bc8) thrown at [./src/hotspot/share/interpreter/linkResolver.cpp, line 773]
Event: 16.543 Thread 0x000002510464b800 Exception <a 'java/lang/NoSuchMethodError'{0x000000008bbb6de0}: 'java.lang.Object java.lang.invoke.DirectMethodHandle$Holder.invokeStatic(java.lang.Object, long)'> (0x000000008bbb6de0) thrown at [./src/hotspot/share/interpreter/linkResolver.cpp, line 773]
Event: 16.548 Thread 0x000002510464b800 Exception <a 'java/lang/NoSuchMethodError'{0x000000008b7f1298}: 'java.lang.Object java.lang.invoke.DirectMethodHandle$Holder.invokeStaticInit(java.lang.Object, java.lang.Object, long, java.lang.Object)'> (0x000000008b7f1298) thrown at [./src/hotspot/share/interpreter/linkResolver.cpp, line 773]
Event: 16.549 Thread 0x000002510464b800 Exception <a 'java/lang/NoSuchMethodError'{0x000000008b7f7430}: 'java.lang.Object java.lang.invoke.DirectMethodHandle$Holder.invokeStatic(java.lang.Object, java.lang.Object, long)'> (0x000000008b7f7430) thrown at [./src/hotspot/share/interpreter/linkResolver.cpp, line 773]
Event: 16.549 Thread 0x000002510464b800 Exception <a 'java/lang/NoSuchMethodError'{0x000000008b7fdc10}: 'java.lang.Object java.lang.invoke.Invokers$Holder.linkToTargetMethod(java.lang.Object, long, java.lang.Object)'> (0x000000008b7fdc10) thrown at [./src/hotspot/share/interpreter/linkResolver.cpp, line 773]
Event: 16.996 Thread 0x0000025104653000 Exception <a 'java/lang/NoSuchMethodError'{0x000000008c4e2238}: 'java.lang.Object java.lang.invoke.DirectMethodHandle$Holder.newInvokeSpecial(java.lang.Object, int)'> (0x000000008c4e2238) thrown at [./src/hotspot/share/interpreter/linkResolver.cpp, line 773]
Event: 16.998 Thread 0x0000025104652000 Exception <a 'java/lang/IncompatibleClassChangeError'{0x000000008c4f39b8}: Found class java.lang.Object, but interface was expected> (0x000000008c4f39b8) thrown at [./src/hotspot/share/interpreter/linkResolver.cpp, line 839]
Event: 17.003 Thread 0x0000025104652000 Exception <a 'java/lang/IncompatibleClassChangeError'{0x000000008c324620}: Found class java.lang.Object, but interface was expected> (0x000000008c324620) thrown at [./src/hotspot/share/interpreter/linkResolver.cpp, line 839]
Event: 17.004 Thread 0x0000025104652000 Exception <a 'java/lang/IncompatibleClassChangeError'{0x000000008c32bc98}: Found class java.lang.Object, but interface was expected> (0x000000008c32bc98) thrown at [./src/hotspot/share/interpreter/linkResolver.cpp, line 839]
Event: 17.262 Thread 0x000002510464b800 Exception <a 'java/lang/NoSuchMethodError'{0x000000008bb47b50}: 'int java.lang.invoke.DirectMethodHandle$Holder.invokeSpecialIFC(java.lang.Object, java.lang.Object, java.lang.Object)'> (0x000000008bb47b50) thrown at [./src/hotspot/share/interpreter/linkResolver.cpp, line 773]
Event: 18.538 Thread 0x000002510464a800 Exception <a 'java/lang/NoSuchMethodError'{0x000000008f6597a0}: 'int java.lang.invoke.DirectMethodHandle$Holder.invokeVirtual(java.lang.Object, java.lang.Object, java.lang.Object, java.lang.Object)'> (0x000000008f6597a0) thrown at [./src/hotspot/share/interpreter/linkResolver.cpp, line 773]
Event: 18.606 Thread 0x000002510464a800 Exception <a 'java/lang/NoSuchMethodError'{0x000000008f40f0f8}: 'void java.lang.invoke.DirectMethodHandle$Holder.invokeStatic(java.lang.Object, java.lang.Object, java.lang.Object, int)'> (0x000000008f40f0f8) thrown at [./src/hotspot/share/interpreter/linkResolver.cpp, line 773]
Event: 18.609 Thread 0x000002510464a800 Exception <a 'java/lang/IncompatibleClassChangeError'{0x000000008f416e88}: Found class java.lang.Object, but interface was expected> (0x000000008f416e88) thrown at [./src/hotspot/share/interpreter/linkResolver.cpp, line 839]
Event: 18.625 Thread 0x0000025104652000 Exception <a 'java/lang/NoSuchMethodError'{0x000000008f4c3790}: 'int java.lang.invoke.DirectMethodHandle$Holder.invokeVirtual(java.lang.Object, java.lang.Object, java.lang.Object)'> (0x000000008f4c3790) thrown at [./src/hotspot/share/interpreter/linkResolver.cpp, line 773]
Event: 18.625 Thread 0x0000025104654800 Exception <a 'java/lang/NoSuchMethodError'{0x000000008f8770c0}: 'int java.lang.invoke.DirectMethodHandle$Holder.invokeVirtual(java.lang.Object, java.lang.Object, java.lang.Object)'> (0x000000008f8770c0) thrown at [./src/hotspot/share/interpreter/linkResolver.cpp, line 773]
Event: 18.625 Thread 0x0000025104653000 Exception <a 'java/lang/NoSuchMethodError'{0x000000008f442e58}: 'int java.lang.invoke.DirectMethodHandle$Holder.invokeVirtual(java.lang.Object, java.lang.Object, java.lang.Object)'> (0x000000008f442e58) thrown at [./src/hotspot/share/interpreter/linkResolver.cpp, line 773]
Event: 18.625 Thread 0x0000025104651000 Exception <a 'java/lang/NoSuchMethodError'{0x000000008f4b36a0}: 'int java.lang.invoke.DirectMethodHandle$Holder.invokeVirtual(java.lang.Object, java.lang.Object, java.lang.Object)'> (0x000000008f4b36a0) thrown at [./src/hotspot/share/interpreter/linkResolver.cpp, line 773]

Events (20 events):
Event: 18.867 loading class com/android/tools/r8/internal/ir done
Event: 18.884 loading class com/android/tools/r8/internal/Py$a
Event: 18.884 loading class com/android/tools/r8/internal/Py$a done
Event: 18.884 loading class com/android/tools/r8/internal/Py
Event: 18.884 loading class com/android/tools/r8/internal/Py done
Event: 18.885 loading class com/android/tools/r8/graph/d0
Event: 18.885 loading class com/android/tools/r8/graph/d0 done
Event: 18.885 loading class com/android/tools/r8/internal/Po
Event: 18.885 loading class com/android/tools/r8/internal/Po done
Event: 18.887 loading class com/android/tools/r8/graph/d0
Event: 18.887 loading class com/android/tools/r8/graph/d0 done
Event: 18.888 loading class com/android/tools/r8/synthesis/b
Event: 18.888 loading class com/android/tools/r8/synthesis/b done
Event: 18.894 loading class com/android/tools/r8/internal/Fq
Event: 18.894 loading class com/android/tools/r8/internal/Fq done
Event: 18.897 loading class com/android/tools/r8/internal/Fq$a
Event: 18.897 loading class com/android/tools/r8/internal/Fq$a done
Event: 18.943 Executing VM operation: RevokeBias
Event: 18.944 Executing VM operation: RevokeBias done
Event: 18.947 Executing VM operation: G1CollectForAllocation


Dynamic libraries:
0x00007ff6bdda0000 - 0x00007ff6bddaa000 	C:\Program Files\Android\Android Studio\jre\bin\java.exe
0x00007ff83fa10000 - 0x00007ff83fc05000 	C:\WINDOWS\SYSTEM32\ntdll.dll
0x00007ff83f670000 - 0x00007ff83f72e000 	C:\WINDOWS\System32\KERNEL32.DLL
0x00007ff83d3e0000 - 0x00007ff83d6a9000 	C:\WINDOWS\System32\KERNELBASE.dll
0x00007ff83d240000 - 0x00007ff83d340000 	C:\WINDOWS\System32\ucrtbase.dll
0x00007ff810780000 - 0x00007ff810799000 	C:\Program Files\Android\Android Studio\jre\bin\jli.dll
0x00007ff8131d0000 - 0x00007ff8131e7000 	C:\Program Files\Android\Android Studio\jre\bin\VCRUNTIME140.dll
0x00007ff83da60000 - 0x00007ff83dc01000 	C:\WINDOWS\System32\USER32.dll
0x00007ff83da30000 - 0x00007ff83da52000 	C:\WINDOWS\System32\win32u.dll
0x00007ff83f9a0000 - 0x00007ff83f9cb000 	C:\WINDOWS\System32\GDI32.dll
0x00007ff83d6b0000 - 0x00007ff83d7bb000 	C:\WINDOWS\System32\gdi32full.dll
0x00007ff83d340000 - 0x00007ff83d3dd000 	C:\WINDOWS\System32\msvcp_win.dll
0x00007ff82db80000 - 0x00007ff82de1a000 	C:\WINDOWS\WinSxS\amd64_microsoft.windows.common-controls_6595b64144ccf1df_6.0.19041.1110_none_60b5254171f9507e\COMCTL32.dll
0x00007ff83e220000 - 0x00007ff83e2be000 	C:\WINDOWS\System32\msvcrt.dll
0x00007ff83f970000 - 0x00007ff83f9a0000 	C:\WINDOWS\System32\IMM32.DLL
0x00007ffff9ee0000 - 0x00007ffff9f7d000 	C:\Program Files\Android\Android Studio\jre\bin\msvcp140.dll
0x00007ffff6f90000 - 0x00007ffff7a5f000 	C:\Program Files\Android\Android Studio\jre\bin\server\jvm.dll
0x00007ff83e6e0000 - 0x00007ff83e78c000 	C:\WINDOWS\System32\ADVAPI32.dll
0x00007ff83e180000 - 0x00007ff83e21b000 	C:\WINDOWS\System32\sechost.dll
0x00007ff83f7e0000 - 0x00007ff83f90a000 	C:\WINDOWS\System32\RPCRT4.dll
0x00007ff83e170000 - 0x00007ff83e178000 	C:\WINDOWS\System32\PSAPI.DLL
0x00007ff834eb0000 - 0x00007ff834eb9000 	C:\WINDOWS\SYSTEM32\WSOCK32.dll
0x00007ff82a4c0000 - 0x00007ff82a4e7000 	C:\WINDOWS\SYSTEM32\WINMM.dll
0x00007ff8361c0000 - 0x00007ff8361ca000 	C:\WINDOWS\SYSTEM32\VERSION.dll
0x00007ff83f4a0000 - 0x00007ff83f50b000 	C:\WINDOWS\System32\WS2_32.dll
0x00007ff83b9b0000 - 0x00007ff83b9c2000 	C:\WINDOWS\SYSTEM32\kernel.appcore.dll
0x00007ff835470000 - 0x00007ff835481000 	C:\Program Files\Android\Android Studio\jre\bin\verify.dll
0x00007ff83af10000 - 0x00007ff83b0f4000 	C:\WINDOWS\SYSTEM32\DBGHELP.DLL
0x00007ff825b90000 - 0x00007ff825bbc000 	C:\WINDOWS\SYSTEM32\dbgcore.DLL
0x00007ff83d1b0000 - 0x00007ff83d233000 	C:\WINDOWS\System32\bcryptPrimitives.dll
0x00007ff826120000 - 0x00007ff826149000 	C:\Program Files\Android\Android Studio\jre\bin\java.dll
0x00007ff83a640000 - 0x00007ff83a64b000 	C:\Program Files\Android\Android Studio\jre\bin\jimage.dll
0x00007ff82d080000 - 0x00007ff82d098000 	C:\Program Files\Android\Android Studio\jre\bin\zip.dll
0x00007ff83e790000 - 0x00007ff83eecf000 	C:\WINDOWS\System32\SHELL32.dll
0x00007ff83b210000 - 0x00007ff83b9a0000 	C:\WINDOWS\SYSTEM32\windows.storage.dll
0x00007ff83dd30000 - 0x00007ff83e085000 	C:\WINDOWS\System32\combase.dll
0x00007ff83cab0000 - 0x00007ff83cadc000 	C:\WINDOWS\SYSTEM32\Wldp.dll
0x00007ff83f730000 - 0x00007ff83f7de000 	C:\WINDOWS\System32\SHCORE.dll
0x00007ff83e350000 - 0x00007ff83e3a5000 	C:\WINDOWS\System32\shlwapi.dll
0x00007ff83d070000 - 0x00007ff83d08f000 	C:\WINDOWS\SYSTEM32\profapi.dll
0x00007ff81f960000 - 0x00007ff81f97a000 	C:\Program Files\Android\Android Studio\jre\bin\net.dll
0x00007ff82bef0000 - 0x00007ff82bff8000 	C:\WINDOWS\SYSTEM32\WINHTTP.dll
0x00007ff83c810000 - 0x00007ff83c87a000 	C:\WINDOWS\system32\mswsock.dll
0x00007ff81e600000 - 0x00007ff81e614000 	C:\Program Files\Android\Android Studio\jre\bin\nio.dll
0x00007ff8131f0000 - 0x00007ff813217000 	C:\Users\Vlad\.gradle\native\8bec1ad78214c89d9ad589b4d07fe93259594b29d510b10fafb7a158f7737e5d\windows-amd64\native-platform.dll
0x00007ffff2200000 - 0x00007ffff233d000 	C:\Users\Vlad\.gradle\native\53dbd7edfb1c66fb8903c78663c9afc45aea4f116125fa6feffd364cf09443e8\windows-amd64\native-platform-file-events.dll
0x00007ff838780000 - 0x00007ff83878a000 	C:\Program Files\Android\Android Studio\jre\bin\management.dll
0x00007ff8378b0000 - 0x00007ff8378bc000 	C:\Program Files\Android\Android Studio\jre\bin\management_ext.dll
0x00007ff83ca00000 - 0x00007ff83ca18000 	C:\WINDOWS\SYSTEM32\CRYPTSP.dll
0x00007ff83c190000 - 0x00007ff83c1c4000 	C:\WINDOWS\system32\rsaenh.dll
0x00007ff83d180000 - 0x00007ff83d1a7000 	C:\WINDOWS\System32\bcrypt.dll
0x00007ff83d030000 - 0x00007ff83d05e000 	C:\WINDOWS\SYSTEM32\USERENV.dll
0x00007ff83ca20000 - 0x00007ff83ca2c000 	C:\WINDOWS\SYSTEM32\CRYPTBASE.dll
0x00007ff83c500000 - 0x00007ff83c53b000 	C:\WINDOWS\SYSTEM32\IPHLPAPI.DLL
0x00007ff83f490000 - 0x00007ff83f498000 	C:\WINDOWS\System32\NSI.dll
0x00007ff82f890000 - 0x00007ff82f8a7000 	C:\WINDOWS\SYSTEM32\dhcpcsvc6.DLL
0x00007ff82f870000 - 0x00007ff82f88d000 	C:\WINDOWS\SYSTEM32\dhcpcsvc.DLL
0x00007ff83c540000 - 0x00007ff83c60c000 	C:\WINDOWS\SYSTEM32\DNSAPI.dll

dbghelp: loaded successfully - version: 4.0.5 - missing functions: none
symbol engine: initialized successfully - sym options: 0x614 - pdb path: .;C:\Program Files\Android\Android Studio\jre\bin;C:\WINDOWS\SYSTEM32;C:\WINDOWS\WinSxS\amd64_microsoft.windows.common-controls_6595b64144ccf1df_6.0.19041.1110_none_60b5254171f9507e;C:\Program Files\Android\Android Studio\jre\bin\server;C:\Users\Vlad\.gradle\native\8bec1ad78214c89d9ad589b4d07fe93259594b29d510b10fafb7a158f7737e5d\windows-amd64;C:\Users\Vlad\.gradle\native\53dbd7edfb1c66fb8903c78663c9afc45aea4f116125fa6feffd364cf09443e8\windows-amd64

VM Arguments:
jvm_args: --add-opens=java.base/java.util=ALL-UNNAMED --add-opens=java.base/java.lang=ALL-UNNAMED --add-opens=java.base/java.lang.invoke=ALL-UNNAMED --add-opens=java.base/java.util=ALL-UNNAMED --add-opens=java.prefs/java.util.prefs=ALL-UNNAMED --add-opens=java.prefs/java.util.prefs=ALL-UNNAMED --add-opens=java.base/java.nio.charset=ALL-UNNAMED --add-opens=java.base/java.net=ALL-UNNAMED --add-opens=java.base/java.util.concurrent.atomic=ALL-UNNAMED -Xmx2048m -Dfile.encoding=UTF-8 -Duser.country=RU -Duser.language=ru -Duser.variant 
java_command: org.gradle.launcher.daemon.bootstrap.GradleDaemon 7.0.2
java_class_path (initial): C:\Users\Vlad\.gradle\wrapper\dists\gradle-7.0.2-bin\857tjihv64xamwrf0h14cai3r\gradle-7.0.2\lib\gradle-launcher-7.0.2.jar
Launcher Type: SUN_STANDARD

[Global flags]
     intx CICompilerCount                          = 3                                         {product} {ergonomic}
     uint ConcGCThreads                            = 1                                         {product} {ergonomic}
     uint G1ConcRefinementThreads                  = 4                                         {product} {ergonomic}
   size_t G1HeapRegionSize                         = 1048576                                   {product} {ergonomic}
    uintx GCDrainStackTargetSize                   = 64                                        {product} {ergonomic}
   size_t InitialHeapSize                          = 130023424                                 {product} {ergonomic}
   size_t MarkStackSize                            = 4194304                                   {product} {ergonomic}
   size_t MaxHeapSize                              = 2147483648                                {product} {command line}
   size_t MaxNewSize                               = 1287651328                                {product} {ergonomic}
   size_t MinHeapDeltaBytes                        = 1048576                                   {product} {ergonomic}
    uintx NonNMethodCodeHeapSize                   = 5830732                                {pd product} {ergonomic}
    uintx NonProfiledCodeHeapSize                  = 122913754                              {pd product} {ergonomic}
    uintx ProfiledCodeHeapSize                     = 122913754                              {pd product} {ergonomic}
    uintx ReservedCodeCacheSize                    = 251658240                              {pd product} {ergonomic}
     bool SegmentedCodeCache                       = true                                      {product} {ergonomic}
     bool UseCompressedClassPointers               = true                                 {lp64_product} {ergonomic}
     bool UseCompressedOops                        = true                                 {lp64_product} {ergonomic}
     bool UseG1GC                                  = true                                      {product} {ergonomic}
     bool UseLargePagesIndividualAllocation        = false                                  {pd product} {ergonomic}

Logging:
Log output configuration:
 #0: stdout all=warning uptime,level,tags
 #1: stderr all=off uptime,level,tags

Environment Variables:
JAVA_HOME=C:\Program Files\Java\jdk-17.0.1
CLASSPATH=D:\SQLite\sqlite-jdbc-3.36.0.3.jar;.
PATH=C:\Program Files\Common Files\Oracle\Java\javapath;C:\Program Files (x86)\Common Files\Oracle\Java\javapath;C:\WINDOWS\system32;C:\WINDOWS;C:\WINDOWS\System32\Wbem;C:\WINDOWS\System32\WindowsPowerShell\v1.0\;C:\WINDOWS\System32\OpenSSH\;C:\Program Files\dotnet\;C:\Program Files\Java\jdk-17.0.1\bin;C:\Program Files (x86)\dotnet\;C:\Program Files\Git\cmd;C:\Users\Vlad\AppData\Local\Microsoft\WindowsApps;C:\Users\Vlad\AppData\Local\GitHubDesktop\bin;C:\Users\Vlad\AppData\Local\Programs\Python\Python39\Scripts;C:\Users\Vlad\AppData\Local\atom\bin;C:\Program Files\JetBrains\IntelliJ IDEA Community Edition 2021.2.3\bin;%GRADLE_HOME%\bin;;D:\CLion 2021.3.4\bin;
USERNAME=Vlad
OS=Windows_NT
PROCESSOR_IDENTIFIER=Intel64 Family 6 Model 126 Stepping 5, GenuineIntel



---------------  S Y S T E M  ---------------

OS: Windows 10 , 64 bit Build 19041 (10.0.19041.1202)
OS uptime: 18 days 21:53 hours

CPU:total 4 (initial active 4) (2 cores per cpu, 2 threads per core) family 6 model 126 stepping 5 microcode 0x78, cmov, cx8, fxsr, mmx, sse, sse2, sse3, ssse3, sse4.1, sse4.2, popcnt, avx, avx2, aes, clmul, erms, 3dnowpref, lzcnt, ht, tsc, tscinvbit, bmi1, bmi2, adx, evex, sha, fma

Memory: 4k page, system-wide physical 7934M (121M free)
TotalPageFile size 17982M (AvailPageFile size 130M)
current process WorkingSet (physical memory assigned to process): 413M, peak: 423M
current process commit charge ("private bytes"): 558M, peak: 691M

vm_info: OpenJDK 64-Bit Server VM (11.0.10+0-b96-7249189) for windows-amd64 JRE (11.0.10+0-b96-7249189), built on Mar 31 2021 21:44:00 by "builder" with MS VC++ 14.0 (VS2015)

END.
