#
# There is insufficient memory for the Java Runtime Environment to continue.
# Native memory allocation (mmap) failed to map 125829120 bytes for Failed to commit area from 0x0000000093600000 to 0x000000009ae00000 of length 125829120.
# Possible reasons:
#   The system is out of physical RAM or swap space
#   The process is running with CompressedOops enabled, and the Java Heap may be blocking the growth of the native heap
# Possible solutions:
#   Reduce memory load on the system
#   Increase physical memory or swap space
#   Check if swap backing store is full
#   Decrease Java heap size (-Xmx/-Xms)
#   Decrease number of Java threads
#   Decrease Java thread stack sizes (-Xss)
#   Set larger code cache with -XX:ReservedCodeCacheSize=
#   JVM is running with Unscaled Compressed Oops mode in which the Java heap is
#     placed in the first 4GB address space. The Java Heap base address is the
#     maximum limit for the native heap growth. Please use -XX:HeapBaseMinAddress
#     to set the Java Heap base and to place the Java Heap above 4GB virtual address.
# This output file may be truncated or incomplete.
#
#  Out of Memory Error (./src/hotspot/os/windows/os_windows.cpp:3301), pid=10536, tid=13152
#
# JRE version: OpenJDK Runtime Environment (11.0.10) (build 11.0.10+0-b96-7249189)
# Java VM: OpenJDK 64-Bit Server VM (11.0.10+0-b96-7249189, mixed mode, tiered, compressed oops, g1 gc, windows-amd64)
# No core dump will be written. Minidumps are not enabled by default on client versions of Windows
#

---------------  S U M M A R Y ------------

Command Line: --add-opens=java.base/java.util=ALL-UNNAMED --add-opens=java.base/java.lang=ALL-UNNAMED --add-opens=java.base/java.lang.invoke=ALL-UNNAMED --add-opens=java.base/java.util=ALL-UNNAMED --add-opens=java.prefs/java.util.prefs=ALL-UNNAMED --add-opens=java.prefs/java.util.prefs=ALL-UNNAMED --add-opens=java.base/java.nio.charset=ALL-UNNAMED --add-opens=java.base/java.net=ALL-UNNAMED --add-opens=java.base/java.util.concurrent.atomic=ALL-UNNAMED -Xmx2048m -Dfile.encoding=UTF-8 -Duser.country=RU -Duser.language=ru -Duser.variant org.gradle.launcher.daemon.bootstrap.GradleDaemon 7.0.2

Host: Intel(R) Core(TM) i3-1005G1 CPU @ 1.20GHz, 4 cores, 7G,  Windows 10 , 64 bit Build 19041 (10.0.19041.1202)
Time: Mon Sep 26 19:26:54 2022 RTZ 2 (зима) elapsed time: 27.829352 seconds (0d 0h 0m 27s)

---------------  T H R E A D  ---------------

Current thread (0x00000208fe6b8000):  VMThread "VM Thread" [stack: 0x0000008fda000000,0x0000008fda100000] [id=13152]

Stack: [0x0000008fda000000,0x0000008fda100000]
[error occurred during error reporting (printing stack bounds), id 0xc0000005, EXCEPTION_ACCESS_VIOLATION (0xc0000005) at pc=0x00000208ea5d10e7]

Native frames: (J=compiled Java code, j=interpreted, Vv=VM code, C=native code)
V  [jvm.dll+0x5ecfaa]
V  [jvm.dll+0x722bd5]
V  [jvm.dll+0x72412d]
V  [jvm.dll+0x724745]
V  [jvm.dll+0x7246fb]
V  [jvm.dll+0x5ec348]
V  [jvm.dll+0x5ecad8]
C  [ntdll.dll+0xa20cf]
C  [ntdll.dll+0x51454]
C  [ntdll.dll+0xa0bfe]
C  0x00000208ea5d10e7

VM_Operation (0x0000008fdddfded0): G1CollectForAllocation, mode: safepoint, requested by thread 0x0000020889b10000


---------------  P R O C E S S  ---------------

Threads class SMR info:
_java_thread_list=0x00000208835a4a00, length=59, elements={
0x00000208e6add000, 0x00000208fe6bb000, 0x00000208fe6c7000, 0x00000208fe6da000,
0x00000208fe6de000, 0x00000208fe6df800, 0x00000208fe6e2000, 0x00000208fe6f0800,
0x00000208fe6f1800, 0x00000208fe6d0800, 0x0000020883233000, 0x00000208832e4800,
0x0000020882fb3000, 0x0000020882f4b000, 0x0000020882e9e000, 0x0000020883275000,
0x0000020882d23800, 0x0000020883221000, 0x00000208832f6000, 0x0000020883218000,
0x0000020883212800, 0x0000020883219000, 0x0000020883214000, 0x0000020883213000,
0x0000020883217000, 0x0000020883214800, 0x0000020883215800, 0x0000020883216800,
0x0000020883c03000, 0x0000020883c06800, 0x0000020883c08000, 0x0000020883c04800,
0x0000020883c09000, 0x0000020883c05800, 0x0000020883c04000, 0x0000020883c0d000,
0x0000020883c0b000, 0x0000020883c0d800, 0x0000020883c0e800, 0x0000020883c0c000,
0x0000020883c0f800, 0x0000020883c0a800, 0x0000020883c11000, 0x0000020889b0b000,
0x0000020889b08800, 0x0000020889b08000, 0x0000020889b0c000, 0x0000020889b06800,
0x0000020889b07000, 0x0000020889b0f800, 0x0000020889b0d800, 0x0000020889b0a800,
0x0000020889b0e800, 0x0000020889b09800, 0x0000020889b11800, 0x0000020889b0d000,
0x0000020889b14000, 0x0000020889b10000, 0x0000020889b11000
}

Java Threads: ( => current thread )
  0x00000208e6add000 JavaThread "main" [_thread_blocked, id=6984, stack(0x0000008fd9a00000,0x0000008fd9b00000)]
  0x00000208fe6bb000 JavaThread "Reference Handler" daemon [_thread_blocked, id=10796, stack(0x0000008fda100000,0x0000008fda200000)]
  0x00000208fe6c7000 JavaThread "Finalizer" daemon [_thread_blocked, id=5212, stack(0x0000008fda200000,0x0000008fda300000)]
  0x00000208fe6da000 JavaThread "Signal Dispatcher" daemon [_thread_blocked, id=10816, stack(0x0000008fda300000,0x0000008fda400000)]
  0x00000208fe6de000 JavaThread "Attach Listener" daemon [_thread_blocked, id=4524, stack(0x0000008fda400000,0x0000008fda500000)]
  0x00000208fe6df800 JavaThread "Service Thread" daemon [_thread_blocked, id=12068, stack(0x0000008fda500000,0x0000008fda600000)]
  0x00000208fe6e2000 JavaThread "C2 CompilerThread0" daemon [_thread_blocked, id=6276, stack(0x0000008fda600000,0x0000008fda700000)]
  0x00000208fe6f0800 JavaThread "C1 CompilerThread0" daemon [_thread_blocked, id=10024, stack(0x0000008fda700000,0x0000008fda800000)]
  0x00000208fe6f1800 JavaThread "Sweeper thread" daemon [_thread_blocked, id=5452, stack(0x0000008fda800000,0x0000008fda900000)]
  0x00000208fe6d0800 JavaThread "Common-Cleaner" daemon [_thread_blocked, id=5264, stack(0x0000008fda900000,0x0000008fdaa00000)]
  0x0000020883233000 JavaThread "Daemon health stats" [_thread_blocked, id=5856, stack(0x0000008fdac00000,0x0000008fdad00000)]
  0x00000208832e4800 JavaThread "Incoming local TCP Connector on port 54382" [_thread_in_native, id=3632, stack(0x0000008fdad00000,0x0000008fdae00000)]
  0x0000020882fb3000 JavaThread "Daemon" [_thread_blocked, id=2948, stack(0x0000008fdae00000,0x0000008fdaf00000)]
  0x0000020882f4b000 JavaThread "Daemon periodic checks" [_thread_blocked, id=8668, stack(0x0000008fdaf00000,0x0000008fdb000000)]
  0x0000020882e9e000 JavaThread "Handler for socket connection from /127.0.0.1:54382 to /127.0.0.1:54383" [_thread_in_native, id=4588, stack(0x0000008fdb000000,0x0000008fdb100000)]
  0x0000020883275000 JavaThread "Cancel handler" [_thread_blocked, id=11276, stack(0x0000008fdb100000,0x0000008fdb200000)]
  0x0000020882d23800 JavaThread "Daemon worker" [_thread_blocked, id=10588, stack(0x0000008fdb200000,0x0000008fdb300000)]
  0x0000020883221000 JavaThread "Asynchronous log dispatcher for DefaultDaemonConnection: socket connection from /127.0.0.1:54382 to /127.0.0.1:54383" [_thread_blocked, id=12308, stack(0x0000008fdb300000,0x0000008fdb400000)]
  0x00000208832f6000 JavaThread "Stdin handler" [_thread_blocked, id=10416, stack(0x0000008fdb400000,0x0000008fdb500000)]
  0x0000020883218000 JavaThread "Daemon client event forwarder" [_thread_blocked, id=5232, stack(0x0000008fdb500000,0x0000008fdb600000)]
  0x0000020883212800 JavaThread "Cache worker for file hash cache (C:\Users\Vlad\.gradle\caches\7.0.2\fileHashes)" [_thread_blocked, id=11192, stack(0x0000008fdb600000,0x0000008fdb700000)]
  0x0000020883219000 JavaThread "File lock request listener" [_thread_in_native, id=7580, stack(0x0000008fdb900000,0x0000008fdba00000)]
  0x0000020883214000 JavaThread "Cache worker for journal cache (C:\Users\Vlad\.gradle\caches\journal-1)" [_thread_blocked, id=3988, stack(0x0000008fdba00000,0x0000008fdbb00000)]
  0x0000020883213000 JavaThread "Cache worker for file hash cache (D:\RecipeBook\.gradle\7.0.2\fileHashes)" [_thread_blocked, id=11412, stack(0x0000008fdbb00000,0x0000008fdbc00000)]
  0x0000020883217000 JavaThread "File watcher server" daemon [_thread_blocked, id=6548, stack(0x0000008fdbc00000,0x0000008fdbd00000)]
  0x0000020883214800 JavaThread "File watcher consumer" daemon [_thread_blocked, id=10136, stack(0x0000008fdbd00000,0x0000008fdbe00000)]
  0x0000020883215800 JavaThread "Cache worker for checksums cache (D:\RecipeBook\.gradle\checksums)" [_thread_blocked, id=12120, stack(0x0000008fdbe00000,0x0000008fdbf00000)]
  0x0000020883216800 JavaThread "Cache worker for cache directory md-supplier (C:\Users\Vlad\.gradle\caches\7.0.2\md-supplier)" [_thread_blocked, id=10356, stack(0x0000008fdbf00000,0x0000008fdc000000)]
  0x0000020883c03000 JavaThread "Cache worker for cache directory md-rule (C:\Users\Vlad\.gradle\caches\7.0.2\md-rule)" [_thread_blocked, id=9820, stack(0x0000008fdc000000,0x0000008fdc100000)]
  0x0000020883c06800 JavaThread "Cache worker for execution history cache (C:\Users\Vlad\.gradle\caches\7.0.2\executionHistory)" [_thread_blocked, id=5164, stack(0x0000008fdc100000,0x0000008fdc200000)]
  0x0000020883c08000 JavaThread "jar transforms" [_thread_blocked, id=10872, stack(0x0000008fdc200000,0x0000008fdc300000)]
  0x0000020883c04800 JavaThread "jar transforms Thread 2" [_thread_blocked, id=3688, stack(0x0000008fdc300000,0x0000008fdc400000)]
  0x0000020883c09000 JavaThread "Cache worker for file content cache (C:\Users\Vlad\.gradle\caches\7.0.2\fileContent)" [_thread_blocked, id=10400, stack(0x0000008fdc400000,0x0000008fdc500000)]
  0x0000020883c05800 JavaThread "Cache worker for dependencies-accessors (D:\RecipeBook\.gradle\7.0.2\dependencies-accessors)" [_thread_blocked, id=10956, stack(0x0000008fdc500000,0x0000008fdc600000)]
  0x0000020883c04000 JavaThread "jar transforms Thread 3" [_thread_blocked, id=5756, stack(0x0000008fdc600000,0x0000008fdc700000)]
  0x0000020883c0d000 JavaThread "Cache worker for Build Output Cleanup Cache (D:\RecipeBook\.gradle\buildOutputCleanup)" [_thread_blocked, id=10004, stack(0x0000008fdc700000,0x0000008fdc800000)]
  0x0000020883c0b000 JavaThread "Build operations" [_thread_blocked, id=10680, stack(0x0000008fdc800000,0x0000008fdc900000)]
  0x0000020883c0d800 JavaThread "Build operations Thread 2" [_thread_blocked, id=8172, stack(0x0000008fdc900000,0x0000008fdca00000)]
  0x0000020883c0e800 JavaThread "Build operations Thread 3" [_thread_blocked, id=5596, stack(0x0000008fdca00000,0x0000008fdcb00000)]
  0x0000020883c0c000 JavaThread "Build operations Thread 4" [_thread_blocked, id=8244, stack(0x0000008fdcb00000,0x0000008fdcc00000)]
  0x0000020883c0f800 JavaThread "jar transforms Thread 4" [_thread_blocked, id=2680, stack(0x0000008fdcc00000,0x0000008fdcd00000)]
  0x0000020883c0a800 JavaThread "Memory manager" [_thread_blocked, id=11848, stack(0x0000008fdcd00000,0x0000008fdce00000)]
  0x0000020883c11000 JavaThread "build event listener" [_thread_blocked, id=7876, stack(0x0000008fdce00000,0x0000008fdcf00000)]
  0x0000020889b0b000 JavaThread "build event listener" [_thread_blocked, id=2880, stack(0x0000008fdcf00000,0x0000008fdd000000)]
  0x0000020889b08800 JavaThread "Execution worker for ':'" [_thread_blocked, id=12332, stack(0x0000008fdd000000,0x0000008fdd100000)]
  0x0000020889b08000 JavaThread "Execution worker for ':' Thread 2" [_thread_blocked, id=4456, stack(0x0000008fdd100000,0x0000008fdd200000)]
  0x0000020889b0c000 JavaThread "Execution worker for ':' Thread 3" [_thread_blocked, id=8284, stack(0x0000008fdd200000,0x0000008fdd300000)]
  0x0000020889b06800 JavaThread "Cache worker for execution history cache (D:\RecipeBook\.gradle\7.0.2\executionHistory)" [_thread_blocked, id=3344, stack(0x0000008fdd300000,0x0000008fdd400000)]
  0x0000020889b07000 JavaThread "WorkerExecutor Queue" [_thread_blocked, id=3940, stack(0x0000008fdd400000,0x0000008fdd500000)]
  0x0000020889b0f800 JavaThread "pool-3-thread-1" [_thread_blocked, id=9540, stack(0x0000008fdd500000,0x0000008fdd600000)]
  0x0000020889b0d800 JavaThread "stderr" [_thread_in_native, id=2808, stack(0x0000008fdd600000,0x0000008fdd700000)]
  0x0000020889b0a800 JavaThread "stdout" [_thread_in_native, id=12704, stack(0x0000008fdd700000,0x0000008fdd800000)]
  0x0000020889b0e800 JavaThread "WorkerExecutor Queue Thread 2" [_thread_blocked, id=7140, stack(0x0000008fdd800000,0x0000008fdd900000)]
  0x0000020889b09800 JavaThread "WorkerExecutor Queue Thread 3" [_thread_blocked, id=9872, stack(0x0000008fdd900000,0x0000008fdda00000)]
  0x0000020889b11800 JavaThread "WorkerExecutor Queue Thread 4" [_thread_blocked, id=6032, stack(0x0000008fdda00000,0x0000008fddb00000)]
  0x0000020889b0d000 JavaThread "ForkJoinPool-1-worker-3" daemon [_thread_blocked, id=1208, stack(0x0000008fddb00000,0x0000008fddc00000)]
  0x0000020889b14000 JavaThread "ForkJoinPool-1-worker-5" daemon [_thread_blocked, id=10892, stack(0x0000008fddc00000,0x0000008fddd00000)]
  0x0000020889b10000 JavaThread "ForkJoinPool-1-worker-7" daemon [_thread_blocked, id=6116, stack(0x0000008fddd00000,0x0000008fdde00000)]
  0x0000020889b11000 JavaThread "ForkJoinPool-1-worker-1" daemon [_thread_blocked, id=9056, stack(0x0000008fdde00000,0x0000008fddf00000)]

Other Threads:
=>0x00000208fe6b8000 VMThread "VM Thread" [stack: 0x0000008fda000000,0x0000008fda100000] [id=13152]
  0x00000208ff1ba000 WatcherThread [stack: 0x0000008fdaa00000,0x0000008fdab00000] [id=5960]
  0x00000208e6af6800 GCTaskThread "GC Thread#0" [stack: 0x0000008fd9b00000,0x0000008fd9c00000] [id=7976]
  0x00000208ff4a0800 GCTaskThread "GC Thread#1" [stack: 0x0000008fdab00000,0x0000008fdac00000] [id=11472]
  0x0000020883249000 GCTaskThread "GC Thread#2" [stack: 0x0000008fdb700000,0x0000008fdb800000] [id=1700]
  0x0000020883666800 GCTaskThread "GC Thread#3" [stack: 0x0000008fdb800000,0x0000008fdb900000] [id=7628]
  0x00000208e6b26000 ConcurrentGCThread "G1 Main Marker" [stack: 0x0000008fd9c00000,0x0000008fd9d00000] [id=10748]
  0x00000208e6b27800 ConcurrentGCThread "G1 Conc#0" [stack: 0x0000008fd9d00000,0x0000008fd9e00000] [id=5356]
  0x00000208e6bb4000 ConcurrentGCThread "G1 Refine#0" [stack: 0x0000008fd9e00000,0x0000008fd9f00000] [id=2004]
  0x000002088c764800 ConcurrentGCThread "G1 Refine#1" [stack: 0x0000008fddf00000,0x0000008fde000000] [id=4988]
  0x000002088a28c000 ConcurrentGCThread "G1 Refine#2" [stack: 0x0000008fde000000,0x0000008fde100000] [id=11256]
  0x00000208e6bb5000 ConcurrentGCThread "G1 Young RemSet Sampling" [stack: 0x0000008fd9f00000,0x0000008fda000000] [id=6620]

Threads with active compile tasks:
C2 CompilerThread0  27858 12970       4       com.android.tools.r8.graph.u::a (95 bytes)

VM state:at safepoint (normal execution)

VM Mutex/Monitor currently owned by a thread:  ([mutex/lock_event])
[0x00000208e6ad9320] Threads_lock - owner thread: 0x00000208fe6b8000
[0x00000208e6ad8c60] Heap_lock - owner thread: 0x0000020889b10000

Heap address: 0x0000000080000000, size: 2048 MB, Compressed Oops mode: 32-bit
Narrow klass base: 0x0000000000000000, Narrow klass shift: 3
Compressed class space size: 1073741824 Address: 0x0000000100000000

Heap:
 garbage-first heap   total 440320K, used 209088K [0x0000000080000000, 0x0000000100000000)
  region size 1024K, 2 young (2048K), 2 survivors (2048K)
 Metaspace       used 98482K, capacity 100820K, committed 101068K, reserved 1136640K
  class space    used 12855K, capacity 13740K, committed 13772K, reserved 1048576K
Heap Regions: E=young(eden), S=young(survivor), O=old, HS=humongous(starts), HC=humongous(continues), CS=collection set, F=free, A=archive, TAMS=top-at-mark-start (previous, next)
|   0|0x0000000080000000, 0x0000000080100000, 0x0000000080100000|100%| O|  |TAMS 0x0000000080100000, 0x0000000080000000| Untracked 
|   1|0x0000000080100000, 0x0000000080200000, 0x0000000080200000|100%| O|  |TAMS 0x0000000080200000, 0x0000000080100000| Untracked 
|   2|0x0000000080200000, 0x0000000080300000, 0x0000000080300000|100%| O|  |TAMS 0x0000000080300000, 0x0000000080200000| Untracked 
|   3|0x0000000080300000, 0x0000000080400000, 0x0000000080400000|100%|HS|  |TAMS 0x0000000080400000, 0x0000000080300000| Complete 
|   4|0x0000000080400000, 0x0000000080500000, 0x0000000080500000|100%|HC|  |TAMS 0x0000000080500000, 0x0000000080400000| Complete 
|   5|0x0000000080500000, 0x0000000080600000, 0x0000000080600000|100%|HC|  |TAMS 0x0000000080600000, 0x0000000080500000| Complete 
|   6|0x0000000080600000, 0x0000000080700000, 0x0000000080700000|100%| O|  |TAMS 0x0000000080700000, 0x0000000080600000| Untracked 
|   7|0x0000000080700000, 0x0000000080800000, 0x0000000080800000|100%| O|  |TAMS 0x0000000080800000, 0x0000000080700000| Complete 
|   8|0x0000000080800000, 0x0000000080900000, 0x0000000080900000|100%| O|  |TAMS 0x0000000080900000, 0x0000000080800000| Untracked 
|   9|0x0000000080900000, 0x0000000080a00000, 0x0000000080a00000|100%| O|  |TAMS 0x0000000080a00000, 0x0000000080900000| Untracked 
|  10|0x0000000080a00000, 0x0000000080b00000, 0x0000000080b00000|100%| O|  |TAMS 0x0000000080b00000, 0x0000000080a00000| Untracked 
|  11|0x0000000080b00000, 0x0000000080c00000, 0x0000000080c00000|100%| O|  |TAMS 0x0000000080c00000, 0x0000000080b00000| Untracked 
|  12|0x0000000080c00000, 0x0000000080d00000, 0x0000000080d00000|100%| O|  |TAMS 0x0000000080d00000, 0x0000000080c00000| Untracked 
|  13|0x0000000080d00000, 0x0000000080e00000, 0x0000000080e00000|100%| O|  |TAMS 0x0000000080e00000, 0x0000000080d00000| Untracked 
|  14|0x0000000080e00000, 0x0000000080f00000, 0x0000000080f00000|100%| O|  |TAMS 0x0000000080f00000, 0x0000000080e00000| Untracked 
|  15|0x0000000080f00000, 0x0000000081000000, 0x0000000081000000|100%| O|  |TAMS 0x0000000081000000, 0x0000000080f00000| Complete 
|  16|0x0000000081000000, 0x0000000081100000, 0x0000000081100000|100%| O|  |TAMS 0x0000000081100000, 0x0000000081000000| Untracked 
|  17|0x0000000081100000, 0x0000000081200000, 0x0000000081200000|100%|HS|  |TAMS 0x0000000081200000, 0x0000000081100000| Complete 
|  18|0x0000000081200000, 0x0000000081300000, 0x0000000081300000|100%| O|  |TAMS 0x0000000081300000, 0x0000000081200000| Untracked 
|  19|0x0000000081300000, 0x0000000081400000, 0x0000000081400000|100%| O|  |TAMS 0x0000000081400000, 0x0000000081300000| Untracked 
|  20|0x0000000081400000, 0x0000000081500000, 0x0000000081500000|100%| O|  |TAMS 0x0000000081500000, 0x0000000081400000| Complete 
|  21|0x0000000081500000, 0x0000000081600000, 0x0000000081600000|100%| O|  |TAMS 0x0000000081600000, 0x0000000081500000| Untracked 
|  22|0x0000000081600000, 0x0000000081700000, 0x0000000081700000|100%| O|  |TAMS 0x0000000081700000, 0x0000000081600000| Untracked 
|  23|0x0000000081700000, 0x0000000081800000, 0x0000000081800000|100%|HS|  |TAMS 0x0000000081800000, 0x0000000081700000| Complete 
|  24|0x0000000081800000, 0x0000000081900000, 0x0000000081900000|100%|HS|  |TAMS 0x0000000081900000, 0x0000000081800000| Complete 
|  25|0x0000000081900000, 0x0000000081a00000, 0x0000000081a00000|100%|HS|  |TAMS 0x0000000081a00000, 0x0000000081900000| Complete 
|  26|0x0000000081a00000, 0x0000000081b00000, 0x0000000081b00000|100%|HC|  |TAMS 0x0000000081b00000, 0x0000000081a00000| Complete 
|  27|0x0000000081b00000, 0x0000000081c00000, 0x0000000081c00000|100%|HC|  |TAMS 0x0000000081c00000, 0x0000000081b00000| Complete 
|  28|0x0000000081c00000, 0x0000000081d00000, 0x0000000081d00000|100%|HS|  |TAMS 0x0000000081d00000, 0x0000000081c00000| Complete 
|  29|0x0000000081d00000, 0x0000000081e00000, 0x0000000081e00000|100%|HC|  |TAMS 0x0000000081e00000, 0x0000000081d00000| Complete 
|  30|0x0000000081e00000, 0x0000000081f00000, 0x0000000081f00000|100%| O|  |TAMS 0x0000000081f00000, 0x0000000081e00000| Untracked 
|  31|0x0000000081f00000, 0x0000000082000000, 0x0000000082000000|100%| O|  |TAMS 0x0000000082000000, 0x0000000081f00000| Untracked 
|  32|0x0000000082000000, 0x0000000082100000, 0x0000000082100000|100%| O|  |TAMS 0x0000000082100000, 0x0000000082000000| Complete 
|  33|0x0000000082100000, 0x0000000082200000, 0x0000000082200000|100%|HS|  |TAMS 0x0000000082100000, 0x0000000082100000| Complete 
|  34|0x0000000082200000, 0x0000000082300000, 0x0000000082300000|100%|HS|  |TAMS 0x0000000082200000, 0x0000000082200000| Complete 
|  35|0x0000000082300000, 0x0000000082400000, 0x0000000082400000|100%|HS|  |TAMS 0x0000000082300000, 0x0000000082300000| Complete 
|  36|0x0000000082400000, 0x0000000082500000, 0x0000000082500000|100%| O|  |TAMS 0x0000000082500000, 0x0000000082400000| Complete 
|  37|0x0000000082500000, 0x0000000082600000, 0x0000000082600000|100%| O|  |TAMS 0x0000000082600000, 0x0000000082500000| Complete 
|  38|0x0000000082600000, 0x0000000082700000, 0x0000000082700000|100%| O|  |TAMS 0x0000000082700000, 0x0000000082600000| Untracked 
|  39|0x0000000082700000, 0x0000000082800000, 0x0000000082800000|100%| O|  |TAMS 0x0000000082800000, 0x0000000082700000| Untracked 
|  40|0x0000000082800000, 0x0000000082900000, 0x0000000082900000|100%| O|  |TAMS 0x0000000082900000, 0x0000000082800000| Untracked 
|  41|0x0000000082900000, 0x0000000082a00000, 0x0000000082a00000|100%| O|  |TAMS 0x0000000082a00000, 0x0000000082900000| Untracked 
|  42|0x0000000082a00000, 0x0000000082b00000, 0x0000000082b00000|100%| O|  |TAMS 0x0000000082b00000, 0x0000000082a00000| Untracked 
|  43|0x0000000082b00000, 0x0000000082c00000, 0x0000000082c00000|100%| O|  |TAMS 0x0000000082c00000, 0x0000000082b00000| Untracked 
|  44|0x0000000082c00000, 0x0000000082d00000, 0x0000000082d00000|100%| O|  |TAMS 0x0000000082d00000, 0x0000000082c00000| Untracked 
|  45|0x0000000082d00000, 0x0000000082e00000, 0x0000000082e00000|100%| O|  |TAMS 0x0000000082e00000, 0x0000000082d00000| Untracked 
|  46|0x0000000082e00000, 0x0000000082f00000, 0x0000000082f00000|100%| O|  |TAMS 0x0000000082f00000, 0x0000000082e00000| Complete 
|  47|0x0000000082f00000, 0x0000000083000000, 0x0000000083000000|100%|HS|  |TAMS 0x0000000082f00000, 0x0000000082f00000| Complete 
|  48|0x0000000083000000, 0x0000000083100000, 0x0000000083100000|100%| O|  |TAMS 0x0000000083100000, 0x0000000083000000| Untracked 
|  49|0x0000000083100000, 0x0000000083200000, 0x0000000083200000|100%| O|  |TAMS 0x0000000083200000, 0x0000000083100000| Untracked 
|  50|0x0000000083200000, 0x0000000083300000, 0x0000000083300000|100%| O|  |TAMS 0x0000000083300000, 0x0000000083200000| Complete 
|  51|0x0000000083300000, 0x0000000083400000, 0x0000000083400000|100%| O|  |TAMS 0x0000000083400000, 0x0000000083300000| Untracked 
|  52|0x0000000083400000, 0x0000000083500000, 0x0000000083500000|100%| O|  |TAMS 0x0000000083500000, 0x0000000083400000| Untracked 
|  53|0x0000000083500000, 0x0000000083600000, 0x0000000083600000|100%| O|  |TAMS 0x0000000083600000, 0x0000000083500000| Untracked 
|  54|0x0000000083600000, 0x0000000083700000, 0x0000000083700000|100%| O|  |TAMS 0x0000000083700000, 0x0000000083600000| Untracked 
|  55|0x0000000083700000, 0x0000000083800000, 0x0000000083800000|100%| O|  |TAMS 0x0000000083800000, 0x0000000083700000| Untracked 
|  56|0x0000000083800000, 0x0000000083900000, 0x0000000083900000|100%| O|  |TAMS 0x0000000083900000, 0x0000000083800000| Untracked 
|  57|0x0000000083900000, 0x0000000083a00000, 0x0000000083a00000|100%| O|  |TAMS 0x0000000083a00000, 0x0000000083900000| Complete 
|  58|0x0000000083a00000, 0x0000000083b00000, 0x0000000083b00000|100%| O|  |TAMS 0x0000000083b00000, 0x0000000083a00000| Untracked 
|  59|0x0000000083b00000, 0x0000000083c00000, 0x0000000083c00000|100%| O|  |TAMS 0x0000000083c00000, 0x0000000083b00000| Untracked 
|  60|0x0000000083c00000, 0x0000000083d00000, 0x0000000083d00000|100%| O|  |TAMS 0x0000000083d00000, 0x0000000083c00000| Untracked 
|  61|0x0000000083d00000, 0x0000000083e00000, 0x0000000083e00000|100%|HS|  |TAMS 0x0000000083d00000, 0x0000000083d00000| Complete 
|  62|0x0000000083e00000, 0x0000000083f00000, 0x0000000083f00000|100%| O|  |TAMS 0x0000000083f00000, 0x0000000083e00000| Complete 
|  63|0x0000000083f00000, 0x0000000084000000, 0x0000000084000000|100%| O|  |TAMS 0x0000000084000000, 0x0000000083f00000| Untracked 
|  64|0x0000000084000000, 0x0000000084100000, 0x0000000084100000|100%| O|  |TAMS 0x0000000084100000, 0x0000000084000000| Untracked 
|  65|0x0000000084100000, 0x0000000084200000, 0x0000000084200000|100%| O|  |TAMS 0x0000000084200000, 0x0000000084100000| Untracked 
|  66|0x0000000084200000, 0x0000000084300000, 0x0000000084300000|100%| O|  |TAMS 0x0000000084300000, 0x0000000084200000| Untracked 
|  67|0x0000000084300000, 0x0000000084400000, 0x0000000084400000|100%| O|  |TAMS 0x0000000084400000, 0x0000000084300000| Untracked 
|  68|0x0000000084400000, 0x0000000084500000, 0x0000000084500000|100%| O|  |TAMS 0x0000000084500000, 0x0000000084400000| Untracked 
|  69|0x0000000084500000, 0x0000000084600000, 0x0000000084600000|100%| O|  |TAMS 0x0000000084600000, 0x0000000084500000| Untracked 
|  70|0x0000000084600000, 0x0000000084700000, 0x0000000084700000|100%| O|  |TAMS 0x0000000084700000, 0x0000000084600000| Untracked 
|  71|0x0000000084700000, 0x0000000084800000, 0x0000000084800000|100%| O|  |TAMS 0x0000000084800000, 0x0000000084700000| Complete 
|  72|0x0000000084800000, 0x0000000084900000, 0x0000000084900000|100%| O|  |TAMS 0x0000000084900000, 0x0000000084800000| Untracked 
|  73|0x0000000084900000, 0x0000000084a00000, 0x0000000084a00000|100%| O|  |TAMS 0x0000000084a00000, 0x0000000084900000| Untracked 
|  74|0x0000000084a00000, 0x0000000084b00000, 0x0000000084b00000|100%| O|  |TAMS 0x0000000084b00000, 0x0000000084a00000| Untracked 
|  75|0x0000000084b00000, 0x0000000084c00000, 0x0000000084c00000|100%| O|  |TAMS 0x0000000084c00000, 0x0000000084b00000| Complete 
|  76|0x0000000084c00000, 0x0000000084d00000, 0x0000000084d00000|100%| O|  |TAMS 0x0000000084c00000, 0x0000000084c00000| Untracked 
|  77|0x0000000084d00000, 0x0000000084e00000, 0x0000000084e00000|100%| O|  |TAMS 0x0000000084e00000, 0x0000000084d00000| Complete 
|  78|0x0000000084e00000, 0x0000000084f00000, 0x0000000084f00000|100%| O|  |TAMS 0x0000000084f00000, 0x0000000084e00000| Untracked 
|  79|0x0000000084f00000, 0x0000000085000000, 0x0000000085000000|100%| O|  |TAMS 0x0000000085000000, 0x0000000084f00000| Untracked 
|  80|0x0000000085000000, 0x0000000085100000, 0x0000000085100000|100%| O|  |TAMS 0x0000000085100000, 0x0000000085000000| Untracked 
|  81|0x0000000085100000, 0x0000000085200000, 0x0000000085200000|100%| O|  |TAMS 0x0000000085100000, 0x0000000085100000| Untracked 
|  82|0x0000000085200000, 0x0000000085300000, 0x0000000085300000|100%|HS|  |TAMS 0x0000000085300000, 0x0000000085200000| Complete 
|  83|0x0000000085300000, 0x0000000085400000, 0x0000000085400000|100%|HC|  |TAMS 0x0000000085400000, 0x0000000085300000| Complete 
|  84|0x0000000085400000, 0x0000000085500000, 0x0000000085500000|100%|HS|  |TAMS 0x0000000085500000, 0x0000000085400000| Complete 
|  85|0x0000000085500000, 0x0000000085600000, 0x0000000085600000|100%|HS|  |TAMS 0x0000000085600000, 0x0000000085500000| Complete 
|  86|0x0000000085600000, 0x0000000085700000, 0x0000000085700000|100%|HS|  |TAMS 0x0000000085700000, 0x0000000085600000| Complete 
|  87|0x0000000085700000, 0x0000000085800000, 0x0000000085800000|100%|HC|  |TAMS 0x0000000085800000, 0x0000000085700000| Complete 
|  88|0x0000000085800000, 0x0000000085900000, 0x0000000085900000|100%| O|  |TAMS 0x0000000085900000, 0x0000000085800000| Complete 
|  89|0x0000000085900000, 0x0000000085a00000, 0x0000000085a00000|100%|HS|  |TAMS 0x0000000085a00000, 0x0000000085900000| Complete 
|  90|0x0000000085a00000, 0x0000000085b00000, 0x0000000085b00000|100%|HC|  |TAMS 0x0000000085b00000, 0x0000000085a00000| Complete 
|  91|0x0000000085b00000, 0x0000000085c00000, 0x0000000085c00000|100%|HS|  |TAMS 0x0000000085c00000, 0x0000000085b00000| Complete 
|  92|0x0000000085c00000, 0x0000000085d00000, 0x0000000085d00000|100%|HC|  |TAMS 0x0000000085d00000, 0x0000000085c00000| Complete 
|  93|0x0000000085d00000, 0x0000000085e00000, 0x0000000085e00000|100%|HC|  |TAMS 0x0000000085e00000, 0x0000000085d00000| Complete 
|  94|0x0000000085e00000, 0x0000000085f00000, 0x0000000085f00000|100%|HS|  |TAMS 0x0000000085f00000, 0x0000000085e00000| Complete 
|  95|0x0000000085f00000, 0x0000000086000000, 0x0000000086000000|100%|HS|  |TAMS 0x0000000086000000, 0x0000000085f00000| Complete 
|  96|0x0000000086000000, 0x0000000086100000, 0x0000000086100000|100%| O|  |TAMS 0x0000000086100000, 0x0000000086000000| Untracked 
|  97|0x0000000086100000, 0x0000000086200000, 0x0000000086200000|100%| O|  |TAMS 0x0000000086200000, 0x0000000086100000| Untracked 
|  98|0x0000000086200000, 0x0000000086300000, 0x0000000086300000|100%| O|  |TAMS 0x0000000086300000, 0x0000000086200000| Untracked 
|  99|0x0000000086300000, 0x0000000086400000, 0x0000000086400000|100%| O|  |TAMS 0x0000000086400000, 0x0000000086300000| Untracked 
| 100|0x0000000086400000, 0x0000000086500000, 0x0000000086500000|100%| O|  |TAMS 0x0000000086500000, 0x0000000086400000| Untracked 
| 101|0x0000000086500000, 0x0000000086600000, 0x0000000086600000|100%| O|  |TAMS 0x0000000086600000, 0x0000000086500000| Untracked 
| 102|0x0000000086600000, 0x0000000086700000, 0x0000000086700000|100%| O|  |TAMS 0x0000000086700000, 0x0000000086600000| Untracked 
| 103|0x0000000086700000, 0x0000000086800000, 0x0000000086800000|100%| O|  |TAMS 0x0000000086800000, 0x0000000086700000| Untracked 
| 104|0x0000000086800000, 0x0000000086900000, 0x0000000086900000|100%| O|  |TAMS 0x0000000086900000, 0x0000000086800000| Untracked 
| 105|0x0000000086900000, 0x0000000086a00000, 0x0000000086a00000|100%| O|  |TAMS 0x0000000086a00000, 0x0000000086900000| Untracked 
| 106|0x0000000086a00000, 0x0000000086b00000, 0x0000000086b00000|100%| O|  |TAMS 0x0000000086b00000, 0x0000000086a00000| Untracked 
| 107|0x0000000086b00000, 0x0000000086c00000, 0x0000000086c00000|100%| O|  |TAMS 0x0000000086c00000, 0x0000000086b00000| Untracked 
| 108|0x0000000086c00000, 0x0000000086d00000, 0x0000000086d00000|100%| O|  |TAMS 0x0000000086d00000, 0x0000000086c00000| Untracked 
| 109|0x0000000086d00000, 0x0000000086e00000, 0x0000000086e00000|100%| O|  |TAMS 0x0000000086e00000, 0x0000000086d00000| Untracked 
| 110|0x0000000086e00000, 0x0000000086f00000, 0x0000000086f00000|100%| O|  |TAMS 0x0000000086f00000, 0x0000000086e00000| Untracked 
| 111|0x0000000086f00000, 0x0000000087000000, 0x0000000087000000|100%| O|  |TAMS 0x0000000087000000, 0x0000000086f00000| Untracked 
| 112|0x0000000087000000, 0x0000000087100000, 0x0000000087100000|100%| O|  |TAMS 0x0000000087100000, 0x0000000087000000| Untracked 
| 113|0x0000000087100000, 0x0000000087200000, 0x0000000087200000|100%| O|  |TAMS 0x0000000087200000, 0x0000000087100000| Untracked 
| 114|0x0000000087200000, 0x0000000087300000, 0x0000000087300000|100%| O|  |TAMS 0x0000000087300000, 0x0000000087200000| Untracked 
| 115|0x0000000087300000, 0x0000000087400000, 0x0000000087400000|100%| O|  |TAMS 0x0000000087400000, 0x0000000087300000| Untracked 
| 116|0x0000000087400000, 0x0000000087500000, 0x0000000087500000|100%| O|  |TAMS 0x0000000087500000, 0x0000000087400000| Untracked 
| 117|0x0000000087500000, 0x0000000087600000, 0x0000000087600000|100%| O|  |TAMS 0x0000000087600000, 0x0000000087500000| Untracked 
| 118|0x0000000087600000, 0x0000000087700000, 0x0000000087700000|100%| O|  |TAMS 0x0000000087700000, 0x0000000087600000| Untracked 
| 119|0x0000000087700000, 0x0000000087800000, 0x0000000087800000|100%| O|  |TAMS 0x0000000087800000, 0x0000000087700000| Untracked 
| 120|0x0000000087800000, 0x0000000087900000, 0x0000000087900000|100%| O|  |TAMS 0x0000000087900000, 0x0000000087800000| Untracked 
| 121|0x0000000087900000, 0x0000000087a00000, 0x0000000087a00000|100%| O|  |TAMS 0x0000000087a00000, 0x0000000087900000| Untracked 
| 122|0x0000000087a00000, 0x0000000087b00000, 0x0000000087b00000|100%| O|  |TAMS 0x0000000087b00000, 0x0000000087a00000| Complete 
| 123|0x0000000087b00000, 0x0000000087c00000, 0x0000000087c00000|100%| O|  |TAMS 0x0000000087c00000, 0x0000000087b00000| Complete 
| 124|0x0000000087c00000, 0x0000000087d00000, 0x0000000087d00000|100%| O|  |TAMS 0x0000000087c9b600, 0x0000000087c00000| Untracked 
| 125|0x0000000087d00000, 0x0000000087e00000, 0x0000000087e00000|100%|HS|  |TAMS 0x0000000087d00000, 0x0000000087d00000| Complete 
| 126|0x0000000087e00000, 0x0000000087f00000, 0x0000000087f00000|100%|HC|  |TAMS 0x0000000087e00000, 0x0000000087e00000| Complete 
| 127|0x0000000087f00000, 0x0000000088000000, 0x0000000088000000|100%| O|  |TAMS 0x0000000088000000, 0x0000000087f00000| Untracked 
| 128|0x0000000088000000, 0x0000000088100000, 0x0000000088100000|100%| O|  |TAMS 0x0000000088100000, 0x0000000088000000| Untracked 
| 129|0x0000000088100000, 0x0000000088200000, 0x0000000088200000|100%| O|  |TAMS 0x0000000088200000, 0x0000000088100000| Complete 
| 130|0x0000000088200000, 0x0000000088300000, 0x0000000088300000|100%| O|  |TAMS 0x0000000088300000, 0x0000000088200000| Complete 
| 131|0x0000000088300000, 0x0000000088400000, 0x0000000088400000|100%| O|  |TAMS 0x0000000088300000, 0x0000000088300000| Untracked 
| 132|0x0000000088400000, 0x0000000088500000, 0x0000000088500000|100%| O|  |TAMS 0x0000000088500000, 0x0000000088400000| Complete 
| 133|0x0000000088500000, 0x0000000088600000, 0x0000000088600000|100%| O|  |TAMS 0x0000000088600000, 0x0000000088500000| Complete 
| 134|0x0000000088600000, 0x0000000088700000, 0x0000000088700000|100%| O|  |TAMS 0x0000000088700000, 0x0000000088600000| Complete 
| 135|0x0000000088700000, 0x0000000088800000, 0x0000000088800000|100%| O|  |TAMS 0x0000000088800000, 0x0000000088700000| Complete 
| 136|0x0000000088800000, 0x0000000088800000, 0x0000000088900000|  0%| F|  |TAMS 0x0000000088800000, 0x0000000088800000| Untracked 
| 137|0x0000000088900000, 0x0000000088a00000, 0x0000000088a00000|100%| O|  |TAMS 0x0000000088a00000, 0x0000000088900000| Complete 
| 138|0x0000000088a00000, 0x0000000088b00000, 0x0000000088b00000|100%| O|  |TAMS 0x0000000088a00000, 0x0000000088a00000| Untracked 
| 139|0x0000000088b00000, 0x0000000088c00000, 0x0000000088c00000|100%| O|  |TAMS 0x0000000088c00000, 0x0000000088b00000| Complete 
| 140|0x0000000088c00000, 0x0000000088d00000, 0x0000000088d00000|100%| O|  |TAMS 0x0000000088d00000, 0x0000000088c00000| Complete 
| 141|0x0000000088d00000, 0x0000000088e00000, 0x0000000088e00000|100%| O|  |TAMS 0x0000000088e00000, 0x0000000088d00000| Untracked 
| 142|0x0000000088e00000, 0x0000000088f00000, 0x0000000088f00000|100%| O|  |TAMS 0x0000000088f00000, 0x0000000088e00000| Untracked 
| 143|0x0000000088f00000, 0x0000000089000000, 0x0000000089000000|100%| O|  |TAMS 0x0000000089000000, 0x0000000088f00000| Untracked 
| 144|0x0000000089000000, 0x0000000089100000, 0x0000000089100000|100%| O|  |TAMS 0x0000000089100000, 0x0000000089000000| Untracked 
| 145|0x0000000089100000, 0x0000000089200000, 0x0000000089200000|100%| O|  |TAMS 0x0000000089200000, 0x0000000089100000| Complete 
| 146|0x0000000089200000, 0x0000000089300000, 0x0000000089300000|100%| O|  |TAMS 0x0000000089300000, 0x0000000089200000| Untracked 
| 147|0x0000000089300000, 0x0000000089400000, 0x0000000089400000|100%| O|  |TAMS 0x0000000089400000, 0x0000000089300000| Complete 
| 148|0x0000000089400000, 0x0000000089500000, 0x0000000089500000|100%| O|  |TAMS 0x0000000089500000, 0x0000000089400000| Untracked 
| 149|0x0000000089500000, 0x0000000089600000, 0x0000000089600000|100%| O|  |TAMS 0x0000000089600000, 0x0000000089500000| Complete 
| 150|0x0000000089600000, 0x0000000089700000, 0x0000000089700000|100%| O|  |TAMS 0x0000000089700000, 0x0000000089600000| Complete 
| 151|0x0000000089700000, 0x0000000089800000, 0x0000000089800000|100%| O|  |TAMS 0x0000000089800000, 0x0000000089700000| Complete 
| 152|0x0000000089800000, 0x0000000089900000, 0x0000000089900000|100%| O|  |TAMS 0x0000000089900000, 0x0000000089800000| Complete 
| 153|0x0000000089900000, 0x0000000089a00000, 0x0000000089a00000|100%| O|  |TAMS 0x0000000089a00000, 0x0000000089900000| Complete 
| 154|0x0000000089a00000, 0x0000000089b00000, 0x0000000089b00000|100%| O|  |TAMS 0x0000000089b00000, 0x0000000089a00000| Untracked 
| 155|0x0000000089b00000, 0x0000000089c00000, 0x0000000089c00000|100%| O|  |TAMS 0x0000000089c00000, 0x0000000089b00000| Untracked 
| 156|0x0000000089c00000, 0x0000000089d00000, 0x0000000089d00000|100%| O|  |TAMS 0x0000000089d00000, 0x0000000089c00000| Untracked 
| 157|0x0000000089d00000, 0x0000000089e00000, 0x0000000089e00000|100%| O|  |TAMS 0x0000000089e00000, 0x0000000089d00000| Untracked 
| 158|0x0000000089e00000, 0x0000000089f00000, 0x0000000089f00000|100%| O|  |TAMS 0x0000000089f00000, 0x0000000089e00000| Complete 
| 159|0x0000000089f00000, 0x000000008a000000, 0x000000008a000000|100%| O|  |TAMS 0x000000008a000000, 0x0000000089f00000| Untracked 
| 160|0x000000008a000000, 0x000000008a100000, 0x000000008a100000|100%| O|  |TAMS 0x000000008a100000, 0x000000008a000000| Complete 
| 161|0x000000008a100000, 0x000000008a200000, 0x000000008a200000|100%| O|  |TAMS 0x000000008a200000, 0x000000008a100000| Complete 
| 162|0x000000008a200000, 0x000000008a300000, 0x000000008a300000|100%| O|  |TAMS 0x000000008a300000, 0x000000008a200000| Complete 
| 163|0x000000008a300000, 0x000000008a400000, 0x000000008a400000|100%| O|  |TAMS 0x000000008a300000, 0x000000008a300000| Untracked 
| 164|0x000000008a400000, 0x000000008a500000, 0x000000008a500000|100%| O|  |TAMS 0x000000008a500000, 0x000000008a400000| Untracked 
| 165|0x000000008a500000, 0x000000008a600000, 0x000000008a600000|100%| O|  |TAMS 0x000000008a600000, 0x000000008a500000| Untracked 
| 166|0x000000008a600000, 0x000000008a700000, 0x000000008a700000|100%| O|  |TAMS 0x000000008a700000, 0x000000008a600000| Complete 
| 167|0x000000008a700000, 0x000000008a800000, 0x000000008a800000|100%| O|  |TAMS 0x000000008a800000, 0x000000008a700000| Complete 
| 168|0x000000008a800000, 0x000000008a900000, 0x000000008a900000|100%| O|  |TAMS 0x000000008a900000, 0x000000008a800000| Untracked 
| 169|0x000000008a900000, 0x000000008aa00000, 0x000000008aa00000|100%| O|  |TAMS 0x000000008aa00000, 0x000000008a900000| Complete 
| 170|0x000000008aa00000, 0x000000008ab00000, 0x000000008ab00000|100%| O|  |TAMS 0x000000008ab00000, 0x000000008aa00000| Complete 
| 171|0x000000008ab00000, 0x000000008ac00000, 0x000000008ac00000|100%| O|  |TAMS 0x000000008ac00000, 0x000000008ab00000| Untracked 
| 172|0x000000008ac00000, 0x000000008ad00000, 0x000000008ad00000|100%| O|  |TAMS 0x000000008ad00000, 0x000000008ac00000| Untracked 
| 173|0x000000008ad00000, 0x000000008ae00000, 0x000000008ae00000|100%| O|  |TAMS 0x000000008ae00000, 0x000000008ad00000| Untracked 
| 174|0x000000008ae00000, 0x000000008af00000, 0x000000008af00000|100%| O|  |TAMS 0x000000008af00000, 0x000000008ae00000| Untracked 
| 175|0x000000008af00000, 0x000000008b000000, 0x000000008b000000|100%| O|  |TAMS 0x000000008b000000, 0x000000008af00000| Complete 
| 176|0x000000008b000000, 0x000000008b000000, 0x000000008b100000|  0%| F|  |TAMS 0x000000008b000000, 0x000000008b000000| Untracked 
| 177|0x000000008b100000, 0x000000008b200000, 0x000000008b200000|100%| O|  |TAMS 0x000000008b100000, 0x000000008b100000| Untracked 
| 178|0x000000008b200000, 0x000000008b300000, 0x000000008b300000|100%| O|  |TAMS 0x000000008b300000, 0x000000008b200000| Untracked 
| 179|0x000000008b300000, 0x000000008b400000, 0x000000008b400000|100%| O|  |TAMS 0x000000008b400000, 0x000000008b300000| Untracked 
| 180|0x000000008b400000, 0x000000008b500000, 0x000000008b500000|100%| O|  |TAMS 0x000000008b500000, 0x000000008b400000| Untracked 
| 181|0x000000008b500000, 0x000000008b600000, 0x000000008b600000|100%| O|  |TAMS 0x000000008b600000, 0x000000008b500000| Untracked 
| 182|0x000000008b600000, 0x000000008b700000, 0x000000008b700000|100%| O|  |TAMS 0x000000008b700000, 0x000000008b600000| Untracked 
| 183|0x000000008b700000, 0x000000008b800000, 0x000000008b800000|100%| O|  |TAMS 0x000000008b800000, 0x000000008b700000| Untracked 
| 184|0x000000008b800000, 0x000000008b900000, 0x000000008b900000|100%| O|  |TAMS 0x000000008b900000, 0x000000008b800000| Untracked 
| 185|0x000000008b900000, 0x000000008ba00000, 0x000000008ba00000|100%| O|  |TAMS 0x000000008ba00000, 0x000000008b900000| Complete 
| 186|0x000000008ba00000, 0x000000008bb00000, 0x000000008bb00000|100%| O|  |TAMS 0x000000008bb00000, 0x000000008ba00000| Untracked 
| 187|0x000000008bb00000, 0x000000008bc00000, 0x000000008bc00000|100%| O|  |TAMS 0x000000008bc00000, 0x000000008bb00000| Complete 
| 188|0x000000008bc00000, 0x000000008bd00000, 0x000000008bd00000|100%| O|  |TAMS 0x000000008bd00000, 0x000000008bc00000| Complete 
| 189|0x000000008bd00000, 0x000000008be00000, 0x000000008be00000|100%| O|  |TAMS 0x000000008bd00000, 0x000000008bd00000| Untracked 
| 190|0x000000008be00000, 0x000000008be00000, 0x000000008bf00000|  0%| F|  |TAMS 0x000000008be00000, 0x000000008be00000| Untracked 
| 191|0x000000008bf00000, 0x000000008c000000, 0x000000008c000000|100%| O|  |TAMS 0x000000008c000000, 0x000000008bf00000| Complete 
| 192|0x000000008c000000, 0x000000008c100000, 0x000000008c100000|100%| O|  |TAMS 0x000000008c100000, 0x000000008c000000| Untracked 
| 193|0x000000008c100000, 0x000000008c200000, 0x000000008c200000|100%| O|  |TAMS 0x000000008c200000, 0x000000008c100000| Complete 
| 194|0x000000008c200000, 0x000000008c200000, 0x000000008c300000|  0%| F|  |TAMS 0x000000008c200000, 0x000000008c200000| Untracked 
| 195|0x000000008c300000, 0x000000008c400000, 0x000000008c400000|100%|HS|  |TAMS 0x000000008c300000, 0x000000008c300000| Complete 
| 196|0x000000008c400000, 0x000000008c500000, 0x000000008c500000|100%|HC|  |TAMS 0x000000008c400000, 0x000000008c400000| Complete 
| 197|0x000000008c500000, 0x000000008c600000, 0x000000008c600000|100%| O|  |TAMS 0x000000008c600000, 0x000000008c500000| Complete 
| 198|0x000000008c600000, 0x000000008c700000, 0x000000008c700000|100%| O|  |TAMS 0x000000008c700000, 0x000000008c600000| Complete 
| 199|0x000000008c700000, 0x000000008c800000, 0x000000008c800000|100%| O|  |TAMS 0x000000008c800000, 0x000000008c700000| Complete 
| 200|0x000000008c800000, 0x000000008c900000, 0x000000008c900000|100%| O|  |TAMS 0x000000008c900000, 0x000000008c800000| Untracked 
| 201|0x000000008c900000, 0x000000008ca00000, 0x000000008ca00000|100%| O|  |TAMS 0x000000008ca00000, 0x000000008c900000| Untracked 
| 202|0x000000008ca00000, 0x000000008cb00000, 0x000000008cb00000|100%| O|  |TAMS 0x000000008cb00000, 0x000000008ca00000| Untracked 
| 203|0x000000008cb00000, 0x000000008cc00000, 0x000000008cc00000|100%| O|  |TAMS 0x000000008cc00000, 0x000000008cb00000| Complete 
| 204|0x000000008cc00000, 0x000000008cd00000, 0x000000008cd00000|100%|HS|  |TAMS 0x000000008cc00000, 0x000000008cc00000| Complete 
| 205|0x000000008cd00000, 0x000000008ce00000, 0x000000008ce00000|100%|HC|  |TAMS 0x000000008cd00000, 0x000000008cd00000| Complete 
| 206|0x000000008ce00000, 0x000000008ce30200, 0x000000008cf00000| 18%| O|  |TAMS 0x000000008ce00000, 0x000000008ce00000| Untracked 
| 207|0x000000008cf00000, 0x000000008cf00000, 0x000000008d000000|  0%| F|  |TAMS 0x000000008cf00000, 0x000000008cf00000| Untracked 
| 208|0x000000008d000000, 0x000000008d000000, 0x000000008d100000|  0%| F|  |TAMS 0x000000008d000000, 0x000000008d000000| Untracked 
| 209|0x000000008d100000, 0x000000008d100000, 0x000000008d200000|  0%| F|  |TAMS 0x000000008d100000, 0x000000008d100000| Untracked 
| 210|0x000000008d200000, 0x000000008d200000, 0x000000008d300000|  0%| F|  |TAMS 0x000000008d200000, 0x000000008d200000| Untracked 
| 211|0x000000008d300000, 0x000000008d300000, 0x000000008d400000|  0%| F|  |TAMS 0x000000008d300000, 0x000000008d300000| Untracked 
| 212|0x000000008d400000, 0x000000008d400000, 0x000000008d500000|  0%| F|  |TAMS 0x000000008d400000, 0x000000008d400000| Untracked 
| 213|0x000000008d500000, 0x000000008d500000, 0x000000008d600000|  0%| F|  |TAMS 0x000000008d500000, 0x000000008d500000| Untracked 
| 214|0x000000008d600000, 0x000000008d600000, 0x000000008d700000|  0%| F|  |TAMS 0x000000008d600000, 0x000000008d600000| Untracked 
| 215|0x000000008d700000, 0x000000008d700000, 0x000000008d800000|  0%| F|  |TAMS 0x000000008d700000, 0x000000008d700000| Untracked 
| 216|0x000000008d800000, 0x000000008d800000, 0x000000008d900000|  0%| F|  |TAMS 0x000000008d800000, 0x000000008d800000| Untracked 
| 217|0x000000008d900000, 0x000000008d900000, 0x000000008da00000|  0%| F|  |TAMS 0x000000008d900000, 0x000000008d900000| Untracked 
| 218|0x000000008da00000, 0x000000008da00000, 0x000000008db00000|  0%| F|  |TAMS 0x000000008da00000, 0x000000008da00000| Untracked 
| 219|0x000000008db00000, 0x000000008db00000, 0x000000008dc00000|  0%| F|  |TAMS 0x000000008db00000, 0x000000008db00000| Untracked 
| 220|0x000000008dc00000, 0x000000008dc00000, 0x000000008dd00000|  0%| F|  |TAMS 0x000000008dc00000, 0x000000008dc00000| Untracked 
| 221|0x000000008dd00000, 0x000000008dd00000, 0x000000008de00000|  0%| F|  |TAMS 0x000000008dd00000, 0x000000008dd00000| Untracked 
| 222|0x000000008de00000, 0x000000008de00000, 0x000000008df00000|  0%| F|  |TAMS 0x000000008de00000, 0x000000008de00000| Untracked 
| 223|0x000000008df00000, 0x000000008df00000, 0x000000008e000000|  0%| F|  |TAMS 0x000000008df00000, 0x000000008df00000| Untracked 
| 224|0x000000008e000000, 0x000000008e000000, 0x000000008e100000|  0%| F|  |TAMS 0x000000008e000000, 0x000000008e000000| Untracked 
| 225|0x000000008e100000, 0x000000008e100000, 0x000000008e200000|  0%| F|  |TAMS 0x000000008e100000, 0x000000008e100000| Untracked 
| 226|0x000000008e200000, 0x000000008e200000, 0x000000008e300000|  0%| F|  |TAMS 0x000000008e200000, 0x000000008e200000| Untracked 
| 227|0x000000008e300000, 0x000000008e300000, 0x000000008e400000|  0%| F|  |TAMS 0x000000008e300000, 0x000000008e300000| Untracked 
| 228|0x000000008e400000, 0x000000008e400000, 0x000000008e500000|  0%| F|  |TAMS 0x000000008e400000, 0x000000008e400000| Untracked 
| 229|0x000000008e500000, 0x000000008e500000, 0x000000008e600000|  0%| F|  |TAMS 0x000000008e500000, 0x000000008e500000| Untracked 
| 230|0x000000008e600000, 0x000000008e600000, 0x000000008e700000|  0%| F|  |TAMS 0x000000008e600000, 0x000000008e600000| Untracked 
| 231|0x000000008e700000, 0x000000008e700000, 0x000000008e800000|  0%| F|  |TAMS 0x000000008e700000, 0x000000008e700000| Untracked 
| 232|0x000000008e800000, 0x000000008e800000, 0x000000008e900000|  0%| F|  |TAMS 0x000000008e800000, 0x000000008e800000| Untracked 
| 233|0x000000008e900000, 0x000000008e900000, 0x000000008ea00000|  0%| F|  |TAMS 0x000000008e900000, 0x000000008e900000| Untracked 
| 234|0x000000008ea00000, 0x000000008ea00000, 0x000000008eb00000|  0%| F|  |TAMS 0x000000008ea00000, 0x000000008ea00000| Untracked 
| 235|0x000000008eb00000, 0x000000008eb00000, 0x000000008ec00000|  0%| F|  |TAMS 0x000000008eb00000, 0x000000008eb00000| Untracked 
| 236|0x000000008ec00000, 0x000000008ec00000, 0x000000008ed00000|  0%| F|  |TAMS 0x000000008ec00000, 0x000000008ec00000| Untracked 
| 237|0x000000008ed00000, 0x000000008ed00000, 0x000000008ee00000|  0%| F|  |TAMS 0x000000008ed00000, 0x000000008ed00000| Untracked 
| 238|0x000000008ee00000, 0x000000008ee00000, 0x000000008ef00000|  0%| F|  |TAMS 0x000000008ee00000, 0x000000008ee00000| Untracked 
| 239|0x000000008ef00000, 0x000000008ef00000, 0x000000008f000000|  0%| F|  |TAMS 0x000000008ef00000, 0x000000008ef00000| Untracked 
| 240|0x000000008f000000, 0x000000008f000000, 0x000000008f100000|  0%| F|  |TAMS 0x000000008f000000, 0x000000008f000000| Untracked 
| 241|0x000000008f100000, 0x000000008f100000, 0x000000008f200000|  0%| F|  |TAMS 0x000000008f100000, 0x000000008f100000| Untracked 
| 242|0x000000008f200000, 0x000000008f200000, 0x000000008f300000|  0%| F|  |TAMS 0x000000008f200000, 0x000000008f200000| Untracked 
| 243|0x000000008f300000, 0x000000008f300000, 0x000000008f400000|  0%| F|  |TAMS 0x000000008f300000, 0x000000008f300000| Untracked 
| 244|0x000000008f400000, 0x000000008f400000, 0x000000008f500000|  0%| F|  |TAMS 0x000000008f400000, 0x000000008f400000| Untracked 
| 245|0x000000008f500000, 0x000000008f500000, 0x000000008f600000|  0%| F|  |TAMS 0x000000008f500000, 0x000000008f500000| Untracked 
| 246|0x000000008f600000, 0x000000008f600000, 0x000000008f700000|  0%| F|  |TAMS 0x000000008f600000, 0x000000008f600000| Untracked 
| 247|0x000000008f700000, 0x000000008f700000, 0x000000008f800000|  0%| F|  |TAMS 0x000000008f700000, 0x000000008f700000| Untracked 
| 248|0x000000008f800000, 0x000000008f800000, 0x000000008f900000|  0%| F|  |TAMS 0x000000008f800000, 0x000000008f800000| Untracked 
| 249|0x000000008f900000, 0x000000008f900000, 0x000000008fa00000|  0%| F|  |TAMS 0x000000008f900000, 0x000000008f900000| Untracked 
| 250|0x000000008fa00000, 0x000000008fa00000, 0x000000008fb00000|  0%| F|  |TAMS 0x000000008fa00000, 0x000000008fa00000| Untracked 
| 251|0x000000008fb00000, 0x000000008fb00000, 0x000000008fc00000|  0%| F|  |TAMS 0x000000008fb00000, 0x000000008fb00000| Untracked 
| 252|0x000000008fc00000, 0x000000008fc00000, 0x000000008fd00000|  0%| F|  |TAMS 0x000000008fc00000, 0x000000008fc00000| Untracked 
| 253|0x000000008fd00000, 0x000000008fd00000, 0x000000008fe00000|  0%| F|  |TAMS 0x000000008fd00000, 0x000000008fd00000| Untracked 
| 254|0x000000008fe00000, 0x000000008fe00000, 0x000000008ff00000|  0%| F|  |TAMS 0x000000008fe00000, 0x000000008fe00000| Untracked 
| 255|0x000000008ff00000, 0x000000008ff00000, 0x0000000090000000|  0%| F|  |TAMS 0x000000008ff00000, 0x000000008ff00000| Untracked 
| 256|0x0000000090000000, 0x0000000090000000, 0x0000000090100000|  0%| F|  |TAMS 0x0000000090000000, 0x0000000090000000| Untracked 
| 257|0x0000000090100000, 0x0000000090100000, 0x0000000090200000|  0%| F|  |TAMS 0x0000000090100000, 0x0000000090100000| Untracked 
| 258|0x0000000090200000, 0x0000000090200000, 0x0000000090300000|  0%| F|  |TAMS 0x0000000090200000, 0x0000000090200000| Untracked 
| 259|0x0000000090300000, 0x0000000090300000, 0x0000000090400000|  0%| F|  |TAMS 0x0000000090300000, 0x0000000090300000| Untracked 
| 260|0x0000000090400000, 0x0000000090400000, 0x0000000090500000|  0%| F|  |TAMS 0x0000000090400000, 0x0000000090400000| Untracked 
| 261|0x0000000090500000, 0x0000000090500000, 0x0000000090600000|  0%| F|  |TAMS 0x0000000090500000, 0x0000000090500000| Untracked 
| 262|0x0000000090600000, 0x0000000090600000, 0x0000000090700000|  0%| F|  |TAMS 0x0000000090600000, 0x0000000090600000| Untracked 
| 263|0x0000000090700000, 0x0000000090700000, 0x0000000090800000|  0%| F|  |TAMS 0x0000000090700000, 0x0000000090700000| Untracked 
| 264|0x0000000090800000, 0x0000000090800000, 0x0000000090900000|  0%| F|  |TAMS 0x0000000090800000, 0x0000000090800000| Untracked 
| 265|0x0000000090900000, 0x0000000090900000, 0x0000000090a00000|  0%| F|  |TAMS 0x0000000090900000, 0x0000000090900000| Untracked 
| 266|0x0000000090a00000, 0x0000000090a00000, 0x0000000090b00000|  0%| F|  |TAMS 0x0000000090a00000, 0x0000000090a00000| Untracked 
| 267|0x0000000090b00000, 0x0000000090b00000, 0x0000000090c00000|  0%| F|  |TAMS 0x0000000090b00000, 0x0000000090b00000| Untracked 
| 268|0x0000000090c00000, 0x0000000090c00000, 0x0000000090d00000|  0%| F|  |TAMS 0x0000000090c00000, 0x0000000090c00000| Untracked 
| 269|0x0000000090d00000, 0x0000000090d00000, 0x0000000090e00000|  0%| F|  |TAMS 0x0000000090d00000, 0x0000000090d00000| Untracked 
| 270|0x0000000090e00000, 0x0000000090e00000, 0x0000000090f00000|  0%| F|  |TAMS 0x0000000090e00000, 0x0000000090e00000| Untracked 
| 271|0x0000000090f00000, 0x0000000090f00000, 0x0000000091000000|  0%| F|  |TAMS 0x0000000090f00000, 0x0000000090f00000| Untracked 
| 272|0x0000000091000000, 0x0000000091000000, 0x0000000091100000|  0%| F|  |TAMS 0x0000000091000000, 0x0000000091000000| Untracked 
| 273|0x0000000091100000, 0x0000000091100000, 0x0000000091200000|  0%| F|  |TAMS 0x0000000091100000, 0x0000000091100000| Untracked 
| 274|0x0000000091200000, 0x0000000091200000, 0x0000000091300000|  0%| F|  |TAMS 0x0000000091200000, 0x0000000091200000| Untracked 
| 275|0x0000000091300000, 0x0000000091300000, 0x0000000091400000|  0%| F|  |TAMS 0x0000000091300000, 0x0000000091300000| Untracked 
| 276|0x0000000091400000, 0x0000000091400000, 0x0000000091500000|  0%| F|  |TAMS 0x0000000091400000, 0x0000000091400000| Untracked 
| 277|0x0000000091500000, 0x0000000091500000, 0x0000000091600000|  0%| F|  |TAMS 0x0000000091500000, 0x0000000091500000| Untracked 
| 278|0x0000000091600000, 0x0000000091600000, 0x0000000091700000|  0%| F|  |TAMS 0x0000000091600000, 0x0000000091600000| Untracked 
| 279|0x0000000091700000, 0x0000000091700000, 0x0000000091800000|  0%| F|  |TAMS 0x0000000091700000, 0x0000000091700000| Untracked 
| 280|0x0000000091800000, 0x0000000091800000, 0x0000000091900000|  0%| F|  |TAMS 0x0000000091800000, 0x0000000091800000| Untracked 
| 281|0x0000000091900000, 0x0000000091900000, 0x0000000091a00000|  0%| F|  |TAMS 0x0000000091900000, 0x0000000091900000| Untracked 
| 282|0x0000000091a00000, 0x0000000091a00000, 0x0000000091b00000|  0%| F|  |TAMS 0x0000000091a00000, 0x0000000091a00000| Untracked 
| 283|0x0000000091b00000, 0x0000000091b00000, 0x0000000091c00000|  0%| F|  |TAMS 0x0000000091b00000, 0x0000000091b00000| Untracked 
| 284|0x0000000091c00000, 0x0000000091c00000, 0x0000000091d00000|  0%| F|  |TAMS 0x0000000091c00000, 0x0000000091c00000| Untracked 
| 285|0x0000000091d00000, 0x0000000091d00000, 0x0000000091e00000|  0%| F|  |TAMS 0x0000000091d00000, 0x0000000091d00000| Untracked 
| 286|0x0000000091e00000, 0x0000000091e00000, 0x0000000091f00000|  0%| F|  |TAMS 0x0000000091e00000, 0x0000000091e00000| Untracked 
| 287|0x0000000091f00000, 0x0000000091f00000, 0x0000000092000000|  0%| F|  |TAMS 0x0000000091f00000, 0x0000000091f00000| Untracked 
| 288|0x0000000092000000, 0x0000000092000000, 0x0000000092100000|  0%| F|  |TAMS 0x0000000092000000, 0x0000000092000000| Untracked 
| 289|0x0000000092100000, 0x0000000092100000, 0x0000000092200000|  0%| F|  |TAMS 0x0000000092100000, 0x0000000092100000| Untracked 
| 290|0x0000000092200000, 0x0000000092200000, 0x0000000092300000|  0%| F|  |TAMS 0x0000000092200000, 0x0000000092200000| Untracked 
| 291|0x0000000092300000, 0x0000000092300000, 0x0000000092400000|  0%| F|  |TAMS 0x0000000092300000, 0x0000000092300000| Untracked 
| 292|0x0000000092400000, 0x0000000092400000, 0x0000000092500000|  0%| F|  |TAMS 0x0000000092400000, 0x0000000092400000| Untracked 
| 293|0x0000000092500000, 0x0000000092500000, 0x0000000092600000|  0%| F|  |TAMS 0x0000000092500000, 0x0000000092500000| Untracked 
| 294|0x0000000092600000, 0x0000000092600000, 0x0000000092700000|  0%| F|  |TAMS 0x0000000092600000, 0x0000000092600000| Untracked 
| 295|0x0000000092700000, 0x0000000092700000, 0x0000000092800000|  0%| F|  |TAMS 0x0000000092700000, 0x0000000092700000| Untracked 
| 296|0x0000000092800000, 0x0000000092800000, 0x0000000092900000|  0%| F|  |TAMS 0x0000000092800000, 0x0000000092800000| Untracked 
| 297|0x0000000092900000, 0x0000000092900000, 0x0000000092a00000|  0%| F|  |TAMS 0x0000000092900000, 0x0000000092900000| Untracked 
| 298|0x0000000092a00000, 0x0000000092a00000, 0x0000000092b00000|  0%| F|  |TAMS 0x0000000092a00000, 0x0000000092a00000| Untracked 
| 299|0x0000000092b00000, 0x0000000092c00000, 0x0000000092c00000|100%| S|CS|TAMS 0x0000000092b00000, 0x0000000092b00000| Complete 
| 300|0x0000000092c00000, 0x0000000092d00000, 0x0000000092d00000|100%| S|CS|TAMS 0x0000000092c00000, 0x0000000092c00000| Complete 
| 301|0x0000000092d00000, 0x0000000092d00000, 0x0000000092e00000|  0%| F|  |TAMS 0x0000000092d00000, 0x0000000092d00000| Untracked 
| 302|0x0000000092e00000, 0x0000000092e00000, 0x0000000092f00000|  0%| F|  |TAMS 0x0000000092e00000, 0x0000000092e00000| Untracked 
| 303|0x0000000092f00000, 0x0000000092f00000, 0x0000000093000000|  0%| F|  |TAMS 0x0000000092f00000, 0x0000000092f00000| Untracked 
| 304|0x0000000093000000, 0x0000000093000000, 0x0000000093100000|  0%| F|  |TAMS 0x0000000093000000, 0x0000000093000000| Untracked 
| 305|0x0000000093100000, 0x0000000093100000, 0x0000000093200000|  0%| F|  |TAMS 0x0000000093100000, 0x0000000093100000| Untracked 
| 306|0x0000000093200000, 0x0000000093200000, 0x0000000093300000|  0%| F|  |TAMS 0x0000000093200000, 0x0000000093200000| Untracked 
| 307|0x0000000093300000, 0x0000000093300000, 0x0000000093400000|  0%| F|  |TAMS 0x0000000093300000, 0x0000000093300000| Untracked 
| 308|0x0000000093400000, 0x0000000093400000, 0x0000000093500000|  0%| F|  |TAMS 0x0000000093400000, 0x0000000093400000| Untracked 
| 309|0x0000000093500000, 0x0000000093500000, 0x0000000093600000|  0%| F|  |TAMS 0x0000000093500000, 0x0000000093500000| Untracked 

Card table byte_map: [0x00000208f99d0000,0x00000208f9dd0000] _byte_map_base: 0x00000208f95d0000

Marking Bits (Prev, Next): (CMBitMap*) 0x00000208e6b1d618, (CMBitMap*) 0x00000208e6b1d650
 Prev Bits: [0x00000208fa1d0000, 0x00000208fc1d0000)
 Next Bits: [0x00000208fc1d0000, 0x00000208fe1d0000)

Polling page: 0x00000208e62c0000

Metaspace:

Usage:
  Non-class:     85.04 MB capacity,    83.62 MB ( 98%) used,     1.13 MB (  1%) free+waste,   294.88 KB ( <1%) overhead. 
      Class:     13.42 MB capacity,    12.55 MB ( 94%) used,   753.74 KB (  5%) free+waste,   130.50 KB ( <1%) overhead. 
       Both:     98.46 MB capacity,    96.17 MB ( 98%) used,     1.87 MB (  2%) free+waste,   425.38 KB ( <1%) overhead. 

Virtual space:
  Non-class space:       86.00 MB reserved,      85.25 MB (>99%) committed 
      Class space:        1.00 GB reserved,      13.45 MB (  1%) committed 
             Both:        1.08 GB reserved,      98.70 MB (  9%) committed 

Chunk freelists:
   Non-Class:  24.00 KB
       Class:  20.00 KB
        Both:  44.00 KB

MaxMetaspaceSize: 17179869184.00 GB
CompressedClassSpaceSize: 1.00 GB

CodeHeap 'non-profiled nmethods': size=120064Kb used=6368Kb max_used=6368Kb free=113695Kb
 bounds [0x00000208f2090000, 0x00000208f26d0000, 0x00000208f95d0000]
CodeHeap 'profiled nmethods': size=120000Kb used=25572Kb max_used=25572Kb free=94427Kb
 bounds [0x00000208eab60000, 0x00000208ec460000, 0x00000208f2090000]
CodeHeap 'non-nmethods': size=5696Kb used=2324Kb max_used=2369Kb free=3371Kb
 bounds [0x00000208ea5d0000, 0x00000208ea840000, 0x00000208eab60000]
 total_blobs=13823 nmethods=12905 adapters=827
 compilation: enabled
              stopped_count=0, restarted_count=0
 full_count=0

Compilation events (20 events):
Event: 27.761 Thread 0x00000208fe6f0800 13132       2       com.android.tools.r8.internal.Uu::a (40 bytes)
Event: 27.761 Thread 0x00000208fe6f0800 nmethod 13132 0x00000208ec455310 code [0x00000208ec4554e0, 0x00000208ec455768]
Event: 27.761 Thread 0x00000208fe6f0800 13135       2       com.google.common.base.Preconditions::checkArgument (39 bytes)
Event: 27.761 Thread 0x00000208fe6f0800 nmethod 13135 0x00000208ec455990 code [0x00000208ec455b80, 0x00000208ec4560b8]
Event: 27.761 Thread 0x00000208fe6f0800 13133       1       com.google.common.collect.Tables$ImmutableCell::getValue (5 bytes)
Event: 27.762 Thread 0x00000208fe6f0800 nmethod 13133 0x00000208f26c7f10 code [0x00000208f26c80c0, 0x00000208f26c8178]
Event: 27.762 Thread 0x00000208fe6f0800 13134       2       com.google.common.collect.RegularImmutableTable::checkNoDuplicate (20 bytes)
Event: 27.762 Thread 0x00000208fe6f0800 nmethod 13134 0x00000208ec456310 code [0x00000208ec4564c0, 0x00000208ec456608]
Event: 27.762 Thread 0x00000208fe6f0800 13136       2       com.android.tools.r8.internal.pa::a (21 bytes)
Event: 27.762 Thread 0x00000208fe6f0800 nmethod 13136 0x00000208ec456710 code [0x00000208ec4568c0, 0x00000208ec4569e8]
Event: 27.762 Thread 0x00000208fe6f0800 13137       2       com.android.tools.r8.internal.pa::a (8 bytes)
Event: 27.762 Thread 0x00000208fe6f0800 nmethod 13137 0x00000208ec456b10 code [0x00000208ec456cc0, 0x00000208ec456de8]
Event: 27.762 Thread 0x00000208fe6f0800 13138       2       com.android.tools.r8.internal.Rz::a (176 bytes)
Event: 27.762 Thread 0x00000208fe6f0800 nmethod 13138 0x00000208ec456e90 code [0x00000208ec4570c0, 0x00000208ec457568]
Event: 27.764 Thread 0x00000208fe6f0800 13140 %     3       com.android.tools.r8.internal.Rz::a @ 73 (109 bytes)
Event: 27.764 Thread 0x00000208fe6f0800 nmethod 13140% 0x00000208ec457890 code [0x00000208ec457aa0, 0x00000208ec458008]
Event: 27.764 Thread 0x00000208fe6f0800 13141       3       com.android.tools.r8.internal.Rz::a (109 bytes)
Event: 27.765 Thread 0x00000208fe6f0800 nmethod 13141 0x00000208ec458290 code [0x00000208ec458480, 0x00000208ec458968]
Event: 27.767 Thread 0x00000208fe6f0800 13143       2       com.google.common.collect.ImmutableMapEntry$NonTerminalImmutableMapEntry::<init> (12 bytes)
Event: 27.768 Thread 0x00000208fe6f0800 nmethod 13143 0x00000208ec458c10 code [0x00000208ec458de0, 0x00000208ec459028]

GC Heap History (20 events):
Event: 23.064 GC heap after
{Heap after GC invocations=30 (full 0):
 garbage-first heap   total 264192K, used 171008K [0x0000000080000000, 0x0000000100000000)
  region size 1024K, 3 young (3072K), 3 survivors (3072K)
 Metaspace       used 94731K, capacity 96925K, committed 97228K, reserved 1132544K
  class space    used 12352K, capacity 13167K, committed 13260K, reserved 1048576K
}
Event: 23.597 GC heap before
{Heap before GC invocations=31 (full 0):
 garbage-first heap   total 264192K, used 200704K [0x0000000080000000, 0x0000000100000000)
  region size 1024K, 32 young (32768K), 3 survivors (3072K)
 Metaspace       used 94738K, capacity 96989K, committed 97228K, reserved 1132544K
  class space    used 12352K, capacity 13167K, committed 13260K, reserved 1048576K
}
Event: 23.617 GC heap after
{Heap after GC invocations=32 (full 0):
 garbage-first heap   total 264192K, used 186368K [0x0000000080000000, 0x0000000100000000)
  region size 1024K, 4 young (4096K), 4 survivors (4096K)
 Metaspace       used 94738K, capacity 96989K, committed 97228K, reserved 1132544K
  class space    used 12352K, capacity 13167K, committed 13260K, reserved 1048576K
}
Event: 23.780 GC heap before
{Heap before GC invocations=32 (full 0):
 garbage-first heap   total 264192K, used 208896K [0x0000000080000000, 0x0000000100000000)
  region size 1024K, 27 young (27648K), 4 survivors (4096K)
 Metaspace       used 94740K, capacity 96989K, committed 97228K, reserved 1132544K
  class space    used 12352K, capacity 13167K, committed 13260K, reserved 1048576K
}
Event: 23.797 GC heap after
{Heap after GC invocations=33 (full 0):
 garbage-first heap   total 264192K, used 199168K [0x0000000080000000, 0x0000000100000000)
  region size 1024K, 4 young (4096K), 4 survivors (4096K)
 Metaspace       used 94740K, capacity 96989K, committed 97228K, reserved 1132544K
  class space    used 12352K, capacity 13167K, committed 13260K, reserved 1048576K
}
Event: 24.575 GC heap before
{Heap before GC invocations=33 (full 0):
 garbage-first heap   total 264192K, used 215552K [0x0000000080000000, 0x0000000100000000)
  region size 1024K, 21 young (21504K), 4 survivors (4096K)
 Metaspace       used 96496K, capacity 98677K, committed 99020K, reserved 1134592K
  class space    used 12605K, capacity 13425K, committed 13516K, reserved 1048576K
}
Event: 24.594 GC heap after
{Heap after GC invocations=34 (full 0):
 garbage-first heap   total 264192K, used 204800K [0x0000000080000000, 0x0000000100000000)
  region size 1024K, 3 young (3072K), 3 survivors (3072K)
 Metaspace       used 96496K, capacity 98677K, committed 99020K, reserved 1134592K
  class space    used 12605K, capacity 13425K, committed 13516K, reserved 1048576K
}
Event: 24.728 GC heap before
{Heap before GC invocations=35 (full 0):
 garbage-first heap   total 264192K, used 220160K [0x0000000080000000, 0x0000000100000000)
  region size 1024K, 19 young (19456K), 3 survivors (3072K)
 Metaspace       used 96585K, capacity 98784K, committed 99020K, reserved 1134592K
  class space    used 12615K, capacity 13435K, committed 13516K, reserved 1048576K
}
Event: 24.744 GC heap after
{Heap after GC invocations=36 (full 0):
 garbage-first heap   total 264192K, used 208218K [0x0000000080000000, 0x0000000100000000)
  region size 1024K, 3 young (3072K), 3 survivors (3072K)
 Metaspace       used 96585K, capacity 98784K, committed 99020K, reserved 1134592K
  class space    used 12615K, capacity 13435K, committed 13516K, reserved 1048576K
}
Event: 25.233 GC heap before
{Heap before GC invocations=36 (full 0):
 garbage-first heap   total 264192K, used 222554K [0x0000000080000000, 0x0000000100000000)
  region size 1024K, 18 young (18432K), 3 survivors (3072K)
 Metaspace       used 97137K, capacity 99549K, committed 99660K, reserved 1134592K
  class space    used 12707K, capacity 13585K, committed 13644K, reserved 1048576K
}
Event: 25.249 GC heap after
{Heap after GC invocations=37 (full 0):
 garbage-first heap   total 317440K, used 210695K [0x0000000080000000, 0x0000000100000000)
  region size 1024K, 3 young (3072K), 3 survivors (3072K)
 Metaspace       used 97137K, capacity 99549K, committed 99660K, reserved 1134592K
  class space    used 12707K, capacity 13585K, committed 13644K, reserved 1048576K
}
Event: 26.046 GC heap before
{Heap before GC invocations=38 (full 0):
 garbage-first heap   total 317440K, used 232199K [0x0000000080000000, 0x0000000100000000)
  region size 1024K, 35 young (35840K), 3 survivors (3072K)
 Metaspace       used 97597K, capacity 100017K, committed 100300K, reserved 1136640K
  class space    used 12763K, capacity 13651K, committed 13772K, reserved 1048576K
}
Event: 26.054 GC heap after
{Heap after GC invocations=39 (full 0):
 garbage-first heap   total 317440K, used 202041K [0x0000000080000000, 0x0000000100000000)
  region size 1024K, 5 young (5120K), 5 survivors (5120K)
 Metaspace       used 97597K, capacity 100017K, committed 100300K, reserved 1136640K
  class space    used 12763K, capacity 13651K, committed 13772K, reserved 1048576K
}
Event: 26.235 GC heap before
{Heap before GC invocations=39 (full 0):
 garbage-first heap   total 317440K, used 212281K [0x0000000080000000, 0x0000000100000000)
  region size 1024K, 15 young (15360K), 5 survivors (5120K)
 Metaspace       used 97680K, capacity 100097K, committed 100300K, reserved 1136640K
  class space    used 12769K, capacity 13652K, committed 13772K, reserved 1048576K
}
Event: 26.271 GC heap after
{Heap after GC invocations=40 (full 0):
 garbage-first heap   total 317440K, used 193802K [0x0000000080000000, 0x0000000100000000)
  region size 1024K, 2 young (2048K), 2 survivors (2048K)
 Metaspace       used 97680K, capacity 100097K, committed 100300K, reserved 1136640K
  class space    used 12769K, capacity 13652K, committed 13772K, reserved 1048576K
}
Event: 26.387 GC heap before
{Heap before GC invocations=40 (full 0):
 garbage-first heap   total 317440K, used 203018K [0x0000000080000000, 0x0000000100000000)
  region size 1024K, 12 young (12288K), 2 survivors (2048K)
 Metaspace       used 97690K, capacity 100098K, committed 100300K, reserved 1136640K
  class space    used 12769K, capacity 13652K, committed 13772K, reserved 1048576K
}
Event: 26.404 GC heap after
{Heap after GC invocations=41 (full 0):
 garbage-first heap   total 317440K, used 194103K [0x0000000080000000, 0x0000000100000000)
  region size 1024K, 2 young (2048K), 2 survivors (2048K)
 Metaspace       used 97690K, capacity 100098K, committed 100300K, reserved 1136640K
  class space    used 12769K, capacity 13652K, committed 13772K, reserved 1048576K
}
Event: 27.457 GC heap before
{Heap before GC invocations=42 (full 0):
 garbage-first heap   total 317440K, used 245303K [0x0000000080000000, 0x0000000100000000)
  region size 1024K, 46 young (47104K), 2 survivors (2048K)
 Metaspace       used 97888K, capacity 100298K, committed 100556K, reserved 1136640K
  class space    used 12788K, capacity 13695K, committed 13772K, reserved 1048576K
}
Event: 27.474 GC heap after
{Heap after GC invocations=43 (full 0):
 garbage-first heap   total 317440K, used 204638K [0x0000000080000000, 0x0000000100000000)
  region size 1024K, 6 young (6144K), 6 survivors (6144K)
 Metaspace       used 97888K, capacity 100298K, committed 100556K, reserved 1136640K
  class space    used 12788K, capacity 13695K, committed 13772K, reserved 1048576K
}
Event: 27.768 GC heap before
{Heap before GC invocations=43 (full 0):
 garbage-first heap   total 317440K, used 216926K [0x0000000080000000, 0x0000000100000000)
  region size 1024K, 15 young (15360K), 6 survivors (6144K)
 Metaspace       used 98482K, capacity 100820K, committed 101068K, reserved 1136640K
  class space    used 12855K, capacity 13740K, committed 13772K, reserved 1048576K
}

Deoptimization events (20 events):
Event: 27.733 Thread 0x0000020889b10000 DEOPT PACKING pc=0x00000208ec3f4d61 sp=0x0000008fdddfe910
Event: 27.733 Thread 0x0000020889b10000 DEOPT UNPACKING pc=0x00000208ea5f8ede sp=0x0000008fdddfde00 mode 0
Event: 27.739 Thread 0x0000020889b10000 DEOPT PACKING pc=0x00000208ec3f4d61 sp=0x0000008fdddfe910
Event: 27.739 Thread 0x0000020889b10000 DEOPT UNPACKING pc=0x00000208ea5f8ede sp=0x0000008fdddfde00 mode 0
Event: 27.741 Thread 0x0000020889b10000 Uncommon trap: trap_request=0xffffffc6 fr.pc=0x00000208f26bdb20 relative=0x0000000000001540
Event: 27.741 Thread 0x0000020889b10000 Uncommon trap: reason=bimorphic_or_optimized_type_check action=maybe_recompile pc=0x00000208f26bdb20 method=java.util.TimSort.mergeHi(IIII)V @ 227 c2
Event: 27.741 Thread 0x0000020889b10000 DEOPT PACKING pc=0x00000208f26bdb20 sp=0x0000008fdddfe950
Event: 27.742 Thread 0x0000020889b10000 DEOPT UNPACKING pc=0x00000208ea5d83af sp=0x0000008fdddfe908 mode 2
Event: 27.743 Thread 0x0000020889b10000 Uncommon trap: trap_request=0xffffffc6 fr.pc=0x00000208f26bdb20 relative=0x0000000000001540
Event: 27.743 Thread 0x0000020889b10000 Uncommon trap: reason=bimorphic_or_optimized_type_check action=maybe_recompile pc=0x00000208f26bdb20 method=java.util.TimSort.mergeHi(IIII)V @ 227 c2
Event: 27.743 Thread 0x0000020889b10000 DEOPT PACKING pc=0x00000208f26bdb20 sp=0x0000008fdddfe950
Event: 27.743 Thread 0x0000020889b10000 DEOPT UNPACKING pc=0x00000208ea5d83af sp=0x0000008fdddfe908 mode 2
Event: 27.743 Thread 0x0000020889b10000 Uncommon trap: trap_request=0xffffffc6 fr.pc=0x00000208f26bdb20 relative=0x0000000000001540
Event: 27.743 Thread 0x0000020889b10000 Uncommon trap: reason=bimorphic_or_optimized_type_check action=maybe_recompile pc=0x00000208f26bdb20 method=java.util.TimSort.mergeHi(IIII)V @ 227 c2
Event: 27.743 Thread 0x0000020889b10000 DEOPT PACKING pc=0x00000208f26bdb20 sp=0x0000008fdddfe950
Event: 27.743 Thread 0x0000020889b10000 DEOPT UNPACKING pc=0x00000208ea5d83af sp=0x0000008fdddfe908 mode 2
Event: 27.744 Thread 0x0000020889b10000 Uncommon trap: trap_request=0xffffffc6 fr.pc=0x00000208f26bdb20 relative=0x0000000000001540
Event: 27.744 Thread 0x0000020889b10000 Uncommon trap: reason=bimorphic_or_optimized_type_check action=maybe_recompile pc=0x00000208f26bdb20 method=java.util.TimSort.mergeHi(IIII)V @ 227 c2
Event: 27.745 Thread 0x0000020889b10000 DEOPT PACKING pc=0x00000208f26bdb20 sp=0x0000008fdddfe950
Event: 27.745 Thread 0x0000020889b10000 DEOPT UNPACKING pc=0x00000208ea5d83af sp=0x0000008fdddfe908 mode 2

Classes redefined (0 events):
No events

Internal exceptions (20 events):
Event: 21.601 Thread 0x0000020889b09800 Exception <a 'java/lang/NoSuchMethodError'{0x000000008c69e348}: 'java.lang.Object java.lang.invoke.DirectMethodHandle$Holder.invokeStatic(java.lang.Object, java.lang.Object, java.lang.Object, java.lang.Object, java.lang.Object, java.lang.Object, java.lang.Object, java.lang.Object, java.lang.Object, java.lang.Object, java.lang.Object, java.lang.Object, java.lang.Object, java.lang.Object, java.lang.Object, java.lang.Object, java.lang.Object, java.lang.Object, int, java.lang.Object)'> (0x000000008c69e348) thr
Event: 21.601 Thread 0x0000020889b09800 Exception <a 'java/lang/NoSuchMethodError'{0x000000008c6a3bd8}: 'java.lang.Object java.lang.invoke.DirectMethodHandle$Holder.invokeStaticInit(java.lang.Object, java.lang.Object, java.lang.Object, java.lang.Object, java.lang.Object, java.lang.Object, java.lang.Object, java.lang.Object, java.lang.Object, java.lang.Object, java.lang.Object, java.lang.Object, java.lang.Object, java.lang.Object, java.lang.Object, java.lang.Object, java.lang.Object, java.lang.Object, int, java.lang.Object)'> (0x000000008c6a3bd8)
Event: 22.551 Thread 0x0000020889b10000 Exception <a 'java/lang/IncompatibleClassChangeError'{0x000000008c5c3450}: Found class java.lang.Object, but interface was expected> (0x000000008c5c3450) thrown at [./src/hotspot/share/interpreter/linkResolver.cpp, line 839]
Event: 22.551 Thread 0x0000020889b14000 Exception <a 'java/lang/IncompatibleClassChangeError'{0x000000008c6a75c8}: Found class java.lang.Object, but interface was expected> (0x000000008c6a75c8) thrown at [./src/hotspot/share/interpreter/linkResolver.cpp, line 839]
Event: 22.558 Thread 0x0000020889b0d000 Exception <a 'java/lang/NoSuchMethodError'{0x000000008c4002a8}: 'java.lang.Object java.lang.invoke.DirectMethodHandle$Holder.newInvokeSpecial(java.lang.Object, int)'> (0x000000008c4002a8) thrown at [./src/hotspot/share/interpreter/linkResolver.cpp, line 773]
Event: 22.573 Thread 0x0000020889b10000 Exception <a 'java/lang/IncompatibleClassChangeError'{0x000000008c5fd5f0}: Found class java.lang.Object, but interface was expected> (0x000000008c5fd5f0) thrown at [./src/hotspot/share/interpreter/linkResolver.cpp, line 839]
Event: 22.574 Thread 0x0000020889b10000 Exception <a 'java/lang/IncompatibleClassChangeError'{0x000000008c42d5e0}: Found class java.lang.Object, but interface was expected> (0x000000008c42d5e0) thrown at [./src/hotspot/share/interpreter/linkResolver.cpp, line 839]
Event: 23.920 Thread 0x0000020889b09800 Exception <a 'java/lang/NoSuchMethodError'{0x000000008f948260}: 'int java.lang.invoke.DirectMethodHandle$Holder.invokeVirtual(java.lang.Object, java.lang.Object, java.lang.Object, java.lang.Object)'> (0x000000008f948260) thrown at [./src/hotspot/share/interpreter/linkResolver.cpp, line 773]
Event: 24.000 Thread 0x0000020889b09800 Exception <a 'java/lang/NoSuchMethodError'{0x000000008f721460}: 'void java.lang.invoke.DirectMethodHandle$Holder.invokeStatic(java.lang.Object, java.lang.Object, java.lang.Object, int)'> (0x000000008f721460) thrown at [./src/hotspot/share/interpreter/linkResolver.cpp, line 773]
Event: 24.002 Thread 0x0000020889b09800 Exception <a 'java/lang/IncompatibleClassChangeError'{0x000000008f729368}: Found class java.lang.Object, but interface was expected> (0x000000008f729368) thrown at [./src/hotspot/share/interpreter/linkResolver.cpp, line 839]
Event: 24.011 Thread 0x0000020889b14000 Exception <a 'java/lang/NoSuchMethodError'{0x000000008fb8aa60}: 'int java.lang.invoke.DirectMethodHandle$Holder.invokeVirtual(java.lang.Object, java.lang.Object, java.lang.Object)'> (0x000000008fb8aa60) thrown at [./src/hotspot/share/interpreter/linkResolver.cpp, line 773]
Event: 24.012 Thread 0x0000020889b0d000 Exception <a 'java/lang/NoSuchMethodError'{0x000000008f7cb0b0}: 'int java.lang.invoke.DirectMethodHandle$Holder.invokeVirtual(java.lang.Object, java.lang.Object, java.lang.Object)'> (0x000000008f7cb0b0) thrown at [./src/hotspot/share/interpreter/linkResolver.cpp, line 773]
Event: 24.012 Thread 0x0000020889b11000 Exception <a 'java/lang/NoSuchMethodError'{0x000000008f7d9088}: 'int java.lang.invoke.DirectMethodHandle$Holder.invokeVirtual(java.lang.Object, java.lang.Object, java.lang.Object)'> (0x000000008f7d9088) thrown at [./src/hotspot/share/interpreter/linkResolver.cpp, line 773]
Event: 24.012 Thread 0x0000020889b10000 Exception <a 'java/lang/NoSuchMethodError'{0x000000008f7c1950}: 'int java.lang.invoke.DirectMethodHandle$Holder.invokeVirtual(java.lang.Object, java.lang.Object, java.lang.Object)'> (0x000000008f7c1950) thrown at [./src/hotspot/share/interpreter/linkResolver.cpp, line 773]
Event: 24.846 Thread 0x0000020889b09800 Exception <a 'java/lang/IncompatibleClassChangeError'{0x000000008fe3ad50}: Found class java.lang.Object, but interface was expected> (0x000000008fe3ad50) thrown at [./src/hotspot/share/interpreter/linkResolver.cpp, line 839]
Event: 24.865 Thread 0x0000020889b09800 Exception <a 'java/lang/NoSuchMethodError'{0x000000008fe94190}: 'java.lang.Object java.lang.invoke.Invokers$Holder.linkToTargetMethod(java.lang.Object, int, java.lang.Object, java.lang.Object, java.lang.Object, java.lang.Object)'> (0x000000008fe94190) thrown at [./src/hotspot/share/interpreter/linkResolver.cpp, line 773]
Event: 24.875 Thread 0x0000020889b09800 Exception <a 'java/lang/NoSuchMethodError'{0x000000008fec4018}: 'void java.lang.invoke.DirectMethodHandle$Holder.invokeSpecial(java.lang.Object, java.lang.Object, java.lang.Object, java.lang.Object, java.lang.Object, java.lang.Object, java.lang.Object, java.lang.Object, java.lang.Object)'> (0x000000008fec4018) thrown at [./src/hotspot/share/interpreter/linkResolver.cpp, line 773]
Event: 24.876 Thread 0x0000020889b09800 Exception <a 'java/lang/NoSuchMethodError'{0x000000008fecd210}: 'java.lang.Object java.lang.invoke.Invokers$Holder.linkToTargetMethod(java.lang.Object, java.lang.Object, java.lang.Object, java.lang.Object, java.lang.Object, java.lang.Object, java.lang.Object)'> (0x000000008fecd210) thrown at [./src/hotspot/share/interpreter/linkResolver.cpp, line 773]
Event: 24.967 Thread 0x0000020889b09800 Exception <a 'java/lang/NoSuchMethodError'{0x000000008fca2a78}: 'void java.lang.invoke.DirectMethodHandle$Holder.invokeStatic(java.lang.Object, java.lang.Object, java.lang.Object, java.lang.Object, java.lang.Object, java.lang.Object, java.lang.Object, java.lang.Object)'> (0x000000008fca2a78) thrown at [./src/hotspot/share/interpreter/linkResolver.cpp, line 773]
Event: 27.305 Thread 0x0000020889b09800 Exception <a 'java/lang/IncompatibleClassChangeError'{0x0000000090fc06f8}: Found class java.lang.Object, but interface was expected> (0x0000000090fc06f8) thrown at [./src/hotspot/share/interpreter/linkResolver.cpp, line 839]

Events (20 events):
Event: 27.749 loading class com/android/tools/r8/internal/Nz done
Event: 27.749 loading class com/google/common/collect/RegularImmutableTable$CellSet
Event: 27.749 loading class com/google/common/collect/RegularImmutableTable$CellSet done
Event: 27.749 loading class com/android/tools/r8/graph/d0
Event: 27.749 loading class com/android/tools/r8/graph/d0 done
Event: 27.749 loading class com/android/tools/r8/internal/Nz
Event: 27.749 loading class com/android/tools/r8/internal/Nz done
Event: 27.749 loading class com/android/tools/r8/internal/Uu$b
Event: 27.749 loading class com/android/tools/r8/internal/Uu$b done
Event: 27.750 loading class java/util/IdentityHashMap$KeySpliterator
Event: 27.751 loading class java/util/IdentityHashMap$IdentityHashMapSpliterator
Event: 27.752 loading class java/util/IdentityHashMap$IdentityHashMapSpliterator done
Event: 27.752 loading class java/util/IdentityHashMap$KeySpliterator done
Event: 27.753 loading class com/android/tools/r8/internal/Uu$b
Event: 27.753 loading class com/android/tools/r8/internal/Uu$b done
Event: 27.753 loading class com/android/tools/r8/graph/Z
Event: 27.753 loading class com/android/tools/r8/graph/Z done
Event: 27.753 loading class com/android/tools/r8/internal/Uu$b
Event: 27.753 loading class com/android/tools/r8/internal/Uu$b done
Event: 27.768 Executing VM operation: G1CollectForAllocation


Dynamic libraries:
0x00007ff6bdda0000 - 0x00007ff6bddaa000 	C:\Program Files\Android\Android Studio\jre\bin\java.exe
0x00007ff83fa10000 - 0x00007ff83fc05000 	C:\WINDOWS\SYSTEM32\ntdll.dll
0x00007ff83f670000 - 0x00007ff83f72e000 	C:\WINDOWS\System32\KERNEL32.DLL
0x00007ff83d3e0000 - 0x00007ff83d6a9000 	C:\WINDOWS\System32\KERNELBASE.dll
0x00007ff83d240000 - 0x00007ff83d340000 	C:\WINDOWS\System32\ucrtbase.dll
0x00007ff810780000 - 0x00007ff810799000 	C:\Program Files\Android\Android Studio\jre\bin\jli.dll
0x00007ff8131d0000 - 0x00007ff8131e7000 	C:\Program Files\Android\Android Studio\jre\bin\VCRUNTIME140.dll
0x00007ff83da60000 - 0x00007ff83dc01000 	C:\WINDOWS\System32\USER32.dll
0x00007ff82db80000 - 0x00007ff82de1a000 	C:\WINDOWS\WinSxS\amd64_microsoft.windows.common-controls_6595b64144ccf1df_6.0.19041.1110_none_60b5254171f9507e\COMCTL32.dll
0x00007ff83da30000 - 0x00007ff83da52000 	C:\WINDOWS\System32\win32u.dll
0x00007ff83f9a0000 - 0x00007ff83f9cb000 	C:\WINDOWS\System32\GDI32.dll
0x00007ff83d6b0000 - 0x00007ff83d7bb000 	C:\WINDOWS\System32\gdi32full.dll
0x00007ff83d340000 - 0x00007ff83d3dd000 	C:\WINDOWS\System32\msvcp_win.dll
0x00007ff83e220000 - 0x00007ff83e2be000 	C:\WINDOWS\System32\msvcrt.dll
0x00007ff83f970000 - 0x00007ff83f9a0000 	C:\WINDOWS\System32\IMM32.DLL
0x00007ffff9ee0000 - 0x00007ffff9f7d000 	C:\Program Files\Android\Android Studio\jre\bin\msvcp140.dll
0x00007ffff6f90000 - 0x00007ffff7a5f000 	C:\Program Files\Android\Android Studio\jre\bin\server\jvm.dll
0x00007ff83e6e0000 - 0x00007ff83e78c000 	C:\WINDOWS\System32\ADVAPI32.dll
0x00007ff83e180000 - 0x00007ff83e21b000 	C:\WINDOWS\System32\sechost.dll
0x00007ff83f7e0000 - 0x00007ff83f90a000 	C:\WINDOWS\System32\RPCRT4.dll
0x00007ff83e170000 - 0x00007ff83e178000 	C:\WINDOWS\System32\PSAPI.DLL
0x00007ff834eb0000 - 0x00007ff834eb9000 	C:\WINDOWS\SYSTEM32\WSOCK32.dll
0x00007ff8361c0000 - 0x00007ff8361ca000 	C:\WINDOWS\SYSTEM32\VERSION.dll
0x00007ff82a4c0000 - 0x00007ff82a4e7000 	C:\WINDOWS\SYSTEM32\WINMM.dll
0x00007ff83f4a0000 - 0x00007ff83f50b000 	C:\WINDOWS\System32\WS2_32.dll
0x00007ff83b9b0000 - 0x00007ff83b9c2000 	C:\WINDOWS\SYSTEM32\kernel.appcore.dll
0x00007ff835470000 - 0x00007ff835481000 	C:\Program Files\Android\Android Studio\jre\bin\verify.dll
0x00007ff83af10000 - 0x00007ff83b0f4000 	C:\WINDOWS\SYSTEM32\DBGHELP.DLL
0x00007ff825b90000 - 0x00007ff825bbc000 	C:\WINDOWS\SYSTEM32\dbgcore.DLL
0x00007ff83d1b0000 - 0x00007ff83d233000 	C:\WINDOWS\System32\bcryptPrimitives.dll
0x00007ff826120000 - 0x00007ff826149000 	C:\Program Files\Android\Android Studio\jre\bin\java.dll
0x00007ff83a640000 - 0x00007ff83a64b000 	C:\Program Files\Android\Android Studio\jre\bin\jimage.dll
0x00007ff82d080000 - 0x00007ff82d098000 	C:\Program Files\Android\Android Studio\jre\bin\zip.dll
0x00007ff83e790000 - 0x00007ff83eecf000 	C:\WINDOWS\System32\SHELL32.dll
0x00007ff83b210000 - 0x00007ff83b9a0000 	C:\WINDOWS\SYSTEM32\windows.storage.dll
0x00007ff83dd30000 - 0x00007ff83e085000 	C:\WINDOWS\System32\combase.dll
0x00007ff83cab0000 - 0x00007ff83cadc000 	C:\WINDOWS\SYSTEM32\Wldp.dll
0x00007ff83f730000 - 0x00007ff83f7de000 	C:\WINDOWS\System32\SHCORE.dll
0x00007ff83e350000 - 0x00007ff83e3a5000 	C:\WINDOWS\System32\shlwapi.dll
0x00007ff83d070000 - 0x00007ff83d08f000 	C:\WINDOWS\SYSTEM32\profapi.dll
0x00007ff81f960000 - 0x00007ff81f97a000 	C:\Program Files\Android\Android Studio\jre\bin\net.dll
0x00007ff82bef0000 - 0x00007ff82bff8000 	C:\WINDOWS\SYSTEM32\WINHTTP.dll
0x00007ff83c810000 - 0x00007ff83c87a000 	C:\WINDOWS\system32\mswsock.dll
0x00007ff81e600000 - 0x00007ff81e614000 	C:\Program Files\Android\Android Studio\jre\bin\nio.dll
0x00007ff8131f0000 - 0x00007ff813217000 	C:\Users\Vlad\.gradle\native\8bec1ad78214c89d9ad589b4d07fe93259594b29d510b10fafb7a158f7737e5d\windows-amd64\native-platform.dll
0x00007ffff2200000 - 0x00007ffff233d000 	C:\Users\Vlad\.gradle\native\53dbd7edfb1c66fb8903c78663c9afc45aea4f116125fa6feffd364cf09443e8\windows-amd64\native-platform-file-events.dll
0x00007ff838780000 - 0x00007ff83878a000 	C:\Program Files\Android\Android Studio\jre\bin\management.dll
0x00007ff8378b0000 - 0x00007ff8378bc000 	C:\Program Files\Android\Android Studio\jre\bin\management_ext.dll
0x00007ff83ca00000 - 0x00007ff83ca18000 	C:\WINDOWS\SYSTEM32\CRYPTSP.dll
0x00007ff83c190000 - 0x00007ff83c1c4000 	C:\WINDOWS\system32\rsaenh.dll
0x00007ff83d180000 - 0x00007ff83d1a7000 	C:\WINDOWS\System32\bcrypt.dll
0x00007ff83d030000 - 0x00007ff83d05e000 	C:\WINDOWS\SYSTEM32\USERENV.dll
0x00007ff83ca20000 - 0x00007ff83ca2c000 	C:\WINDOWS\SYSTEM32\CRYPTBASE.dll
0x00007ff83c500000 - 0x00007ff83c53b000 	C:\WINDOWS\SYSTEM32\IPHLPAPI.DLL
0x00007ff83f490000 - 0x00007ff83f498000 	C:\WINDOWS\System32\NSI.dll
0x00007ff82f890000 - 0x00007ff82f8a7000 	C:\WINDOWS\SYSTEM32\dhcpcsvc6.DLL
0x00007ff82f870000 - 0x00007ff82f88d000 	C:\WINDOWS\SYSTEM32\dhcpcsvc.DLL
0x00007ff83c540000 - 0x00007ff83c60c000 	C:\WINDOWS\SYSTEM32\DNSAPI.dll

dbghelp: loaded successfully - version: 4.0.5 - missing functions: none
symbol engine: initialized successfully - sym options: 0x614 - pdb path: .;C:\Program Files\Android\Android Studio\jre\bin;C:\WINDOWS\SYSTEM32;C:\WINDOWS\WinSxS\amd64_microsoft.windows.common-controls_6595b64144ccf1df_6.0.19041.1110_none_60b5254171f9507e;C:\Program Files\Android\Android Studio\jre\bin\server;C:\Users\Vlad\.gradle\native\8bec1ad78214c89d9ad589b4d07fe93259594b29d510b10fafb7a158f7737e5d\windows-amd64;C:\Users\Vlad\.gradle\native\53dbd7edfb1c66fb8903c78663c9afc45aea4f116125fa6feffd364cf09443e8\windows-amd64

VM Arguments:
jvm_args: --add-opens=java.base/java.util=ALL-UNNAMED --add-opens=java.base/java.lang=ALL-UNNAMED --add-opens=java.base/java.lang.invoke=ALL-UNNAMED --add-opens=java.base/java.util=ALL-UNNAMED --add-opens=java.prefs/java.util.prefs=ALL-UNNAMED --add-opens=java.prefs/java.util.prefs=ALL-UNNAMED --add-opens=java.base/java.nio.charset=ALL-UNNAMED --add-opens=java.base/java.net=ALL-UNNAMED --add-opens=java.base/java.util.concurrent.atomic=ALL-UNNAMED -Xmx2048m -Dfile.encoding=UTF-8 -Duser.country=RU -Duser.language=ru -Duser.variant 
java_command: org.gradle.launcher.daemon.bootstrap.GradleDaemon 7.0.2
java_class_path (initial): C:\Users\Vlad\.gradle\wrapper\dists\gradle-7.0.2-bin\857tjihv64xamwrf0h14cai3r\gradle-7.0.2\lib\gradle-launcher-7.0.2.jar
Launcher Type: SUN_STANDARD

[Global flags]
     intx CICompilerCount                          = 3                                         {product} {ergonomic}
     uint ConcGCThreads                            = 1                                         {product} {ergonomic}
     uint G1ConcRefinementThreads                  = 4                                         {product} {ergonomic}
   size_t G1HeapRegionSize                         = 1048576                                   {product} {ergonomic}
    uintx GCDrainStackTargetSize                   = 64                                        {product} {ergonomic}
   size_t InitialHeapSize                          = 130023424                                 {product} {ergonomic}
   size_t MarkStackSize                            = 4194304                                   {product} {ergonomic}
   size_t MaxHeapSize                              = 2147483648                                {product} {command line}
   size_t MaxNewSize                               = 1287651328                                {product} {ergonomic}
   size_t MinHeapDeltaBytes                        = 1048576                                   {product} {ergonomic}
    uintx NonNMethodCodeHeapSize                   = 5830732                                {pd product} {ergonomic}
    uintx NonProfiledCodeHeapSize                  = 122913754                              {pd product} {ergonomic}
    uintx ProfiledCodeHeapSize                     = 122913754                              {pd product} {ergonomic}
    uintx ReservedCodeCacheSize                    = 251658240                              {pd product} {ergonomic}
     bool SegmentedCodeCache                       = true                                      {product} {ergonomic}
     bool UseCompressedClassPointers               = true                                 {lp64_product} {ergonomic}
     bool UseCompressedOops                        = true                                 {lp64_product} {ergonomic}
     bool UseG1GC                                  = true                                      {product} {ergonomic}
     bool UseLargePagesIndividualAllocation        = false                                  {pd product} {ergonomic}

Logging:
Log output configuration:
 #0: stdout all=warning uptime,level,tags
 #1: stderr all=off uptime,level,tags

Environment Variables:
JAVA_HOME=C:\Program Files\Java\jdk-17.0.1
CLASSPATH=D:\SQLite\sqlite-jdbc-3.36.0.3.jar;.
PATH=C:\Program Files\Common Files\Oracle\Java\javapath;C:\Program Files (x86)\Common Files\Oracle\Java\javapath;C:\WINDOWS\system32;C:\WINDOWS;C:\WINDOWS\System32\Wbem;C:\WINDOWS\System32\WindowsPowerShell\v1.0\;C:\WINDOWS\System32\OpenSSH\;C:\Program Files\dotnet\;C:\Program Files\Java\jdk-17.0.1\bin;C:\Program Files (x86)\dotnet\;C:\Program Files\Git\cmd;C:\Users\Vlad\AppData\Local\Microsoft\WindowsApps;C:\Users\Vlad\AppData\Local\GitHubDesktop\bin;C:\Users\Vlad\AppData\Local\Programs\Python\Python39\Scripts;C:\Users\Vlad\AppData\Local\atom\bin;C:\Program Files\JetBrains\IntelliJ IDEA Community Edition 2021.2.3\bin;%GRADLE_HOME%\bin;;D:\CLion 2021.3.4\bin;
USERNAME=Vlad
OS=Windows_NT
PROCESSOR_IDENTIFIER=Intel64 Family 6 Model 126 Stepping 5, GenuineIntel



---------------  S Y S T E M  ---------------

OS: Windows 10 , 64 bit Build 19041 (10.0.19041.1202)
OS uptime: 18 days 21:52 hours

CPU:total 4 (initial active 4) (2 cores per cpu, 2 threads per core) family 6 model 126 stepping 5 microcode 0x78, cmov, cx8, fxsr, mmx, sse, sse2, sse3, ssse3, sse4.1, sse4.2, popcnt, avx, avx2, aes, clmul, erms, 3dnowpref, lzcnt, ht, tsc, tscinvbit, bmi1, bmi2, adx, evex, sha, fma

Memory: 4k page, system-wide physical 7934M (129M free)
TotalPageFile size 17982M (AvailPageFile size 116M)
current process WorkingSet (physical memory assigned to process): 412M, peak: 424M
current process commit charge ("private bytes"): 600M, peak: 720M

vm_info: OpenJDK 64-Bit Server VM (11.0.10+0-b96-7249189) for windows-amd64 JRE (11.0.10+0-b96-7249189), built on Mar 31 2021 21:44:00 by "builder" with MS VC++ 14.0 (VS2015)

END.
