#
# There is insufficient memory for the Java Runtime Environment to continue.
# Native memory allocation (mmap) failed to map 133169152 bytes for Failed to commit area from 0x0000000091100000 to 0x0000000099000000 of length 133169152.
# Possible reasons:
#   The system is out of physical RAM or swap space
#   The process is running with CompressedOops enabled, and the Java Heap may be blocking the growth of the native heap
# Possible solutions:
#   Reduce memory load on the system
#   Increase physical memory or swap space
#   Check if swap backing store is full
#   Decrease Java heap size (-Xmx/-Xms)
#   Decrease number of Java threads
#   Decrease Java thread stack sizes (-Xss)
#   Set larger code cache with -XX:ReservedCodeCacheSize=
#   JVM is running with Unscaled Compressed Oops mode in which the Java heap is
#     placed in the first 4GB address space. The Java Heap base address is the
#     maximum limit for the native heap growth. Please use -XX:HeapBaseMinAddress
#     to set the Java Heap base and to place the Java Heap above 4GB virtual address.
# This output file may be truncated or incomplete.
#
#  Out of Memory Error (./src/hotspot/os/windows/os_windows.cpp:3301), pid=10568, tid=12144
#
# JRE version: OpenJDK Runtime Environment (11.0.10) (build 11.0.10+0-b96-7249189)
# Java VM: OpenJDK 64-Bit Server VM (11.0.10+0-b96-7249189, mixed mode, tiered, compressed oops, g1 gc, windows-amd64)
# No core dump will be written. Minidumps are not enabled by default on client versions of Windows
#

---------------  S U M M A R Y ------------

Command Line: --add-opens=java.base/java.util=ALL-UNNAMED --add-opens=java.base/java.lang=ALL-UNNAMED --add-opens=java.base/java.lang.invoke=ALL-UNNAMED --add-opens=java.base/java.util=ALL-UNNAMED --add-opens=java.prefs/java.util.prefs=ALL-UNNAMED --add-opens=java.prefs/java.util.prefs=ALL-UNNAMED --add-opens=java.base/java.nio.charset=ALL-UNNAMED --add-opens=java.base/java.net=ALL-UNNAMED --add-opens=java.base/java.util.concurrent.atomic=ALL-UNNAMED -Xmx2048m -Dfile.encoding=UTF-8 -Duser.country=RU -Duser.language=ru -Duser.variant org.gradle.launcher.daemon.bootstrap.GradleDaemon 7.0.2

Host: Intel(R) Core(TM) i3-1005G1 CPU @ 1.20GHz, 4 cores, 7G,  Windows 10 , 64 bit Build 19041 (10.0.19041.1202)
Time: Mon Sep 26 19:27:22 2022 RTZ 2 (зима) elapsed time: 20.365620 seconds (0d 0h 0m 20s)

---------------  T H R E A D  ---------------

Current thread (0x000002beb13a9000):  VMThread "VM Thread" [stack: 0x000000ca16f00000,0x000000ca17000000] [id=12144]

Stack: [0x000000ca16f00000,0x000000ca17000000]
[error occurred during error reporting (printing stack bounds), id 0xc0000005, EXCEPTION_ACCESS_VIOLATION (0xc0000005) at pc=0x000002be9ab410e7]

Native frames: (J=compiled Java code, j=interpreted, Vv=VM code, C=native code)
V  [jvm.dll+0x5ecfaa]
V  [jvm.dll+0x722bd5]
V  [jvm.dll+0x72412d]
V  [jvm.dll+0x724745]
V  [jvm.dll+0x7246fb]
V  [jvm.dll+0x5ec348]
V  [jvm.dll+0x5ecad8]
C  [ntdll.dll+0xa20cf]
C  [ntdll.dll+0x51454]
C  [ntdll.dll+0xa0bfe]
C  0x000002be9ab410e7

VM_Operation (0x000000ca1a7fcd90): G1CollectForAllocation, mode: safepoint, requested by thread 0x000002beba5c4800


---------------  P R O C E S S  ---------------

Threads class SMR info:
_java_thread_list=0x000002beb9fe0840, length=59, elements={
0x000002be9587d800, 0x000002beb13ab800, 0x000002beb13b5000, 0x000002beb13c8800,
0x000002beb13cc800, 0x000002beb13cd800, 0x000002beb13d8000, 0x000002beb13dc800,
0x000002beb13e0000, 0x000002beb13bf800, 0x000002beb2f51800, 0x000002beb377a000,
0x000002beb36c5800, 0x000002beb38c2800, 0x000002beb3d64000, 0x000002beb3f5a800,
0x000002beb3e1b000, 0x000002beb3116000, 0x000002beb343d000, 0x000002beb40c9800,
0x000002beb40ce000, 0x000002beb40cb000, 0x000002beb40cf000, 0x000002beb40d0000,
0x000002beb40ca000, 0x000002beb40cc800, 0x000002beb40cc000, 0x000002beb40cd800,
0x000002beb5e04000, 0x000002beb5e07000, 0x000002beb5e06800, 0x000002beb5e08000,
0x000002beb5e09000, 0x000002beb5e09800, 0x000002beb5e0a800, 0x000002beb5e0b800,
0x000002beb5e05800, 0x000002beb5e0c000, 0x000002beb5e10000, 0x000002beb5e0d000,
0x000002beb5e0e000, 0x000002beb5e11000, 0x000002beb5e12000, 0x000002beb5e0e800,
0x000002beb5e0f800, 0x000002beba5c7000, 0x000002beba5c5800, 0x000002beba5c8800,
0x000002beba5c9800, 0x000002beba5c6000, 0x000002beba5c8000, 0x000002beba5ca800,
0x000002beba5c4800, 0x000002beba5cc800, 0x000002beba5cf000, 0x000002beba5d1000,
0x000002beba5cd800, 0x000002beba5cb000, 0x000002beba5ce800
}

Java Threads: ( => current thread )
  0x000002be9587d800 JavaThread "main" [_thread_blocked, id=11196, stack(0x000000ca16900000,0x000000ca16a00000)]
  0x000002beb13ab800 JavaThread "Reference Handler" daemon [_thread_blocked, id=2180, stack(0x000000ca17000000,0x000000ca17100000)]
  0x000002beb13b5000 JavaThread "Finalizer" daemon [_thread_blocked, id=11776, stack(0x000000ca17100000,0x000000ca17200000)]
  0x000002beb13c8800 JavaThread "Signal Dispatcher" daemon [_thread_blocked, id=7880, stack(0x000000ca17200000,0x000000ca17300000)]
  0x000002beb13cc800 JavaThread "Attach Listener" daemon [_thread_blocked, id=8168, stack(0x000000ca17300000,0x000000ca17400000)]
  0x000002beb13cd800 JavaThread "Service Thread" daemon [_thread_blocked, id=7124, stack(0x000000ca17400000,0x000000ca17500000)]
  0x000002beb13d8000 JavaThread "C2 CompilerThread0" daemon [_thread_in_native, id=7080, stack(0x000000ca17500000,0x000000ca17600000)]
  0x000002beb13dc800 JavaThread "C1 CompilerThread0" daemon [_thread_blocked, id=9404, stack(0x000000ca17600000,0x000000ca17700000)]
  0x000002beb13e0000 JavaThread "Sweeper thread" daemon [_thread_blocked, id=4236, stack(0x000000ca17700000,0x000000ca17800000)]
  0x000002beb13bf800 JavaThread "Common-Cleaner" daemon [_thread_blocked, id=1688, stack(0x000000ca17800000,0x000000ca17900000)]
  0x000002beb2f51800 JavaThread "Daemon health stats" [_thread_blocked, id=6556, stack(0x000000ca17b00000,0x000000ca17c00000)]
  0x000002beb377a000 JavaThread "Incoming local TCP Connector on port 54412" [_thread_in_native, id=12688, stack(0x000000ca17c00000,0x000000ca17d00000)]
  0x000002beb36c5800 JavaThread "Daemon periodic checks" [_thread_blocked, id=11800, stack(0x000000ca17d00000,0x000000ca17e00000)]
  0x000002beb38c2800 JavaThread "Daemon" [_thread_blocked, id=1808, stack(0x000000ca17e00000,0x000000ca17f00000)]
  0x000002beb3d64000 JavaThread "Handler for socket connection from /127.0.0.1:54412 to /127.0.0.1:54413" [_thread_in_native, id=8688, stack(0x000000ca17f00000,0x000000ca18000000)]
  0x000002beb3f5a800 JavaThread "Cancel handler" [_thread_blocked, id=11572, stack(0x000000ca18000000,0x000000ca18100000)]
  0x000002beb3e1b000 JavaThread "Daemon worker" [_thread_blocked, id=8584, stack(0x000000ca18100000,0x000000ca18200000)]
  0x000002beb3116000 JavaThread "Asynchronous log dispatcher for DefaultDaemonConnection: socket connection from /127.0.0.1:54412 to /127.0.0.1:54413" [_thread_blocked, id=7720, stack(0x000000ca18200000,0x000000ca18300000)]
  0x000002beb343d000 JavaThread "Stdin handler" [_thread_blocked, id=1308, stack(0x000000ca18300000,0x000000ca18400000)]
  0x000002beb40c9800 JavaThread "Daemon client event forwarder" [_thread_blocked, id=12428, stack(0x000000ca18400000,0x000000ca18500000)]
  0x000002beb40ce000 JavaThread "Cache worker for file hash cache (C:\Users\Vlad\.gradle\caches\7.0.2\fileHashes)" [_thread_blocked, id=12544, stack(0x000000ca18700000,0x000000ca18800000)]
  0x000002beb40cb000 JavaThread "File lock request listener" [_thread_in_native, id=2212, stack(0x000000ca18800000,0x000000ca18900000)]
  0x000002beb40cf000 JavaThread "Cache worker for journal cache (C:\Users\Vlad\.gradle\caches\journal-1)" [_thread_blocked, id=4432, stack(0x000000ca18900000,0x000000ca18a00000)]
  0x000002beb40d0000 JavaThread "Cache worker for file hash cache (D:\RecipeBook\.gradle\7.0.2\fileHashes)" [_thread_blocked, id=4768, stack(0x000000ca18a00000,0x000000ca18b00000)]
  0x000002beb40ca000 JavaThread "File watcher server" daemon [_thread_blocked, id=7916, stack(0x000000ca18b00000,0x000000ca18c00000)]
  0x000002beb40cc800 JavaThread "File watcher consumer" daemon [_thread_blocked, id=9064, stack(0x000000ca18c00000,0x000000ca18d00000)]
  0x000002beb40cc000 JavaThread "Cache worker for checksums cache (D:\RecipeBook\.gradle\checksums)" [_thread_blocked, id=10664, stack(0x000000ca18d00000,0x000000ca18e00000)]
  0x000002beb40cd800 JavaThread "Cache worker for cache directory md-supplier (C:\Users\Vlad\.gradle\caches\7.0.2\md-supplier)" [_thread_blocked, id=7304, stack(0x000000ca18e00000,0x000000ca18f00000)]
  0x000002beb5e04000 JavaThread "Cache worker for cache directory md-rule (C:\Users\Vlad\.gradle\caches\7.0.2\md-rule)" [_thread_blocked, id=9076, stack(0x000000ca18f00000,0x000000ca19000000)]
  0x000002beb5e07000 JavaThread "Cache worker for execution history cache (C:\Users\Vlad\.gradle\caches\7.0.2\executionHistory)" [_thread_blocked, id=7952, stack(0x000000ca19000000,0x000000ca19100000)]
  0x000002beb5e06800 JavaThread "jar transforms" [_thread_blocked, id=11112, stack(0x000000ca19100000,0x000000ca19200000)]
  0x000002beb5e08000 JavaThread "jar transforms Thread 2" [_thread_blocked, id=12240, stack(0x000000ca19200000,0x000000ca19300000)]
  0x000002beb5e09000 JavaThread "Cache worker for file content cache (C:\Users\Vlad\.gradle\caches\7.0.2\fileContent)" [_thread_blocked, id=12800, stack(0x000000ca19300000,0x000000ca19400000)]
  0x000002beb5e09800 JavaThread "Cache worker for dependencies-accessors (D:\RecipeBook\.gradle\7.0.2\dependencies-accessors)" [_thread_blocked, id=12316, stack(0x000000ca19400000,0x000000ca19500000)]
  0x000002beb5e0a800 JavaThread "jar transforms Thread 3" [_thread_blocked, id=8588, stack(0x000000ca19500000,0x000000ca19600000)]
  0x000002beb5e0b800 JavaThread "Cache worker for Build Output Cleanup Cache (D:\RecipeBook\.gradle\buildOutputCleanup)" [_thread_blocked, id=7480, stack(0x000000ca19600000,0x000000ca19700000)]
  0x000002beb5e05800 JavaThread "Build operations" [_thread_blocked, id=2008, stack(0x000000ca19700000,0x000000ca19800000)]
  0x000002beb5e0c000 JavaThread "Build operations Thread 2" [_thread_blocked, id=6728, stack(0x000000ca19800000,0x000000ca19900000)]
  0x000002beb5e10000 JavaThread "Build operations Thread 3" [_thread_blocked, id=4840, stack(0x000000ca19900000,0x000000ca19a00000)]
  0x000002beb5e0d000 JavaThread "Build operations Thread 4" [_thread_blocked, id=5072, stack(0x000000ca19a00000,0x000000ca19b00000)]
  0x000002beb5e0e000 JavaThread "jar transforms Thread 4" [_thread_blocked, id=7912, stack(0x000000ca19b00000,0x000000ca19c00000)]
  0x000002beb5e11000 JavaThread "Memory manager" [_thread_blocked, id=9024, stack(0x000000ca19c00000,0x000000ca19d00000)]
  0x000002beb5e12000 JavaThread "build event listener" [_thread_blocked, id=7592, stack(0x000000ca19d00000,0x000000ca19e00000)]
  0x000002beb5e0e800 JavaThread "build event listener" [_thread_blocked, id=8720, stack(0x000000ca19e00000,0x000000ca19f00000)]
  0x000002beb5e0f800 JavaThread "Execution worker for ':'" [_thread_blocked, id=11032, stack(0x000000ca19f00000,0x000000ca1a000000)]
  0x000002beba5c7000 JavaThread "Execution worker for ':' Thread 2" [_thread_blocked, id=12044, stack(0x000000ca1a000000,0x000000ca1a100000)]
  0x000002beba5c5800 JavaThread "Execution worker for ':' Thread 3" [_thread_blocked, id=8956, stack(0x000000ca1a100000,0x000000ca1a200000)]
  0x000002beba5c8800 JavaThread "Cache worker for execution history cache (D:\RecipeBook\.gradle\7.0.2\executionHistory)" [_thread_blocked, id=12200, stack(0x000000ca1a200000,0x000000ca1a300000)]
  0x000002beba5c9800 JavaThread "WorkerExecutor Queue" [_thread_blocked, id=7612, stack(0x000000ca1a300000,0x000000ca1a400000)]
  0x000002beba5c6000 JavaThread "WorkerExecutor Queue Thread 2" [_thread_blocked, id=10444, stack(0x000000ca1a400000,0x000000ca1a500000)]
  0x000002beba5c8000 JavaThread "pool-3-thread-1" [_thread_blocked, id=6200, stack(0x000000ca1a500000,0x000000ca1a600000)]
  0x000002beba5ca800 JavaThread "WorkerExecutor Queue Thread 3" [_thread_blocked, id=12196, stack(0x000000ca1a600000,0x000000ca1a700000)]
  0x000002beba5c4800 JavaThread "WorkerExecutor Queue Thread 4" [_thread_blocked, id=1240, stack(0x000000ca1a700000,0x000000ca1a800000)]
  0x000002beba5cc800 JavaThread "stderr" [_thread_in_native, id=10600, stack(0x000000ca1a800000,0x000000ca1a900000)]
  0x000002beba5cf000 JavaThread "stdout" [_thread_in_native, id=1184, stack(0x000000ca1a900000,0x000000ca1aa00000)]
  0x000002beba5d1000 JavaThread "ForkJoinPool-1-worker-3" daemon [_thread_blocked, id=7444, stack(0x000000ca1aa00000,0x000000ca1ab00000)]
  0x000002beba5cd800 JavaThread "ForkJoinPool-1-worker-5" daemon [_thread_blocked, id=5588, stack(0x000000ca1ab00000,0x000000ca1ac00000)]
  0x000002beba5cb000 JavaThread "ForkJoinPool-1-worker-7" daemon [_thread_blocked, id=5764, stack(0x000000ca1ac00000,0x000000ca1ad00000)]
  0x000002beba5ce800 JavaThread "ForkJoinPool-1-worker-1" daemon [_thread_blocked, id=9284, stack(0x000000ca1ad00000,0x000000ca1ae00000)]

Other Threads:
=>0x000002beb13a9000 VMThread "VM Thread" [stack: 0x000000ca16f00000,0x000000ca17000000] [id=12144]
  0x000002beb1f1c000 WatcherThread [stack: 0x000000ca17900000,0x000000ca17a00000] [id=6036]
  0x000002be95897000 GCTaskThread "GC Thread#0" [stack: 0x000000ca16a00000,0x000000ca16b00000] [id=928]
  0x000002beb23e2800 GCTaskThread "GC Thread#1" [stack: 0x000000ca17a00000,0x000000ca17b00000] [id=10236]
  0x000002beb343d800 GCTaskThread "GC Thread#2" [stack: 0x000000ca18500000,0x000000ca18600000] [id=5252]
  0x000002beb40b7800 GCTaskThread "GC Thread#3" [stack: 0x000000ca18600000,0x000000ca18700000] [id=1552]
  0x000002be958c6800 ConcurrentGCThread "G1 Main Marker" [stack: 0x000000ca16b00000,0x000000ca16c00000] [id=7596]
  0x000002be958c8000 ConcurrentGCThread "G1 Conc#0" [stack: 0x000000ca16c00000,0x000000ca16d00000] [id=2888]
  0x000002be95956800 ConcurrentGCThread "G1 Refine#0" [stack: 0x000000ca16d00000,0x000000ca16e00000] [id=1940]
  0x000002beb6182000 ConcurrentGCThread "G1 Refine#1" [stack: 0x000000ca1ae00000,0x000000ca1af00000] [id=12380]
  0x000002be95957800 ConcurrentGCThread "G1 Young RemSet Sampling" [stack: 0x000000ca16e00000,0x000000ca16f00000] [id=4772]

Threads with active compile tasks:
C2 CompilerThread0  20390 11675       4       com.android.tools.r8.dex.j::a (1038 bytes)

VM state:at safepoint (normal execution)

VM Mutex/Monitor currently owned by a thread:  ([mutex/lock_event])
[0x000002be95879590] Threads_lock - owner thread: 0x000002beb13a9000
[0x000002be9587a040] Heap_lock - owner thread: 0x000002beba5c4800

Heap address: 0x0000000080000000, size: 2048 MB, Compressed Oops mode: 32-bit
Narrow klass base: 0x0000000000000000, Narrow klass shift: 3
Compressed class space size: 1073741824 Address: 0x0000000100000000

Heap:
 garbage-first heap   total 409600K, used 205408K [0x0000000080000000, 0x0000000100000000)
  region size 1024K, 3 young (3072K), 3 survivors (3072K)
 Metaspace       used 97373K, capacity 99729K, committed 99968K, reserved 1136640K
  class space    used 12750K, capacity 13644K, committed 13696K, reserved 1048576K
Heap Regions: E=young(eden), S=young(survivor), O=old, HS=humongous(starts), HC=humongous(continues), CS=collection set, F=free, A=archive, TAMS=top-at-mark-start (previous, next)
|   0|0x0000000080000000, 0x0000000080100000, 0x0000000080100000|100%| O|  |TAMS 0x0000000080100000, 0x0000000080100000| Untracked 
|   1|0x0000000080100000, 0x0000000080200000, 0x0000000080200000|100%| O|  |TAMS 0x0000000080200000, 0x0000000080200000| Untracked 
|   2|0x0000000080200000, 0x0000000080300000, 0x0000000080300000|100%| O|  |TAMS 0x0000000080300000, 0x0000000080300000| Untracked 
|   3|0x0000000080300000, 0x0000000080400000, 0x0000000080400000|100%|HS|  |TAMS 0x0000000080400000, 0x0000000080400000| Complete 
|   4|0x0000000080400000, 0x0000000080500000, 0x0000000080500000|100%|HC|  |TAMS 0x0000000080500000, 0x0000000080500000| Complete 
|   5|0x0000000080500000, 0x0000000080600000, 0x0000000080600000|100%|HC|  |TAMS 0x0000000080600000, 0x0000000080600000| Complete 
|   6|0x0000000080600000, 0x0000000080700000, 0x0000000080700000|100%| O|  |TAMS 0x0000000080700000, 0x0000000080700000| Untracked 
|   7|0x0000000080700000, 0x0000000080800000, 0x0000000080800000|100%| O|  |TAMS 0x0000000080800000, 0x0000000080800000| Untracked 
|   8|0x0000000080800000, 0x0000000080900000, 0x0000000080900000|100%| O|  |TAMS 0x0000000080900000, 0x0000000080900000| Untracked 
|   9|0x0000000080900000, 0x0000000080a00000, 0x0000000080a00000|100%| O|  |TAMS 0x0000000080a00000, 0x0000000080a00000| Untracked 
|  10|0x0000000080a00000, 0x0000000080b00000, 0x0000000080b00000|100%| O|  |TAMS 0x0000000080b00000, 0x0000000080b00000| Untracked 
|  11|0x0000000080b00000, 0x0000000080c00000, 0x0000000080c00000|100%| O|  |TAMS 0x0000000080c00000, 0x0000000080c00000| Untracked 
|  12|0x0000000080c00000, 0x0000000080d00000, 0x0000000080d00000|100%| O|  |TAMS 0x0000000080d00000, 0x0000000080d00000| Untracked 
|  13|0x0000000080d00000, 0x0000000080e00000, 0x0000000080e00000|100%| O|  |TAMS 0x0000000080e00000, 0x0000000080e00000| Untracked 
|  14|0x0000000080e00000, 0x0000000080f00000, 0x0000000080f00000|100%| O|  |TAMS 0x0000000080f00000, 0x0000000080f00000| Untracked 
|  15|0x0000000080f00000, 0x0000000081000000, 0x0000000081000000|100%| O|  |TAMS 0x0000000081000000, 0x0000000081000000| Untracked 
|  16|0x0000000081000000, 0x0000000081100000, 0x0000000081100000|100%| O|  |TAMS 0x0000000081100000, 0x0000000081100000| Untracked 
|  17|0x0000000081100000, 0x0000000081200000, 0x0000000081200000|100%|HS|  |TAMS 0x0000000081200000, 0x0000000081200000| Complete 
|  18|0x0000000081200000, 0x0000000081300000, 0x0000000081300000|100%| O|  |TAMS 0x0000000081300000, 0x0000000081300000| Untracked 
|  19|0x0000000081300000, 0x0000000081400000, 0x0000000081400000|100%| O|  |TAMS 0x0000000081400000, 0x0000000081400000| Untracked 
|  20|0x0000000081400000, 0x0000000081500000, 0x0000000081500000|100%| O|  |TAMS 0x0000000081500000, 0x0000000081500000| Untracked 
|  21|0x0000000081500000, 0x0000000081600000, 0x0000000081600000|100%| O|  |TAMS 0x0000000081600000, 0x0000000081600000| Untracked 
|  22|0x0000000081600000, 0x0000000081700000, 0x0000000081700000|100%| O|  |TAMS 0x0000000081700000, 0x0000000081700000| Untracked 
|  23|0x0000000081700000, 0x0000000081800000, 0x0000000081800000|100%| O|  |TAMS 0x0000000081800000, 0x0000000081800000| Untracked 
|  24|0x0000000081800000, 0x0000000081900000, 0x0000000081900000|100%| O|  |TAMS 0x0000000081900000, 0x0000000081900000| Untracked 
|  25|0x0000000081900000, 0x0000000081a00000, 0x0000000081a00000|100%| O|  |TAMS 0x0000000081a00000, 0x0000000081a00000| Untracked 
|  26|0x0000000081a00000, 0x0000000081b00000, 0x0000000081b00000|100%| O|  |TAMS 0x0000000081b00000, 0x0000000081b00000| Untracked 
|  27|0x0000000081b00000, 0x0000000081c00000, 0x0000000081c00000|100%| O|  |TAMS 0x0000000081c00000, 0x0000000081c00000| Untracked 
|  28|0x0000000081c00000, 0x0000000081d00000, 0x0000000081d00000|100%|HS|  |TAMS 0x0000000081d00000, 0x0000000081d00000| Complete 
|  29|0x0000000081d00000, 0x0000000081e00000, 0x0000000081e00000|100%|HS|  |TAMS 0x0000000081e00000, 0x0000000081e00000| Complete 
|  30|0x0000000081e00000, 0x0000000081f00000, 0x0000000081f00000|100%|HS|  |TAMS 0x0000000081f00000, 0x0000000081f00000| Complete 
|  31|0x0000000081f00000, 0x0000000082000000, 0x0000000082000000|100%|HC|  |TAMS 0x0000000082000000, 0x0000000082000000| Complete 
|  32|0x0000000082000000, 0x0000000082100000, 0x0000000082100000|100%|HC|  |TAMS 0x0000000082100000, 0x0000000082100000| Complete 
|  33|0x0000000082100000, 0x0000000082200000, 0x0000000082200000|100%|HS|  |TAMS 0x0000000082200000, 0x0000000082200000| Complete 
|  34|0x0000000082200000, 0x0000000082300000, 0x0000000082300000|100%|HC|  |TAMS 0x0000000082300000, 0x0000000082300000| Complete 
|  35|0x0000000082300000, 0x0000000082400000, 0x0000000082400000|100%| O|  |TAMS 0x0000000082400000, 0x0000000082400000| Untracked 
|  36|0x0000000082400000, 0x0000000082500000, 0x0000000082500000|100%| O|  |TAMS 0x0000000082500000, 0x0000000082500000| Untracked 
|  37|0x0000000082500000, 0x0000000082600000, 0x0000000082600000|100%| O|  |TAMS 0x0000000082600000, 0x0000000082600000| Untracked 
|  38|0x0000000082600000, 0x0000000082700000, 0x0000000082700000|100%| O|  |TAMS 0x0000000082700000, 0x0000000082700000| Untracked 
|  39|0x0000000082700000, 0x0000000082800000, 0x0000000082800000|100%| O|  |TAMS 0x0000000082800000, 0x0000000082800000| Untracked 
|  40|0x0000000082800000, 0x0000000082900000, 0x0000000082900000|100%| O|  |TAMS 0x0000000082900000, 0x0000000082900000| Untracked 
|  41|0x0000000082900000, 0x0000000082a00000, 0x0000000082a00000|100%| O|  |TAMS 0x0000000082a00000, 0x0000000082a00000| Untracked 
|  42|0x0000000082a00000, 0x0000000082b00000, 0x0000000082b00000|100%| O|  |TAMS 0x0000000082b00000, 0x0000000082b00000| Untracked 
|  43|0x0000000082b00000, 0x0000000082c00000, 0x0000000082c00000|100%| O|  |TAMS 0x0000000082c00000, 0x0000000082c00000| Untracked 
|  44|0x0000000082c00000, 0x0000000082d00000, 0x0000000082d00000|100%| O|  |TAMS 0x0000000082d00000, 0x0000000082d00000| Untracked 
|  45|0x0000000082d00000, 0x0000000082e00000, 0x0000000082e00000|100%| O|  |TAMS 0x0000000082e00000, 0x0000000082e00000| Untracked 
|  46|0x0000000082e00000, 0x0000000082f00000, 0x0000000082f00000|100%| O|  |TAMS 0x0000000082f00000, 0x0000000082f00000| Untracked 
|  47|0x0000000082f00000, 0x0000000083000000, 0x0000000083000000|100%| O|  |TAMS 0x0000000083000000, 0x0000000083000000| Untracked 
|  48|0x0000000083000000, 0x0000000083100000, 0x0000000083100000|100%| O|  |TAMS 0x0000000083100000, 0x0000000083100000| Untracked 
|  49|0x0000000083100000, 0x0000000083200000, 0x0000000083200000|100%| O|  |TAMS 0x0000000083200000, 0x0000000083200000| Untracked 
|  50|0x0000000083200000, 0x0000000083300000, 0x0000000083300000|100%| O|  |TAMS 0x0000000083300000, 0x0000000083300000| Untracked 
|  51|0x0000000083300000, 0x0000000083400000, 0x0000000083400000|100%| O|  |TAMS 0x0000000083400000, 0x0000000083400000| Untracked 
|  52|0x0000000083400000, 0x0000000083500000, 0x0000000083500000|100%| O|  |TAMS 0x0000000083500000, 0x0000000083500000| Untracked 
|  53|0x0000000083500000, 0x0000000083600000, 0x0000000083600000|100%| O|  |TAMS 0x0000000083600000, 0x0000000083600000| Untracked 
|  54|0x0000000083600000, 0x0000000083700000, 0x0000000083700000|100%| O|  |TAMS 0x0000000083700000, 0x0000000083700000| Untracked 
|  55|0x0000000083700000, 0x0000000083800000, 0x0000000083800000|100%| O|  |TAMS 0x0000000083800000, 0x0000000083800000| Untracked 
|  56|0x0000000083800000, 0x0000000083900000, 0x0000000083900000|100%| O|  |TAMS 0x0000000083900000, 0x0000000083900000| Untracked 
|  57|0x0000000083900000, 0x0000000083a00000, 0x0000000083a00000|100%| O|  |TAMS 0x0000000083a00000, 0x0000000083a00000| Untracked 
|  58|0x0000000083a00000, 0x0000000083b00000, 0x0000000083b00000|100%| O|  |TAMS 0x0000000083b00000, 0x0000000083b00000| Untracked 
|  59|0x0000000083b00000, 0x0000000083c00000, 0x0000000083c00000|100%| O|  |TAMS 0x0000000083c00000, 0x0000000083c00000| Untracked 
|  60|0x0000000083c00000, 0x0000000083d00000, 0x0000000083d00000|100%| O|  |TAMS 0x0000000083d00000, 0x0000000083d00000| Untracked 
|  61|0x0000000083d00000, 0x0000000083e00000, 0x0000000083e00000|100%| O|  |TAMS 0x0000000083e00000, 0x0000000083e00000| Untracked 
|  62|0x0000000083e00000, 0x0000000083f00000, 0x0000000083f00000|100%| O|  |TAMS 0x0000000083f00000, 0x0000000083f00000| Untracked 
|  63|0x0000000083f00000, 0x0000000084000000, 0x0000000084000000|100%| O|  |TAMS 0x0000000084000000, 0x0000000084000000| Untracked 
|  64|0x0000000084000000, 0x0000000084100000, 0x0000000084100000|100%| O|  |TAMS 0x0000000084100000, 0x0000000084100000| Untracked 
|  65|0x0000000084100000, 0x0000000084200000, 0x0000000084200000|100%| O|  |TAMS 0x0000000084200000, 0x0000000084200000| Untracked 
|  66|0x0000000084200000, 0x0000000084300000, 0x0000000084300000|100%| O|  |TAMS 0x0000000084300000, 0x0000000084300000| Untracked 
|  67|0x0000000084300000, 0x0000000084400000, 0x0000000084400000|100%| O|  |TAMS 0x0000000084400000, 0x0000000084400000| Untracked 
|  68|0x0000000084400000, 0x0000000084500000, 0x0000000084500000|100%| O|  |TAMS 0x0000000084500000, 0x0000000084500000| Untracked 
|  69|0x0000000084500000, 0x0000000084600000, 0x0000000084600000|100%| O|  |TAMS 0x0000000084600000, 0x0000000084600000| Untracked 
|  70|0x0000000084600000, 0x0000000084700000, 0x0000000084700000|100%| O|  |TAMS 0x0000000084700000, 0x0000000084700000| Untracked 
|  71|0x0000000084700000, 0x0000000084800000, 0x0000000084800000|100%| O|  |TAMS 0x0000000084800000, 0x0000000084800000| Untracked 
|  72|0x0000000084800000, 0x0000000084900000, 0x0000000084900000|100%| O|  |TAMS 0x0000000084900000, 0x0000000084900000| Untracked 
|  73|0x0000000084900000, 0x0000000084a00000, 0x0000000084a00000|100%| O|  |TAMS 0x0000000084a00000, 0x0000000084a00000| Untracked 
|  74|0x0000000084a00000, 0x0000000084b00000, 0x0000000084b00000|100%| O|  |TAMS 0x0000000084b00000, 0x0000000084b00000| Untracked 
|  75|0x0000000084b00000, 0x0000000084c00000, 0x0000000084c00000|100%| O|  |TAMS 0x0000000084c00000, 0x0000000084c00000| Untracked 
|  76|0x0000000084c00000, 0x0000000084d00000, 0x0000000084d00000|100%| O|  |TAMS 0x0000000084d00000, 0x0000000084d00000| Untracked 
|  77|0x0000000084d00000, 0x0000000084e00000, 0x0000000084e00000|100%| O|  |TAMS 0x0000000084e00000, 0x0000000084e00000| Untracked 
|  78|0x0000000084e00000, 0x0000000084f00000, 0x0000000084f00000|100%| O|  |TAMS 0x0000000084f00000, 0x0000000084f00000| Untracked 
|  79|0x0000000084f00000, 0x0000000085000000, 0x0000000085000000|100%| O|  |TAMS 0x0000000085000000, 0x0000000085000000| Untracked 
|  80|0x0000000085000000, 0x0000000085100000, 0x0000000085100000|100%|HS|  |TAMS 0x0000000085100000, 0x0000000085100000| Complete 
|  81|0x0000000085100000, 0x0000000085200000, 0x0000000085200000|100%|HC|  |TAMS 0x0000000085200000, 0x0000000085200000| Complete 
|  82|0x0000000085200000, 0x0000000085300000, 0x0000000085300000|100%|HS|  |TAMS 0x0000000085300000, 0x0000000085300000| Complete 
|  83|0x0000000085300000, 0x0000000085400000, 0x0000000085400000|100%|HS|  |TAMS 0x0000000085400000, 0x0000000085400000| Complete 
|  84|0x0000000085400000, 0x0000000085500000, 0x0000000085500000|100%|HS|  |TAMS 0x0000000085500000, 0x0000000085500000| Complete 
|  85|0x0000000085500000, 0x0000000085600000, 0x0000000085600000|100%|HC|  |TAMS 0x0000000085600000, 0x0000000085600000| Complete 
|  86|0x0000000085600000, 0x0000000085700000, 0x0000000085700000|100%|HS|  |TAMS 0x0000000085700000, 0x0000000085700000| Complete 
|  87|0x0000000085700000, 0x0000000085800000, 0x0000000085800000|100%|HC|  |TAMS 0x0000000085800000, 0x0000000085800000| Complete 
|  88|0x0000000085800000, 0x0000000085900000, 0x0000000085900000|100%|HS|  |TAMS 0x0000000085900000, 0x0000000085900000| Complete 
|  89|0x0000000085900000, 0x0000000085a00000, 0x0000000085a00000|100%|HC|  |TAMS 0x0000000085a00000, 0x0000000085a00000| Complete 
|  90|0x0000000085a00000, 0x0000000085b00000, 0x0000000085b00000|100%|HC|  |TAMS 0x0000000085b00000, 0x0000000085b00000| Complete 
|  91|0x0000000085b00000, 0x0000000085c00000, 0x0000000085c00000|100%|HS|  |TAMS 0x0000000085c00000, 0x0000000085c00000| Complete 
|  92|0x0000000085c00000, 0x0000000085d00000, 0x0000000085d00000|100%|HS|  |TAMS 0x0000000085d00000, 0x0000000085d00000| Complete 
|  93|0x0000000085d00000, 0x0000000085e00000, 0x0000000085e00000|100%|HS|  |TAMS 0x0000000085e00000, 0x0000000085e00000| Complete 
|  94|0x0000000085e00000, 0x0000000085f00000, 0x0000000085f00000|100%|HC|  |TAMS 0x0000000085f00000, 0x0000000085f00000| Complete 
|  95|0x0000000085f00000, 0x0000000086000000, 0x0000000086000000|100%| O|  |TAMS 0x0000000086000000, 0x0000000086000000| Untracked 
|  96|0x0000000086000000, 0x0000000086100000, 0x0000000086100000|100%|HS|  |TAMS 0x0000000086100000, 0x0000000086100000| Complete 
|  97|0x0000000086100000, 0x0000000086200000, 0x0000000086200000|100%| O|  |TAMS 0x0000000086200000, 0x0000000086200000| Untracked 
|  98|0x0000000086200000, 0x0000000086300000, 0x0000000086300000|100%| O|  |TAMS 0x0000000086300000, 0x0000000086300000| Untracked 
|  99|0x0000000086300000, 0x0000000086400000, 0x0000000086400000|100%| O|  |TAMS 0x0000000086400000, 0x0000000086400000| Untracked 
| 100|0x0000000086400000, 0x0000000086500000, 0x0000000086500000|100%| O|  |TAMS 0x0000000086500000, 0x0000000086500000| Untracked 
| 101|0x0000000086500000, 0x0000000086600000, 0x0000000086600000|100%|HS|  |TAMS 0x0000000086600000, 0x0000000086600000| Complete 
| 102|0x0000000086600000, 0x0000000086700000, 0x0000000086700000|100%| O|  |TAMS 0x0000000086700000, 0x0000000086700000| Untracked 
| 103|0x0000000086700000, 0x0000000086800000, 0x0000000086800000|100%|HS|  |TAMS 0x0000000086800000, 0x0000000086800000| Complete 
| 104|0x0000000086800000, 0x0000000086900000, 0x0000000086900000|100%|HC|  |TAMS 0x0000000086900000, 0x0000000086900000| Complete 
| 105|0x0000000086900000, 0x0000000086a00000, 0x0000000086a00000|100%| O|  |TAMS 0x0000000086a00000, 0x0000000086a00000| Untracked 
| 106|0x0000000086a00000, 0x0000000086b00000, 0x0000000086b00000|100%| O|  |TAMS 0x0000000086b00000, 0x0000000086b00000| Untracked 
| 107|0x0000000086b00000, 0x0000000086c00000, 0x0000000086c00000|100%|HS|  |TAMS 0x0000000086c00000, 0x0000000086c00000| Complete 
| 108|0x0000000086c00000, 0x0000000086d00000, 0x0000000086d00000|100%|HC|  |TAMS 0x0000000086d00000, 0x0000000086d00000| Complete 
| 109|0x0000000086d00000, 0x0000000086e00000, 0x0000000086e00000|100%| O|  |TAMS 0x0000000086e00000, 0x0000000086e00000| Untracked 
| 110|0x0000000086e00000, 0x0000000086f00000, 0x0000000086f00000|100%| O|  |TAMS 0x0000000086f00000, 0x0000000086f00000| Untracked 
| 111|0x0000000086f00000, 0x0000000087000000, 0x0000000087000000|100%| O|  |TAMS 0x0000000087000000, 0x0000000087000000| Untracked 
| 112|0x0000000087000000, 0x0000000087100000, 0x0000000087100000|100%|HS|  |TAMS 0x0000000087100000, 0x0000000087100000| Complete 
| 113|0x0000000087100000, 0x0000000087200000, 0x0000000087200000|100%|HC|  |TAMS 0x0000000087200000, 0x0000000087200000| Complete 
| 114|0x0000000087200000, 0x0000000087300000, 0x0000000087300000|100%|HC|  |TAMS 0x0000000087300000, 0x0000000087300000| Complete 
| 115|0x0000000087300000, 0x0000000087400000, 0x0000000087400000|100%| O|  |TAMS 0x0000000087400000, 0x0000000087400000| Untracked 
| 116|0x0000000087400000, 0x0000000087500000, 0x0000000087500000|100%| O|  |TAMS 0x0000000087500000, 0x0000000087500000| Untracked 
| 117|0x0000000087500000, 0x0000000087600000, 0x0000000087600000|100%| O|  |TAMS 0x0000000087600000, 0x0000000087600000| Untracked 
| 118|0x0000000087600000, 0x0000000087700000, 0x0000000087700000|100%| O|  |TAMS 0x0000000087700000, 0x0000000087700000| Untracked 
| 119|0x0000000087700000, 0x0000000087800000, 0x0000000087800000|100%| O|  |TAMS 0x0000000087800000, 0x0000000087800000| Untracked 
| 120|0x0000000087800000, 0x0000000087900000, 0x0000000087900000|100%| O|  |TAMS 0x0000000087900000, 0x0000000087900000| Untracked 
| 121|0x0000000087900000, 0x0000000087a00000, 0x0000000087a00000|100%| O|  |TAMS 0x0000000087a00000, 0x0000000087a00000| Untracked 
| 122|0x0000000087a00000, 0x0000000087b00000, 0x0000000087b00000|100%| O|  |TAMS 0x0000000087b00000, 0x0000000087b00000| Untracked 
| 123|0x0000000087b00000, 0x0000000087c00000, 0x0000000087c00000|100%| O|  |TAMS 0x0000000087c00000, 0x0000000087c00000| Untracked 
| 124|0x0000000087c00000, 0x0000000087d00000, 0x0000000087d00000|100%| O|  |TAMS 0x0000000087d00000, 0x0000000087d00000| Untracked 
| 125|0x0000000087d00000, 0x0000000087e00000, 0x0000000087e00000|100%| O|  |TAMS 0x0000000087e00000, 0x0000000087e00000| Untracked 
| 126|0x0000000087e00000, 0x0000000087f00000, 0x0000000087f00000|100%| O|  |TAMS 0x0000000087f00000, 0x0000000087f00000| Untracked 
| 127|0x0000000087f00000, 0x0000000088000000, 0x0000000088000000|100%| O|  |TAMS 0x0000000088000000, 0x0000000088000000| Untracked 
| 128|0x0000000088000000, 0x0000000088100000, 0x0000000088100000|100%| O|  |TAMS 0x0000000088100000, 0x0000000088100000| Untracked 
| 129|0x0000000088100000, 0x0000000088200000, 0x0000000088200000|100%| O|  |TAMS 0x0000000088200000, 0x0000000088200000| Untracked 
| 130|0x0000000088200000, 0x0000000088300000, 0x0000000088300000|100%| O|  |TAMS 0x0000000088300000, 0x0000000088300000| Untracked 
| 131|0x0000000088300000, 0x0000000088400000, 0x0000000088400000|100%| O|  |TAMS 0x0000000088400000, 0x0000000088400000| Untracked 
| 132|0x0000000088400000, 0x0000000088500000, 0x0000000088500000|100%| O|  |TAMS 0x0000000088500000, 0x0000000088500000| Untracked 
| 133|0x0000000088500000, 0x0000000088600000, 0x0000000088600000|100%| O|  |TAMS 0x0000000088600000, 0x0000000088600000| Untracked 
| 134|0x0000000088600000, 0x0000000088700000, 0x0000000088700000|100%| O|  |TAMS 0x0000000088700000, 0x0000000088700000| Untracked 
| 135|0x0000000088700000, 0x0000000088800000, 0x0000000088800000|100%| O|  |TAMS 0x0000000088800000, 0x0000000088800000| Untracked 
| 136|0x0000000088800000, 0x0000000088900000, 0x0000000088900000|100%| O|  |TAMS 0x0000000088900000, 0x0000000088900000| Untracked 
| 137|0x0000000088900000, 0x0000000088a00000, 0x0000000088a00000|100%| O|  |TAMS 0x0000000088a00000, 0x0000000088a00000| Untracked 
| 138|0x0000000088a00000, 0x0000000088b00000, 0x0000000088b00000|100%| O|  |TAMS 0x0000000088b00000, 0x0000000088b00000| Untracked 
| 139|0x0000000088b00000, 0x0000000088c00000, 0x0000000088c00000|100%| O|  |TAMS 0x0000000088c00000, 0x0000000088c00000| Untracked 
| 140|0x0000000088c00000, 0x0000000088d00000, 0x0000000088d00000|100%| O|  |TAMS 0x0000000088d00000, 0x0000000088d00000| Untracked 
| 141|0x0000000088d00000, 0x0000000088e00000, 0x0000000088e00000|100%| O|  |TAMS 0x0000000088e00000, 0x0000000088e00000| Untracked 
| 142|0x0000000088e00000, 0x0000000088f00000, 0x0000000088f00000|100%| O|  |TAMS 0x0000000088f00000, 0x0000000088f00000| Untracked 
| 143|0x0000000088f00000, 0x0000000089000000, 0x0000000089000000|100%| O|  |TAMS 0x0000000089000000, 0x0000000089000000| Untracked 
| 144|0x0000000089000000, 0x0000000089100000, 0x0000000089100000|100%| O|  |TAMS 0x0000000089100000, 0x0000000089100000| Untracked 
| 145|0x0000000089100000, 0x0000000089200000, 0x0000000089200000|100%| O|  |TAMS 0x0000000089200000, 0x0000000089200000| Untracked 
| 146|0x0000000089200000, 0x0000000089300000, 0x0000000089300000|100%| O|  |TAMS 0x0000000089300000, 0x0000000089300000| Untracked 
| 147|0x0000000089300000, 0x0000000089400000, 0x0000000089400000|100%| O|  |TAMS 0x0000000089400000, 0x0000000089400000| Untracked 
| 148|0x0000000089400000, 0x0000000089500000, 0x0000000089500000|100%| O|  |TAMS 0x0000000089500000, 0x0000000089500000| Untracked 
| 149|0x0000000089500000, 0x0000000089600000, 0x0000000089600000|100%| O|  |TAMS 0x0000000089600000, 0x0000000089600000| Untracked 
| 150|0x0000000089600000, 0x0000000089700000, 0x0000000089700000|100%| O|  |TAMS 0x0000000089700000, 0x0000000089700000| Untracked 
| 151|0x0000000089700000, 0x0000000089800000, 0x0000000089800000|100%| O|  |TAMS 0x0000000089800000, 0x0000000089800000| Untracked 
| 152|0x0000000089800000, 0x0000000089900000, 0x0000000089900000|100%| O|  |TAMS 0x0000000089900000, 0x0000000089900000| Untracked 
| 153|0x0000000089900000, 0x0000000089a00000, 0x0000000089a00000|100%| O|  |TAMS 0x0000000089a00000, 0x0000000089a00000| Untracked 
| 154|0x0000000089a00000, 0x0000000089b00000, 0x0000000089b00000|100%| O|  |TAMS 0x0000000089b00000, 0x0000000089b00000| Untracked 
| 155|0x0000000089b00000, 0x0000000089c00000, 0x0000000089c00000|100%| O|  |TAMS 0x0000000089c00000, 0x0000000089c00000| Untracked 
| 156|0x0000000089c00000, 0x0000000089d00000, 0x0000000089d00000|100%| O|  |TAMS 0x0000000089d00000, 0x0000000089d00000| Untracked 
| 157|0x0000000089d00000, 0x0000000089e00000, 0x0000000089e00000|100%| O|  |TAMS 0x0000000089e00000, 0x0000000089e00000| Untracked 
| 158|0x0000000089e00000, 0x0000000089f00000, 0x0000000089f00000|100%| O|  |TAMS 0x0000000089f00000, 0x0000000089f00000| Untracked 
| 159|0x0000000089f00000, 0x000000008a000000, 0x000000008a000000|100%| O|  |TAMS 0x000000008a000000, 0x000000008a000000| Untracked 
| 160|0x000000008a000000, 0x000000008a100000, 0x000000008a100000|100%| O|  |TAMS 0x000000008a100000, 0x000000008a100000| Untracked 
| 161|0x000000008a100000, 0x000000008a200000, 0x000000008a200000|100%| O|  |TAMS 0x000000008a200000, 0x000000008a200000| Untracked 
| 162|0x000000008a200000, 0x000000008a300000, 0x000000008a300000|100%| O|  |TAMS 0x000000008a200000, 0x000000008a300000| Untracked 
| 163|0x000000008a300000, 0x000000008a400000, 0x000000008a400000|100%| O|  |TAMS 0x000000008a300000, 0x000000008a400000| Untracked 
| 164|0x000000008a400000, 0x000000008a500000, 0x000000008a500000|100%| O|  |TAMS 0x000000008a500000, 0x000000008a500000| Untracked 
| 165|0x000000008a500000, 0x000000008a600000, 0x000000008a600000|100%| O|  |TAMS 0x000000008a600000, 0x000000008a600000| Untracked 
| 166|0x000000008a600000, 0x000000008a700000, 0x000000008a700000|100%| O|  |TAMS 0x000000008a700000, 0x000000008a700000| Untracked 
| 167|0x000000008a700000, 0x000000008a800000, 0x000000008a800000|100%| O|  |TAMS 0x000000008a800000, 0x000000008a800000| Untracked 
| 168|0x000000008a800000, 0x000000008a900000, 0x000000008a900000|100%| O|  |TAMS 0x000000008a900000, 0x000000008a900000| Untracked 
| 169|0x000000008a900000, 0x000000008aa00000, 0x000000008aa00000|100%| O|  |TAMS 0x000000008aa00000, 0x000000008aa00000| Untracked 
| 170|0x000000008aa00000, 0x000000008ab00000, 0x000000008ab00000|100%| O|  |TAMS 0x000000008aa00000, 0x000000008ab00000| Untracked 
| 171|0x000000008ab00000, 0x000000008ac00000, 0x000000008ac00000|100%| O|  |TAMS 0x000000008ab00000, 0x000000008ac00000| Untracked 
| 172|0x000000008ac00000, 0x000000008ad00000, 0x000000008ad00000|100%| O|  |TAMS 0x000000008ac00000, 0x000000008ad00000| Untracked 
| 173|0x000000008ad00000, 0x000000008ae00000, 0x000000008ae00000|100%| O|  |TAMS 0x000000008ad00000, 0x000000008ae00000| Untracked 
| 174|0x000000008ae00000, 0x000000008af00000, 0x000000008af00000|100%| O|  |TAMS 0x000000008ae00000, 0x000000008af00000| Untracked 
| 175|0x000000008af00000, 0x000000008b000000, 0x000000008b000000|100%| O|  |TAMS 0x000000008af00000, 0x000000008b000000| Untracked 
| 176|0x000000008b000000, 0x000000008b100000, 0x000000008b100000|100%| O|  |TAMS 0x000000008b000000, 0x000000008b100000| Untracked 
| 177|0x000000008b100000, 0x000000008b200000, 0x000000008b200000|100%| O|  |TAMS 0x000000008b100000, 0x000000008b200000| Untracked 
| 178|0x000000008b200000, 0x000000008b300000, 0x000000008b300000|100%| O|  |TAMS 0x000000008b200000, 0x000000008b300000| Untracked 
| 179|0x000000008b300000, 0x000000008b400000, 0x000000008b400000|100%| O|  |TAMS 0x000000008b300000, 0x000000008b400000| Untracked 
| 180|0x000000008b400000, 0x000000008b500000, 0x000000008b500000|100%| O|  |TAMS 0x000000008b400000, 0x000000008b500000| Untracked 
| 181|0x000000008b500000, 0x000000008b600000, 0x000000008b600000|100%| O|  |TAMS 0x000000008b500000, 0x000000008b600000| Untracked 
| 182|0x000000008b600000, 0x000000008b700000, 0x000000008b700000|100%| O|  |TAMS 0x000000008b600000, 0x000000008b700000| Untracked 
| 183|0x000000008b700000, 0x000000008b800000, 0x000000008b800000|100%| O|  |TAMS 0x000000008b700000, 0x000000008b800000| Untracked 
| 184|0x000000008b800000, 0x000000008b900000, 0x000000008b900000|100%| O|  |TAMS 0x000000008b800000, 0x000000008b900000| Untracked 
| 185|0x000000008b900000, 0x000000008ba00000, 0x000000008ba00000|100%| O|  |TAMS 0x000000008b900000, 0x000000008ba00000| Untracked 
| 186|0x000000008ba00000, 0x000000008bb00000, 0x000000008bb00000|100%| O|  |TAMS 0x000000008ba00000, 0x000000008bb00000| Untracked 
| 187|0x000000008bb00000, 0x000000008bc00000, 0x000000008bc00000|100%| O|  |TAMS 0x000000008bb00000, 0x000000008bc00000| Untracked 
| 188|0x000000008bc00000, 0x000000008bd00000, 0x000000008bd00000|100%| O|  |TAMS 0x000000008bc00000, 0x000000008bd00000| Untracked 
| 189|0x000000008bd00000, 0x000000008be00000, 0x000000008be00000|100%| O|  |TAMS 0x000000008bd00000, 0x000000008be00000| Untracked 
| 190|0x000000008be00000, 0x000000008bf00000, 0x000000008bf00000|100%| O|  |TAMS 0x000000008be00000, 0x000000008bf00000| Untracked 
| 191|0x000000008bf00000, 0x000000008c000000, 0x000000008c000000|100%| O|  |TAMS 0x000000008bf00000, 0x000000008c000000| Untracked 
| 192|0x000000008c000000, 0x000000008c100000, 0x000000008c100000|100%| O|  |TAMS 0x000000008c000000, 0x000000008c100000| Untracked 
| 193|0x000000008c100000, 0x000000008c200000, 0x000000008c200000|100%| O|  |TAMS 0x000000008c100000, 0x000000008c200000| Untracked 
| 194|0x000000008c200000, 0x000000008c300000, 0x000000008c300000|100%| O|  |TAMS 0x000000008c200000, 0x000000008c300000| Untracked 
| 195|0x000000008c300000, 0x000000008c400000, 0x000000008c400000|100%| O|  |TAMS 0x000000008c300000, 0x000000008c400000| Untracked 
| 196|0x000000008c400000, 0x000000008c500000, 0x000000008c500000|100%| O|  |TAMS 0x000000008c400000, 0x000000008c500000| Untracked 
| 197|0x000000008c500000, 0x000000008c5ef000, 0x000000008c600000| 93%| O|  |TAMS 0x000000008c500000, 0x000000008c5ef000| Untracked 
| 198|0x000000008c600000, 0x000000008c600000, 0x000000008c700000|  0%| F|  |TAMS 0x000000008c600000, 0x000000008c600000| Untracked 
| 199|0x000000008c700000, 0x000000008c700000, 0x000000008c800000|  0%| F|  |TAMS 0x000000008c700000, 0x000000008c700000| Untracked 
| 200|0x000000008c800000, 0x000000008c800000, 0x000000008c900000|  0%| F|  |TAMS 0x000000008c800000, 0x000000008c800000| Untracked 
| 201|0x000000008c900000, 0x000000008c900000, 0x000000008ca00000|  0%| F|  |TAMS 0x000000008c900000, 0x000000008c900000| Untracked 
| 202|0x000000008ca00000, 0x000000008ca00000, 0x000000008cb00000|  0%| F|  |TAMS 0x000000008ca00000, 0x000000008ca00000| Untracked 
| 203|0x000000008cb00000, 0x000000008cb00000, 0x000000008cc00000|  0%| F|  |TAMS 0x000000008cb00000, 0x000000008cb00000| Untracked 
| 204|0x000000008cc00000, 0x000000008cc00000, 0x000000008cd00000|  0%| F|  |TAMS 0x000000008cc00000, 0x000000008cc00000| Untracked 
| 205|0x000000008cd00000, 0x000000008cd00000, 0x000000008ce00000|  0%| F|  |TAMS 0x000000008cd00000, 0x000000008cd00000| Untracked 
| 206|0x000000008ce00000, 0x000000008ce00000, 0x000000008cf00000|  0%| F|  |TAMS 0x000000008ce00000, 0x000000008ce00000| Untracked 
| 207|0x000000008cf00000, 0x000000008cf00000, 0x000000008d000000|  0%| F|  |TAMS 0x000000008cf00000, 0x000000008cf00000| Untracked 
| 208|0x000000008d000000, 0x000000008d000000, 0x000000008d100000|  0%| F|  |TAMS 0x000000008d000000, 0x000000008d000000| Untracked 
| 209|0x000000008d100000, 0x000000008d100000, 0x000000008d200000|  0%| F|  |TAMS 0x000000008d100000, 0x000000008d100000| Untracked 
| 210|0x000000008d200000, 0x000000008d200000, 0x000000008d300000|  0%| F|  |TAMS 0x000000008d200000, 0x000000008d200000| Untracked 
| 211|0x000000008d300000, 0x000000008d300000, 0x000000008d400000|  0%| F|  |TAMS 0x000000008d300000, 0x000000008d300000| Untracked 
| 212|0x000000008d400000, 0x000000008d400000, 0x000000008d500000|  0%| F|  |TAMS 0x000000008d400000, 0x000000008d400000| Untracked 
| 213|0x000000008d500000, 0x000000008d500000, 0x000000008d600000|  0%| F|  |TAMS 0x000000008d500000, 0x000000008d500000| Untracked 
| 214|0x000000008d600000, 0x000000008d600000, 0x000000008d700000|  0%| F|  |TAMS 0x000000008d600000, 0x000000008d600000| Untracked 
| 215|0x000000008d700000, 0x000000008d700000, 0x000000008d800000|  0%| F|  |TAMS 0x000000008d700000, 0x000000008d700000| Untracked 
| 216|0x000000008d800000, 0x000000008d800000, 0x000000008d900000|  0%| F|  |TAMS 0x000000008d800000, 0x000000008d800000| Untracked 
| 217|0x000000008d900000, 0x000000008d900000, 0x000000008da00000|  0%| F|  |TAMS 0x000000008d900000, 0x000000008d900000| Untracked 
| 218|0x000000008da00000, 0x000000008da00000, 0x000000008db00000|  0%| F|  |TAMS 0x000000008da00000, 0x000000008da00000| Untracked 
| 219|0x000000008db00000, 0x000000008db00000, 0x000000008dc00000|  0%| F|  |TAMS 0x000000008db00000, 0x000000008db00000| Untracked 
| 220|0x000000008dc00000, 0x000000008dc00000, 0x000000008dd00000|  0%| F|  |TAMS 0x000000008dc00000, 0x000000008dc00000| Untracked 
| 221|0x000000008dd00000, 0x000000008dd00000, 0x000000008de00000|  0%| F|  |TAMS 0x000000008dd00000, 0x000000008dd00000| Untracked 
| 222|0x000000008de00000, 0x000000008de00000, 0x000000008df00000|  0%| F|  |TAMS 0x000000008de00000, 0x000000008de00000| Untracked 
| 223|0x000000008df00000, 0x000000008df00000, 0x000000008e000000|  0%| F|  |TAMS 0x000000008df00000, 0x000000008df00000| Untracked 
| 224|0x000000008e000000, 0x000000008e000000, 0x000000008e100000|  0%| F|  |TAMS 0x000000008e000000, 0x000000008e000000| Untracked 
| 225|0x000000008e100000, 0x000000008e100000, 0x000000008e200000|  0%| F|  |TAMS 0x000000008e100000, 0x000000008e100000| Untracked 
| 226|0x000000008e200000, 0x000000008e200000, 0x000000008e300000|  0%| F|  |TAMS 0x000000008e200000, 0x000000008e200000| Untracked 
| 227|0x000000008e300000, 0x000000008e300000, 0x000000008e400000|  0%| F|  |TAMS 0x000000008e300000, 0x000000008e300000| Untracked 
| 228|0x000000008e400000, 0x000000008e400000, 0x000000008e500000|  0%| F|  |TAMS 0x000000008e400000, 0x000000008e400000| Untracked 
| 229|0x000000008e500000, 0x000000008e500000, 0x000000008e600000|  0%| F|  |TAMS 0x000000008e500000, 0x000000008e500000| Untracked 
| 230|0x000000008e600000, 0x000000008e600000, 0x000000008e700000|  0%| F|  |TAMS 0x000000008e600000, 0x000000008e600000| Untracked 
| 231|0x000000008e700000, 0x000000008e700000, 0x000000008e800000|  0%| F|  |TAMS 0x000000008e700000, 0x000000008e700000| Untracked 
| 232|0x000000008e800000, 0x000000008e800000, 0x000000008e900000|  0%| F|  |TAMS 0x000000008e800000, 0x000000008e800000| Untracked 
| 233|0x000000008e900000, 0x000000008e900000, 0x000000008ea00000|  0%| F|  |TAMS 0x000000008e900000, 0x000000008e900000| Untracked 
| 234|0x000000008ea00000, 0x000000008ea00000, 0x000000008eb00000|  0%| F|  |TAMS 0x000000008ea00000, 0x000000008ea00000| Untracked 
| 235|0x000000008eb00000, 0x000000008eb00000, 0x000000008ec00000|  0%| F|  |TAMS 0x000000008eb00000, 0x000000008eb00000| Untracked 
| 236|0x000000008ec00000, 0x000000008ec00000, 0x000000008ed00000|  0%| F|  |TAMS 0x000000008ec00000, 0x000000008ec00000| Untracked 
| 237|0x000000008ed00000, 0x000000008ed00000, 0x000000008ee00000|  0%| F|  |TAMS 0x000000008ed00000, 0x000000008ed00000| Untracked 
| 238|0x000000008ee00000, 0x000000008ee00000, 0x000000008ef00000|  0%| F|  |TAMS 0x000000008ee00000, 0x000000008ee00000| Untracked 
| 239|0x000000008ef00000, 0x000000008ef00000, 0x000000008f000000|  0%| F|  |TAMS 0x000000008ef00000, 0x000000008ef00000| Untracked 
| 240|0x000000008f000000, 0x000000008f000000, 0x000000008f100000|  0%| F|  |TAMS 0x000000008f000000, 0x000000008f000000| Untracked 
| 241|0x000000008f100000, 0x000000008f1a9290, 0x000000008f200000| 66%| S|CS|TAMS 0x000000008f100000, 0x000000008f100000| Complete 
| 242|0x000000008f200000, 0x000000008f300000, 0x000000008f300000|100%| S|CS|TAMS 0x000000008f200000, 0x000000008f200000| Complete 
| 243|0x000000008f300000, 0x000000008f300000, 0x000000008f400000|  0%| F|  |TAMS 0x000000008f300000, 0x000000008f300000| Untracked 
| 244|0x000000008f400000, 0x000000008f400000, 0x000000008f500000|  0%| F|  |TAMS 0x000000008f400000, 0x000000008f400000| Untracked 
| 245|0x000000008f500000, 0x000000008f500000, 0x000000008f600000|  0%| F|  |TAMS 0x000000008f500000, 0x000000008f500000| Untracked 
| 246|0x000000008f600000, 0x000000008f600000, 0x000000008f700000|  0%| F|  |TAMS 0x000000008f600000, 0x000000008f600000| Untracked 
| 247|0x000000008f700000, 0x000000008f800000, 0x000000008f800000|100%| S|CS|TAMS 0x000000008f700000, 0x000000008f700000| Complete 
| 248|0x000000008f800000, 0x000000008f800000, 0x000000008f900000|  0%| F|  |TAMS 0x000000008f800000, 0x000000008f800000| Untracked 
| 249|0x000000008f900000, 0x000000008f900000, 0x000000008fa00000|  0%| F|  |TAMS 0x000000008f900000, 0x000000008f900000| Untracked 
| 250|0x000000008fa00000, 0x000000008fa00000, 0x000000008fb00000|  0%| F|  |TAMS 0x000000008fa00000, 0x000000008fa00000| Untracked 
| 251|0x000000008fb00000, 0x000000008fb00000, 0x000000008fc00000|  0%| F|  |TAMS 0x000000008fb00000, 0x000000008fb00000| Untracked 
| 252|0x000000008fc00000, 0x000000008fc00000, 0x000000008fd00000|  0%| F|  |TAMS 0x000000008fc00000, 0x000000008fc00000| Untracked 
| 253|0x000000008fd00000, 0x000000008fd00000, 0x000000008fe00000|  0%| F|  |TAMS 0x000000008fd00000, 0x000000008fd00000| Untracked 
| 254|0x000000008fe00000, 0x000000008fe00000, 0x000000008ff00000|  0%| F|  |TAMS 0x000000008fe00000, 0x000000008fe00000| Untracked 
| 255|0x000000008ff00000, 0x000000008ff00000, 0x0000000090000000|  0%| F|  |TAMS 0x000000008ff00000, 0x000000008ff00000| Untracked 
| 256|0x0000000090000000, 0x0000000090000000, 0x0000000090100000|  0%| F|  |TAMS 0x0000000090000000, 0x0000000090000000| Untracked 
| 257|0x0000000090100000, 0x0000000090100000, 0x0000000090200000|  0%| F|  |TAMS 0x0000000090100000, 0x0000000090100000| Untracked 
| 258|0x0000000090200000, 0x0000000090200000, 0x0000000090300000|  0%| F|  |TAMS 0x0000000090200000, 0x0000000090200000| Untracked 
| 259|0x0000000090300000, 0x0000000090300000, 0x0000000090400000|  0%| F|  |TAMS 0x0000000090300000, 0x0000000090300000| Untracked 
| 260|0x0000000090400000, 0x0000000090400000, 0x0000000090500000|  0%| F|  |TAMS 0x0000000090400000, 0x0000000090400000| Untracked 
| 261|0x0000000090500000, 0x0000000090500000, 0x0000000090600000|  0%| F|  |TAMS 0x0000000090500000, 0x0000000090500000| Untracked 
| 262|0x0000000090600000, 0x0000000090600000, 0x0000000090700000|  0%| F|  |TAMS 0x0000000090600000, 0x0000000090600000| Untracked 
| 263|0x0000000090700000, 0x0000000090700000, 0x0000000090800000|  0%| F|  |TAMS 0x0000000090700000, 0x0000000090700000| Untracked 
| 264|0x0000000090800000, 0x0000000090800000, 0x0000000090900000|  0%| F|  |TAMS 0x0000000090800000, 0x0000000090800000| Untracked 
| 265|0x0000000090900000, 0x0000000090900000, 0x0000000090a00000|  0%| F|  |TAMS 0x0000000090900000, 0x0000000090900000| Untracked 
| 266|0x0000000090a00000, 0x0000000090a00000, 0x0000000090b00000|  0%| F|  |TAMS 0x0000000090a00000, 0x0000000090a00000| Untracked 
| 267|0x0000000090b00000, 0x0000000090b00000, 0x0000000090c00000|  0%| F|  |TAMS 0x0000000090b00000, 0x0000000090b00000| Untracked 
| 268|0x0000000090c00000, 0x0000000090c00000, 0x0000000090d00000|  0%| F|  |TAMS 0x0000000090c00000, 0x0000000090c00000| Untracked 
| 269|0x0000000090d00000, 0x0000000090d00000, 0x0000000090e00000|  0%| F|  |TAMS 0x0000000090d00000, 0x0000000090d00000| Untracked 
| 270|0x0000000090e00000, 0x0000000090e00000, 0x0000000090f00000|  0%| F|  |TAMS 0x0000000090e00000, 0x0000000090e00000| Untracked 
| 271|0x0000000090f00000, 0x0000000090f00000, 0x0000000091000000|  0%| F|  |TAMS 0x0000000090f00000, 0x0000000090f00000| Untracked 
| 272|0x0000000091000000, 0x0000000091000000, 0x0000000091100000|  0%| F|  |TAMS 0x0000000091000000, 0x0000000091000000| Untracked 

Card table byte_map: [0x000002beaa570000,0x000002beaa970000] _byte_map_base: 0x000002beaa170000

Marking Bits (Prev, Next): (CMBitMap*) 0x000002be958bddf0, (CMBitMap*) 0x000002be958bddb8
 Prev Bits: [0x000002beacd70000, 0x000002beaed70000)
 Next Bits: [0x000002beaad70000, 0x000002beacd70000)

Polling page: 0x000002be97110000

Metaspace:

Usage:
  Non-class:     84.07 MB capacity,    82.64 MB ( 98%) used,     1.15 MB (  1%) free+waste,   288.00 KB ( <1%) overhead. 
      Class:     13.32 MB capacity,    12.45 MB ( 93%) used,   764.96 KB (  6%) free+waste,   128.38 KB ( <1%) overhead. 
       Both:     97.39 MB capacity,    95.09 MB ( 98%) used,     1.89 MB (  2%) free+waste,   416.38 KB ( <1%) overhead. 

Virtual space:
  Non-class space:       86.00 MB reserved,      84.25 MB ( 98%) committed 
      Class space:        1.00 GB reserved,      13.38 MB (  1%) committed 
             Both:        1.08 GB reserved,      97.63 MB (  9%) committed 

Chunk freelists:
   Non-Class:  0 bytes
       Class:  20.00 KB
        Both:  20.00 KB

MaxMetaspaceSize: 17179869184.00 GB
CompressedClassSpaceSize: 1.00 GB

CodeHeap 'non-profiled nmethods': size=120064Kb used=5509Kb max_used=5509Kb free=114554Kb
 bounds [0x000002bea2600000, 0x000002bea2b70000, 0x000002bea9b40000]
CodeHeap 'profiled nmethods': size=120000Kb used=24705Kb max_used=24705Kb free=95294Kb
 bounds [0x000002be9b0d0000, 0x000002be9c900000, 0x000002bea2600000]
CodeHeap 'non-nmethods': size=5696Kb used=2318Kb max_used=2380Kb free=3377Kb
 bounds [0x000002be9ab40000, 0x000002be9adb0000, 0x000002be9b0d0000]
 total_blobs=12951 nmethods=12041 adapters=821
 compilation: enabled
              stopped_count=0, restarted_count=0
 full_count=0

Compilation events (20 events):
Event: 20.338 Thread 0x000002beb13dc800 12276       2       com.android.tools.r8.graph.j0$g::d (13 bytes)
Event: 20.338 Thread 0x000002beb13dc800 nmethod 12276 0x000002be9c8ed710 code [0x000002be9c8ed8c0, 0x000002be9c8ed9d8]
Event: 20.338 Thread 0x000002beb13dc800 12277       1       com.android.tools.r8.graph.L::a (6 bytes)
Event: 20.338 Thread 0x000002beb13dc800 nmethod 12277 0x000002bea2b61390 code [0x000002bea2b61540, 0x000002bea2b61638]
Event: 20.338 Thread 0x000002beb13dc800 12278       2       com.android.tools.r8.dex.b::a (68 bytes)
Event: 20.338 Thread 0x000002beb13dc800 nmethod 12278 0x000002be9c8eda90 code [0x000002be9c8edcc0, 0x000002be9c8ee1a8]
Event: 20.338 Thread 0x000002beb13dc800 12279       2       com.android.tools.r8.internal.ng::f (13 bytes)
Event: 20.338 Thread 0x000002beb13dc800 nmethod 12279 0x000002be9c8ee410 code [0x000002be9c8ee5c0, 0x000002be9c8ee6d8]
Event: 20.338 Thread 0x000002beb13dc800 12281       2       com.android.tools.r8.graph.j0$d::d (13 bytes)
Event: 20.339 Thread 0x000002beb13dc800 nmethod 12281 0x000002be9c8ee790 code [0x000002be9c8ee940, 0x000002be9c8eea58]
Event: 20.339 Thread 0x000002beb13dc800 12282       2       com.android.tools.r8.dex.b$$Lambda$1301/0x0000000100d4e840::get$Lambda (9 bytes)
Event: 20.339 Thread 0x000002beb13dc800 nmethod 12282 0x000002be9c8eeb10 code [0x000002be9c8eecc0, 0x000002be9c8eee38]
Event: 20.339 Thread 0x000002beb13dc800 12284       2       com.android.tools.r8.dex.b$$Lambda$1302/0x0000000100d4ec40::get$Lambda (9 bytes)
Event: 20.340 Thread 0x000002beb13dc800 nmethod 12284 0x000002be9c8eef10 code [0x000002be9c8ef0c0, 0x000002be9c8ef238]
Event: 20.340 Thread 0x000002beb13dc800 12285       2       com.android.tools.r8.dex.b$$Lambda$1302/0x0000000100d4ec40::<init> (10 bytes)
Event: 20.340 Thread 0x000002beb13dc800 nmethod 12285 0x000002be9c8ef310 code [0x000002be9c8ef4c0, 0x000002be9c8ef5f8]
Event: 20.340 Thread 0x000002beb13dc800 12286       2       com.android.tools.r8.graph.r::a (47 bytes)
Event: 20.340 Thread 0x000002beb13dc800 nmethod 12286 0x000002be9c8ef690 code [0x000002be9c8ef880, 0x000002be9c8eff58]
Event: 20.340 Thread 0x000002beb13dc800 12288       2       com.android.tools.r8.naming.K$b::a (5 bytes)
Event: 20.341 Thread 0x000002beb13dc800 nmethod 12288 0x000002be9c8f0210 code [0x000002be9c8f03c0, 0x000002be9c8f04b8]

GC Heap History (20 events):
Event: 14.384 GC heap after
{Heap after GC invocations=21 (full 0):
 garbage-first heap   total 220160K, used 78978K [0x0000000080000000, 0x0000000100000000)
  region size 1024K, 12 young (12288K), 12 survivors (12288K)
 Metaspace       used 83583K, capacity 85589K, committed 85632K, reserved 1124352K
  class space    used 10867K, capacity 11623K, committed 11648K, reserved 1048576K
}
Event: 15.439 GC heap before
{Heap before GC invocations=21 (full 0):
 garbage-first heap   total 220160K, used 160898K [0x0000000080000000, 0x0000000100000000)
  region size 1024K, 93 young (95232K), 12 survivors (12288K)
 Metaspace       used 84381K, capacity 86510K, committed 86784K, reserved 1124352K
  class space    used 10924K, capacity 11714K, committed 11776K, reserved 1048576K
}
Event: 15.462 GC heap after
{Heap after GC invocations=22 (full 0):
 garbage-first heap   total 220160K, used 83486K [0x0000000080000000, 0x0000000100000000)
  region size 1024K, 7 young (7168K), 7 survivors (7168K)
 Metaspace       used 84381K, capacity 86510K, committed 86784K, reserved 1124352K
  class space    used 10924K, capacity 11714K, committed 11776K, reserved 1048576K
}
Event: 16.190 GC heap before
{Heap before GC invocations=22 (full 0):
 garbage-first heap   total 220160K, used 166430K [0x0000000080000000, 0x0000000100000000)
  region size 1024K, 89 young (91136K), 7 survivors (7168K)
 Metaspace       used 87148K, capacity 89315K, committed 89472K, reserved 1126400K
  class space    used 11239K, capacity 12046K, committed 12160K, reserved 1048576K
}
Event: 16.202 GC heap after
{Heap after GC invocations=23 (full 0):
 garbage-first heap   total 220160K, used 86777K [0x0000000080000000, 0x0000000100000000)
  region size 1024K, 6 young (6144K), 6 survivors (6144K)
 Metaspace       used 87148K, capacity 89315K, committed 89472K, reserved 1126400K
  class space    used 11239K, capacity 12046K, committed 12160K, reserved 1048576K
}
Event: 16.756 GC heap before
{Heap before GC invocations=23 (full 0):
 garbage-first heap   total 220160K, used 168697K [0x0000000080000000, 0x0000000100000000)
  region size 1024K, 87 young (89088K), 6 survivors (6144K)
 Metaspace       used 88971K, capacity 91129K, committed 91392K, reserved 1128448K
  class space    used 11450K, capacity 12241K, committed 12288K, reserved 1048576K
}
Event: 16.768 GC heap after
{Heap after GC invocations=24 (full 0):
 garbage-first heap   total 220160K, used 90053K [0x0000000080000000, 0x0000000100000000)
  region size 1024K, 9 young (9216K), 9 survivors (9216K)
 Metaspace       used 88971K, capacity 91129K, committed 91392K, reserved 1128448K
  class space    used 11450K, capacity 12241K, committed 12288K, reserved 1048576K
}
Event: 17.481 GC heap before
{Heap before GC invocations=24 (full 0):
 garbage-first heap   total 220160K, used 159685K [0x0000000080000000, 0x0000000100000000)
  region size 1024K, 62 young (63488K), 9 survivors (9216K)
 Metaspace       used 92494K, capacity 94641K, committed 94976K, reserved 1132544K
  class space    used 11922K, capacity 12710K, committed 12800K, reserved 1048576K
}
Event: 17.501 GC heap after
{Heap after GC invocations=25 (full 0):
 garbage-first heap   total 220160K, used 112278K [0x0000000080000000, 0x0000000100000000)
  region size 1024K, 12 young (12288K), 12 survivors (12288K)
 Metaspace       used 92494K, capacity 94641K, committed 94976K, reserved 1132544K
  class space    used 11922K, capacity 12710K, committed 12800K, reserved 1048576K
}
Event: 17.947 GC heap before
{Heap before GC invocations=26 (full 0):
 garbage-first heap   total 220160K, used 168598K [0x0000000080000000, 0x0000000100000000)
  region size 1024K, 53 young (54272K), 12 survivors (12288K)
 Metaspace       used 92568K, capacity 94602K, committed 94976K, reserved 1132544K
  class space    used 11892K, capacity 12649K, committed 12800K, reserved 1048576K
}
Event: 18.015 GC heap after
{Heap after GC invocations=27 (full 0):
 garbage-first heap   total 220160K, used 137059K [0x0000000080000000, 0x0000000100000000)
  region size 1024K, 10 young (10240K), 10 survivors (10240K)
 Metaspace       used 92568K, capacity 94602K, committed 94976K, reserved 1132544K
  class space    used 11892K, capacity 12649K, committed 12800K, reserved 1048576K
}
Event: 18.604 GC heap before
{Heap before GC invocations=28 (full 0):
 garbage-first heap   total 220160K, used 175971K [0x0000000080000000, 0x0000000100000000)
  region size 1024K, 47 young (48128K), 10 survivors (10240K)
 Metaspace       used 94716K, capacity 96897K, committed 97280K, reserved 1132544K
  class space    used 12359K, capacity 13157K, committed 13312K, reserved 1048576K
}
Event: 18.638 GC heap after
{Heap after GC invocations=29 (full 0):
 garbage-first heap   total 279552K, used 153588K [0x0000000080000000, 0x0000000100000000)
  region size 1024K, 6 young (6144K), 6 survivors (6144K)
 Metaspace       used 94716K, capacity 96897K, committed 97280K, reserved 1132544K
  class space    used 12359K, capacity 13157K, committed 13312K, reserved 1048576K
}
Event: 18.886 GC heap before
{Heap before GC invocations=29 (full 0):
 garbage-first heap   total 279552K, used 204788K [0x0000000080000000, 0x0000000100000000)
  region size 1024K, 56 young (57344K), 6 survivors (6144K)
 Metaspace       used 94764K, capacity 96902K, committed 97280K, reserved 1132544K
  class space    used 12359K, capacity 13157K, committed 13312K, reserved 1048576K
}
Event: 18.975 GC heap after
{Heap after GC invocations=30 (full 0):
 garbage-first heap   total 279552K, used 179200K [0x0000000080000000, 0x0000000100000000)
  region size 1024K, 7 young (7168K), 7 survivors (7168K)
 Metaspace       used 94764K, capacity 96902K, committed 97280K, reserved 1132544K
  class space    used 12359K, capacity 13157K, committed 13312K, reserved 1048576K
}
Event: 19.244 GC heap before
{Heap before GC invocations=30 (full 0):
 garbage-first heap   total 279552K, used 216064K [0x0000000080000000, 0x0000000100000000)
  region size 1024K, 44 young (45056K), 7 survivors (7168K)
 Metaspace       used 94773K, capacity 96966K, committed 97280K, reserved 1132544K
  class space    used 12360K, capacity 13157K, committed 13312K, reserved 1048576K
}
Event: 19.271 GC heap after
{Heap after GC invocations=31 (full 0):
 garbage-first heap   total 279552K, used 197632K [0x0000000080000000, 0x0000000100000000)
  region size 1024K, 6 young (6144K), 6 survivors (6144K)
 Metaspace       used 94773K, capacity 96966K, committed 97280K, reserved 1132544K
  class space    used 12360K, capacity 13157K, committed 13312K, reserved 1048576K
}
Event: 19.894 GC heap before
{Heap before GC invocations=32 (full 0):
 garbage-first heap   total 279552K, used 223232K [0x0000000080000000, 0x0000000100000000)
  region size 1024K, 32 young (32768K), 6 survivors (6144K)
 Metaspace       used 96647K, capacity 98800K, committed 99072K, reserved 1134592K
  class space    used 12632K, capacity 13441K, committed 13568K, reserved 1048576K
}
Event: 19.917 GC heap after
{Heap after GC invocations=33 (full 0):
 garbage-first heap   total 279552K, used 202752K [0x0000000080000000, 0x0000000100000000)
  region size 1024K, 4 young (4096K), 4 survivors (4096K)
 Metaspace       used 96647K, capacity 98800K, committed 99072K, reserved 1134592K
  class space    used 12632K, capacity 13441K, committed 13568K, reserved 1048576K
}
Event: 20.341 GC heap before
{Heap before GC invocations=33 (full 0):
 garbage-first heap   total 279552K, used 227328K [0x0000000080000000, 0x0000000100000000)
  region size 1024K, 29 young (29696K), 4 survivors (4096K)
 Metaspace       used 97373K, capacity 99729K, committed 99968K, reserved 1136640K
  class space    used 12750K, capacity 13644K, committed 13696K, reserved 1048576K
}

Deoptimization events (20 events):
Event: 20.019 Thread 0x000002beba5c4800 DEOPT PACKING pc=0x000002bea2b130e0 sp=0x000000ca1a7fce00
Event: 20.019 Thread 0x000002beba5c4800 DEOPT UNPACKING pc=0x000002be9ab483af sp=0x000000ca1a7fcdb8 mode 2
Event: 20.019 Thread 0x000002beba5c4800 Uncommon trap: trap_request=0xffffffde fr.pc=0x000002bea2b130e0 relative=0x00000000000001a0
Event: 20.019 Thread 0x000002beba5c4800 Uncommon trap: reason=class_check action=maybe_recompile pc=0x000002bea2b130e0 method=com.android.tools.r8.internal.h8.a(Ljava/util/function/Predicate;Ljava/util/function/Function;Lcom/android/tools/r8/internal/EE$a;Lcom/android/tools/r8/internal/EE$b;)Lc
Event: 20.019 Thread 0x000002beba5c4800 DEOPT PACKING pc=0x000002bea2b130e0 sp=0x000000ca1a7fc9a0
Event: 20.019 Thread 0x000002beba5c4800 DEOPT UNPACKING pc=0x000002be9ab483af sp=0x000000ca1a7fc958 mode 2
Event: 20.022 Thread 0x000002beba5c4800 Uncommon trap: trap_request=0xffffffde fr.pc=0x000002bea2b130e0 relative=0x00000000000001a0
Event: 20.022 Thread 0x000002beba5c4800 Uncommon trap: reason=class_check action=maybe_recompile pc=0x000002bea2b130e0 method=com.android.tools.r8.internal.h8.a(Ljava/util/function/Predicate;Ljava/util/function/Function;Lcom/android/tools/r8/internal/EE$a;Lcom/android/tools/r8/internal/EE$b;)Lc
Event: 20.022 Thread 0x000002beba5c4800 DEOPT PACKING pc=0x000002bea2b130e0 sp=0x000000ca1a7fcda0
Event: 20.022 Thread 0x000002beba5c4800 DEOPT UNPACKING pc=0x000002be9ab483af sp=0x000000ca1a7fcd58 mode 2
Event: 20.290 Thread 0x000002beba5c4800 DEOPT PACKING pc=0x000002be9c8d1009 sp=0x000000ca1a7fcf30
Event: 20.290 Thread 0x000002beba5c4800 DEOPT UNPACKING pc=0x000002be9ab68ede sp=0x000000ca1a7fc438 mode 0
Event: 20.316 Thread 0x000002beba5c4800 Uncommon trap: trap_request=0xffffffc6 fr.pc=0x000002bea297c040 relative=0x0000000000004300
Event: 20.316 Thread 0x000002beba5c4800 Uncommon trap: reason=bimorphic_or_optimized_type_check action=maybe_recompile pc=0x000002bea297c040 method=java.util.AbstractCollection.addAll(Ljava/util/Collection;)Z @ 29 c2
Event: 20.316 Thread 0x000002beba5c4800 DEOPT PACKING pc=0x000002bea297c040 sp=0x000000ca1a7fd4d0
Event: 20.316 Thread 0x000002beba5c4800 DEOPT UNPACKING pc=0x000002be9ab483af sp=0x000000ca1a7fd4d0 mode 2
Event: 20.316 Thread 0x000002beba5c4800 Uncommon trap: trap_request=0xffffffc6 fr.pc=0x000002bea297c040 relative=0x0000000000004300
Event: 20.316 Thread 0x000002beba5c4800 Uncommon trap: reason=bimorphic_or_optimized_type_check action=maybe_recompile pc=0x000002bea297c040 method=java.util.AbstractCollection.addAll(Ljava/util/Collection;)Z @ 29 c2
Event: 20.316 Thread 0x000002beba5c4800 DEOPT PACKING pc=0x000002bea297c040 sp=0x000000ca1a7fd4d0
Event: 20.316 Thread 0x000002beba5c4800 DEOPT UNPACKING pc=0x000002be9ab483af sp=0x000000ca1a7fd4d0 mode 2

Classes redefined (0 events):
No events

Internal exceptions (20 events):
Event: 17.041 Thread 0x000002beba5c9800 Exception <a 'java/lang/NoSuchMethodError'{0x000000008be8b5c0}: 'java.lang.Object java.lang.invoke.DirectMethodHandle$Holder.invokeStatic(java.lang.Object, java.lang.Object, long)'> (0x000000008be8b5c0) thrown at [./src/hotspot/share/interpreter/linkResolver.cpp, line 773]
Event: 17.042 Thread 0x000002beba5c9800 Exception <a 'java/lang/NoSuchMethodError'{0x000000008be91b38}: 'java.lang.Object java.lang.invoke.Invokers$Holder.linkToTargetMethod(java.lang.Object, long, java.lang.Object)'> (0x000000008be91b38) thrown at [./src/hotspot/share/interpreter/linkResolver.cpp, line 773]
Event: 17.264 Thread 0x000002beba5c4800 Exception <a 'sun/nio/fs/WindowsException'{0x000000008acdfdc0}> (0x000000008acdfdc0) thrown at [./src/hotspot/share/prims/jni.cpp, line 615]
Event: 17.417 Thread 0x000002beba5c9800 Exception <a 'java/lang/NoSuchMethodError'{0x000000008a5637a8}: 'int java.lang.invoke.DirectMethodHandle$Holder.invokeSpecialIFC(java.lang.Object, java.lang.Object, java.lang.Object)'> (0x000000008a5637a8) thrown at [./src/hotspot/share/interpreter/linkResolver.cpp, line 773]
Event: 17.473 Thread 0x000002beba5c4800 Exception <a 'java/lang/NoSuchMethodError'{0x000000008a34df30}: 'java.lang.Object java.lang.invoke.DirectMethodHandle$Holder.invokeStatic(java.lang.Object, java.lang.Object, java.lang.Object, java.lang.Object, java.lang.Object, java.lang.Object, java.lang.Object, java.lang.Object, java.lang.Object, java.lang.Object, java.lang.Object, java.lang.Object, java.lang.Object, java.lang.Object, java.lang.Object, java.lang.Object, java.lang.Object, java.lang.Object, int, java.lang.Object)'> (0x000000008a34df30) thr
Event: 17.473 Thread 0x000002beba5c4800 Exception <a 'java/lang/NoSuchMethodError'{0x000000008a3537c0}: 'java.lang.Object java.lang.invoke.DirectMethodHandle$Holder.invokeStaticInit(java.lang.Object, java.lang.Object, java.lang.Object, java.lang.Object, java.lang.Object, java.lang.Object, java.lang.Object, java.lang.Object, java.lang.Object, java.lang.Object, java.lang.Object, java.lang.Object, java.lang.Object, java.lang.Object, java.lang.Object, java.lang.Object, java.lang.Object, java.lang.Object, int, java.lang.Object)'> (0x000000008a3537c0)
Event: 18.172 Thread 0x000002beba5cd800 Exception <a 'java/lang/NoSuchMethodError'{0x000000008c446478}: 'java.lang.Object java.lang.invoke.DirectMethodHandle$Holder.newInvokeSpecial(java.lang.Object, int)'> (0x000000008c446478) thrown at [./src/hotspot/share/interpreter/linkResolver.cpp, line 773]
Event: 18.179 Thread 0x000002beba5d1000 Exception <a 'java/lang/IncompatibleClassChangeError'{0x000000008c512760}: Found class java.lang.Object, but interface was expected> (0x000000008c512760) thrown at [./src/hotspot/share/interpreter/linkResolver.cpp, line 839]
Event: 18.188 Thread 0x000002beba5d1000 Exception <a 'java/lang/IncompatibleClassChangeError'{0x000000008c4b3378}: Found class java.lang.Object, but interface was expected> (0x000000008c4b3378) thrown at [./src/hotspot/share/interpreter/linkResolver.cpp, line 839]
Event: 18.189 Thread 0x000002beba5d1000 Exception <a 'java/lang/IncompatibleClassChangeError'{0x000000008c4baa50}: Found class java.lang.Object, but interface was expected> (0x000000008c4baa50) thrown at [./src/hotspot/share/interpreter/linkResolver.cpp, line 839]
Event: 18.191 Thread 0x000002beba5cb000 Exception <a 'java/lang/IncompatibleClassChangeError'{0x000000008c46df20}: Found class java.lang.Object, but interface was expected> (0x000000008c46df20) thrown at [./src/hotspot/share/interpreter/linkResolver.cpp, line 839]
Event: 19.386 Thread 0x000002beba5c4800 Exception <a 'java/lang/NoSuchMethodError'{0x0000000090fdeeb0}: 'int java.lang.invoke.DirectMethodHandle$Holder.invokeVirtual(java.lang.Object, java.lang.Object, java.lang.Object, java.lang.Object)'> (0x0000000090fdeeb0) thrown at [./src/hotspot/share/interpreter/linkResolver.cpp, line 773]
Event: 19.578 Thread 0x000002beba5c4800 Exception <a 'java/lang/NoSuchMethodError'{0x0000000090dc0598}: 'void java.lang.invoke.DirectMethodHandle$Holder.invokeStatic(java.lang.Object, java.lang.Object, java.lang.Object, int)'> (0x0000000090dc0598) thrown at [./src/hotspot/share/interpreter/linkResolver.cpp, line 773]
Event: 19.581 Thread 0x000002beba5c4800 Exception <a 'java/lang/IncompatibleClassChangeError'{0x0000000090dc85e8}: Found class java.lang.Object, but interface was expected> (0x0000000090dc85e8) thrown at [./src/hotspot/share/interpreter/linkResolver.cpp, line 839]
Event: 19.595 Thread 0x000002beba5cd800 Exception <a 'java/lang/NoSuchMethodError'{0x000000009100c950}: 'int java.lang.invoke.DirectMethodHandle$Holder.invokeVirtual(java.lang.Object, java.lang.Object, java.lang.Object)'> (0x000000009100c950) thrown at [./src/hotspot/share/interpreter/linkResolver.cpp, line 773]
Event: 20.009 Thread 0x000002beba5c4800 Exception <a 'java/lang/IncompatibleClassChangeError'{0x0000000090d597a0}: Found class java.lang.Object, but interface was expected> (0x0000000090d597a0) thrown at [./src/hotspot/share/interpreter/linkResolver.cpp, line 839]
Event: 20.018 Thread 0x000002beba5c4800 Exception <a 'java/lang/NoSuchMethodError'{0x0000000090db24a0}: 'java.lang.Object java.lang.invoke.Invokers$Holder.linkToTargetMethod(java.lang.Object, int, java.lang.Object, java.lang.Object, java.lang.Object, java.lang.Object)'> (0x0000000090db24a0) thrown at [./src/hotspot/share/interpreter/linkResolver.cpp, line 773]
Event: 20.024 Thread 0x000002beba5c4800 Exception <a 'java/lang/NoSuchMethodError'{0x0000000090de26c0}: 'void java.lang.invoke.DirectMethodHandle$Holder.invokeSpecial(java.lang.Object, java.lang.Object, java.lang.Object, java.lang.Object, java.lang.Object, java.lang.Object, java.lang.Object, java.lang.Object, java.lang.Object)'> (0x0000000090de26c0) thrown at [./src/hotspot/share/interpreter/linkResolver.cpp, line 773]
Event: 20.024 Thread 0x000002beba5c4800 Exception <a 'java/lang/NoSuchMethodError'{0x0000000090deb8b8}: 'java.lang.Object java.lang.invoke.Invokers$Holder.linkToTargetMethod(java.lang.Object, java.lang.Object, java.lang.Object, java.lang.Object, java.lang.Object, java.lang.Object, java.lang.Object)'> (0x0000000090deb8b8) thrown at [./src/hotspot/share/interpreter/linkResolver.cpp, line 773]
Event: 20.123 Thread 0x000002beba5c4800 Exception <a 'java/lang/NoSuchMethodError'{0x0000000090bc0400}: 'void java.lang.invoke.DirectMethodHandle$Holder.invokeStatic(java.lang.Object, java.lang.Object, java.lang.Object, java.lang.Object, java.lang.Object, java.lang.Object, java.lang.Object, java.lang.Object)'> (0x0000000090bc0400) thrown at [./src/hotspot/share/interpreter/linkResolver.cpp, line 773]

Events (20 events):
Event: 20.328 loading class com/android/tools/r8/internal/Wj done
Event: 20.328 loading class com/android/tools/r8/internal/Wj
Event: 20.328 loading class com/android/tools/r8/internal/Wj done
Event: 20.328 loading class com/android/tools/r8/internal/dk
Event: 20.328 loading class com/android/tools/r8/internal/dk done
Event: 20.333 loading class com/android/tools/r8/graph/O
Event: 20.333 loading class com/android/tools/r8/graph/O done
Event: 20.333 loading class com/android/tools/r8/graph/O
Event: 20.333 loading class com/android/tools/r8/graph/O done
Event: 20.333 loading class com/android/tools/r8/dex/b
Event: 20.333 loading class com/android/tools/r8/dex/b done
Event: 20.334 loading class com/android/tools/r8/graph/P
Event: 20.334 loading class com/android/tools/r8/graph/P done
Event: 20.334 loading class com/android/tools/r8/graph/P
Event: 20.334 loading class com/android/tools/r8/graph/P done
Event: 20.334 loading class com/android/tools/r8/dex/b
Event: 20.334 loading class com/android/tools/r8/dex/b done
Event: 20.336 loading class com/android/tools/r8/graph/f0$a
Event: 20.336 loading class com/android/tools/r8/graph/f0$a done
Event: 20.341 Executing VM operation: G1CollectForAllocation


Dynamic libraries:
0x00007ff6bdda0000 - 0x00007ff6bddaa000 	C:\Program Files\Android\Android Studio\jre\bin\java.exe
0x00007ff83fa10000 - 0x00007ff83fc05000 	C:\WINDOWS\SYSTEM32\ntdll.dll
0x00007ff83f670000 - 0x00007ff83f72e000 	C:\WINDOWS\System32\KERNEL32.DLL
0x00007ff83d3e0000 - 0x00007ff83d6a9000 	C:\WINDOWS\System32\KERNELBASE.dll
0x00007ff83d240000 - 0x00007ff83d340000 	C:\WINDOWS\System32\ucrtbase.dll
0x00007ff810780000 - 0x00007ff810799000 	C:\Program Files\Android\Android Studio\jre\bin\jli.dll
0x00007ff8131d0000 - 0x00007ff8131e7000 	C:\Program Files\Android\Android Studio\jre\bin\VCRUNTIME140.dll
0x00007ff83da60000 - 0x00007ff83dc01000 	C:\WINDOWS\System32\USER32.dll
0x00007ff83da30000 - 0x00007ff83da52000 	C:\WINDOWS\System32\win32u.dll
0x00007ff83f9a0000 - 0x00007ff83f9cb000 	C:\WINDOWS\System32\GDI32.dll
0x00007ff83d6b0000 - 0x00007ff83d7bb000 	C:\WINDOWS\System32\gdi32full.dll
0x00007ff82db80000 - 0x00007ff82de1a000 	C:\WINDOWS\WinSxS\amd64_microsoft.windows.common-controls_6595b64144ccf1df_6.0.19041.1110_none_60b5254171f9507e\COMCTL32.dll
0x00007ff83d340000 - 0x00007ff83d3dd000 	C:\WINDOWS\System32\msvcp_win.dll
0x00007ff83e220000 - 0x00007ff83e2be000 	C:\WINDOWS\System32\msvcrt.dll
0x00007ff83f970000 - 0x00007ff83f9a0000 	C:\WINDOWS\System32\IMM32.DLL
0x00007ffff9ee0000 - 0x00007ffff9f7d000 	C:\Program Files\Android\Android Studio\jre\bin\msvcp140.dll
0x00007ffff6f90000 - 0x00007ffff7a5f000 	C:\Program Files\Android\Android Studio\jre\bin\server\jvm.dll
0x00007ff83e6e0000 - 0x00007ff83e78c000 	C:\WINDOWS\System32\ADVAPI32.dll
0x00007ff83e180000 - 0x00007ff83e21b000 	C:\WINDOWS\System32\sechost.dll
0x00007ff83f7e0000 - 0x00007ff83f90a000 	C:\WINDOWS\System32\RPCRT4.dll
0x00007ff83e170000 - 0x00007ff83e178000 	C:\WINDOWS\System32\PSAPI.DLL
0x00007ff834eb0000 - 0x00007ff834eb9000 	C:\WINDOWS\SYSTEM32\WSOCK32.dll
0x00007ff82a4c0000 - 0x00007ff82a4e7000 	C:\WINDOWS\SYSTEM32\WINMM.dll
0x00007ff8361c0000 - 0x00007ff8361ca000 	C:\WINDOWS\SYSTEM32\VERSION.dll
0x00007ff83f4a0000 - 0x00007ff83f50b000 	C:\WINDOWS\System32\WS2_32.dll
0x00007ff83b9b0000 - 0x00007ff83b9c2000 	C:\WINDOWS\SYSTEM32\kernel.appcore.dll
0x00007ff835470000 - 0x00007ff835481000 	C:\Program Files\Android\Android Studio\jre\bin\verify.dll
0x00007ff83af10000 - 0x00007ff83b0f4000 	C:\WINDOWS\SYSTEM32\DBGHELP.DLL
0x00007ff825b90000 - 0x00007ff825bbc000 	C:\WINDOWS\SYSTEM32\dbgcore.DLL
0x00007ff83d1b0000 - 0x00007ff83d233000 	C:\WINDOWS\System32\bcryptPrimitives.dll
0x00007ff826120000 - 0x00007ff826149000 	C:\Program Files\Android\Android Studio\jre\bin\java.dll
0x00007ff83a640000 - 0x00007ff83a64b000 	C:\Program Files\Android\Android Studio\jre\bin\jimage.dll
0x00007ff82d080000 - 0x00007ff82d098000 	C:\Program Files\Android\Android Studio\jre\bin\zip.dll
0x00007ff83e790000 - 0x00007ff83eecf000 	C:\WINDOWS\System32\SHELL32.dll
0x00007ff83b210000 - 0x00007ff83b9a0000 	C:\WINDOWS\SYSTEM32\windows.storage.dll
0x00007ff83dd30000 - 0x00007ff83e085000 	C:\WINDOWS\System32\combase.dll
0x00007ff83cab0000 - 0x00007ff83cadc000 	C:\WINDOWS\SYSTEM32\Wldp.dll
0x00007ff83f730000 - 0x00007ff83f7de000 	C:\WINDOWS\System32\SHCORE.dll
0x00007ff83e350000 - 0x00007ff83e3a5000 	C:\WINDOWS\System32\shlwapi.dll
0x00007ff83d070000 - 0x00007ff83d08f000 	C:\WINDOWS\SYSTEM32\profapi.dll
0x00007ff81f960000 - 0x00007ff81f97a000 	C:\Program Files\Android\Android Studio\jre\bin\net.dll
0x00007ff82bef0000 - 0x00007ff82bff8000 	C:\WINDOWS\SYSTEM32\WINHTTP.dll
0x00007ff83c810000 - 0x00007ff83c87a000 	C:\WINDOWS\system32\mswsock.dll
0x00007ff81e600000 - 0x00007ff81e614000 	C:\Program Files\Android\Android Studio\jre\bin\nio.dll
0x00007ff8131f0000 - 0x00007ff813217000 	C:\Users\Vlad\.gradle\native\8bec1ad78214c89d9ad589b4d07fe93259594b29d510b10fafb7a158f7737e5d\windows-amd64\native-platform.dll
0x00007ffff2200000 - 0x00007ffff233d000 	C:\Users\Vlad\.gradle\native\53dbd7edfb1c66fb8903c78663c9afc45aea4f116125fa6feffd364cf09443e8\windows-amd64\native-platform-file-events.dll
0x00007ff838780000 - 0x00007ff83878a000 	C:\Program Files\Android\Android Studio\jre\bin\management.dll
0x00007ff8378b0000 - 0x00007ff8378bc000 	C:\Program Files\Android\Android Studio\jre\bin\management_ext.dll
0x00007ff83ca00000 - 0x00007ff83ca18000 	C:\WINDOWS\SYSTEM32\CRYPTSP.dll
0x00007ff83c190000 - 0x00007ff83c1c4000 	C:\WINDOWS\system32\rsaenh.dll
0x00007ff83d180000 - 0x00007ff83d1a7000 	C:\WINDOWS\System32\bcrypt.dll
0x00007ff83d030000 - 0x00007ff83d05e000 	C:\WINDOWS\SYSTEM32\USERENV.dll
0x00007ff83ca20000 - 0x00007ff83ca2c000 	C:\WINDOWS\SYSTEM32\CRYPTBASE.dll
0x00007ff83c500000 - 0x00007ff83c53b000 	C:\WINDOWS\SYSTEM32\IPHLPAPI.DLL
0x00007ff83f490000 - 0x00007ff83f498000 	C:\WINDOWS\System32\NSI.dll
0x00007ff82f890000 - 0x00007ff82f8a7000 	C:\WINDOWS\SYSTEM32\dhcpcsvc6.DLL
0x00007ff82f870000 - 0x00007ff82f88d000 	C:\WINDOWS\SYSTEM32\dhcpcsvc.DLL
0x00007ff83c540000 - 0x00007ff83c60c000 	C:\WINDOWS\SYSTEM32\DNSAPI.dll

dbghelp: loaded successfully - version: 4.0.5 - missing functions: none
symbol engine: initialized successfully - sym options: 0x614 - pdb path: .;C:\Program Files\Android\Android Studio\jre\bin;C:\WINDOWS\SYSTEM32;C:\WINDOWS\WinSxS\amd64_microsoft.windows.common-controls_6595b64144ccf1df_6.0.19041.1110_none_60b5254171f9507e;C:\Program Files\Android\Android Studio\jre\bin\server;C:\Users\Vlad\.gradle\native\8bec1ad78214c89d9ad589b4d07fe93259594b29d510b10fafb7a158f7737e5d\windows-amd64;C:\Users\Vlad\.gradle\native\53dbd7edfb1c66fb8903c78663c9afc45aea4f116125fa6feffd364cf09443e8\windows-amd64

VM Arguments:
jvm_args: --add-opens=java.base/java.util=ALL-UNNAMED --add-opens=java.base/java.lang=ALL-UNNAMED --add-opens=java.base/java.lang.invoke=ALL-UNNAMED --add-opens=java.base/java.util=ALL-UNNAMED --add-opens=java.prefs/java.util.prefs=ALL-UNNAMED --add-opens=java.prefs/java.util.prefs=ALL-UNNAMED --add-opens=java.base/java.nio.charset=ALL-UNNAMED --add-opens=java.base/java.net=ALL-UNNAMED --add-opens=java.base/java.util.concurrent.atomic=ALL-UNNAMED -Xmx2048m -Dfile.encoding=UTF-8 -Duser.country=RU -Duser.language=ru -Duser.variant 
java_command: org.gradle.launcher.daemon.bootstrap.GradleDaemon 7.0.2
java_class_path (initial): C:\Users\Vlad\.gradle\wrapper\dists\gradle-7.0.2-bin\857tjihv64xamwrf0h14cai3r\gradle-7.0.2\lib\gradle-launcher-7.0.2.jar
Launcher Type: SUN_STANDARD

[Global flags]
     intx CICompilerCount                          = 3                                         {product} {ergonomic}
     uint ConcGCThreads                            = 1                                         {product} {ergonomic}
     uint G1ConcRefinementThreads                  = 4                                         {product} {ergonomic}
   size_t G1HeapRegionSize                         = 1048576                                   {product} {ergonomic}
    uintx GCDrainStackTargetSize                   = 64                                        {product} {ergonomic}
   size_t InitialHeapSize                          = 130023424                                 {product} {ergonomic}
   size_t MarkStackSize                            = 4194304                                   {product} {ergonomic}
   size_t MaxHeapSize                              = 2147483648                                {product} {command line}
   size_t MaxNewSize                               = 1287651328                                {product} {ergonomic}
   size_t MinHeapDeltaBytes                        = 1048576                                   {product} {ergonomic}
    uintx NonNMethodCodeHeapSize                   = 5830732                                {pd product} {ergonomic}
    uintx NonProfiledCodeHeapSize                  = 122913754                              {pd product} {ergonomic}
    uintx ProfiledCodeHeapSize                     = 122913754                              {pd product} {ergonomic}
    uintx ReservedCodeCacheSize                    = 251658240                              {pd product} {ergonomic}
     bool SegmentedCodeCache                       = true                                      {product} {ergonomic}
     bool UseCompressedClassPointers               = true                                 {lp64_product} {ergonomic}
     bool UseCompressedOops                        = true                                 {lp64_product} {ergonomic}
     bool UseG1GC                                  = true                                      {product} {ergonomic}
     bool UseLargePagesIndividualAllocation        = false                                  {pd product} {ergonomic}

Logging:
Log output configuration:
 #0: stdout all=warning uptime,level,tags
 #1: stderr all=off uptime,level,tags

Environment Variables:
JAVA_HOME=C:\Program Files\Java\jdk-17.0.1
CLASSPATH=D:\SQLite\sqlite-jdbc-3.36.0.3.jar;.
PATH=C:\Program Files\Common Files\Oracle\Java\javapath;C:\Program Files (x86)\Common Files\Oracle\Java\javapath;C:\WINDOWS\system32;C:\WINDOWS;C:\WINDOWS\System32\Wbem;C:\WINDOWS\System32\WindowsPowerShell\v1.0\;C:\WINDOWS\System32\OpenSSH\;C:\Program Files\dotnet\;C:\Program Files\Java\jdk-17.0.1\bin;C:\Program Files (x86)\dotnet\;C:\Program Files\Git\cmd;C:\Users\Vlad\AppData\Local\Microsoft\WindowsApps;C:\Users\Vlad\AppData\Local\GitHubDesktop\bin;C:\Users\Vlad\AppData\Local\Programs\Python\Python39\Scripts;C:\Users\Vlad\AppData\Local\atom\bin;C:\Program Files\JetBrains\IntelliJ IDEA Community Edition 2021.2.3\bin;%GRADLE_HOME%\bin;;D:\CLion 2021.3.4\bin;
USERNAME=Vlad
OS=Windows_NT
PROCESSOR_IDENTIFIER=Intel64 Family 6 Model 126 Stepping 5, GenuineIntel



---------------  S Y S T E M  ---------------

OS: Windows 10 , 64 bit Build 19041 (10.0.19041.1202)
OS uptime: 18 days 21:53 hours

CPU:total 4 (initial active 4) (2 cores per cpu, 2 threads per core) family 6 model 126 stepping 5 microcode 0x78, cmov, cx8, fxsr, mmx, sse, sse2, sse3, ssse3, sse4.1, sse4.2, popcnt, avx, avx2, aes, clmul, erms, 3dnowpref, lzcnt, ht, tsc, tscinvbit, bmi1, bmi2, adx, evex, sha, fma

Memory: 4k page, system-wide physical 7934M (177M free)
TotalPageFile size 17982M (AvailPageFile size 102M)
current process WorkingSet (physical memory assigned to process): 443M, peak: 466M
current process commit charge ("private bytes"): 580M, peak: 707M

vm_info: OpenJDK 64-Bit Server VM (11.0.10+0-b96-7249189) for windows-amd64 JRE (11.0.10+0-b96-7249189), built on Mar 31 2021 21:44:00 by "builder" with MS VC++ 14.0 (VS2015)

END.
