#
# There is insufficient memory for the Java Runtime Environment to continue.
# Native memory allocation (mmap) failed to map 120586240 bytes for Failed to commit area from 0x000000008e600000 to 0x0000000095900000 of length 120586240.
# Possible reasons:
#   The system is out of physical RAM or swap space
#   The process is running with CompressedOops enabled, and the Java Heap may be blocking the growth of the native heap
# Possible solutions:
#   Reduce memory load on the system
#   Increase physical memory or swap space
#   Check if swap backing store is full
#   Decrease Java heap size (-Xmx/-Xms)
#   Decrease number of Java threads
#   Decrease Java thread stack sizes (-Xss)
#   Set larger code cache with -XX:ReservedCodeCacheSize=
#   JVM is running with Unscaled Compressed Oops mode in which the Java heap is
#     placed in the first 4GB address space. The Java Heap base address is the
#     maximum limit for the native heap growth. Please use -XX:HeapBaseMinAddress
#     to set the Java Heap base and to place the Java Heap above 4GB virtual address.
# This output file may be truncated or incomplete.
#
#  Out of Memory Error (./src/hotspot/os/windows/os_windows.cpp:3301), pid=8160, tid=7024
#
# JRE version: OpenJDK Runtime Environment (11.0.10) (build 11.0.10+0-b96-7249189)
# Java VM: OpenJDK 64-Bit Server VM (11.0.10+0-b96-7249189, mixed mode, tiered, compressed oops, g1 gc, windows-amd64)
# No core dump will be written. Minidumps are not enabled by default on client versions of Windows
#

---------------  S U M M A R Y ------------

Command Line: --add-opens=java.base/java.util=ALL-UNNAMED --add-opens=java.base/java.lang=ALL-UNNAMED --add-opens=java.base/java.lang.invoke=ALL-UNNAMED --add-opens=java.base/java.util=ALL-UNNAMED --add-opens=java.prefs/java.util.prefs=ALL-UNNAMED --add-opens=java.prefs/java.util.prefs=ALL-UNNAMED --add-opens=java.base/java.nio.charset=ALL-UNNAMED --add-opens=java.base/java.net=ALL-UNNAMED --add-opens=java.base/java.util.concurrent.atomic=ALL-UNNAMED -Xmx2048m -Dfile.encoding=UTF-8 -Duser.country=RU -Duser.language=ru -Duser.variant org.gradle.launcher.daemon.bootstrap.GradleDaemon 7.0.2

Host: Intel(R) Core(TM) i3-1005G1 CPU @ 1.20GHz, 4 cores, 7G,  Windows 10 , 64 bit Build 19041 (10.0.19041.1202)
Time: Mon Sep 26 19:26:15 2022 RTZ 2 (зима) elapsed time: 3920.922669 seconds (0d 1h 5m 20s)

---------------  T H R E A D  ---------------

Current thread (0x000001fbb8ffd800):  VMThread "VM Thread" [stack: 0x000000e64e400000,0x000000e64e500000] [id=7024]

Stack: [0x000000e64e400000,0x000000e64e500000]
[error occurred during error reporting (printing stack bounds), id 0xc0000005, EXCEPTION_ACCESS_VIOLATION (0xc0000005) at pc=0x000001fba27810e7]

Native frames: (J=compiled Java code, j=interpreted, Vv=VM code, C=native code)
V  [jvm.dll+0x5ecfaa]
V  [jvm.dll+0x722bd5]
V  [jvm.dll+0x72412d]
V  [jvm.dll+0x724745]
V  [jvm.dll+0x7246fb]
V  [jvm.dll+0x5ec348]
V  [jvm.dll+0x5ecad8]
C  [ntdll.dll+0xa20cf]
C  [ntdll.dll+0x51454]
C  [ntdll.dll+0xa0bfe]
C  0x000001fba27810e7

VM_Operation (0x000000e6527fdcb0): G1CollectForAllocation, mode: safepoint, requested by thread 0x000001fbc4489800


---------------  P R O C E S S  ---------------

Threads class SMR info:
_java_thread_list=0x000001fbc1c0dbe0, length=67, elements={
0x000001fb9d4bc800, 0x000001fbb8fff800, 0x000001fbb900b000, 0x000001fbb901d000,
0x000001fbb9021000, 0x000001fbb9022000, 0x000001fbb9023800, 0x000001fbb9026800,
0x000001fbb9035000, 0x000001fbb9b0b800, 0x000001fbbb22f800, 0x000001fbba905000,
0x000001fbba48b000, 0x000001fbbb9f7800, 0x000001fbbb9f6000, 0x000001fbbb9f6800,
0x000001fbbb9f2000, 0x000001fbbb9f8800, 0x000001fbbd9f6000, 0x000001fbbd9f7800,
0x000001fbbd9f8000, 0x000001fbbd9f4000, 0x000001fbbd9f6800, 0x000001fbbd9ff800,
0x000001fbbda00800, 0x000001fbbc814800, 0x000001fbbc815800, 0x000001fbbc810800,
0x000001fbbc80f800, 0x000001fbbc80f000, 0x000001fbc4597800, 0x000001fbbc814000,
0x000001fbbb9f4000, 0x000001fbc458e000, 0x000001fbc458a000, 0x000001fbc458f800,
0x000001fbc458b800, 0x000001fbc458c000, 0x000001fbc4590800, 0x000001fbc458a800,
0x000001fbc4591000, 0x000001fbc4592000, 0x000001fbc458d000, 0x000001fbc4593800,
0x000001fbc458e800, 0x000001fbc4595000, 0x000001fbc4598800, 0x000001fbc4594800,
0x000001fbc4596000, 0x000001fbc4597000, 0x000001fbbc80d800, 0x000001fbbc817000,
0x000001fbbc811800, 0x000001fbbc81a800, 0x000001fbbc818800, 0x000001fbbc81b000,
0x000001fbbc81c000, 0x000001fbbd9f5000, 0x000001fbbda03000, 0x000001fbbd9fd000,
0x000001fbbd9fa000, 0x000001fbbd9fe000, 0x000001fbbb9f5000, 0x000001fbc4488000,
0x000001fbc4489000, 0x000001fbc448c000, 0x000001fbc4489800
}

Java Threads: ( => current thread )
  0x000001fb9d4bc800 JavaThread "main" [_thread_blocked, id=12980, stack(0x000000e64de00000,0x000000e64df00000)]
  0x000001fbb8fff800 JavaThread "Reference Handler" daemon [_thread_blocked, id=5520, stack(0x000000e64e500000,0x000000e64e600000)]
  0x000001fbb900b000 JavaThread "Finalizer" daemon [_thread_blocked, id=9104, stack(0x000000e64e600000,0x000000e64e700000)]
  0x000001fbb901d000 JavaThread "Signal Dispatcher" daemon [_thread_blocked, id=11672, stack(0x000000e64e700000,0x000000e64e800000)]
  0x000001fbb9021000 JavaThread "Attach Listener" daemon [_thread_blocked, id=11224, stack(0x000000e64e800000,0x000000e64e900000)]
  0x000001fbb9022000 JavaThread "Service Thread" daemon [_thread_blocked, id=6124, stack(0x000000e64e900000,0x000000e64ea00000)]
  0x000001fbb9023800 JavaThread "C2 CompilerThread0" daemon [_thread_blocked, id=3568, stack(0x000000e64ea00000,0x000000e64eb00000)]
  0x000001fbb9026800 JavaThread "C1 CompilerThread0" daemon [_thread_blocked, id=2824, stack(0x000000e64eb00000,0x000000e64ec00000)]
  0x000001fbb9035000 JavaThread "Sweeper thread" daemon [_thread_blocked, id=12648, stack(0x000000e64ec00000,0x000000e64ed00000)]
  0x000001fbb9b0b800 JavaThread "Common-Cleaner" daemon [_thread_blocked, id=9732, stack(0x000000e64ed00000,0x000000e64ee00000)]
  0x000001fbbb22f800 JavaThread "Daemon health stats" [_thread_blocked, id=8820, stack(0x000000e64f000000,0x000000e64f100000)]
  0x000001fbba905000 JavaThread "Incoming local TCP Connector on port 50856" [_thread_in_native, id=12964, stack(0x000000e64f100000,0x000000e64f200000)]
  0x000001fbba48b000 JavaThread "Daemon periodic checks" [_thread_blocked, id=7848, stack(0x000000e64f200000,0x000000e64f300000)]
  0x000001fbbb9f7800 JavaThread "Cache worker for file hash cache (C:\Users\Vlad\.gradle\caches\7.0.2\fileHashes)" [_thread_blocked, id=8880, stack(0x000000e64fc00000,0x000000e64fd00000)]
  0x000001fbbb9f6000 JavaThread "File lock request listener" [_thread_in_native, id=8640, stack(0x000000e64fd00000,0x000000e64fe00000)]
  0x000001fbbb9f6800 JavaThread "Cache worker for journal cache (C:\Users\Vlad\.gradle\caches\journal-1)" [_thread_blocked, id=13276, stack(0x000000e64fe00000,0x000000e64ff00000)]
  0x000001fbbb9f2000 JavaThread "File watcher server" daemon [_thread_blocked, id=10364, stack(0x000000e650000000,0x000000e650100000)]
  0x000001fbbb9f8800 JavaThread "File watcher consumer" daemon [_thread_blocked, id=13144, stack(0x000000e650100000,0x000000e650200000)]
  0x000001fbbd9f6000 JavaThread "Cache worker for execution history cache (C:\Users\Vlad\.gradle\caches\7.0.2\executionHistory)" [_thread_blocked, id=4276, stack(0x000000e650500000,0x000000e650600000)]
  0x000001fbbd9f7800 JavaThread "jar transforms" [_thread_blocked, id=8032, stack(0x000000e650600000,0x000000e650700000)]
  0x000001fbbd9f8000 JavaThread "jar transforms Thread 2" [_thread_blocked, id=7208, stack(0x000000e650700000,0x000000e650800000)]
  0x000001fbbd9f4000 JavaThread "Cache worker for file content cache (C:\Users\Vlad\.gradle\caches\7.0.2\fileContent)" [_thread_blocked, id=2460, stack(0x000000e650800000,0x000000e650900000)]
  0x000001fbbd9f6800 JavaThread "jar transforms Thread 3" [_thread_blocked, id=7444, stack(0x000000e650a00000,0x000000e650b00000)]
  0x000001fbbd9ff800 JavaThread "jar transforms Thread 4" [_thread_blocked, id=5588, stack(0x000000e651000000,0x000000e651100000)]
  0x000001fbbda00800 JavaThread "Memory manager" [_thread_blocked, id=5880, stack(0x000000e651200000,0x000000e651300000)]
  0x000001fbbc814800 JavaThread "RMI Scheduler(0)" daemon [_thread_blocked, id=12376, stack(0x000000e64db00000,0x000000e64dc00000)]
  0x000001fbbc815800 JavaThread "RMI GC Daemon" daemon [_thread_blocked, id=9284, stack(0x000000e651900000,0x000000e651a00000)]
  0x000001fbbc810800 JavaThread "RMI TCP Accept-0" daemon [_thread_in_native, id=4164, stack(0x000000e651a00000,0x000000e651b00000)]
  0x000001fbbc80f800 JavaThread "RMI Reaper" [_thread_blocked, id=7980, stack(0x000000e651b00000,0x000000e651c00000)]
  0x000001fbbc80f000 JavaThread "Cache worker for Java compile cache (C:\Users\Vlad\.gradle\caches\7.0.2\javaCompile)" [_thread_blocked, id=9448, stack(0x000000e64dc00000,0x000000e64dd00000)]
  0x000001fbc4597800 JavaThread "ForkJoinPool.commonPool-worker-3" daemon [_thread_blocked, id=10948, stack(0x000000e652500000,0x000000e652600000)]
  0x000001fbbc814000 JavaThread "RMI TCP Connection(idle)" daemon [_thread_blocked, id=5444, stack(0x000000e651e00000,0x000000e651f00000)]
  0x000001fbbb9f4000 JavaThread "ForkJoinPool.commonPool-worker-5" daemon [_thread_blocked, id=8036, stack(0x000000e652300000,0x000000e652400000)]
  0x000001fbc458e000 JavaThread "Daemon Thread 19" [_thread_blocked, id=10156, stack(0x000000e64f300000,0x000000e64f400000)]
  0x000001fbc458a000 JavaThread "Handler for socket connection from /127.0.0.1:50856 to /127.0.0.1:54364" [_thread_in_native, id=6192, stack(0x000000e64f400000,0x000000e64f500000)]
  0x000001fbc458f800 JavaThread "Cancel handler" [_thread_blocked, id=9204, stack(0x000000e64f500000,0x000000e64f600000)]
  0x000001fbc458b800 JavaThread "Daemon worker Thread 19" [_thread_blocked, id=9704, stack(0x000000e64f600000,0x000000e64f700000)]
  0x000001fbc458c000 JavaThread "Asynchronous log dispatcher for DefaultDaemonConnection: socket connection from /127.0.0.1:50856 to /127.0.0.1:54364" [_thread_blocked, id=7012, stack(0x000000e64f700000,0x000000e64f800000)]
  0x000001fbc4590800 JavaThread "Stdin handler" [_thread_blocked, id=3956, stack(0x000000e64f800000,0x000000e64f900000)]
  0x000001fbc458a800 JavaThread "Daemon client event forwarder" [_thread_blocked, id=13264, stack(0x000000e64f900000,0x000000e64fa00000)]
  0x000001fbc4591000 JavaThread "Cache worker for file hash cache (D:\RecipeBook\.gradle\7.0.2\fileHashes)" [_thread_blocked, id=1680, stack(0x000000e64ff00000,0x000000e650000000)]
  0x000001fbc4592000 JavaThread "Cache worker for checksums cache (D:\RecipeBook\.gradle\checksums)" [_thread_blocked, id=11980, stack(0x000000e650200000,0x000000e650300000)]
  0x000001fbc458d000 JavaThread "Cache worker for cache directory md-supplier (C:\Users\Vlad\.gradle\caches\7.0.2\md-supplier)" [_thread_blocked, id=13304, stack(0x000000e650300000,0x000000e650400000)]
  0x000001fbc4593800 JavaThread "Cache worker for cache directory md-rule (C:\Users\Vlad\.gradle\caches\7.0.2\md-rule)" [_thread_blocked, id=6060, stack(0x000000e650400000,0x000000e650500000)]
  0x000001fbc458e800 JavaThread "Cache worker for dependencies-accessors (D:\RecipeBook\.gradle\7.0.2\dependencies-accessors)" [_thread_blocked, id=2956, stack(0x000000e650900000,0x000000e650a00000)]
  0x000001fbc4595000 JavaThread "Cache worker for Build Output Cleanup Cache (D:\RecipeBook\.gradle\buildOutputCleanup)" [_thread_blocked, id=7176, stack(0x000000e650b00000,0x000000e650c00000)]
  0x000001fbc4598800 JavaThread "Build operations" [_thread_blocked, id=5736, stack(0x000000e650c00000,0x000000e650d00000)]
  0x000001fbc4594800 JavaThread "Build operations Thread 2" [_thread_blocked, id=2476, stack(0x000000e650d00000,0x000000e650e00000)]
  0x000001fbc4596000 JavaThread "Build operations Thread 3" [_thread_blocked, id=7404, stack(0x000000e650e00000,0x000000e650f00000)]
  0x000001fbc4597000 JavaThread "Build operations Thread 4" [_thread_blocked, id=7960, stack(0x000000e650f00000,0x000000e651000000)]
  0x000001fbbc80d800 JavaThread "build event listener" [_thread_blocked, id=4908, stack(0x000000e651100000,0x000000e651200000)]
  0x000001fbbc817000 JavaThread "build event listener" [_thread_blocked, id=6516, stack(0x000000e651300000,0x000000e651400000)]
  0x000001fbbc811800 JavaThread "Execution worker for ':'" [_thread_blocked, id=12380, stack(0x000000e651400000,0x000000e651500000)]
  0x000001fbbc81a800 JavaThread "Execution worker for ':' Thread 2" [_thread_blocked, id=9524, stack(0x000000e651500000,0x000000e651600000)]
  0x000001fbbc818800 JavaThread "Execution worker for ':' Thread 3" [_thread_blocked, id=816, stack(0x000000e651600000,0x000000e651700000)]
  0x000001fbbc81b000 JavaThread "Cache worker for execution history cache (D:\RecipeBook\.gradle\7.0.2\executionHistory)" [_thread_blocked, id=5764, stack(0x000000e651700000,0x000000e651800000)]
  0x000001fbbc81c000 JavaThread "WorkerExecutor Queue" [_thread_blocked, id=12496, stack(0x000000e651800000,0x000000e651900000)]
  0x000001fbbd9f5000 JavaThread "WorkerExecutor Queue Thread 2" [_thread_blocked, id=12392, stack(0x000000e651c00000,0x000000e651d00000)]
  0x000001fbbda03000 JavaThread "WorkerExecutor Queue Thread 4" [_thread_blocked, id=3128, stack(0x000000e651f00000,0x000000e652000000)]
  0x000001fbbd9fd000 JavaThread "WorkerExecutor Queue Thread 5" [_thread_blocked, id=2564, stack(0x000000e652000000,0x000000e652100000)]
  0x000001fbbd9fa000 JavaThread "pool-67-thread-1" [_thread_blocked, id=5140, stack(0x000000e64dd00000,0x000000e64de00000)]
  0x000001fbbd9fe000 JavaThread "stderr" [_thread_in_native, id=13292, stack(0x000000e652100000,0x000000e652200000)]
  0x000001fbbb9f5000 JavaThread "stdout" [_thread_in_native, id=2560, stack(0x000000e652200000,0x000000e652300000)]
  0x000001fbc4488000 JavaThread "ForkJoinPool-1-worker-3" daemon [_thread_blocked, id=9264, stack(0x000000e652400000,0x000000e652500000)]
  0x000001fbc4489000 JavaThread "ForkJoinPool-1-worker-5" daemon [_thread_blocked, id=2504, stack(0x000000e652600000,0x000000e652700000)]
  0x000001fbc448c000 JavaThread "ForkJoinPool-1-worker-7" daemon [_thread_blocked, id=4240, stack(0x000000e651d00000,0x000000e651e00000)]
  0x000001fbc4489800 JavaThread "ForkJoinPool-1-worker-1" daemon [_thread_blocked, id=5576, stack(0x000000e652700000,0x000000e652800000)]

Other Threads:
=>0x000001fbb8ffd800 VMThread "VM Thread" [stack: 0x000000e64e400000,0x000000e64e500000] [id=7024]
  0x000001fbb9b2e800 WatcherThread [stack: 0x000000e64ee00000,0x000000e64ef00000] [id=2636]
  0x000001fb9d4d6000 GCTaskThread "GC Thread#0" [stack: 0x000000e64df00000,0x000000e64e000000] [id=7060]
  0x000001fbb9f6a000 GCTaskThread "GC Thread#1" [stack: 0x000000e64ef00000,0x000000e64f000000] [id=10196]
  0x000001fbbbd3e800 GCTaskThread "GC Thread#2" [stack: 0x000000e64fa00000,0x000000e64fb00000] [id=12560]
  0x000001fbbba5f000 GCTaskThread "GC Thread#3" [stack: 0x000000e64fb00000,0x000000e64fc00000] [id=2056]
  0x000001fb9d506000 ConcurrentGCThread "G1 Main Marker" [stack: 0x000000e64e000000,0x000000e64e100000] [id=5160]
  0x000001fb9d507800 ConcurrentGCThread "G1 Conc#0" [stack: 0x000000e64e100000,0x000000e64e200000] [id=4704]
  0x000001fb9d595000 ConcurrentGCThread "G1 Refine#0" [stack: 0x000000e64e200000,0x000000e64e300000] [id=4688]
  0x000001fb9d596800 ConcurrentGCThread "G1 Young RemSet Sampling" [stack: 0x000000e64e300000,0x000000e64e400000] [id=9824]

Threads with active compile tasks:
C2 CompilerThread03920955 37110       4       com.android.tools.r8.code.w1::a (4137 bytes)

VM state:at safepoint (normal execution)

VM Mutex/Monitor currently owned by a thread:  ([mutex/lock_event])
[0x000001fb9d4b8780] Threads_lock - owner thread: 0x000001fbb8ffd800
[0x000001fb9d4b9230] Heap_lock - owner thread: 0x000001fbc4489800

Heap address: 0x0000000080000000, size: 2048 MB, Compressed Oops mode: 32-bit
Narrow klass base: 0x0000000000000000, Narrow klass shift: 3
Compressed class space size: 1073741824 Address: 0x0000000100000000

Heap:
 garbage-first heap   total 353280K, used 223530K [0x0000000080000000, 0x0000000100000000)
  region size 1024K, 2 young (2048K), 2 survivors (2048K)
 Metaspace       used 153307K, capacity 159309K, committed 159608K, reserved 1187840K
  class space    used 18943K, capacity 21038K, committed 21144K, reserved 1048576K
Heap Regions: E=young(eden), S=young(survivor), O=old, HS=humongous(starts), HC=humongous(continues), CS=collection set, F=free, A=archive, TAMS=top-at-mark-start (previous, next)
|   0|0x0000000080000000, 0x0000000080100000, 0x0000000080100000|100%| O|  |TAMS 0x0000000080100000, 0x0000000080100000| Untracked 
|   1|0x0000000080100000, 0x0000000080200000, 0x0000000080200000|100%| O|  |TAMS 0x0000000080200000, 0x0000000080200000| Untracked 
|   2|0x0000000080200000, 0x0000000080300000, 0x0000000080300000|100%| O|  |TAMS 0x0000000080300000, 0x0000000080300000| Untracked 
|   3|0x0000000080300000, 0x0000000080400000, 0x0000000080400000|100%|HS|  |TAMS 0x0000000080400000, 0x0000000080400000| Complete 
|   4|0x0000000080400000, 0x0000000080500000, 0x0000000080500000|100%|HC|  |TAMS 0x0000000080500000, 0x0000000080500000| Complete 
|   5|0x0000000080500000, 0x0000000080600000, 0x0000000080600000|100%|HC|  |TAMS 0x0000000080600000, 0x0000000080600000| Complete 
|   6|0x0000000080600000, 0x0000000080700000, 0x0000000080700000|100%| O|  |TAMS 0x0000000080700000, 0x0000000080700000| Untracked 
|   7|0x0000000080700000, 0x0000000080800000, 0x0000000080800000|100%| O|  |TAMS 0x0000000080800000, 0x0000000080800000| Untracked 
|   8|0x0000000080800000, 0x0000000080900000, 0x0000000080900000|100%| O|  |TAMS 0x0000000080900000, 0x0000000080900000| Untracked 
|   9|0x0000000080900000, 0x0000000080a00000, 0x0000000080a00000|100%| O|  |TAMS 0x0000000080a00000, 0x0000000080a00000| Untracked 
|  10|0x0000000080a00000, 0x0000000080b00000, 0x0000000080b00000|100%| O|  |TAMS 0x0000000080b00000, 0x0000000080b00000| Untracked 
|  11|0x0000000080b00000, 0x0000000080c00000, 0x0000000080c00000|100%| O|  |TAMS 0x0000000080c00000, 0x0000000080c00000| Untracked 
|  12|0x0000000080c00000, 0x0000000080d00000, 0x0000000080d00000|100%| O|  |TAMS 0x0000000080d00000, 0x0000000080d00000| Untracked 
|  13|0x0000000080d00000, 0x0000000080e00000, 0x0000000080e00000|100%| O|  |TAMS 0x0000000080e00000, 0x0000000080e00000| Untracked 
|  14|0x0000000080e00000, 0x0000000080f00000, 0x0000000080f00000|100%| O|  |TAMS 0x0000000080f00000, 0x0000000080f00000| Untracked 
|  15|0x0000000080f00000, 0x0000000081000000, 0x0000000081000000|100%| O|  |TAMS 0x0000000081000000, 0x0000000081000000| Untracked 
|  16|0x0000000081000000, 0x0000000081100000, 0x0000000081100000|100%| O|  |TAMS 0x0000000081100000, 0x0000000081100000| Untracked 
|  17|0x0000000081100000, 0x0000000081200000, 0x0000000081200000|100%| O|  |TAMS 0x0000000081200000, 0x0000000081200000| Untracked 
|  18|0x0000000081200000, 0x0000000081300000, 0x0000000081300000|100%|HS|  |TAMS 0x0000000081300000, 0x0000000081300000| Complete 
|  19|0x0000000081300000, 0x0000000081400000, 0x0000000081400000|100%| O|  |TAMS 0x0000000081400000, 0x0000000081400000| Untracked 
|  20|0x0000000081400000, 0x0000000081500000, 0x0000000081500000|100%| O|  |TAMS 0x0000000081500000, 0x0000000081500000| Untracked 
|  21|0x0000000081500000, 0x0000000081600000, 0x0000000081600000|100%| O|  |TAMS 0x0000000081600000, 0x0000000081600000| Untracked 
|  22|0x0000000081600000, 0x0000000081700000, 0x0000000081700000|100%| O|  |TAMS 0x0000000081700000, 0x0000000081700000| Untracked 
|  23|0x0000000081700000, 0x0000000081800000, 0x0000000081800000|100%|HS|  |TAMS 0x0000000081800000, 0x0000000081800000| Complete 
|  24|0x0000000081800000, 0x0000000081900000, 0x0000000081900000|100%|HS|  |TAMS 0x0000000081900000, 0x0000000081900000| Complete 
|  25|0x0000000081900000, 0x0000000081a00000, 0x0000000081a00000|100%|HS|  |TAMS 0x0000000081a00000, 0x0000000081a00000| Complete 
|  26|0x0000000081a00000, 0x0000000081b00000, 0x0000000081b00000|100%|HC|  |TAMS 0x0000000081b00000, 0x0000000081b00000| Complete 
|  27|0x0000000081b00000, 0x0000000081c00000, 0x0000000081c00000|100%|HC|  |TAMS 0x0000000081c00000, 0x0000000081c00000| Complete 
|  28|0x0000000081c00000, 0x0000000081d00000, 0x0000000081d00000|100%|HS|  |TAMS 0x0000000081d00000, 0x0000000081d00000| Complete 
|  29|0x0000000081d00000, 0x0000000081e00000, 0x0000000081e00000|100%|HC|  |TAMS 0x0000000081e00000, 0x0000000081e00000| Complete 
|  30|0x0000000081e00000, 0x0000000081f00000, 0x0000000081f00000|100%| O|  |TAMS 0x0000000081f00000, 0x0000000081f00000| Untracked 
|  31|0x0000000081f00000, 0x0000000082000000, 0x0000000082000000|100%| O|  |TAMS 0x0000000082000000, 0x0000000082000000| Untracked 
|  32|0x0000000082000000, 0x0000000082100000, 0x0000000082100000|100%| O|  |TAMS 0x0000000082100000, 0x0000000082100000| Untracked 
|  33|0x0000000082100000, 0x0000000082200000, 0x0000000082200000|100%|HS|  |TAMS 0x0000000082200000, 0x0000000082200000| Complete 
|  34|0x0000000082200000, 0x0000000082300000, 0x0000000082300000|100%| O|  |TAMS 0x0000000082300000, 0x0000000082300000| Untracked 
|  35|0x0000000082300000, 0x0000000082400000, 0x0000000082400000|100%| O|  |TAMS 0x0000000082400000, 0x0000000082400000| Untracked 
|  36|0x0000000082400000, 0x0000000082500000, 0x0000000082500000|100%| O|  |TAMS 0x0000000082500000, 0x0000000082500000| Untracked 
|  37|0x0000000082500000, 0x0000000082600000, 0x0000000082600000|100%| O|  |TAMS 0x0000000082600000, 0x0000000082600000| Untracked 
|  38|0x0000000082600000, 0x0000000082700000, 0x0000000082700000|100%| O|  |TAMS 0x0000000082700000, 0x0000000082700000| Untracked 
|  39|0x0000000082700000, 0x0000000082800000, 0x0000000082800000|100%| O|  |TAMS 0x0000000082800000, 0x0000000082800000| Untracked 
|  40|0x0000000082800000, 0x0000000082900000, 0x0000000082900000|100%| O|  |TAMS 0x0000000082900000, 0x0000000082900000| Untracked 
|  41|0x0000000082900000, 0x0000000082a00000, 0x0000000082a00000|100%| O|  |TAMS 0x0000000082a00000, 0x0000000082a00000| Untracked 
|  42|0x0000000082a00000, 0x0000000082b00000, 0x0000000082b00000|100%| O|  |TAMS 0x0000000082b00000, 0x0000000082b00000| Untracked 
|  43|0x0000000082b00000, 0x0000000082c00000, 0x0000000082c00000|100%| O|  |TAMS 0x0000000082c00000, 0x0000000082c00000| Untracked 
|  44|0x0000000082c00000, 0x0000000082d00000, 0x0000000082d00000|100%| O|  |TAMS 0x0000000082d00000, 0x0000000082d00000| Untracked 
|  45|0x0000000082d00000, 0x0000000082e00000, 0x0000000082e00000|100%| O|  |TAMS 0x0000000082e00000, 0x0000000082e00000| Untracked 
|  46|0x0000000082e00000, 0x0000000082f00000, 0x0000000082f00000|100%| O|  |TAMS 0x0000000082f00000, 0x0000000082f00000| Untracked 
|  47|0x0000000082f00000, 0x0000000083000000, 0x0000000083000000|100%| O|  |TAMS 0x0000000083000000, 0x0000000083000000| Untracked 
|  48|0x0000000083000000, 0x0000000083100000, 0x0000000083100000|100%| O|  |TAMS 0x0000000083100000, 0x0000000083100000| Untracked 
|  49|0x0000000083100000, 0x0000000083200000, 0x0000000083200000|100%| O|  |TAMS 0x0000000083200000, 0x0000000083200000| Untracked 
|  50|0x0000000083200000, 0x0000000083300000, 0x0000000083300000|100%| O|  |TAMS 0x0000000083300000, 0x0000000083300000| Untracked 
|  51|0x0000000083300000, 0x0000000083400000, 0x0000000083400000|100%| O|  |TAMS 0x0000000083400000, 0x0000000083400000| Untracked 
|  52|0x0000000083400000, 0x0000000083500000, 0x0000000083500000|100%|HS|  |TAMS 0x0000000083500000, 0x0000000083500000| Complete 
|  53|0x0000000083500000, 0x0000000083600000, 0x0000000083600000|100%| O|  |TAMS 0x0000000083600000, 0x0000000083600000| Untracked 
|  54|0x0000000083600000, 0x0000000083700000, 0x0000000083700000|100%| O|  |TAMS 0x0000000083700000, 0x0000000083700000| Untracked 
|  55|0x0000000083700000, 0x0000000083800000, 0x0000000083800000|100%| O|  |TAMS 0x0000000083800000, 0x0000000083800000| Untracked 
|  56|0x0000000083800000, 0x0000000083900000, 0x0000000083900000|100%| O|  |TAMS 0x0000000083900000, 0x0000000083900000| Untracked 
|  57|0x0000000083900000, 0x0000000083a00000, 0x0000000083a00000|100%| O|  |TAMS 0x0000000083a00000, 0x0000000083a00000| Untracked 
|  58|0x0000000083a00000, 0x0000000083b00000, 0x0000000083b00000|100%| O|  |TAMS 0x0000000083b00000, 0x0000000083b00000| Untracked 
|  59|0x0000000083b00000, 0x0000000083c00000, 0x0000000083c00000|100%| O|  |TAMS 0x0000000083c00000, 0x0000000083c00000| Untracked 
|  60|0x0000000083c00000, 0x0000000083d00000, 0x0000000083d00000|100%| O|  |TAMS 0x0000000083d00000, 0x0000000083d00000| Untracked 
|  61|0x0000000083d00000, 0x0000000083e00000, 0x0000000083e00000|100%| O|  |TAMS 0x0000000083e00000, 0x0000000083e00000| Untracked 
|  62|0x0000000083e00000, 0x0000000083f00000, 0x0000000083f00000|100%| O|  |TAMS 0x0000000083f00000, 0x0000000083f00000| Untracked 
|  63|0x0000000083f00000, 0x0000000084000000, 0x0000000084000000|100%| O|  |TAMS 0x0000000084000000, 0x0000000084000000| Untracked 
|  64|0x0000000084000000, 0x0000000084100000, 0x0000000084100000|100%| O|  |TAMS 0x0000000084100000, 0x0000000084100000| Untracked 
|  65|0x0000000084100000, 0x0000000084200000, 0x0000000084200000|100%|HS|  |TAMS 0x0000000084200000, 0x0000000084200000| Complete 
|  66|0x0000000084200000, 0x0000000084300000, 0x0000000084300000|100%| O|  |TAMS 0x0000000084300000, 0x0000000084300000| Untracked 
|  67|0x0000000084300000, 0x0000000084400000, 0x0000000084400000|100%| O|  |TAMS 0x0000000084400000, 0x0000000084400000| Untracked 
|  68|0x0000000084400000, 0x0000000084500000, 0x0000000084500000|100%| O|  |TAMS 0x0000000084500000, 0x0000000084500000| Untracked 
|  69|0x0000000084500000, 0x0000000084600000, 0x0000000084600000|100%| O|  |TAMS 0x0000000084600000, 0x0000000084600000| Untracked 
|  70|0x0000000084600000, 0x0000000084700000, 0x0000000084700000|100%| O|  |TAMS 0x0000000084700000, 0x0000000084700000| Untracked 
|  71|0x0000000084700000, 0x0000000084800000, 0x0000000084800000|100%| O|  |TAMS 0x0000000084800000, 0x0000000084800000| Untracked 
|  72|0x0000000084800000, 0x0000000084900000, 0x0000000084900000|100%| O|  |TAMS 0x0000000084900000, 0x0000000084900000| Untracked 
|  73|0x0000000084900000, 0x0000000084a00000, 0x0000000084a00000|100%| O|  |TAMS 0x0000000084a00000, 0x0000000084a00000| Untracked 
|  74|0x0000000084a00000, 0x0000000084b00000, 0x0000000084b00000|100%| O|  |TAMS 0x0000000084b00000, 0x0000000084b00000| Untracked 
|  75|0x0000000084b00000, 0x0000000084c00000, 0x0000000084c00000|100%| O|  |TAMS 0x0000000084c00000, 0x0000000084c00000| Untracked 
|  76|0x0000000084c00000, 0x0000000084d00000, 0x0000000084d00000|100%| O|  |TAMS 0x0000000084d00000, 0x0000000084d00000| Untracked 
|  77|0x0000000084d00000, 0x0000000084e00000, 0x0000000084e00000|100%| O|  |TAMS 0x0000000084e00000, 0x0000000084e00000| Untracked 
|  78|0x0000000084e00000, 0x0000000084f00000, 0x0000000084f00000|100%|HS|  |TAMS 0x0000000084f00000, 0x0000000084f00000| Complete 
|  79|0x0000000084f00000, 0x0000000085000000, 0x0000000085000000|100%| O|  |TAMS 0x0000000085000000, 0x0000000085000000| Untracked 
|  80|0x0000000085000000, 0x0000000085100000, 0x0000000085100000|100%| O|  |TAMS 0x0000000085100000, 0x0000000085100000| Untracked 
|  81|0x0000000085100000, 0x0000000085200000, 0x0000000085200000|100%| O|  |TAMS 0x0000000085200000, 0x0000000085200000| Untracked 
|  82|0x0000000085200000, 0x0000000085300000, 0x0000000085300000|100%| O|  |TAMS 0x0000000085300000, 0x0000000085300000| Untracked 
|  83|0x0000000085300000, 0x0000000085400000, 0x0000000085400000|100%| O|  |TAMS 0x0000000085400000, 0x0000000085400000| Untracked 
|  84|0x0000000085400000, 0x0000000085500000, 0x0000000085500000|100%| O|  |TAMS 0x0000000085500000, 0x0000000085500000| Untracked 
|  85|0x0000000085500000, 0x0000000085600000, 0x0000000085600000|100%| O|  |TAMS 0x0000000085600000, 0x0000000085600000| Untracked 
|  86|0x0000000085600000, 0x0000000085700000, 0x0000000085700000|100%| O|  |TAMS 0x0000000085700000, 0x0000000085700000| Untracked 
|  87|0x0000000085700000, 0x0000000085800000, 0x0000000085800000|100%|HS|  |TAMS 0x0000000085800000, 0x0000000085800000| Complete 
|  88|0x0000000085800000, 0x0000000085900000, 0x0000000085900000|100%|HC|  |TAMS 0x0000000085900000, 0x0000000085900000| Complete 
|  89|0x0000000085900000, 0x0000000085a00000, 0x0000000085a00000|100%|HC|  |TAMS 0x0000000085a00000, 0x0000000085a00000| Complete 
|  90|0x0000000085a00000, 0x0000000085b00000, 0x0000000085b00000|100%| O|  |TAMS 0x0000000085b00000, 0x0000000085b00000| Untracked 
|  91|0x0000000085b00000, 0x0000000085c00000, 0x0000000085c00000|100%| O|  |TAMS 0x0000000085c00000, 0x0000000085c00000| Untracked 
|  92|0x0000000085c00000, 0x0000000085d00000, 0x0000000085d00000|100%| O|  |TAMS 0x0000000085d00000, 0x0000000085d00000| Untracked 
|  93|0x0000000085d00000, 0x0000000085e00000, 0x0000000085e00000|100%| O|  |TAMS 0x0000000085e00000, 0x0000000085e00000| Untracked 
|  94|0x0000000085e00000, 0x0000000085f00000, 0x0000000085f00000|100%| O|  |TAMS 0x0000000085e00000, 0x0000000085f00000| Untracked 
|  95|0x0000000085f00000, 0x0000000086000000, 0x0000000086000000|100%| O|  |TAMS 0x0000000086000000, 0x0000000086000000| Untracked 
|  96|0x0000000086000000, 0x0000000086100000, 0x0000000086100000|100%| O|  |TAMS 0x0000000086100000, 0x0000000086100000| Untracked 
|  97|0x0000000086100000, 0x0000000086200000, 0x0000000086200000|100%| O|  |TAMS 0x0000000086200000, 0x0000000086200000| Untracked 
|  98|0x0000000086200000, 0x0000000086300000, 0x0000000086300000|100%| O|  |TAMS 0x0000000086300000, 0x0000000086300000| Untracked 
|  99|0x0000000086300000, 0x0000000086400000, 0x0000000086400000|100%| O|  |TAMS 0x0000000086400000, 0x0000000086400000| Untracked 
| 100|0x0000000086400000, 0x0000000086500000, 0x0000000086500000|100%|HS|  |TAMS 0x0000000086500000, 0x0000000086500000| Complete 
| 101|0x0000000086500000, 0x0000000086600000, 0x0000000086600000|100%| O|  |TAMS 0x0000000086600000, 0x0000000086600000| Untracked 
| 102|0x0000000086600000, 0x0000000086700000, 0x0000000086700000|100%| O|  |TAMS 0x0000000086700000, 0x0000000086700000| Untracked 
| 103|0x0000000086700000, 0x0000000086800000, 0x0000000086800000|100%|HS|  |TAMS 0x0000000086800000, 0x0000000086800000| Complete 
| 104|0x0000000086800000, 0x0000000086900000, 0x0000000086900000|100%|HC|  |TAMS 0x0000000086900000, 0x0000000086900000| Complete 
| 105|0x0000000086900000, 0x0000000086a00000, 0x0000000086a00000|100%|HS|  |TAMS 0x0000000086a00000, 0x0000000086a00000| Complete 
| 106|0x0000000086a00000, 0x0000000086b00000, 0x0000000086b00000|100%|HC|  |TAMS 0x0000000086b00000, 0x0000000086b00000| Complete 
| 107|0x0000000086b00000, 0x0000000086c00000, 0x0000000086c00000|100%|HS|  |TAMS 0x0000000086c00000, 0x0000000086c00000| Complete 
| 108|0x0000000086c00000, 0x0000000086d00000, 0x0000000086d00000|100%|HC|  |TAMS 0x0000000086d00000, 0x0000000086d00000| Complete 
| 109|0x0000000086d00000, 0x0000000086e00000, 0x0000000086e00000|100%|HS|  |TAMS 0x0000000086d00000, 0x0000000086e00000| Complete 
| 110|0x0000000086e00000, 0x0000000086f00000, 0x0000000086f00000|100%|HS|  |TAMS 0x0000000086e00000, 0x0000000086f00000| Complete 
| 111|0x0000000086f00000, 0x0000000087000000, 0x0000000087000000|100%| O|  |TAMS 0x0000000086f00000, 0x0000000087000000| Untracked 
| 112|0x0000000087000000, 0x0000000087100000, 0x0000000087100000|100%| O|  |TAMS 0x0000000087100000, 0x0000000087100000| Untracked 
| 113|0x0000000087100000, 0x0000000087200000, 0x0000000087200000|100%|HS|  |TAMS 0x0000000087200000, 0x0000000087200000| Complete 
| 114|0x0000000087200000, 0x0000000087300000, 0x0000000087300000|100%|HC|  |TAMS 0x0000000087300000, 0x0000000087300000| Complete 
| 115|0x0000000087300000, 0x0000000087400000, 0x0000000087400000|100%|HC|  |TAMS 0x0000000087400000, 0x0000000087400000| Complete 
| 116|0x0000000087400000, 0x0000000087500000, 0x0000000087500000|100%| O|  |TAMS 0x0000000087500000, 0x0000000087500000| Untracked 
| 117|0x0000000087500000, 0x0000000087600000, 0x0000000087600000|100%| O|  |TAMS 0x0000000087600000, 0x0000000087600000| Untracked 
| 118|0x0000000087600000, 0x0000000087700000, 0x0000000087700000|100%| O|  |TAMS 0x0000000087600000, 0x0000000087700000| Untracked 
| 119|0x0000000087700000, 0x0000000087800000, 0x0000000087800000|100%| O|  |TAMS 0x0000000087700000, 0x0000000087800000| Untracked 
| 120|0x0000000087800000, 0x0000000087900000, 0x0000000087900000|100%| O|  |TAMS 0x0000000087900000, 0x0000000087900000| Untracked 
| 121|0x0000000087900000, 0x0000000087a00000, 0x0000000087a00000|100%| O|  |TAMS 0x0000000087a00000, 0x0000000087a00000| Untracked 
| 122|0x0000000087a00000, 0x0000000087b00000, 0x0000000087b00000|100%| O|  |TAMS 0x0000000087b00000, 0x0000000087b00000| Untracked 
| 123|0x0000000087b00000, 0x0000000087c00000, 0x0000000087c00000|100%| O|  |TAMS 0x0000000087c00000, 0x0000000087c00000| Untracked 
| 124|0x0000000087c00000, 0x0000000087d00000, 0x0000000087d00000|100%| O|  |TAMS 0x0000000087c00000, 0x0000000087d00000| Untracked 
| 125|0x0000000087d00000, 0x0000000087e00000, 0x0000000087e00000|100%| O|  |TAMS 0x0000000087e00000, 0x0000000087e00000| Untracked 
| 126|0x0000000087e00000, 0x0000000087f00000, 0x0000000087f00000|100%| O|  |TAMS 0x0000000087e00000, 0x0000000087f00000| Untracked 
| 127|0x0000000087f00000, 0x0000000088000000, 0x0000000088000000|100%| O|  |TAMS 0x0000000087f00000, 0x0000000088000000| Untracked 
| 128|0x0000000088000000, 0x0000000088100000, 0x0000000088100000|100%| O|  |TAMS 0x0000000088000000, 0x0000000088100000| Untracked 
| 129|0x0000000088100000, 0x0000000088200000, 0x0000000088200000|100%| O|  |TAMS 0x0000000088200000, 0x0000000088200000| Untracked 
| 130|0x0000000088200000, 0x0000000088300000, 0x0000000088300000|100%| O|  |TAMS 0x0000000088300000, 0x0000000088300000| Untracked 
| 131|0x0000000088300000, 0x0000000088400000, 0x0000000088400000|100%| O|  |TAMS 0x0000000088400000, 0x0000000088400000| Untracked 
| 132|0x0000000088400000, 0x0000000088500000, 0x0000000088500000|100%| O|  |TAMS 0x0000000088500000, 0x0000000088500000| Untracked 
| 133|0x0000000088500000, 0x0000000088600000, 0x0000000088600000|100%| O|  |TAMS 0x0000000088600000, 0x0000000088600000| Untracked 
| 134|0x0000000088600000, 0x0000000088700000, 0x0000000088700000|100%|HS|  |TAMS 0x0000000088700000, 0x0000000088700000| Complete 
| 135|0x0000000088700000, 0x0000000088800000, 0x0000000088800000|100%|HC|  |TAMS 0x0000000088800000, 0x0000000088800000| Complete 
| 136|0x0000000088800000, 0x0000000088900000, 0x0000000088900000|100%| O|  |TAMS 0x0000000088800000, 0x0000000088900000| Untracked 
| 137|0x0000000088900000, 0x0000000088a00000, 0x0000000088a00000|100%| O|  |TAMS 0x0000000088a00000, 0x0000000088a00000| Untracked 
| 138|0x0000000088a00000, 0x0000000088b00000, 0x0000000088b00000|100%| O|  |TAMS 0x0000000088a00000, 0x0000000088b00000| Untracked 
| 139|0x0000000088b00000, 0x0000000088c00000, 0x0000000088c00000|100%| O|  |TAMS 0x0000000088b00000, 0x0000000088c00000| Untracked 
| 140|0x0000000088c00000, 0x0000000088d00000, 0x0000000088d00000|100%| O|  |TAMS 0x0000000088c00000, 0x0000000088d00000| Untracked 
| 141|0x0000000088d00000, 0x0000000088e00000, 0x0000000088e00000|100%| O|  |TAMS 0x0000000088d00000, 0x0000000088d00000| Untracked 
| 142|0x0000000088e00000, 0x0000000088f00000, 0x0000000088f00000|100%| O|  |TAMS 0x0000000088e00000, 0x0000000088f00000| Untracked 
| 143|0x0000000088f00000, 0x0000000089000000, 0x0000000089000000|100%| O|  |TAMS 0x0000000089000000, 0x0000000089000000| Untracked 
| 144|0x0000000089000000, 0x0000000089100000, 0x0000000089100000|100%| O|  |TAMS 0x0000000089100000, 0x0000000089100000| Untracked 
| 145|0x0000000089100000, 0x0000000089200000, 0x0000000089200000|100%| O|  |TAMS 0x0000000089200000, 0x0000000089200000| Untracked 
| 146|0x0000000089200000, 0x0000000089300000, 0x0000000089300000|100%|HS|  |TAMS 0x0000000089300000, 0x0000000089300000| Complete 
| 147|0x0000000089300000, 0x0000000089400000, 0x0000000089400000|100%|HC|  |TAMS 0x0000000089400000, 0x0000000089400000| Complete 
| 148|0x0000000089400000, 0x0000000089500000, 0x0000000089500000|100%| O|  |TAMS 0x0000000089500000, 0x0000000089500000| Untracked 
| 149|0x0000000089500000, 0x0000000089600000, 0x0000000089600000|100%| O|  |TAMS 0x0000000089600000, 0x0000000089600000| Untracked 
| 150|0x0000000089600000, 0x0000000089700000, 0x0000000089700000|100%|HS|  |TAMS 0x0000000089700000, 0x0000000089700000| Complete 
| 151|0x0000000089700000, 0x0000000089800000, 0x0000000089800000|100%|HC|  |TAMS 0x0000000089800000, 0x0000000089800000| Complete 
| 152|0x0000000089800000, 0x0000000089900000, 0x0000000089900000|100%| O|  |TAMS 0x0000000089900000, 0x0000000089900000| Untracked 
| 153|0x0000000089900000, 0x0000000089a00000, 0x0000000089a00000|100%| O|  |TAMS 0x0000000089a00000, 0x0000000089a00000| Untracked 
| 154|0x0000000089a00000, 0x0000000089b00000, 0x0000000089b00000|100%| O|  |TAMS 0x0000000089b00000, 0x0000000089b00000| Untracked 
| 155|0x0000000089b00000, 0x0000000089c00000, 0x0000000089c00000|100%| O|  |TAMS 0x0000000089c00000, 0x0000000089c00000| Untracked 
| 156|0x0000000089c00000, 0x0000000089d00000, 0x0000000089d00000|100%| O|  |TAMS 0x0000000089c00000, 0x0000000089d00000| Untracked 
| 157|0x0000000089d00000, 0x0000000089e00000, 0x0000000089e00000|100%| O|  |TAMS 0x0000000089d00000, 0x0000000089e00000| Untracked 
| 158|0x0000000089e00000, 0x0000000089f00000, 0x0000000089f00000|100%| O|  |TAMS 0x0000000089e00000, 0x0000000089f00000| Untracked 
| 159|0x0000000089f00000, 0x000000008a000000, 0x000000008a000000|100%| O|  |TAMS 0x0000000089f00000, 0x000000008a000000| Untracked 
| 160|0x000000008a000000, 0x000000008a100000, 0x000000008a100000|100%| O|  |TAMS 0x000000008a000000, 0x000000008a100000| Untracked 
| 161|0x000000008a100000, 0x000000008a200000, 0x000000008a200000|100%|HS|  |TAMS 0x000000008a200000, 0x000000008a200000| Complete 
| 162|0x000000008a200000, 0x000000008a300000, 0x000000008a300000|100%|HC|  |TAMS 0x000000008a300000, 0x000000008a300000| Complete 
| 163|0x000000008a300000, 0x000000008a400000, 0x000000008a400000|100%|HC|  |TAMS 0x000000008a400000, 0x000000008a400000| Complete 
| 164|0x000000008a400000, 0x000000008a500000, 0x000000008a500000|100%| O|  |TAMS 0x000000008a400000, 0x000000008a500000| Untracked 
| 165|0x000000008a500000, 0x000000008a600000, 0x000000008a600000|100%| O|  |TAMS 0x000000008a500000, 0x000000008a600000| Untracked 
| 166|0x000000008a600000, 0x000000008a700000, 0x000000008a700000|100%| O|  |TAMS 0x000000008a600000, 0x000000008a700000| Untracked 
| 167|0x000000008a700000, 0x000000008a800000, 0x000000008a800000|100%| O|  |TAMS 0x000000008a700000, 0x000000008a800000| Untracked 
| 168|0x000000008a800000, 0x000000008a900000, 0x000000008a900000|100%| O|  |TAMS 0x000000008a800000, 0x000000008a900000| Untracked 
| 169|0x000000008a900000, 0x000000008aa00000, 0x000000008aa00000|100%| O|  |TAMS 0x000000008a900000, 0x000000008aa00000| Untracked 
| 170|0x000000008aa00000, 0x000000008ab00000, 0x000000008ab00000|100%| O|  |TAMS 0x000000008aa00000, 0x000000008ab00000| Untracked 
| 171|0x000000008ab00000, 0x000000008ac00000, 0x000000008ac00000|100%| O|  |TAMS 0x000000008ab00000, 0x000000008ac00000| Untracked 
| 172|0x000000008ac00000, 0x000000008ad00000, 0x000000008ad00000|100%| O|  |TAMS 0x000000008ac00000, 0x000000008ad00000| Untracked 
| 173|0x000000008ad00000, 0x000000008ae00000, 0x000000008ae00000|100%| O|  |TAMS 0x000000008ad00000, 0x000000008ae00000| Untracked 
| 174|0x000000008ae00000, 0x000000008af00000, 0x000000008af00000|100%| O|  |TAMS 0x000000008ae00000, 0x000000008af00000| Untracked 
| 175|0x000000008af00000, 0x000000008b000000, 0x000000008b000000|100%| O|  |TAMS 0x000000008af00000, 0x000000008b000000| Untracked 
| 176|0x000000008b000000, 0x000000008b100000, 0x000000008b100000|100%| O|  |TAMS 0x000000008b000000, 0x000000008b100000| Untracked 
| 177|0x000000008b100000, 0x000000008b200000, 0x000000008b200000|100%| O|  |TAMS 0x000000008b100000, 0x000000008b200000| Untracked 
| 178|0x000000008b200000, 0x000000008b300000, 0x000000008b300000|100%| O|  |TAMS 0x000000008b200000, 0x000000008b300000| Untracked 
| 179|0x000000008b300000, 0x000000008b400000, 0x000000008b400000|100%| O|  |TAMS 0x000000008b300000, 0x000000008b400000| Untracked 
| 180|0x000000008b400000, 0x000000008b500000, 0x000000008b500000|100%| O|  |TAMS 0x000000008b400000, 0x000000008b500000| Untracked 
| 181|0x000000008b500000, 0x000000008b600000, 0x000000008b600000|100%| O|  |TAMS 0x000000008b500000, 0x000000008b600000| Untracked 
| 182|0x000000008b600000, 0x000000008b700000, 0x000000008b700000|100%| O|  |TAMS 0x000000008b600000, 0x000000008b700000| Untracked 
| 183|0x000000008b700000, 0x000000008b800000, 0x000000008b800000|100%| O|  |TAMS 0x000000008b700000, 0x000000008b800000| Untracked 
| 184|0x000000008b800000, 0x000000008b900000, 0x000000008b900000|100%| O|  |TAMS 0x000000008b800000, 0x000000008b900000| Untracked 
| 185|0x000000008b900000, 0x000000008ba00000, 0x000000008ba00000|100%| O|  |TAMS 0x000000008b900000, 0x000000008ba00000| Untracked 
| 186|0x000000008ba00000, 0x000000008bb00000, 0x000000008bb00000|100%| O|  |TAMS 0x000000008ba00000, 0x000000008bb00000| Untracked 
| 187|0x000000008bb00000, 0x000000008bc00000, 0x000000008bc00000|100%| O|  |TAMS 0x000000008bb00000, 0x000000008bc00000| Untracked 
| 188|0x000000008bc00000, 0x000000008bd00000, 0x000000008bd00000|100%| O|  |TAMS 0x000000008bc00000, 0x000000008bd00000| Untracked 
| 189|0x000000008bd00000, 0x000000008be00000, 0x000000008be00000|100%| O|  |TAMS 0x000000008bd00000, 0x000000008be00000| Untracked 
| 190|0x000000008be00000, 0x000000008bf00000, 0x000000008bf00000|100%| O|  |TAMS 0x000000008be00000, 0x000000008bf00000| Untracked 
| 191|0x000000008bf00000, 0x000000008c000000, 0x000000008c000000|100%| O|  |TAMS 0x000000008bf00000, 0x000000008c000000| Untracked 
| 192|0x000000008c000000, 0x000000008c100000, 0x000000008c100000|100%| O|  |TAMS 0x000000008c000000, 0x000000008c100000| Untracked 
| 193|0x000000008c100000, 0x000000008c200000, 0x000000008c200000|100%| O|  |TAMS 0x000000008c100000, 0x000000008c200000| Untracked 
| 194|0x000000008c200000, 0x000000008c300000, 0x000000008c300000|100%| O|  |TAMS 0x000000008c200000, 0x000000008c300000| Untracked 
| 195|0x000000008c300000, 0x000000008c400000, 0x000000008c400000|100%| O|  |TAMS 0x000000008c300000, 0x000000008c400000| Untracked 
| 196|0x000000008c400000, 0x000000008c500000, 0x000000008c500000|100%| O|  |TAMS 0x000000008c400000, 0x000000008c500000| Untracked 
| 197|0x000000008c500000, 0x000000008c600000, 0x000000008c600000|100%| O|  |TAMS 0x000000008c500000, 0x000000008c600000| Untracked 
| 198|0x000000008c600000, 0x000000008c700000, 0x000000008c700000|100%| O|  |TAMS 0x000000008c600000, 0x000000008c700000| Untracked 
| 199|0x000000008c700000, 0x000000008c800000, 0x000000008c800000|100%| O|  |TAMS 0x000000008c700000, 0x000000008c800000| Untracked 
| 200|0x000000008c800000, 0x000000008c900000, 0x000000008c900000|100%| O|  |TAMS 0x000000008c800000, 0x000000008c900000| Untracked 
| 201|0x000000008c900000, 0x000000008ca00000, 0x000000008ca00000|100%| O|  |TAMS 0x000000008c900000, 0x000000008ca00000| Untracked 
| 202|0x000000008ca00000, 0x000000008cb00000, 0x000000008cb00000|100%| O|  |TAMS 0x000000008ca00000, 0x000000008cb00000| Untracked 
| 203|0x000000008cb00000, 0x000000008cc00000, 0x000000008cc00000|100%| O|  |TAMS 0x000000008cb00000, 0x000000008cc00000| Untracked 
| 204|0x000000008cc00000, 0x000000008cd00000, 0x000000008cd00000|100%| O|  |TAMS 0x000000008cc00000, 0x000000008cd00000| Untracked 
| 205|0x000000008cd00000, 0x000000008ce00000, 0x000000008ce00000|100%| O|  |TAMS 0x000000008cd00000, 0x000000008cd00000| Untracked 
| 206|0x000000008ce00000, 0x000000008cf00000, 0x000000008cf00000|100%| O|  |TAMS 0x000000008ce00000, 0x000000008ce00000| Untracked 
| 207|0x000000008cf00000, 0x000000008d000000, 0x000000008d000000|100%| O|  |TAMS 0x000000008cf00000, 0x000000008cf00000| Untracked 
| 208|0x000000008d000000, 0x000000008d100000, 0x000000008d100000|100%| S|CS|TAMS 0x000000008d000000, 0x000000008d000000| Complete 
| 209|0x000000008d100000, 0x000000008d100000, 0x000000008d200000|  0%| F|  |TAMS 0x000000008d100000, 0x000000008d100000| Untracked 
| 210|0x000000008d200000, 0x000000008d200000, 0x000000008d300000|  0%| F|  |TAMS 0x000000008d200000, 0x000000008d200000| Untracked 
| 211|0x000000008d300000, 0x000000008d400000, 0x000000008d400000|100%| S|CS|TAMS 0x000000008d300000, 0x000000008d300000| Complete 
| 212|0x000000008d400000, 0x000000008d400000, 0x000000008d500000|  0%| F|  |TAMS 0x000000008d400000, 0x000000008d400000| Untracked 
| 213|0x000000008d500000, 0x000000008d500000, 0x000000008d600000|  0%| F|  |TAMS 0x000000008d500000, 0x000000008d500000| Untracked 
| 214|0x000000008d600000, 0x000000008d600000, 0x000000008d700000|  0%| F|  |TAMS 0x000000008d600000, 0x000000008d600000| Untracked 
| 215|0x000000008d700000, 0x000000008d700000, 0x000000008d800000|  0%| F|  |TAMS 0x000000008d700000, 0x000000008d700000| Untracked 
| 216|0x000000008d800000, 0x000000008d800000, 0x000000008d900000|  0%| F|  |TAMS 0x000000008d800000, 0x000000008d800000| Untracked 
| 217|0x000000008d900000, 0x000000008d900000, 0x000000008da00000|  0%| F|  |TAMS 0x000000008d900000, 0x000000008d900000| Untracked 
| 218|0x000000008da00000, 0x000000008da00000, 0x000000008db00000|  0%| F|  |TAMS 0x000000008da00000, 0x000000008da00000| Untracked 
| 219|0x000000008db00000, 0x000000008dc00000, 0x000000008dc00000|100%| O|  |TAMS 0x000000008dc00000, 0x000000008dc00000| Untracked 
| 220|0x000000008dc00000, 0x000000008dd00000, 0x000000008dd00000|100%| O|  |TAMS 0x000000008dd00000, 0x000000008dd00000| Untracked 
| 221|0x000000008dd00000, 0x000000008de00000, 0x000000008de00000|100%| O|  |TAMS 0x000000008de00000, 0x000000008de00000| Untracked 
| 222|0x000000008de00000, 0x000000008df00000, 0x000000008df00000|100%| O|  |TAMS 0x000000008df00000, 0x000000008df00000| Untracked 
| 223|0x000000008df00000, 0x000000008df00000, 0x000000008e000000|  0%| F|  |TAMS 0x000000008df00000, 0x000000008df00000| Untracked 
| 224|0x000000008e000000, 0x000000008e100000, 0x000000008e100000|100%| O|  |TAMS 0x000000008e100000, 0x000000008e100000| Untracked 
| 225|0x000000008e100000, 0x000000008e100000, 0x000000008e200000|  0%| F|  |TAMS 0x000000008e100000, 0x000000008e100000| Untracked 
| 226|0x000000008e200000, 0x000000008e300000, 0x000000008e300000|100%| O|  |TAMS 0x000000008e300000, 0x000000008e300000| Untracked 
| 227|0x000000008e300000, 0x000000008e400000, 0x000000008e400000|100%| O|  |TAMS 0x000000008e400000, 0x000000008e400000| Untracked 
| 228|0x000000008e400000, 0x000000008e500000, 0x000000008e500000|100%| O|  |TAMS 0x000000008e400000, 0x000000008e400000| Untracked 
| 229|0x000000008e500000, 0x000000008e54a800, 0x000000008e600000| 29%| O|  |TAMS 0x000000008e500000, 0x000000008e500000| Untracked 

Card table byte_map: [0x000001fbb21b0000,0x000001fbb25b0000] _byte_map_base: 0x000001fbb1db0000

Marking Bits (Prev, Next): (CMBitMap*) 0x000001fb9d4fd128, (CMBitMap*) 0x000001fb9d4fd160
 Prev Bits: [0x000001fbb29b0000, 0x000001fbb49b0000)
 Next Bits: [0x000001fbb49b0000, 0x000001fbb69b0000)

Polling page: 0x000001fb9ed50000

Metaspace:

Usage:
  Non-class:    135.03 MB capacity,   131.21 MB ( 97%) used,     3.15 MB (  2%) free+waste,   682.00 KB ( <1%) overhead. 
      Class:     20.54 MB capacity,    18.50 MB ( 90%) used,     1.75 MB (  9%) free+waste,   301.25 KB (  1%) overhead. 
       Both:    155.58 MB capacity,   149.71 MB ( 96%) used,     4.90 MB (  3%) free+waste,   983.25 KB ( <1%) overhead. 

Virtual space:
  Non-class space:      136.00 MB reserved,     135.22 MB (>99%) committed 
      Class space:        1.00 GB reserved,      20.65 MB (  2%) committed 
             Both:        1.13 GB reserved,     155.87 MB ( 13%) committed 

Chunk freelists:
   Non-Class:  1.00 KB
       Class:  18.00 KB
        Both:  19.00 KB

MaxMetaspaceSize: 17179869184.00 GB
CompressedClassSpaceSize: 1.00 GB

CodeHeap 'non-profiled nmethods': size=120064Kb used=23140Kb max_used=23140Kb free=96923Kb
 bounds [0x000001fbaa240000, 0x000001fbab8e0000, 0x000001fbb1780000]
CodeHeap 'profiled nmethods': size=120000Kb used=60722Kb max_used=60722Kb free=59278Kb
 bounds [0x000001fba2d10000, 0x000001fba68b0000, 0x000001fbaa240000]
CodeHeap 'non-nmethods': size=5696Kb used=2399Kb max_used=2446Kb free=3296Kb
 bounds [0x000001fba2780000, 0x000001fba29f0000, 0x000001fba2d10000]
 total_blobs=28970 nmethods=27951 adapters=927
 compilation: enabled
              stopped_count=0, restarted_count=0
 full_count=0

Compilation events (20 events):
Event: 3920.832 Thread 0x000001fbb9023800 nmethod 37078% 0x000001fbab8cfb10 code [0x000001fbab8d00c0, 0x000001fbab8d7c28]
Event: 3920.832 Thread 0x000001fbb9026800 37212       2       com.android.tools.r8.code.C3::<init> (85 bytes)
Event: 3920.832 Thread 0x000001fbb9023800 37110       4       com.android.tools.r8.code.w1::a (4137 bytes)
Event: 3920.833 Thread 0x000001fbb9026800 nmethod 37212 0x000001fba68ac410 code [0x000001fba68ac640, 0x000001fba68acd68]
Event: 3920.839 Thread 0x000001fbb9026800 37220       2       com.android.tools.r8.graph.T::a (17 bytes)
Event: 3920.839 Thread 0x000001fbb9026800 nmethod 37220 0x000001fba68ad290 code [0x000001fba68ad440, 0x000001fba68ad558]
Event: 3920.868 Thread 0x000001fbb9026800 37227       2       com.android.tools.r8.code.q::<init> (7 bytes)
Event: 3920.868 Thread 0x000001fbb9026800 nmethod 37227 0x000001fba68ad610 code [0x000001fba68ad7e0, 0x000001fba68ada18]
Event: 3920.868 Thread 0x000001fbb9026800 37228       2       com.android.tools.r8.code.f1::<init> (7 bytes)
Event: 3920.869 Thread 0x000001fbb9026800 nmethod 37228 0x000001fba68adc10 code [0x000001fba68adde0, 0x000001fba68adfa8]
Event: 3920.881 Thread 0x000001fbb9026800 37230       2       com.android.tools.r8.code.k3::<init> (13 bytes)
Event: 3920.882 Thread 0x000001fbb9026800 nmethod 37230 0x000001fba68ae110 code [0x000001fba68ae2e0, 0x000001fba68ae548]
Event: 3920.890 Thread 0x000001fbb9026800 37233       1       java.util.concurrent.ForkJoinTask$AdaptedRunnableAction::getRawResult (2 bytes)
Event: 3920.890 Thread 0x000001fbb9026800 nmethod 37233 0x000001fbab8dd190 code [0x000001fbab8dd340, 0x000001fbab8dd3f8]
Event: 3920.890 Thread 0x000001fbb9026800 37235       2       com.android.tools.r8.code.e0::<init> (7 bytes)
Event: 3920.891 Thread 0x000001fbb9026800 nmethod 37235 0x000001fba68ae790 code [0x000001fba68ae960, 0x000001fba68aeb28]
Event: 3920.895 Thread 0x000001fbb9026800 37237       2       com.android.tools.r8.code.E2::<init> (7 bytes)
Event: 3920.895 Thread 0x000001fbb9026800 nmethod 37237 0x000001fba68aec90 code [0x000001fba68aee40, 0x000001fba68aef98]
Event: 3920.901 Thread 0x000001fbb9026800 37238       2       com.android.tools.r8.code.p0::<init> (7 bytes)
Event: 3920.902 Thread 0x000001fbb9026800 nmethod 37238 0x000001fba68af090 code [0x000001fba68af260, 0x000001fba68af498]

GC Heap History (20 events):
Event: 3919.901 GC heap after
{Heap after GC invocations=279 (full 0):
 garbage-first heap   total 233472K, used 156994K [0x0000000080000000, 0x0000000100000000)
  region size 1024K, 2 young (2048K), 2 survivors (2048K)
 Metaspace       used 153066K, capacity 159075K, committed 159352K, reserved 1187840K
  class space    used 18927K, capacity 21004K, committed 21144K, reserved 1048576K
}
Event: 3920.201 GC heap before
{Heap before GC invocations=279 (full 0):
 garbage-first heap   total 233472K, used 178498K [0x0000000080000000, 0x0000000100000000)
  region size 1024K, 25 young (25600K), 2 survivors (2048K)
 Metaspace       used 153066K, capacity 159075K, committed 159352K, reserved 1187840K
  class space    used 18927K, capacity 21004K, committed 21144K, reserved 1048576K
}
Event: 3920.247 GC heap after
{Heap after GC invocations=280 (full 0):
 garbage-first heap   total 233472K, used 166912K [0x0000000080000000, 0x0000000100000000)
  region size 1024K, 5 young (5120K), 5 survivors (5120K)
 Metaspace       used 153066K, capacity 159075K, committed 159352K, reserved 1187840K
  class space    used 18927K, capacity 21004K, committed 21144K, reserved 1048576K
}
Event: 3920.432 GC heap before
{Heap before GC invocations=280 (full 0):
 garbage-first heap   total 233472K, used 192512K [0x0000000080000000, 0x0000000100000000)
  region size 1024K, 28 young (28672K), 5 survivors (5120K)
 Metaspace       used 153188K, capacity 159177K, committed 159352K, reserved 1187840K
  class space    used 18938K, capacity 21038K, committed 21144K, reserved 1048576K
}
Event: 3920.460 GC heap after
{Heap after GC invocations=281 (full 0):
 garbage-first heap   total 233472K, used 179508K [0x0000000080000000, 0x0000000100000000)
  region size 1024K, 4 young (4096K), 4 survivors (4096K)
 Metaspace       used 153188K, capacity 159177K, committed 159352K, reserved 1187840K
  class space    used 18938K, capacity 21038K, committed 21144K, reserved 1048576K
}
Event: 3920.567 GC heap before
{Heap before GC invocations=281 (full 0):
 garbage-first heap   total 233472K, used 193844K [0x0000000080000000, 0x0000000100000000)
  region size 1024K, 19 young (19456K), 4 survivors (4096K)
 Metaspace       used 153217K, capacity 159243K, committed 159352K, reserved 1187840K
  class space    used 18938K, capacity 21038K, committed 21144K, reserved 1048576K
}
Event: 3920.590 GC heap after
{Heap after GC invocations=282 (full 0):
 garbage-first heap   total 233472K, used 188416K [0x0000000080000000, 0x0000000100000000)
  region size 1024K, 3 young (3072K), 3 survivors (3072K)
 Metaspace       used 153217K, capacity 159243K, committed 159352K, reserved 1187840K
  class space    used 18938K, capacity 21038K, committed 21144K, reserved 1048576K
}
Event: 3920.625 GC heap before
{Heap before GC invocations=282 (full 0):
 garbage-first heap   total 233472K, used 198656K [0x0000000080000000, 0x0000000100000000)
  region size 1024K, 13 young (13312K), 3 survivors (3072K)
 Metaspace       used 153221K, capacity 159243K, committed 159352K, reserved 1187840K
  class space    used 18938K, capacity 21038K, committed 21144K, reserved 1048576K
}
Event: 3920.640 GC heap after
{Heap after GC invocations=283 (full 0):
 garbage-first heap   total 233472K, used 194434K [0x0000000080000000, 0x0000000100000000)
  region size 1024K, 2 young (2048K), 2 survivors (2048K)
 Metaspace       used 153221K, capacity 159243K, committed 159352K, reserved 1187840K
  class space    used 18938K, capacity 21038K, committed 21144K, reserved 1048576K
}
Event: 3920.678 GC heap before
{Heap before GC invocations=283 (full 0):
 garbage-first heap   total 233472K, used 203650K [0x0000000080000000, 0x0000000100000000)
  region size 1024K, 11 young (11264K), 2 survivors (2048K)
 Metaspace       used 153232K, capacity 159245K, committed 159352K, reserved 1187840K
  class space    used 18938K, capacity 21038K, committed 21144K, reserved 1048576K
}
Event: 3920.690 GC heap after
{Heap after GC invocations=284 (full 0):
 garbage-first heap   total 233472K, used 199333K [0x0000000080000000, 0x0000000100000000)
  region size 1024K, 2 young (2048K), 2 survivors (2048K)
 Metaspace       used 153232K, capacity 159245K, committed 159352K, reserved 1187840K
  class space    used 18938K, capacity 21038K, committed 21144K, reserved 1048576K
}
Event: 3920.724 GC heap before
{Heap before GC invocations=284 (full 0):
 garbage-first heap   total 233472K, used 208549K [0x0000000080000000, 0x0000000100000000)
  region size 1024K, 11 young (11264K), 2 survivors (2048K)
 Metaspace       used 153237K, capacity 159245K, committed 159352K, reserved 1187840K
  class space    used 18938K, capacity 21038K, committed 21144K, reserved 1048576K
}
Event: 3920.734 GC heap after
{Heap after GC invocations=285 (full 0):
 garbage-first heap   total 233472K, used 204546K [0x0000000080000000, 0x0000000100000000)
  region size 1024K, 2 young (2048K), 2 survivors (2048K)
 Metaspace       used 153237K, capacity 159245K, committed 159352K, reserved 1187840K
  class space    used 18938K, capacity 21038K, committed 21144K, reserved 1048576K
}
Event: 3920.765 GC heap before
{Heap before GC invocations=286 (full 0):
 garbage-first heap   total 233472K, used 213762K [0x0000000080000000, 0x0000000100000000)
  region size 1024K, 11 young (11264K), 2 survivors (2048K)
 Metaspace       used 153244K, capacity 159245K, committed 159352K, reserved 1187840K
  class space    used 18938K, capacity 21038K, committed 21144K, reserved 1048576K
}
Event: 3920.776 GC heap after
{Heap after GC invocations=287 (full 0):
 garbage-first heap   total 233472K, used 209873K [0x0000000080000000, 0x0000000100000000)
  region size 1024K, 2 young (2048K), 2 survivors (2048K)
 Metaspace       used 153244K, capacity 159245K, committed 159352K, reserved 1187840K
  class space    used 18938K, capacity 21038K, committed 21144K, reserved 1048576K
}
Event: 3920.802 GC heap before
{Heap before GC invocations=287 (full 0):
 garbage-first heap   total 233472K, used 219089K [0x0000000080000000, 0x0000000100000000)
  region size 1024K, 11 young (11264K), 2 survivors (2048K)
 Metaspace       used 153274K, capacity 159245K, committed 159352K, reserved 1187840K
  class space    used 18941K, capacity 21038K, committed 21144K, reserved 1048576K
}
Event: 3920.817 GC heap after
{Heap after GC invocations=288 (full 0):
 garbage-first heap   total 233472K, used 212268K [0x0000000080000000, 0x0000000100000000)
  region size 1024K, 2 young (2048K), 2 survivors (2048K)
 Metaspace       used 153274K, capacity 159245K, committed 159352K, reserved 1187840K
  class space    used 18941K, capacity 21038K, committed 21144K, reserved 1048576K
}
Event: 3920.847 GC heap before
{Heap before GC invocations=288 (full 0):
 garbage-first heap   total 233472K, used 222508K [0x0000000080000000, 0x0000000100000000)
  region size 1024K, 12 young (12288K), 2 survivors (2048K)
 Metaspace       used 153277K, capacity 159309K, committed 159608K, reserved 1187840K
  class space    used 18941K, capacity 21038K, committed 21144K, reserved 1048576K
}
Event: 3920.861 GC heap after
{Heap after GC invocations=289 (full 0):
 garbage-first heap   total 233472K, used 218112K [0x0000000080000000, 0x0000000100000000)
  region size 1024K, 2 young (2048K), 2 survivors (2048K)
 Metaspace       used 153277K, capacity 159309K, committed 159608K, reserved 1187840K
  class space    used 18941K, capacity 21038K, committed 21144K, reserved 1048576K
}
Event: 3920.902 GC heap before
{Heap before GC invocations=289 (full 0):
 garbage-first heap   total 233472K, used 227328K [0x0000000080000000, 0x0000000100000000)
  region size 1024K, 11 young (11264K), 2 survivors (2048K)
 Metaspace       used 153307K, capacity 159309K, committed 159608K, reserved 1187840K
  class space    used 18943K, capacity 21038K, committed 21144K, reserved 1048576K
}

Deoptimization events (20 events):
Event: 3920.870 Thread 0x000001fbc4489800 DEOPT PACKING pc=0x000001fba54b112d sp=0x000000e6527fe540
Event: 3920.870 Thread 0x000001fbc4489800 DEOPT UNPACKING pc=0x000001fba27a8ede sp=0x000000e6527fdb50 mode 0
Event: 3920.873 Thread 0x000001fbc4488000 DEOPT PACKING pc=0x000001fba54b112d sp=0x000000e6524fe670
Event: 3920.873 Thread 0x000001fbc4488000 DEOPT UNPACKING pc=0x000001fba27a8ede sp=0x000000e6524fdc80 mode 0
Event: 3920.875 Thread 0x000001fbc4489800 DEOPT PACKING pc=0x000001fba54b112d sp=0x000000e6527fe540
Event: 3920.875 Thread 0x000001fbc4489800 DEOPT UNPACKING pc=0x000001fba27a8ede sp=0x000000e6527fdb50 mode 0
Event: 3920.879 Thread 0x000001fbc448c000 DEOPT PACKING pc=0x000001fba54b112d sp=0x000000e651dfe7e0
Event: 3920.879 Thread 0x000001fbc448c000 DEOPT UNPACKING pc=0x000001fba27a8ede sp=0x000000e651dfddf0 mode 0
Event: 3920.883 Thread 0x000001fbc448c000 DEOPT PACKING pc=0x000001fba54b112d sp=0x000000e651dfe7e0
Event: 3920.883 Thread 0x000001fbc448c000 DEOPT UNPACKING pc=0x000001fba27a8ede sp=0x000000e651dfddf0 mode 0
Event: 3920.886 Thread 0x000001fbc448c000 DEOPT PACKING pc=0x000001fba54b112d sp=0x000000e651dfe7e0
Event: 3920.886 Thread 0x000001fbc448c000 DEOPT UNPACKING pc=0x000001fba27a8ede sp=0x000000e651dfddf0 mode 0
Event: 3920.889 Thread 0x000001fbc4488000 DEOPT PACKING pc=0x000001fba54b112d sp=0x000000e6524fe670
Event: 3920.889 Thread 0x000001fbc4488000 DEOPT UNPACKING pc=0x000001fba27a8ede sp=0x000000e6524fdc80 mode 0
Event: 3920.892 Thread 0x000001fbc4488000 DEOPT PACKING pc=0x000001fba54b112d sp=0x000000e6524fe670
Event: 3920.892 Thread 0x000001fbc4488000 DEOPT UNPACKING pc=0x000001fba27a8ede sp=0x000000e6524fdc80 mode 0
Event: 3920.897 Thread 0x000001fbc4488000 DEOPT PACKING pc=0x000001fba54b112d sp=0x000000e6524fe670
Event: 3920.897 Thread 0x000001fbc4488000 DEOPT UNPACKING pc=0x000001fba27a8ede sp=0x000000e6524fdc80 mode 0
Event: 3920.902 Thread 0x000001fbc4488000 DEOPT PACKING pc=0x000001fba54b112d sp=0x000000e6524fe670
Event: 3920.902 Thread 0x000001fbc4488000 DEOPT UNPACKING pc=0x000001fba27a8ede sp=0x000000e6524fdc80 mode 0

Classes redefined (0 events):
No events

Internal exceptions (20 events):
Event: 3841.594 Thread 0x000001fbbc81c000 Exception <a 'sun/nio/fs/WindowsException'{0x000000008b3c0de0}> (0x000000008b3c0de0) thrown at [./src/hotspot/share/prims/jni.cpp, line 615]
Event: 3841.597 Thread 0x000001fbbc81c000 Exception <a 'sun/nio/fs/WindowsException'{0x000000008b3f5750}> (0x000000008b3f5750) thrown at [./src/hotspot/share/prims/jni.cpp, line 615]
Event: 3841.598 Thread 0x000001fbbc81c000 Exception <a 'sun/nio/fs/WindowsException'{0x000000008b280d50}> (0x000000008b280d50) thrown at [./src/hotspot/share/prims/jni.cpp, line 615]
Event: 3841.632 Thread 0x000001fbbc81c000 Exception <a 'sun/nio/fs/WindowsException'{0x000000008b28fcc0}> (0x000000008b28fcc0) thrown at [./src/hotspot/share/prims/jni.cpp, line 615]
Event: 3841.640 Thread 0x000001fbbc81c000 Exception <a 'sun/nio/fs/WindowsException'{0x000000008b0e3a10}> (0x000000008b0e3a10) thrown at [./src/hotspot/share/prims/jni.cpp, line 615]
Event: 3841.641 Thread 0x000001fbbc81b000 Exception <a 'sun/nio/fs/WindowsException'{0x000000008b0f5988}> (0x000000008b0f5988) thrown at [./src/hotspot/share/prims/jni.cpp, line 615]
Event: 3841.644 Thread 0x000001fbbc818800 Exception <a 'sun/nio/fs/WindowsException'{0x000000008bc5c480}> (0x000000008bc5c480) thrown at [./src/hotspot/share/prims/jni.cpp, line 615]
Event: 3841.654 Thread 0x000001fbbc81b000 Exception <a 'sun/nio/fs/WindowsException'{0x000000008a701b90}> (0x000000008a701b90) thrown at [./src/hotspot/share/prims/jni.cpp, line 615]
Event: 3841.656 Thread 0x000001fbbc818800 Exception <a 'sun/nio/fs/WindowsException'{0x000000008a72df08}> (0x000000008a72df08) thrown at [./src/hotspot/share/prims/jni.cpp, line 615]
Event: 3914.326 Thread 0x000001fbc458b800 Exception <a 'sun/nio/fs/WindowsException'{0x000000008bd729a0}> (0x000000008bd729a0) thrown at [./src/hotspot/share/prims/jni.cpp, line 615]
Event: 3914.853 Thread 0x000001fbc458b800 Exception <a 'sun/nio/fs/WindowsException'{0x000000008b4bc2f0}> (0x000000008b4bc2f0) thrown at [./src/hotspot/share/prims/jni.cpp, line 615]
Event: 3914.951 Thread 0x000001fbc458b800 Exception <a 'sun/nio/fs/WindowsException'{0x000000008b35df60}> (0x000000008b35df60) thrown at [./src/hotspot/share/prims/jni.cpp, line 615]
Event: 3914.956 Thread 0x000001fbc458b800 Exception <a 'sun/nio/fs/WindowsException'{0x000000008b35eef8}> (0x000000008b35eef8) thrown at [./src/hotspot/share/prims/jni.cpp, line 615]
Event: 3914.956 Thread 0x000001fbc458b800 Exception <a 'sun/nio/fs/WindowsException'{0x000000008b35fee0}> (0x000000008b35fee0) thrown at [./src/hotspot/share/prims/jni.cpp, line 615]
Event: 3914.956 Thread 0x000001fbc458b800 Exception <a 'sun/nio/fs/WindowsException'{0x000000008b360ec8}> (0x000000008b360ec8) thrown at [./src/hotspot/share/prims/jni.cpp, line 615]
Event: 3916.458 Thread 0x000001fbc458b800 Implicit null exception at 0x000001fbab4a6283 to 0x000001fbab4a9870
Event: 3916.561 Thread 0x000001fbc458b800 Implicit null exception at 0x000001fbab4028f8 to 0x000001fbab402a78
Event: 3916.564 Thread 0x000001fbc458b800 Implicit null exception at 0x000001fbab4014df to 0x000001fbab401638
Event: 3918.468 Thread 0x000001fbbc811800 Exception <a 'java/lang/NoSuchMethodError'{0x000000008b6d7eb8}: <clinit>> (0x000000008b6d7eb8) thrown at [./src/hotspot/share/prims/jni.cpp, line 1362]
Event: 3919.380 Thread 0x000001fbbd9f5000 Exception <a 'sun/nio/fs/WindowsException'{0x000000008b1a6a70}> (0x000000008b1a6a70) thrown at [./src/hotspot/share/prims/jni.cpp, line 615]

Events (20 events):
Event: 3920.790 loading class com/android/builder/internal/aapt/v2/AaptV2CommandBuilder$makeLinkCommand$$inlined$sortedBy$1 done
Event: 3920.802 Executing VM operation: G1CollectForAllocation
Event: 3920.817 Executing VM operation: G1CollectForAllocation done
Event: 3920.837 loading class kotlin/comparisons/ComparisonsKt
Event: 3920.837 loading class kotlin/comparisons/ComparisonsKt done
Event: 3920.837 loading class kotlin/comparisons/ComparisonsKt
Event: 3920.837 loading class kotlin/comparisons/ComparisonsKt done
Event: 3920.838 Executing VM operation: RevokeBias
Event: 3920.838 Executing VM operation: RevokeBias done
Event: 3920.842 Executing VM operation: G1CollectForAllocation
Event: 3920.842 Executing VM operation: G1CollectForAllocation done
Event: 3920.847 Executing VM operation: G1CollectForAllocation
Event: 3920.861 Executing VM operation: G1CollectForAllocation done
Event: 3920.890 loading class kotlin/comparisons/ComparisonsKt___ComparisonsKt
Event: 3920.890 loading class kotlin/comparisons/ComparisonsKt___ComparisonsKt done
Event: 3920.892 loading class kotlin/comparisons/ComparisonsKt___ComparisonsJvmKt
Event: 3920.892 loading class kotlin/comparisons/ComparisonsKt___ComparisonsJvmKt done
Event: 3920.893 loading class kotlin/comparisons/ComparisonsKt__ComparisonsKt
Event: 3920.893 loading class kotlin/comparisons/ComparisonsKt__ComparisonsKt done
Event: 3920.902 Executing VM operation: G1CollectForAllocation


Dynamic libraries:
0x00007ff6bdda0000 - 0x00007ff6bddaa000 	C:\Program Files\Android\Android Studio\jre\bin\java.exe
0x00007ff83fa10000 - 0x00007ff83fc05000 	C:\WINDOWS\SYSTEM32\ntdll.dll
0x00007ff83f670000 - 0x00007ff83f72e000 	C:\WINDOWS\System32\KERNEL32.DLL
0x00007ff83d3e0000 - 0x00007ff83d6a9000 	C:\WINDOWS\System32\KERNELBASE.dll
0x00007ff83d240000 - 0x00007ff83d340000 	C:\WINDOWS\System32\ucrtbase.dll
0x00007ff8131d0000 - 0x00007ff8131e7000 	C:\Program Files\Android\Android Studio\jre\bin\VCRUNTIME140.dll
0x00007ff810780000 - 0x00007ff810799000 	C:\Program Files\Android\Android Studio\jre\bin\jli.dll
0x00007ff83da60000 - 0x00007ff83dc01000 	C:\WINDOWS\System32\USER32.dll
0x00007ff83da30000 - 0x00007ff83da52000 	C:\WINDOWS\System32\win32u.dll
0x00007ff82db80000 - 0x00007ff82de1a000 	C:\WINDOWS\WinSxS\amd64_microsoft.windows.common-controls_6595b64144ccf1df_6.0.19041.1110_none_60b5254171f9507e\COMCTL32.dll
0x00007ff83f9a0000 - 0x00007ff83f9cb000 	C:\WINDOWS\System32\GDI32.dll
0x00007ff83d6b0000 - 0x00007ff83d7bb000 	C:\WINDOWS\System32\gdi32full.dll
0x00007ff83d340000 - 0x00007ff83d3dd000 	C:\WINDOWS\System32\msvcp_win.dll
0x00007ff83e220000 - 0x00007ff83e2be000 	C:\WINDOWS\System32\msvcrt.dll
0x00007ff83f970000 - 0x00007ff83f9a0000 	C:\WINDOWS\System32\IMM32.DLL
0x00007ffff9ee0000 - 0x00007ffff9f7d000 	C:\Program Files\Android\Android Studio\jre\bin\msvcp140.dll
0x00007ffff6f90000 - 0x00007ffff7a5f000 	C:\Program Files\Android\Android Studio\jre\bin\server\jvm.dll
0x00007ff83e6e0000 - 0x00007ff83e78c000 	C:\WINDOWS\System32\ADVAPI32.dll
0x00007ff83e180000 - 0x00007ff83e21b000 	C:\WINDOWS\System32\sechost.dll
0x00007ff83f7e0000 - 0x00007ff83f90a000 	C:\WINDOWS\System32\RPCRT4.dll
0x00007ff83e170000 - 0x00007ff83e178000 	C:\WINDOWS\System32\PSAPI.DLL
0x00007ff8361c0000 - 0x00007ff8361ca000 	C:\WINDOWS\SYSTEM32\VERSION.dll
0x00007ff834eb0000 - 0x00007ff834eb9000 	C:\WINDOWS\SYSTEM32\WSOCK32.dll
0x00007ff82a4c0000 - 0x00007ff82a4e7000 	C:\WINDOWS\SYSTEM32\WINMM.dll
0x00007ff83f4a0000 - 0x00007ff83f50b000 	C:\WINDOWS\System32\WS2_32.dll
0x00007ff83b9b0000 - 0x00007ff83b9c2000 	C:\WINDOWS\SYSTEM32\kernel.appcore.dll
0x00007ff835470000 - 0x00007ff835481000 	C:\Program Files\Android\Android Studio\jre\bin\verify.dll
0x00007ff83af10000 - 0x00007ff83b0f4000 	C:\WINDOWS\SYSTEM32\DBGHELP.DLL
0x00007ff825b90000 - 0x00007ff825bbc000 	C:\WINDOWS\SYSTEM32\dbgcore.DLL
0x00007ff83d1b0000 - 0x00007ff83d233000 	C:\WINDOWS\System32\bcryptPrimitives.dll
0x00007ff826120000 - 0x00007ff826149000 	C:\Program Files\Android\Android Studio\jre\bin\java.dll
0x00007ff83a640000 - 0x00007ff83a64b000 	C:\Program Files\Android\Android Studio\jre\bin\jimage.dll
0x00007ff82d080000 - 0x00007ff82d098000 	C:\Program Files\Android\Android Studio\jre\bin\zip.dll
0x00007ff83e790000 - 0x00007ff83eecf000 	C:\WINDOWS\System32\SHELL32.dll
0x00007ff83b210000 - 0x00007ff83b9a0000 	C:\WINDOWS\SYSTEM32\windows.storage.dll
0x00007ff83dd30000 - 0x00007ff83e085000 	C:\WINDOWS\System32\combase.dll
0x00007ff83cab0000 - 0x00007ff83cadc000 	C:\WINDOWS\SYSTEM32\Wldp.dll
0x00007ff83f730000 - 0x00007ff83f7de000 	C:\WINDOWS\System32\SHCORE.dll
0x00007ff83e350000 - 0x00007ff83e3a5000 	C:\WINDOWS\System32\shlwapi.dll
0x00007ff83d070000 - 0x00007ff83d08f000 	C:\WINDOWS\SYSTEM32\profapi.dll
0x00007ff81f960000 - 0x00007ff81f97a000 	C:\Program Files\Android\Android Studio\jre\bin\net.dll
0x00007ff82bef0000 - 0x00007ff82bff8000 	C:\WINDOWS\SYSTEM32\WINHTTP.dll
0x00007ff83c810000 - 0x00007ff83c87a000 	C:\WINDOWS\system32\mswsock.dll
0x00007ff81e600000 - 0x00007ff81e614000 	C:\Program Files\Android\Android Studio\jre\bin\nio.dll
0x00007ff8131f0000 - 0x00007ff813217000 	C:\Users\Vlad\.gradle\native\8bec1ad78214c89d9ad589b4d07fe93259594b29d510b10fafb7a158f7737e5d\windows-amd64\native-platform.dll
0x00007ffff2200000 - 0x00007ffff233d000 	C:\Users\Vlad\.gradle\native\53dbd7edfb1c66fb8903c78663c9afc45aea4f116125fa6feffd364cf09443e8\windows-amd64\native-platform-file-events.dll
0x00007ff838780000 - 0x00007ff83878a000 	C:\Program Files\Android\Android Studio\jre\bin\management.dll
0x00007ff8378b0000 - 0x00007ff8378bc000 	C:\Program Files\Android\Android Studio\jre\bin\management_ext.dll
0x00007ff83ca00000 - 0x00007ff83ca18000 	C:\WINDOWS\SYSTEM32\CRYPTSP.dll
0x00007ff83c190000 - 0x00007ff83c1c4000 	C:\WINDOWS\system32\rsaenh.dll
0x00007ff83d180000 - 0x00007ff83d1a7000 	C:\WINDOWS\System32\bcrypt.dll
0x00007ff83d030000 - 0x00007ff83d05e000 	C:\WINDOWS\SYSTEM32\USERENV.dll
0x00007ff83ca20000 - 0x00007ff83ca2c000 	C:\WINDOWS\SYSTEM32\CRYPTBASE.dll
0x00007ff83c500000 - 0x00007ff83c53b000 	C:\WINDOWS\SYSTEM32\IPHLPAPI.DLL
0x00007ff83f490000 - 0x00007ff83f498000 	C:\WINDOWS\System32\NSI.dll
0x00007ff82f890000 - 0x00007ff82f8a7000 	C:\WINDOWS\SYSTEM32\dhcpcsvc6.DLL
0x00007ff82f870000 - 0x00007ff82f88d000 	C:\WINDOWS\SYSTEM32\dhcpcsvc.DLL
0x00007ff83c540000 - 0x00007ff83c60c000 	C:\WINDOWS\SYSTEM32\DNSAPI.dll
0x00007ff810760000 - 0x00007ff81077e000 	C:\Users\Vlad\AppData\Local\Temp\native-platform4458948598058623295dir\native-platform.dll
0x00007ff81b550000 - 0x00007ff81b558000 	C:\Program Files\Android\Android Studio\jre\bin\rmi.dll
0x00007ff82cb20000 - 0x00007ff82cb37000 	C:\WINDOWS\system32\napinsp.dll
0x00007ff82cb40000 - 0x00007ff82cb5b000 	C:\WINDOWS\system32\pnrpnsp.dll
0x00007ff813a30000 - 0x00007ff813a45000 	C:\WINDOWS\system32\wshbth.dll
0x00007ff838760000 - 0x00007ff83877d000 	C:\WINDOWS\system32\NLAapi.dll
0x00007ff82ec70000 - 0x00007ff82ec82000 	C:\WINDOWS\System32\winrnr.dll
0x0000000070a20000 - 0x0000000070a55000 	C:\Program Files\Bonjour\mdnsNSP.dll
0x00007ff82b820000 - 0x00007ff82b82a000 	C:\Windows\System32\rasadhlp.dll
0x00007ff82be60000 - 0x00007ff82bedf000 	C:\WINDOWS\System32\fwpuclnt.dll
0x00007ff81e4d0000 - 0x00007ff81e4f7000 	C:\Program Files\Android\Android Studio\jre\bin\sunec.dll
0x0000000070bc0000 - 0x0000000070c9c000 	C:\Users\Vlad\AppData\Local\Temp\sqlite-3.36.0-b1f74058-ca29-45eb-b8de-c4283431c5f8-sqlitejdbc.dll

dbghelp: loaded successfully - version: 4.0.5 - missing functions: none
symbol engine: initialized successfully - sym options: 0x614 - pdb path: .;C:\Program Files\Android\Android Studio\jre\bin;C:\WINDOWS\SYSTEM32;C:\WINDOWS\WinSxS\amd64_microsoft.windows.common-controls_6595b64144ccf1df_6.0.19041.1110_none_60b5254171f9507e;C:\Program Files\Android\Android Studio\jre\bin\server;C:\Users\Vlad\.gradle\native\8bec1ad78214c89d9ad589b4d07fe93259594b29d510b10fafb7a158f7737e5d\windows-amd64;C:\Users\Vlad\.gradle\native\53dbd7edfb1c66fb8903c78663c9afc45aea4f116125fa6feffd364cf09443e8\windows-amd64;C:\Users\Vlad\AppData\Local\Temp\native-platform4458948598058623295dir;C:\Program Files\Bonjour;C:\Users\Vlad\AppData\Local\Temp

VM Arguments:
jvm_args: --add-opens=java.base/java.util=ALL-UNNAMED --add-opens=java.base/java.lang=ALL-UNNAMED --add-opens=java.base/java.lang.invoke=ALL-UNNAMED --add-opens=java.base/java.util=ALL-UNNAMED --add-opens=java.prefs/java.util.prefs=ALL-UNNAMED --add-opens=java.prefs/java.util.prefs=ALL-UNNAMED --add-opens=java.base/java.nio.charset=ALL-UNNAMED --add-opens=java.base/java.net=ALL-UNNAMED --add-opens=java.base/java.util.concurrent.atomic=ALL-UNNAMED -Xmx2048m -Dfile.encoding=UTF-8 -Duser.country=RU -Duser.language=ru -Duser.variant 
java_command: org.gradle.launcher.daemon.bootstrap.GradleDaemon 7.0.2
java_class_path (initial): C:\Users\Vlad\.gradle\wrapper\dists\gradle-7.0.2-bin\857tjihv64xamwrf0h14cai3r\gradle-7.0.2\lib\gradle-launcher-7.0.2.jar
Launcher Type: SUN_STANDARD

[Global flags]
     intx CICompilerCount                          = 3                                         {product} {ergonomic}
     uint ConcGCThreads                            = 1                                         {product} {ergonomic}
     uint G1ConcRefinementThreads                  = 4                                         {product} {ergonomic}
   size_t G1HeapRegionSize                         = 1048576                                   {product} {ergonomic}
    uintx GCDrainStackTargetSize                   = 64                                        {product} {ergonomic}
   size_t InitialHeapSize                          = 130023424                                 {product} {ergonomic}
   size_t MarkStackSize                            = 4194304                                   {product} {ergonomic}
   size_t MaxHeapSize                              = 2147483648                                {product} {command line}
   size_t MaxNewSize                               = 1287651328                                {product} {ergonomic}
   size_t MinHeapDeltaBytes                        = 1048576                                   {product} {ergonomic}
    uintx NonNMethodCodeHeapSize                   = 5830732                                {pd product} {ergonomic}
    uintx NonProfiledCodeHeapSize                  = 122913754                              {pd product} {ergonomic}
    uintx ProfiledCodeHeapSize                     = 122913754                              {pd product} {ergonomic}
    uintx ReservedCodeCacheSize                    = 251658240                              {pd product} {ergonomic}
     bool SegmentedCodeCache                       = true                                      {product} {ergonomic}
     bool UseCompressedClassPointers               = true                                 {lp64_product} {ergonomic}
     bool UseCompressedOops                        = true                                 {lp64_product} {ergonomic}
     bool UseG1GC                                  = true                                      {product} {ergonomic}
     bool UseLargePagesIndividualAllocation        = false                                  {pd product} {ergonomic}

Logging:
Log output configuration:
 #0: stdout all=warning uptime,level,tags
 #1: stderr all=off uptime,level,tags

Environment Variables:
JAVA_HOME=C:\Program Files\Java\jdk-17.0.1
CLASSPATH=D:\SQLite\sqlite-jdbc-3.36.0.3.jar;.
PATH=C:\Program Files\Common Files\Oracle\Java\javapath;C:\Program Files (x86)\Common Files\Oracle\Java\javapath;C:\WINDOWS\system32;C:\WINDOWS;C:\WINDOWS\System32\Wbem;C:\WINDOWS\System32\WindowsPowerShell\v1.0\;C:\WINDOWS\System32\OpenSSH\;C:\Program Files\dotnet\;C:\Program Files\Java\jdk-17.0.1\bin;C:\Program Files (x86)\dotnet\;C:\Program Files\Git\cmd;C:\Users\Vlad\AppData\Local\Microsoft\WindowsApps;C:\Users\Vlad\AppData\Local\GitHubDesktop\bin;C:\Users\Vlad\AppData\Local\Programs\Python\Python39\Scripts;C:\Users\Vlad\AppData\Local\atom\bin;C:\Program Files\JetBrains\IntelliJ IDEA Community Edition 2021.2.3\bin;%GRADLE_HOME%\bin;;D:\CLion 2021.3.4\bin;
USERNAME=Vlad
OS=Windows_NT
PROCESSOR_IDENTIFIER=Intel64 Family 6 Model 126 Stepping 5, GenuineIntel



---------------  S Y S T E M  ---------------

OS: Windows 10 , 64 bit Build 19041 (10.0.19041.1202)
OS uptime: 18 days 21:51 hours

CPU:total 4 (initial active 4) (2 cores per cpu, 2 threads per core) family 6 model 126 stepping 5 microcode 0x78, cmov, cx8, fxsr, mmx, sse, sse2, sse3, ssse3, sse4.1, sse4.2, popcnt, avx, avx2, aes, clmul, erms, 3dnowpref, lzcnt, ht, tsc, tscinvbit, bmi1, bmi2, adx, evex, sha, fma

Memory: 4k page, system-wide physical 7934M (132M free)
TotalPageFile size 17982M (AvailPageFile size 59M)
current process WorkingSet (physical memory assigned to process): 449M, peak: 519M
current process commit charge ("private bytes"): 660M, peak: 775M

vm_info: OpenJDK 64-Bit Server VM (11.0.10+0-b96-7249189) for windows-amd64 JRE (11.0.10+0-b96-7249189), built on Mar 31 2021 21:44:00 by "builder" with MS VC++ 14.0 (VS2015)

END.
